Running: Q_init=200, S_init=0.05, path=./data/datasets/varying_pinn_datasets/varying_Q.csv
RAA-PINN Pipeline
File: ./data/datasets/varying_pinn_datasets/varying_Q.csv
============================================================

Loaded 481 timepoints  (t = 0.00h to 8.00h)

--- Stage I: Sliding Window Scan ---
  window_size=20, sigma=1.5
  Auto prominence = 2.413e+08 (15% of max score)

  Detected 10 candidate changepoints:
    [1] peak at t=0.400h  -> interval [0.000h, 0.800h]
    [2] peak at t=0.900h  -> interval [0.500h, 1.300h]
    [3] peak at t=1.300h  -> interval [0.900h, 1.700h]
    [4] peak at t=2.417h  -> interval [2.017h, 2.817h]
    [5] peak at t=3.050h  -> interval [2.650h, 3.450h]
    [6] peak at t=3.933h  -> interval [3.533h, 4.333h]
    [7] peak at t=4.467h  -> interval [4.067h, 4.867h]
    [8] peak at t=5.533h  -> interval [5.133h, 5.933h]
    [9] peak at t=6.967h  -> interval [6.567h, 7.367h]
    [10] peak at t=7.833h  -> interval [7.433h, 8.000h]

--- Stage II: Joint Refinement (One PINN) ---

  Stage II — full time domain [0.000h, 8.000h]  (481 points) with 10 changepoints
 Epoch        Loss        Data        Phys         tau(1st)        Q-        Q+          S-          S+
---------------------------------------------------------------------------
     1  1.0022e+00  1.0022e+00  0.0000e+00     0.400 (10cp)     200.0     200.0    5.00e-02    5.00e-02
   500  2.5286e-01  2.3749e-01  6.5370e+01     0.927 (10cp)      37.4     132.6    2.52e-01    4.36e-02
  1000  8.8914e-02  6.9844e-02  4.8655e+01     0.817 (10cp)      24.8     153.0    4.55e+03    3.57e-02
  1500  7.9495e-02  6.5138e-02  3.6630e+01     0.820 (10cp)      21.5     157.9    1.93e+03    4.03e-02
  2000  7.6489e-02  6.2341e-02  3.6095e+01     0.847 (10cp)      19.0     161.5    1.36e+02    5.16e-02
  2500  7.4589e-02  6.0283e-02  3.6502e+01     0.845 (10cp)      17.7     156.8    7.61e+01    6.32e-02
  3000  7.4286e-02  5.9876e-02  3.6766e+01     0.844 (10cp)      16.9     155.2    6.10e+01    7.04e-02

  Result: 10 changepoints optimized
    [1] tau=0.844h  Q: 16.9 -> 155.2  S: 6.102e+01 -> 7.040e-02
    [2] tau=0.004h  Q: 155.2 -> 149.0  S: 7.040e-02 -> 1.890e+04
    [3] tau=2.481h  Q: 149.0 -> 636.7  S: 1.890e+04 -> 3.951e-02
    [4] tau=3.950h  Q: 636.7 -> 350.3  S: 3.951e-02 -> 3.966e-02
    [5] tau=1.941h  Q: 350.3 -> 223.0  S: 3.966e-02 -> 3.614e+04
    [6] tau=4.410h  Q: 223.0 -> 323.3  S: 3.614e+04 -> 1.745e-02
    [7] tau=2.784h  Q: 323.3 -> 54.6  S: 1.745e-02 -> 1.914e-02
    [8] tau=7.940h  Q: 54.6 -> 229.6  S: 1.914e-02 -> 1.992e+04
    [9] tau=5.903h  Q: 229.6 -> 29.4  S: 1.992e+04 -> 5.714e-02
    [10] tau=7.956h  Q: 29.4 -> 4.5  S: 5.714e-02 -> 2.156e+04

============================================================
Summary: 10 changepoints detected and refined
============================================================
    #   tau_est   Q_minus    Q_plus     S_minus      S_plus
  ------------------------------------------------------------
    1     0.844      16.9     155.2    6.10e+01    7.04e-02
    2     0.004     155.2     149.0    7.04e-02    1.89e+04
    3     2.481     149.0     636.7    1.89e+04    3.95e-02
    4     3.950     636.7     350.3    3.95e-02    3.97e-02
    5     1.941     350.3     223.0    3.97e-02    3.61e+04
    6     4.410     223.0     323.3    3.61e+04    1.74e-02
    7     2.784     323.3      54.6    1.74e-02    1.91e-02
    8     7.940      54.6     229.6    1.91e-02    1.99e+04
    9     5.903     229.6      29.4    1.99e+04    5.71e-02
   10     7.956      29.4       4.5    5.71e-02    2.16e+04

  True Q at each detected changepoint:
    [1] tau=0.844h  Q_true before=407.2  Q_true after=407.2  |  estimated Q-=16.9  Q+=155.2
    [2] tau=0.004h  Q_true before=641.8  Q_true after=641.8  |  estimated Q-=155.2  Q+=149.0
    [3] tau=2.481h  Q_true before=165.9  Q_true after=165.9  |  estimated Q-=149.0  Q+=636.7
    [4] tau=3.950h  Q_true before=650.2  Q_true after=650.2  |  estimated Q-=636.7  Q+=350.3
    [5] tau=1.941h  Q_true before=588.2  Q_true after=588.2  |  estimated Q-=350.3  Q+=223.0
    [6] tau=4.410h  Q_true before=189.7  Q_true after=189.7  |  estimated Q-=223.0  Q+=323.3
    [7] tau=2.784h  Q_true before=782.9  Q_true after=782.9  |  estimated Q-=323.3  Q+=54.6
    [8] tau=7.940h  Q_true before=259.1  Q_true after=259.1  |  estimated Q-=54.6  Q+=229.6
    [9] tau=5.903h  Q_true before=748.7  Q_true after=748.7  |  estimated Q-=229.6  Q+=29.4
    [10] tau=7.956h  Q_true before=259.1  Q_true after=259.1  |  estimated Q-=29.4  Q+=4.5
Saved -> results\sensitivity_analysis\varying_Q_Q200_S0.05\raa_diagnostic.png
