Running: Q_init=50, S_init=10000.0, path=./data/datasets/varying_pinn_datasets/varying_Q.csv
RAA-PINN Pipeline
File: ./data/datasets/varying_pinn_datasets/varying_Q.csv
============================================================

Loaded 481 timepoints  (t = 0.00h to 8.00h)

--- Stage I: Sliding Window Scan ---
  window_size=20, sigma=1.5
  Auto prominence = 7.240e+08 (15% of max score)

  Detected 3 candidate changepoints:
    [1] peak at t=2.417h  -> interval [2.017h, 2.817h]
    [2] peak at t=3.933h  -> interval [3.533h, 4.333h]
    [3] peak at t=4.467h  -> interval [4.067h, 4.867h]

--- Stage II: Joint Refinement ---

  Changepoint 1/3

  Stage II — interval [2.017h, 2.817h]  (49 points)
 Epoch        Loss        Data        Phys       tau        Q-        Q+          S-          S+
---------------------------------------------------------------------------
     1  1.0406e+00  1.0406e+00  0.0000e+00     2.417      50.0      50.0    1.00e+04    1.00e+04
   500  3.4811e-02  3.1737e-02  4.2616e+00     2.480      17.4     373.6    5.70e+04    7.17e+03
  1000  2.8270e-02  2.7176e-02  9.0996e-01     2.514      95.4    1325.0    7.91e+04    2.10e+05
  1500  2.7732e-02  2.6393e-02  1.1142e+00     2.513      85.6    1332.8    7.64e+04    2.12e+05
  2000  2.7531e-02  2.6021e-02  1.2559e+00     2.513      80.9    1329.9    7.51e+04    2.12e+05
  2500  2.7459e-02  2.5867e-02  1.3237e+00     2.513      79.2    1327.4    7.46e+04    2.12e+05
  3000  2.7445e-02  2.5839e-02  1.3361e+00     2.513      78.9    1326.7    7.45e+04    2.11e+05

  Result:
    tau     = 2.5126 h
    Q_minus = 78.89  Q_plus = 1326.73  m^3/h
    S_minus = 7.446e+04  S_plus = 2.115e+05  ppm*m^3/h

  Changepoint 2/3

  Stage II — interval [3.533h, 4.333h]  (49 points)
 Epoch        Loss        Data        Phys       tau        Q-        Q+          S-          S+
---------------------------------------------------------------------------
     1  1.0513e+00  1.0513e+00  0.0000e+00     3.933      50.0      50.0    1.00e+04    1.00e+04
   500  7.0907e-02  6.8880e-02  7.7234e-01     3.962      51.7      20.1    2.84e+03    5.75e+04
  1000  6.7427e-02  6.5232e-02  5.0175e-01     3.977      38.4     264.2    3.03e+02    1.21e+05
  1500  6.7309e-02  6.4986e-02  5.3098e-01     3.977      37.7     271.1    1.36e+02    1.23e+05
  2000  6.7230e-02  6.4847e-02  5.4480e-01     3.977      37.8     272.7    9.11e+01    1.23e+05
  2500  6.7189e-02  6.4777e-02  5.5151e-01     3.977      37.8     273.7    7.36e+01    1.23e+05
  3000  6.7181e-02  6.4762e-02  5.5286e-01     3.978      37.8     273.9    6.52e+01    1.23e+05

  Result:
    tau     = 3.9775 h
    Q_minus = 37.83  Q_plus = 273.93  m^3/h
    S_minus = 6.521e+01  S_plus = 1.234e+05  ppm*m^3/h

  Changepoint 3/3

  Stage II — interval [4.067h, 4.867h]  (49 points)
 Epoch        Loss        Data        Phys       tau        Q-        Q+          S-          S+
---------------------------------------------------------------------------
     1  1.0137e+00  1.0137e+00  0.0000e+00     4.467      50.0      50.0    1.00e+04    1.00e+04
   500  1.1887e-01  1.1599e-01  1.3162e+00     4.485      16.2     164.5    4.53e+04    1.81e+04
  1000  1.1281e-01  1.0911e-01  1.0155e+00     4.504      18.8     647.0    4.63e+04    1.64e+05
  1500  1.1262e-01  1.0887e-01  1.0285e+00     4.505      25.6     651.5    4.84e+04    1.65e+05
  2000  1.1240e-01  1.0854e-01  1.0573e+00     4.505      31.8     654.2    5.02e+04    1.66e+05
  2500  1.1224e-01  1.0830e-01  1.0820e+00     4.506      34.8     655.8    5.11e+04    1.66e+05
  3000  1.1220e-01  1.0824e-01  1.0877e+00     4.506      36.0     656.2    5.15e+04    1.66e+05

  Result:
    tau     = 4.5057 h
    Q_minus = 35.97  Q_plus = 656.18  m^3/h
    S_minus = 5.146e+04  S_plus = 1.665e+05  ppm*m^3/h

============================================================
Summary
============================================================
    #   tau_est   Q_minus    Q_plus     S_minus      S_plus
  ------------------------------------------------------------
    1     2.513      78.9    1326.7    7.45e+04    2.11e+05
    2     3.978      37.8     273.9    6.52e+01    1.23e+05
    3     4.506      36.0     656.2    5.15e+04    1.66e+05

  True Q at each detected changepoint:
    [1] tau=2.513h  Q_true before=782.9  Q_true after=782.9  |  estimated Q-=78.9  Q+=1326.7
    [2] tau=3.978h  Q_true before=650.2  Q_true after=650.2  |  estimated Q-=37.8  Q+=273.9
    [3] tau=4.506h  Q_true before=415.3  Q_true after=415.3  |  estimated Q-=36.0  Q+=656.2

Saved interval plots -> results\sensitivity_analysis\varying_Q_Q50_S10000.0\iaq_raa_stage2_intervals_varying_Q.png
Saved -> results\sensitivity_analysis\varying_Q_Q50_S10000.0\raa_diagnostic.png
