Running: Q_init=100, S_init=0.1, path=./data/datasets/varying_pinn_datasets/varying_Q.csv
RAA-PINN Pipeline
File: ./data/datasets/varying_pinn_datasets/varying_Q.csv
============================================================

Loaded 481 timepoints  (t = 0.00h to 8.00h)

--- Stage I: Sliding Window Scan ---
  window_size=20, sigma=1.5
  Auto prominence = 2.413e+08 (15% of max score)

  Detected 10 candidate changepoints:
    [1] peak at t=0.400h  -> interval [0.000h, 0.800h]
    [2] peak at t=0.900h  -> interval [0.500h, 1.300h]
    [3] peak at t=1.300h  -> interval [0.900h, 1.700h]
    [4] peak at t=2.417h  -> interval [2.017h, 2.817h]
    [5] peak at t=3.050h  -> interval [2.650h, 3.450h]
    [6] peak at t=3.933h  -> interval [3.533h, 4.333h]
    [7] peak at t=4.467h  -> interval [4.067h, 4.867h]
    [8] peak at t=5.533h  -> interval [5.133h, 5.933h]
    [9] peak at t=6.967h  -> interval [6.567h, 7.367h]
    [10] peak at t=7.833h  -> interval [7.433h, 8.000h]

--- Stage II: Joint Refinement (One PINN) ---

  Stage II — full time domain [0.000h, 8.000h]  (481 points) with 10 changepoints
 Epoch        Loss        Data        Phys         tau(1st)        Q-        Q+          S-          S+
---------------------------------------------------------------------------
     1  1.1960e+00  1.1960e+00  0.0000e+00     0.400 (10cp)     100.0     100.0    1.00e-01    1.00e-01
   500  6.3242e-01  6.2380e-01  9.0692e+00     0.527 (10cp)      12.8      29.1    6.20e+00    4.82e-01
  1000  2.1495e-01  1.6221e-01  3.3288e+01     0.369 (10cp)       7.4      18.5    7.73e+03    3.23e-02
  1500  1.5172e-01  1.1186e-01  2.5164e+01     0.508 (10cp)      13.5      12.0    2.32e+04    2.21e-02
  2000  1.4253e-01  1.0623e-01  2.2914e+01     0.588 (10cp)      30.1      13.4    2.59e+04    2.04e-02
  2500  1.3994e-01  1.0546e-01  2.1763e+01     0.600 (10cp)      80.3      15.4    3.29e+04    1.94e-02
  3000  1.3892e-01  1.0510e-01  2.1349e+01     0.610 (10cp)     146.1      18.6    4.19e+04    1.88e-02

  Result: 10 changepoints optimized
    [1] tau=0.610h  Q: 146.1 -> 18.6  S: 4.188e+04 -> 1.878e-02
    [2] tau=2.398h  Q: 18.6 -> 435.0  S: 1.878e-02 -> 7.121e+04
    [3] tau=0.002h  Q: 435.0 -> 9.3  S: 7.121e+04 -> 1.819e-02
    [4] tau=4.027h  Q: 9.3 -> 9.6  S: 1.819e-02 -> 5.828e+04
    [5] tau=2.517h  Q: 9.6 -> 515.5  S: 5.828e+04 -> 6.082e+04
    [6] tau=4.347h  Q: 515.5 -> 548.5  S: 6.082e+04 -> 2.033e-02
    [7] tau=2.700h  Q: 548.5 -> 43.6  S: 2.033e-02 -> 1.377e-02
    [8] tau=7.588h  Q: 43.6 -> 275.7  S: 1.377e-02 -> 3.232e+04
    [9] tau=6.112h  Q: 275.7 -> 14.9  S: 3.232e+04 -> 5.022e-01
    [10] tau=7.600h  Q: 14.9 -> 3.8  S: 5.022e-01 -> 2.422e+04

============================================================
Summary: 10 changepoints detected and refined
============================================================
    #   tau_est   Q_minus    Q_plus     S_minus      S_plus
  ------------------------------------------------------------
    1     0.610     146.1      18.6    4.19e+04    1.88e-02
    2     2.398      18.6     435.0    1.88e-02    7.12e+04
    3     0.002     435.0       9.3    7.12e+04    1.82e-02
    4     4.027       9.3       9.6    1.82e-02    5.83e+04
    5     2.517       9.6     515.5    5.83e+04    6.08e+04
    6     4.347     515.5     548.5    6.08e+04    2.03e-02
    7     2.700     548.5      43.6    2.03e-02    1.38e-02
    8     7.588      43.6     275.7    1.38e-02    3.23e+04
    9     6.112     275.7      14.9    3.23e+04    5.02e-01
   10     7.600      14.9       3.8    5.02e-01    2.42e+04

  True Q at each detected changepoint:
    [1] tau=0.610h  Q_true before=407.2  Q_true after=407.2  |  estimated Q-=146.1  Q+=18.6
    [2] tau=2.398h  Q_true before=165.9  Q_true after=165.9  |  estimated Q-=18.6  Q+=435.0
    [3] tau=0.002h  Q_true before=641.8  Q_true after=641.8  |  estimated Q-=435.0  Q+=9.3
    [4] tau=4.027h  Q_true before=189.7  Q_true after=189.7  |  estimated Q-=9.3  Q+=9.6
    [5] tau=2.517h  Q_true before=782.9  Q_true after=782.9  |  estimated Q-=9.6  Q+=515.5
    [6] tau=4.347h  Q_true before=189.7  Q_true after=189.7  |  estimated Q-=515.5  Q+=548.5
    [7] tau=2.700h  Q_true before=782.9  Q_true after=782.9  |  estimated Q-=548.5  Q+=43.6
    [8] tau=7.588h  Q_true before=259.1  Q_true after=259.1  |  estimated Q-=43.6  Q+=275.7
    [9] tau=6.112h  Q_true before=550.7  Q_true after=550.7  |  estimated Q-=275.7  Q+=14.9
    [10] tau=7.600h  Q_true before=259.1  Q_true after=259.1  |  estimated Q-=14.9  Q+=3.8
Saved -> results\sensitivity_analysis\varying_Q_Q100_S0.1\raa_diagnostic.png
