Run started : 2026-05-24T20:16:37.930577
Input file  : C:\Users\Jenny\Desktop\HAB project\datasets\iaq_Q400_S0.30.csv

============================================================
  [12/24]  iaq_Q400_S0.30.csv
============================================================

File: datasets\iaq_Q400_S0.30.csv  |  True Q=400.0, True S_vol=0.3, True S=3.00e+05
 Epoch        Loss        Data        Phys         Q           S
------------------------------------------------------------
     1  1.0442e+00  1.0442e+00  0.0000e+00      1.00         1.0
   500  3.4222e-02  3.4222e-02  0.0000e+00      1.00         1.0
  1000  4.1598e-02  3.4185e-02  6.8141e+02      0.05      7541.3
  1500  3.3592e-02  3.3491e-02  4.7470e+00    375.34    281505.7
  2000  3.3397e-02  3.3242e-02  4.9057e+00    389.89    292297.2
  2500  3.3736e-02  3.3540e-02  4.5904e+00    389.89    292330.1
  3000  3.3434e-02  3.3249e-02  4.3773e+00    391.49    293479.9
  3500  3.3428e-02  3.3244e-02  4.3647e+00    391.50    293483.8
  4000  3.3490e-02  3.3303e-02  4.4146e+00    391.28    293238.4
  4500  3.3414e-02  3.3230e-02  4.3575e+00    391.51    293486.6
  5000  3.3404e-02  3.3220e-02  4.3541e+00    391.51    293488.0
  5500  3.3390e-02  3.3206e-02  4.3630e+00    391.54    293498.6
  6000  3.3375e-02  3.3190e-02  4.3814e+00    391.59    293531.1
  6500  3.3363e-02  3.3178e-02  4.3931e+00    391.63    293555.4
  7000  3.3353e-02  3.3167e-02  4.3943e+00    391.66    293566.7
  7500  3.3341e-02  3.3155e-02  4.3946e+00    391.66    293566.7
  8000  3.3327e-02  3.3141e-02  4.4001e+00    391.67    293566.7

Done.
  Estimated Q = 391.67  m^3/h
  Estimated S = 2.94e+05  ppm·m^3/h
  (S_vol implied = 0.2936  m^3 CO2/h)

Saved figure -> results\iaq_Q400_S0.30\diagnostic.png
