Running: Q_init=50, S_init=1000000.0, path=./data/datasets/varying_pinn_datasets/varying_Q.csv
RAA-PINN Pipeline
File: ./data/datasets/varying_pinn_datasets/varying_Q.csv
============================================================

Loaded 481 timepoints  (t = 0.00h to 8.00h)

--- Stage I: Sliding Window Scan ---
  window_size=20, sigma=1.5
  Auto prominence = 7.240e+08 (15% of max score)

  Detected 3 candidate changepoints:
    [1] peak at t=2.417h  -> interval [2.017h, 2.817h]
    [2] peak at t=3.933h  -> interval [3.533h, 4.333h]
    [3] peak at t=4.467h  -> interval [4.067h, 4.867h]

--- Stage II: Joint Refinement ---

  Changepoint 1/3

  Stage II — interval [2.017h, 2.817h]  (49 points)
 Epoch        Loss        Data        Phys       tau        Q-        Q+          S-          S+
---------------------------------------------------------------------------
     1  1.0175e+00  1.0175e+00  0.0000e+00     2.417      50.0      50.0    1.00e+06    1.00e+06
   500  3.2461e-02  3.2274e-02  7.0587e+01     2.784     592.5     843.2    1.78e+05    2.43e+05
  1000  2.6162e-02  2.6150e-02  2.7395e+00     2.517     238.7    1441.4    1.25e+05    2.35e+05
  1500  2.4411e-02  2.4390e-02  4.6681e+00     2.513     202.9    1390.6    1.14e+05    2.25e+05
  2000  2.3360e-02  2.3330e-02  6.8709e+00     2.512     177.3    1363.5    1.06e+05    2.19e+05
  2500  2.2859e-02  2.2822e-02  8.3146e+00     2.511     162.5    1348.7    1.02e+05    2.16e+05
  3000  2.2758e-02  2.2720e-02  8.6016e+00     2.511     153.9    1341.0    9.91e+04    2.15e+05

  Result:
    tau     = 2.5107 h
    Q_minus = 153.94  Q_plus = 1340.96  m^3/h
    S_minus = 9.909e+04  S_plus = 2.147e+05  ppm*m^3/h

  Changepoint 2/3

  Stage II — interval [3.533h, 4.333h]  (49 points)
 Epoch        Loss        Data        Phys       tau        Q-        Q+          S-          S+
---------------------------------------------------------------------------
     1  9.8811e-01  9.8811e-01  0.0000e+00     3.933      50.0      50.0    1.00e+06    1.00e+06
   500  6.5981e-02  6.5768e-02  6.2679e+01     3.570    1397.9     649.0    2.46e+05    1.66e+05
  1000  6.1574e-02  6.1409e-02  2.9187e+01     3.663    1624.8     250.2    2.43e+05    8.55e+04
  1500  6.1178e-02  6.1126e-02  9.3405e+00     3.967    1487.3     132.0    2.20e+05    8.68e+04
  2000  6.0796e-02  6.0744e-02  9.2677e+00     3.968    1306.2     137.9    1.93e+05    8.88e+04
  2500  6.0513e-02  6.0461e-02  9.1980e+00     3.968    1202.2     143.3    1.77e+05    9.02e+04
  3000  6.0434e-02  6.0382e-02  9.0699e+00     3.969    1142.4     147.1    1.68e+05    9.12e+04

  Result:
    tau     = 3.9686 h
    Q_minus = 1142.37  Q_plus = 147.11  m^3/h
    S_minus = 1.681e+05  S_plus = 9.117e+04  ppm*m^3/h

  Changepoint 3/3

  Stage II — interval [4.067h, 4.867h]  (49 points)
 Epoch        Loss        Data        Phys       tau        Q-        Q+          S-          S+
---------------------------------------------------------------------------
     1  1.0677e+00  1.0677e+00  0.0000e+00     4.467      50.0      50.0    1.00e+06    1.00e+06
   500  1.1551e-01  1.1539e-01  4.3277e+01     4.828     628.7     896.2    2.03e+05    2.55e+05
  1000  9.3195e-02  9.2916e-02  6.0335e+01     4.801     519.1     980.0    1.70e+05    2.53e+05
  1500  8.1085e-02  8.0781e-02  6.5800e+01     4.513     371.6     950.1    1.57e+05    2.55e+05
  2000  7.5492e-02  7.5019e-02  1.0221e+02     4.512     306.2     923.7    1.36e+05    2.46e+05
  2500  7.2846e-02  7.2270e-02  1.2468e+02     4.511     271.6     910.4    1.25e+05    2.42e+05
  3000  7.2421e-02  7.1825e-02  1.2894e+02     4.511     252.7     903.5    1.19e+05    2.40e+05

  Result:
    tau     = 4.5112 h
    Q_minus = 252.70  Q_plus = 903.48  m^3/h
    S_minus = 1.191e+05  S_plus = 2.401e+05  ppm*m^3/h

============================================================
Summary
============================================================
    #   tau_est   Q_minus    Q_plus     S_minus      S_plus
  ------------------------------------------------------------
    1     2.511     153.9    1341.0    9.91e+04    2.15e+05
    2     3.969    1142.4     147.1    1.68e+05    9.12e+04
    3     4.511     252.7     903.5    1.19e+05    2.40e+05

  True Q at each detected changepoint:
    [1] tau=2.511h  Q_true before=782.9  Q_true after=782.9  |  estimated Q-=153.9  Q+=1341.0
    [2] tau=3.969h  Q_true before=650.2  Q_true after=650.2  |  estimated Q-=1142.4  Q+=147.1
    [3] tau=4.511h  Q_true before=415.3  Q_true after=415.3  |  estimated Q-=252.7  Q+=903.5

Saved interval plots -> results\sensitivity_analysis\varying_Q_Q50_S1000000.0\iaq_raa_stage2_intervals_varying_Q.png
Saved -> results\sensitivity_analysis\varying_Q_Q50_S1000000.0\raa_diagnostic.png
