Run started : 2026-05-24T21:31:02.580866
Input file  : C:\Users\Jenny\Desktop\HAB project\datasets\iaq_Q700_S0.05.csv

============================================================
  [17/24]  iaq_Q700_S0.05.csv
============================================================

File: datasets\iaq_Q700_S0.05.csv  |  True Q=700.0, True S_vol=0.05, True S=5.00e+04
 Epoch        Loss        Data        Phys         Q           S
------------------------------------------------------------
     1  9.9984e-01  9.9984e-01  0.0000e+00      1.00         1.0
   500  9.8695e-01  9.8695e-01  0.0000e+00      1.00         1.0
  1000  9.9828e-01  9.9724e-01  4.7276e-03      0.35         7.1
  1500  9.9881e-01  9.9822e-01  1.3522e-03      0.36         8.1
  2000  9.9900e-01  9.9860e-01  6.0028e-04      0.36         8.9
  2500  9.9910e-01  9.9879e-01  3.4410e-04      0.37         9.6
  3000  9.9910e-01  9.9880e-01  3.4242e-04      0.38        10.4
  3500  9.9910e-01  9.9879e-01  3.4309e-04      0.40        11.3
  4000  9.9909e-01  9.9879e-01  3.4327e-04      0.41        12.3
  4500  9.9909e-01  9.9879e-01  3.4366e-04      0.43        13.4
  5000  9.9910e-01  9.9881e-01  3.2851e-04      0.44        14.5
  5500  9.9909e-01  9.9879e-01  3.4430e-04      0.46        15.7
  6000  9.9909e-01  9.9879e-01  3.4453e-04      0.48        16.9
  6500  9.9909e-01  9.9879e-01  3.4470e-04      0.49        18.0
  7000  9.9909e-01  9.9879e-01  3.4481e-04      0.50        18.8
  7500  9.9909e-01  9.9879e-01  3.4489e-04      0.51        19.4
  8000  9.9909e-01  9.9879e-01  3.4495e-04      0.52        19.7

Done.
  Estimated Q = 0.52  m^3/h
  Estimated S = 1.97e+01  ppm·m^3/h
  (S_vol implied = 0.0000  m^3 CO2/h)

Saved figure -> results\iaq_Q700_S0.05\diagnostic.png
