Running: Q_init=400, S_init=100000.0, path=./data/datasets/varying_pinn_datasets/varying_Q.csv
RAA-PINN Pipeline
File: ./data/datasets/varying_pinn_datasets/varying_Q.csv
============================================================

Loaded 481 timepoints  (t = 0.00h to 8.00h)

--- Stage I: Sliding Window Scan ---
  window_size=20, sigma=1.5
  Auto prominence = 7.240e+08 (15% of max score)

  Detected 3 candidate changepoints:
    [1] peak at t=2.417h  -> interval [2.017h, 2.817h]
    [2] peak at t=3.933h  -> interval [3.533h, 4.333h]
    [3] peak at t=4.467h  -> interval [4.067h, 4.867h]

--- Stage II: Joint Refinement (One PINN) ---

  Stage II — full time domain [0.000h, 8.000h]  (481 points) with 3 changepoints
 Epoch        Loss        Data        Phys         tau(1st)        Q-        Q+          S-          S+
---------------------------------------------------------------------------
     1  9.9892e-01  9.9892e-01  0.0000e+00     2.417 (3cp)     400.0     400.0    1.00e+05    1.00e+05
   500  4.0280e-01  2.6372e-01  9.4978e+01     0.804 (3cp)     194.2      69.7    4.32e+04    1.27e+04
  1000  4.3735e-01  2.9491e-01  5.8367e+01     0.787 (3cp)      98.5      21.9    3.03e+04    2.92e+03
  1500  4.2701e-01  2.9424e-01  5.4402e+01     0.782 (3cp)      73.6      15.5    2.65e+04    1.38e+03
  2000  4.2488e-01  2.9366e-01  5.3765e+01     0.778 (3cp)      60.8      13.2    2.45e+04    9.12e+02
  2500  4.2426e-01  2.9340e-01  5.3618e+01     0.776 (3cp)      54.3      12.3    2.35e+04    7.30e+02
  3000  4.2412e-01  2.9332e-01  5.3596e+01     0.775 (3cp)      51.0      11.9    2.30e+04    6.43e+02

  Result: 3 changepoints optimized
    [1] tau=0.775h  Q: 51.0 -> 11.9  S: 2.301e+04 -> 6.426e+02
    [2] tau=3.983h  Q: 11.9 -> 102.9  S: 6.426e+02 -> 7.772e+04
    [3] tau=4.358h  Q: 102.9 -> 78.2  S: 7.772e+04 -> 1.552e+04

============================================================
Summary: 3 changepoints detected and refined
============================================================
    #   tau_est   Q_minus    Q_plus     S_minus      S_plus
  ------------------------------------------------------------
    1     0.775      51.0      11.9    2.30e+04    6.43e+02
    2     3.983      11.9     102.9    6.43e+02    7.77e+04
    3     4.358     102.9      78.2    7.77e+04    1.55e+04

  True Q at each detected changepoint:
    [1] tau=0.775h  Q_true before=407.2  Q_true after=407.2  |  estimated Q-=51.0  Q+=11.9
    [2] tau=3.983h  Q_true before=650.2  Q_true after=650.2  |  estimated Q-=11.9  Q+=102.9
    [3] tau=4.358h  Q_true before=189.7  Q_true after=189.7  |  estimated Q-=102.9  Q+=78.2
Saved -> results\sensitivity_analysis\varying_Q_Q400_S100000.0\raa_diagnostic.png
