Running: Q_init=200, S_init=100000.0, path=./data/datasets/varying_pinn_datasets/varying_Q.csv
RAA-PINN Pipeline
File: ./data/datasets/varying_pinn_datasets/varying_Q.csv
============================================================

Loaded 481 timepoints  (t = 0.00h to 8.00h)

--- Stage I: Sliding Window Scan ---
  window_size=20, sigma=1.5
  Auto prominence = 7.240e+08 (15% of max score)

  Detected 3 candidate changepoints:
    [1] peak at t=2.417h  -> interval [2.017h, 2.817h]
    [2] peak at t=3.933h  -> interval [3.533h, 4.333h]
    [3] peak at t=4.467h  -> interval [4.067h, 4.867h]

--- Stage II: Joint Refinement ---

  Changepoint 1/3

  Stage II — interval [2.017h, 2.817h]  (49 points)
 Epoch        Loss        Data        Phys       tau        Q-        Q+          S-          S+
---------------------------------------------------------------------------
     1  9.9097e-01  9.9097e-01  0.0000e+00     2.417     200.0     200.0    1.00e+05    1.00e+05
   500  3.3672e-02  3.3117e-02  1.4003e+00     2.501     143.6     835.7    9.38e+04    1.12e+05
  1000  2.7729e-02  2.6954e-02  1.1743e+00     2.514      84.0    1321.4    7.55e+04    2.10e+05
  1500  2.6961e-02  2.5942e-02  1.5436e+00     2.512      69.7    1329.0    7.16e+04    2.12e+05
  2000  2.6581e-02  2.5383e-02  1.8153e+00     2.512      64.5    1324.8    7.02e+04    2.11e+05
  2500  2.6341e-02  2.5041e-02  1.9704e+00     2.512      63.2    1322.6    6.98e+04    2.11e+05
  3000  2.6279e-02  2.4951e-02  2.0137e+00     2.512      63.0    1322.1    6.98e+04    2.11e+05

  Result:
    tau     = 2.5116 h
    Q_minus = 63.01  Q_plus = 1322.08  m^3/h
    S_minus = 6.979e+04  S_plus = 2.105e+05  ppm*m^3/h

  Changepoint 2/3

  Stage II — interval [3.533h, 4.333h]  (49 points)
 Epoch        Loss        Data        Phys       tau        Q-        Q+          S-          S+
---------------------------------------------------------------------------
     1  1.0409e+00  1.0409e+00  0.0000e+00     3.933     200.0     200.0    1.00e+05    1.00e+05
   500  6.6129e-02  6.4957e-02  1.0436e+00     3.980     350.4     275.4    4.76e+04    1.25e+05
  1000  6.5973e-02  6.3774e-02  1.1756e+00     3.978     162.7     293.8    1.86e+04    1.29e+05
  1500  6.5779e-02  6.3578e-02  1.1763e+00     3.977     106.2     293.3    1.01e+04    1.29e+05
  2000  6.5653e-02  6.3402e-02  1.2033e+00     3.977      85.1     293.8    7.04e+03    1.29e+05
  2500  6.5580e-02  6.3292e-02  1.2231e+00     3.977      75.9     294.4    5.73e+03    1.29e+05
  3000  6.5560e-02  6.3267e-02  1.2259e+00     3.977      71.5     294.6    5.09e+03    1.29e+05

  Result:
    tau     = 3.9768 h
    Q_minus = 71.47  Q_plus = 294.55  m^3/h
    S_minus = 5.085e+03  S_plus = 1.292e+05  ppm*m^3/h

  Changepoint 3/3

  Stage II — interval [4.067h, 4.867h]  (49 points)
 Epoch        Loss        Data        Phys       tau        Q-        Q+          S-          S+
---------------------------------------------------------------------------
     1  1.0410e+00  1.0410e+00  0.0000e+00     4.467     200.0     200.0    1.00e+05    1.00e+05
   500  1.1346e-01  1.1241e-01  8.5318e-01     4.497      43.0     407.0    5.33e+04    9.16e+04
  1000  1.1058e-01  1.0599e-01  2.2351e+00     4.504      17.8     673.2    4.62e+04    1.72e+05
  1500  1.1037e-01  1.0571e-01  2.2685e+00     4.504      19.6     673.1    4.67e+04    1.72e+05
  2000  1.1010e-01  1.0534e-01  2.3188e+00     4.504      20.0     672.4    4.69e+04    1.72e+05
  2500  1.0989e-01  1.0506e-01  2.3524e+00     4.504      20.0     672.9    4.69e+04    1.72e+05
  3000  1.0984e-01  1.0500e-01  2.3600e+00     4.504      20.0     673.2    4.68e+04    1.72e+05

  Result:
    tau     = 4.5045 h
    Q_minus = 20.02  Q_plus = 673.18  m^3/h
    S_minus = 4.684e+04  S_plus = 1.718e+05  ppm*m^3/h

============================================================
Summary
============================================================
    #   tau_est   Q_minus    Q_plus     S_minus      S_plus
  ------------------------------------------------------------
    1     2.512      63.0    1322.1    6.98e+04    2.11e+05
    2     3.977      71.5     294.6    5.09e+03    1.29e+05
    3     4.504      20.0     673.2    4.68e+04    1.72e+05

  True Q at each detected changepoint:
    [1] tau=2.512h  Q_true before=782.9  Q_true after=782.9  |  estimated Q-=63.0  Q+=1322.1
    [2] tau=3.977h  Q_true before=650.2  Q_true after=650.2  |  estimated Q-=71.5  Q+=294.6
    [3] tau=4.504h  Q_true before=415.3  Q_true after=415.3  |  estimated Q-=20.0  Q+=673.2

Saved interval plots -> results\sensitivity_analysis\varying_Q_Q200_S100000.0\iaq_raa_stage2_intervals_varying_Q.png
Saved -> results\sensitivity_analysis\varying_Q_Q200_S100000.0\raa_diagnostic.png
