Running: Q_init=1, S_init=100000.0, path=./data/datasets/varying_pinn_datasets/varying_Q.csv
RAA-PINN Pipeline
File: ./data/datasets/varying_pinn_datasets/varying_Q.csv
============================================================

Loaded 481 timepoints  (t = 0.00h to 8.00h)

--- Stage I: Sliding Window Scan ---
  window_size=20, sigma=1.5
  Auto prominence = 7.240e+08 (15% of max score)

  Detected 3 candidate changepoints:
    [1] peak at t=2.417h  -> interval [2.017h, 2.817h]
    [2] peak at t=3.933h  -> interval [3.533h, 4.333h]
    [3] peak at t=4.467h  -> interval [4.067h, 4.867h]

--- Stage II: Joint Refinement (One PINN) ---

  Stage II — full time domain [0.000h, 8.000h]  (481 points) with 3 changepoints
 Epoch        Loss        Data        Phys         tau(1st)        Q-        Q+          S-          S+
---------------------------------------------------------------------------
     1  1.0294e+00  1.0294e+00  0.0000e+00     2.417 (3cp)       1.0       1.0    1.00e+05    1.00e+05
   500  2.7792e-01  2.6675e-01  2.5117e+02     1.202 (3cp)     101.1       5.9    1.76e+04    2.73e+04
  1000  1.1287e-01  7.4849e-02  5.1303e+02     1.433 (3cp)      27.7       4.8    1.94e+04    2.88e+04
  1500  1.0262e-01  6.1659e-02  5.5276e+02     1.325 (3cp)      14.0       3.0    1.88e+04    3.49e+04
  2000  1.0015e-01  5.8497e-02  5.6210e+02     1.302 (3cp)      10.2       2.8    1.84e+04    3.64e+04
  2500  9.9643e-02  5.7916e-02  5.6307e+02     1.295 (3cp)       8.7       2.8    1.81e+04    3.68e+04
  3000  9.9559e-02  5.7820e-02  5.6323e+02     1.294 (3cp)       7.9       2.8    1.80e+04    3.70e+04

  Result: 3 changepoints optimized
    [1] tau=1.294h  Q: 7.9 -> 2.8  S: 1.803e+04 -> 3.695e+04
    [2] tau=6.938h  Q: 2.8 -> 12.2  S: 3.695e+04 -> 5.751e+04
    [3] tau=0.874h  Q: 12.2 -> 8.4  S: 5.751e+04 -> 2.029e+04

============================================================
Summary: 3 changepoints detected and refined
============================================================
    #   tau_est   Q_minus    Q_plus     S_minus      S_plus
  ------------------------------------------------------------
    1     1.294       7.9       2.8    1.80e+04    3.70e+04
    2     6.938       2.8      12.2    3.70e+04    5.75e+04
    3     0.874      12.2       8.4    5.75e+04    2.03e+04

  True Q at each detected changepoint:
    [1] tau=1.294h  Q_true before=701.0  Q_true after=701.0  |  estimated Q-=7.9  Q+=2.8
    [2] tau=6.938h  Q_true before=675.9  Q_true after=675.9  |  estimated Q-=2.8  Q+=12.2
    [3] tau=0.874h  Q_true before=407.2  Q_true after=407.2  |  estimated Q-=12.2  Q+=8.4
Saved -> results\sensitivity_analysis\varying_Q_Q1_S100000.0\raa_diagnostic.png
