Running: Q_init=600, S_init=0.05, path=./data/datasets/varying_pinn_datasets/varying_Q.csv
RAA-PINN Pipeline
File: ./data/datasets/varying_pinn_datasets/varying_Q.csv
============================================================

Loaded 481 timepoints  (t = 0.00h to 8.00h)

--- Stage I: Sliding Window Scan ---
  window_size=20, sigma=1.5
  Auto prominence = 2.413e+08 (15% of max score)

  Detected 10 candidate changepoints:
    [1] peak at t=0.400h  -> interval [0.000h, 0.800h]
    [2] peak at t=0.900h  -> interval [0.500h, 1.300h]
    [3] peak at t=1.300h  -> interval [0.900h, 1.700h]
    [4] peak at t=2.417h  -> interval [2.017h, 2.817h]
    [5] peak at t=3.050h  -> interval [2.650h, 3.450h]
    [6] peak at t=3.933h  -> interval [3.533h, 4.333h]
    [7] peak at t=4.467h  -> interval [4.067h, 4.867h]
    [8] peak at t=5.533h  -> interval [5.133h, 5.933h]
    [9] peak at t=6.967h  -> interval [6.567h, 7.367h]
    [10] peak at t=7.833h  -> interval [7.433h, 8.000h]

--- Stage II: Joint Refinement (One PINN) ---

  Stage II — full time domain [0.000h, 8.000h]  (481 points) with 10 changepoints
 Epoch        Loss        Data        Phys         tau(1st)        Q-        Q+          S-          S+
---------------------------------------------------------------------------
     1  9.7042e-01  9.7042e-01  0.0000e+00     0.400 (10cp)     600.0     600.0    5.00e-02    5.00e-02
   500  1.1335e-01  1.0779e-01  2.1283e+02     0.541 (10cp)      87.4     165.6    6.57e-02    7.17e-02
  1000  6.6557e-02  5.6754e-02  2.2545e+02     0.821 (10cp)      33.2     194.7    1.08e-01    9.29e-02
  1500  6.0879e-02  5.0961e-02  2.2809e+02     0.825 (10cp)      24.9     189.9    1.40e-01    1.56e-01
  2000  5.8633e-02  4.8993e-02  2.2169e+02     0.821 (10cp)      21.3     182.9    1.66e-01    2.76e-01
  2500  5.8037e-02  4.8371e-02  2.2230e+02     0.820 (10cp)      19.5     180.0    1.83e-01    4.46e-01
  3000  5.7933e-02  4.8258e-02  2.2251e+02     0.820 (10cp)      18.5     178.9    1.93e-01    6.24e-01

  Result: 10 changepoints optimized
    [1] tau=0.820h  Q: 18.5 -> 178.9  S: 1.932e-01 -> 6.237e-01
    [2] tau=2.477h  Q: 178.9 -> 716.1  S: 6.237e-01 -> 2.807e-02
    [3] tau=0.016h  Q: 716.1 -> 586.2  S: 2.807e-02 -> 1.014e-01
    [4] tau=3.130h  Q: 586.2 -> 481.9  S: 1.014e-01 -> 4.958e-02
    [5] tau=1.870h  Q: 481.9 -> 331.1  S: 4.958e-02 -> 1.474e+04
    [6] tau=5.473h  Q: 331.1 -> 523.1  S: 1.474e+04 -> 2.158e-02
    [7] tau=2.727h  Q: 523.1 -> 229.6  S: 2.158e-02 -> 7.916e-02
    [8] tau=7.975h  Q: 229.6 -> 447.3  S: 7.916e-02 -> 1.652e+04
    [9] tau=5.747h  Q: 447.3 -> 89.5  S: 1.652e+04 -> 3.749e-02
    [10] tau=7.969h  Q: 89.5 -> 11.8  S: 3.749e-02 -> 1.176e-01

============================================================
Summary: 10 changepoints detected and refined
============================================================
    #   tau_est   Q_minus    Q_plus     S_minus      S_plus
  ------------------------------------------------------------
    1     0.820      18.5     178.9    1.93e-01    6.24e-01
    2     2.477     178.9     716.1    6.24e-01    2.81e-02
    3     0.016     716.1     586.2    2.81e-02    1.01e-01
    4     3.130     586.2     481.9    1.01e-01    4.96e-02
    5     1.870     481.9     331.1    4.96e-02    1.47e+04
    6     5.473     331.1     523.1    1.47e+04    2.16e-02
    7     2.727     523.1     229.6    2.16e-02    7.92e-02
    8     7.975     229.6     447.3    7.92e-02    1.65e+04
    9     5.747     447.3      89.5    1.65e+04    3.75e-02
   10     7.969      89.5      11.8    3.75e-02    1.18e-01

  True Q at each detected changepoint:
    [1] tau=0.820h  Q_true before=407.2  Q_true after=407.2  |  estimated Q-=18.5  Q+=178.9
    [2] tau=2.477h  Q_true before=165.9  Q_true after=165.9  |  estimated Q-=178.9  Q+=716.1
    [3] tau=0.016h  Q_true before=641.8  Q_true after=641.8  |  estimated Q-=716.1  Q+=586.2
    [4] tau=3.130h  Q_true before=632.8  Q_true after=632.8  |  estimated Q-=586.2  Q+=481.9
    [5] tau=1.870h  Q_true before=588.2  Q_true after=588.2  |  estimated Q-=481.9  Q+=331.1
    [6] tau=5.473h  Q_true before=359.6  Q_true after=359.6  |  estimated Q-=331.1  Q+=523.1
    [7] tau=2.727h  Q_true before=782.9  Q_true after=782.9  |  estimated Q-=523.1  Q+=229.6
    [8] tau=7.975h  Q_true before=259.1  Q_true after=259.1  |  estimated Q-=229.6  Q+=447.3
    [9] tau=5.747h  Q_true before=748.7  Q_true after=748.7  |  estimated Q-=447.3  Q+=89.5
    [10] tau=7.969h  Q_true before=259.1  Q_true after=259.1  |  estimated Q-=89.5  Q+=11.8
Saved -> results\sensitivity_analysis\varying_Q_Q600_S0.05\raa_diagnostic.png
