Run started : 2026-05-24T20:06:18.458908
Input file  : C:\Users\Jenny\Desktop\HAB project\datasets\iaq_Q100_S0.05.csv

============================================================
  [1/24]  iaq_Q100_S0.05.csv
============================================================

File: datasets\iaq_Q100_S0.05.csv  |  True Q=100.0, True S_vol=0.05, True S=5.00e+04
 Epoch        Loss        Data        Phys         Q           S
------------------------------------------------------------
     1  9.7633e-01  9.7633e-01  0.0000e+00      1.00         1.0
   500  2.8485e-02  2.8485e-02  0.0000e+00      1.00         1.0
  1000  3.3029e-02  2.8393e-02  5.3340e+01      0.07      5044.2
  1500  2.8326e-02  2.8199e-02  7.3338e-01     97.86     48943.6
  2000  2.8341e-02  2.8228e-02  4.3905e-01     98.93     49442.8
  2500  2.8453e-02  2.8344e-02  3.1291e-01     99.48     49682.6
  3000  2.8337e-02  2.8257e-02  2.3113e-01    100.02     49954.4
  3500  2.8328e-02  2.8255e-02  2.1170e-01    100.19     50035.7
  4000  2.8322e-02  2.8252e-02  2.0212e-01    100.31     50091.6
  4500  2.8317e-02  2.8248e-02  1.9792e-01    100.40     50131.2
  5000  2.8313e-02  2.8244e-02  1.9663e-01    100.46     50159.8
  5500  2.8308e-02  2.8240e-02  1.9667e-01    100.51     50181.3
  6000  2.8304e-02  2.8236e-02  1.9693e-01    100.55     50198.9
  6500  2.8297e-02  2.8229e-02  1.9666e-01    100.59     50216.7
  7000  2.8284e-02  2.8216e-02  1.9621e-01    100.65     50238.3
  7500  2.8267e-02  2.8199e-02  1.9714e-01    100.72     50261.3
  8000  2.8248e-02  2.8179e-02  2.0057e-01    100.79     50282.8

Done.
  Estimated Q = 100.79  m^3/h
  Estimated S = 5.03e+04  ppm·m^3/h
  (S_vol implied = 0.0503  m^3 CO2/h)

Saved figure -> results\iaq_Q100_S0.05\diagnostic.png
