Running: Q_init=50, S_init=0.2, path=./data/datasets/varying_pinn_datasets/varying_Q.csv
RAA-PINN Pipeline
File: ./data/datasets/varying_pinn_datasets/varying_Q.csv
============================================================

Loaded 481 timepoints  (t = 0.00h to 8.00h)

--- Stage I: Sliding Window Scan ---
  window_size=20, sigma=1.5
  Auto prominence = 2.413e+08 (15% of max score)

  Detected 10 candidate changepoints:
    [1] peak at t=0.400h  -> interval [0.000h, 0.800h]
    [2] peak at t=0.900h  -> interval [0.500h, 1.300h]
    [3] peak at t=1.300h  -> interval [0.900h, 1.700h]
    [4] peak at t=2.417h  -> interval [2.017h, 2.817h]
    [5] peak at t=3.050h  -> interval [2.650h, 3.450h]
    [6] peak at t=3.933h  -> interval [3.533h, 4.333h]
    [7] peak at t=4.467h  -> interval [4.067h, 4.867h]
    [8] peak at t=5.533h  -> interval [5.133h, 5.933h]
    [9] peak at t=6.967h  -> interval [6.567h, 7.367h]
    [10] peak at t=7.833h  -> interval [7.433h, 8.000h]

--- Stage II: Joint Refinement (One PINN) ---

  Stage II — full time domain [0.000h, 8.000h]  (481 points) with 10 changepoints
 Epoch        Loss        Data        Phys         tau(1st)        Q-        Q+          S-          S+
---------------------------------------------------------------------------
     1  1.0727e+00  1.0727e+00  0.0000e+00     0.400 (10cp)      50.0      50.0    2.00e-01    2.00e-01
   500  5.6221e-01  5.1551e-01  1.3564e+01     0.887 (10cp)       6.5      27.4    3.65e+01    3.32e-01
  1000  2.8027e-01  2.2433e-01  9.7495e+00     0.442 (10cp)       5.6       9.4    9.97e+03    2.36e-02
  1500  1.9820e-01  1.6002e-01  6.6551e+00     0.553 (10cp)       7.5       7.1    1.52e+04    1.93e-02
  2000  1.7446e-01  1.4006e-01  5.9956e+00     0.557 (10cp)       9.7       8.6    1.66e+04    1.66e-02
  2500  1.6721e-01  1.3661e-01  5.3327e+00     0.562 (10cp)      12.2      10.6    1.72e+04    1.52e-02
  3000  1.6576e-01  1.3590e-01  5.2036e+00     0.564 (10cp)      14.8      12.8    1.74e+04    1.45e-02

  Result: 10 changepoints optimized
    [1] tau=0.564h  Q: 14.8 -> 12.8  S: 1.743e+04 -> 1.446e-02
    [2] tau=2.454h  Q: 12.8 -> 518.1  S: 1.446e-02 -> 8.050e+04
    [3] tau=0.001h  Q: 518.1 -> 35.4  S: 8.050e+04 -> 4.427e-02
    [4] tau=2.888h  Q: 35.4 -> 4.2  S: 4.427e-02 -> 1.909e+04
    [5] tau=2.366h  Q: 4.2 -> 182.3  S: 1.909e+04 -> 3.137e-01
    [6] tau=4.405h  Q: 182.3 -> 510.5  S: 3.137e-01 -> 3.677e+04
    [7] tau=2.782h  Q: 510.5 -> 46.7  S: 3.677e+04 -> 2.626e-02
    [8] tau=7.864h  Q: 46.7 -> 235.4  S: 2.626e-02 -> 2.686e+04
    [9] tau=6.113h  Q: 235.4 -> 6.3  S: 2.686e+04 -> 9.470e-01
    [10] tau=7.867h  Q: 6.3 -> 1.7  S: 9.470e-01 -> 2.606e+04

============================================================
Summary: 10 changepoints detected and refined
============================================================
    #   tau_est   Q_minus    Q_plus     S_minus      S_plus
  ------------------------------------------------------------
    1     0.564      14.8      12.8    1.74e+04    1.45e-02
    2     2.454      12.8     518.1    1.45e-02    8.05e+04
    3     0.001     518.1      35.4    8.05e+04    4.43e-02
    4     2.888      35.4       4.2    4.43e-02    1.91e+04
    5     2.366       4.2     182.3    1.91e+04    3.14e-01
    6     4.405     182.3     510.5    3.14e-01    3.68e+04
    7     2.782     510.5      46.7    3.68e+04    2.63e-02
    8     7.864      46.7     235.4    2.63e-02    2.69e+04
    9     6.113     235.4       6.3    2.69e+04    9.47e-01
   10     7.867       6.3       1.7    9.47e-01    2.61e+04

  True Q at each detected changepoint:
    [1] tau=0.564h  Q_true before=407.2  Q_true after=407.2  |  estimated Q-=14.8  Q+=12.8
    [2] tau=2.454h  Q_true before=165.9  Q_true after=165.9  |  estimated Q-=12.8  Q+=518.1
    [3] tau=0.001h  Q_true before=641.8  Q_true after=641.8  |  estimated Q-=518.1  Q+=35.4
    [4] tau=2.888h  Q_true before=782.9  Q_true after=782.9  |  estimated Q-=35.4  Q+=4.2
    [5] tau=2.366h  Q_true before=165.9  Q_true after=165.9  |  estimated Q-=4.2  Q+=182.3
    [6] tau=4.405h  Q_true before=189.7  Q_true after=189.7  |  estimated Q-=182.3  Q+=510.5
    [7] tau=2.782h  Q_true before=782.9  Q_true after=782.9  |  estimated Q-=510.5  Q+=46.7
    [8] tau=7.864h  Q_true before=259.1  Q_true after=259.1  |  estimated Q-=46.7  Q+=235.4
    [9] tau=6.113h  Q_true before=550.7  Q_true after=550.7  |  estimated Q-=235.4  Q+=6.3
    [10] tau=7.867h  Q_true before=259.1  Q_true after=259.1  |  estimated Q-=6.3  Q+=1.7
Saved -> results\sensitivity_analysis\varying_Q_Q50_S0.2\raa_diagnostic.png
