Running: Q_init=1, S_init=0.2, path=./data/datasets/varying_pinn_datasets/varying_S.csv
RAA-PINN Pipeline
File: ./data/datasets/varying_pinn_datasets/varying_S.csv
============================================================

Loaded 481 timepoints  (t = 0.00h to 8.00h)

--- Stage I: Sliding Window Scan ---
  window_size=20, sigma=1.5
  Auto prominence = 3.774e+08 (15% of max score)

  Detected 11 candidate changepoints:
    [1] peak at t=0.500h  -> interval [0.100h, 0.900h]
    [2] peak at t=0.933h  -> interval [0.533h, 1.333h]
    [3] peak at t=1.483h  -> interval [1.083h, 1.883h]
    [4] peak at t=2.400h  -> interval [2.000h, 2.800h]
    [5] peak at t=2.950h  -> interval [2.550h, 3.350h]
    [6] peak at t=4.000h  -> interval [3.600h, 4.400h]
    [7] peak at t=4.533h  -> interval [4.133h, 4.933h]
    [8] peak at t=5.083h  -> interval [4.683h, 5.483h]
    [9] peak at t=5.533h  -> interval [5.133h, 5.933h]
    [10] peak at t=6.483h  -> interval [6.083h, 6.883h]
    [11] peak at t=7.800h  -> interval [7.400h, 8.000h]

--- Stage II: Joint Refinement (One PINN) ---

  Stage II — full time domain [0.000h, 8.000h]  (481 points) with 11 changepoints
 Epoch        Loss        Data        Phys         tau(1st)        Q-        Q+          S-          S+
---------------------------------------------------------------------------
     1  1.0143e+00  1.0143e+00  0.0000e+00     0.500 (11cp)       1.0       1.0    2.00e-01    2.00e-01
   500  9.6691e-02  5.6733e-02  4.9504e+01     3.675 (11cp)       0.1       0.1    1.67e+01    7.92e-01
  1000  6.4710e-02  4.8018e-02  1.2408e+01     4.085 (11cp)       7.8       0.1    3.56e+04    5.67e-01
  1500  6.0021e-02  4.0502e-02  1.4510e+01     4.142 (11cp)       8.5       0.1    4.55e+04    8.52e-01
  2000  5.9542e-02  3.9351e-02  1.5009e+01     4.158 (11cp)       2.6       0.1    4.27e+04    4.81e+00
  2500  5.9426e-02  3.9131e-02  1.5087e+01     4.147 (11cp)       1.6       0.0    3.79e+04    7.53e+01
  3000  5.9397e-02  3.9093e-02  1.5094e+01     4.141 (11cp)       1.2       0.0    3.61e+04    3.52e+02

  Result: 11 changepoints optimized
    [1] tau=4.141h  Q: 1.2 -> 0.0  S: 3.611e+04 -> 3.518e+02
    [2] tau=4.457h  Q: 0.0 -> 2.3  S: 3.518e+02 -> 3.468e-02
    [3] tau=0.001h  Q: 2.3 -> 0.2  S: 3.468e-02 -> 1.302e+04
    [4] tau=4.368h  Q: 0.2 -> 2.1  S: 1.302e+04 -> 6.159e-02
    [5] tau=0.351h  Q: 2.1 -> 31.0  S: 6.159e-02 -> 7.483e+01
    [6] tau=4.294h  Q: 31.0 -> 50.0  S: 7.483e+01 -> 1.570e-01
    [7] tau=4.442h  Q: 50.0 -> 69.5  S: 1.570e-01 -> 4.789e-02
    [8] tau=6.193h  Q: 69.5 -> 1.7  S: 4.789e-02 -> 1.567e-01
    [9] tau=6.315h  Q: 1.7 -> 0.0  S: 1.567e-01 -> 3.070e+04
    [10] tau=6.441h  Q: 0.0 -> 0.0  S: 3.070e+04 -> 6.022e+04
    [11] tau=8.000h  Q: 0.0 -> 0.0  S: 6.022e+04 -> 4.324e+04

============================================================
Summary: 11 changepoints detected and refined
============================================================
    #   tau_est   Q_minus    Q_plus     S_minus      S_plus
  ------------------------------------------------------------
    1     4.141       1.2       0.0    3.61e+04    3.52e+02
    2     4.457       0.0       2.3    3.52e+02    3.47e-02
    3     0.001       2.3       0.2    3.47e-02    1.30e+04
    4     4.368       0.2       2.1    1.30e+04    6.16e-02
    5     0.351       2.1      31.0    6.16e-02    7.48e+01
    6     4.294      31.0      50.0    7.48e+01    1.57e-01
    7     4.442      50.0      69.5    1.57e-01    4.79e-02
    8     6.193      69.5       1.7    4.79e-02    1.57e-01
    9     6.315       1.7       0.0    1.57e-01    3.07e+04
   10     6.441       0.0       0.0    3.07e+04    6.02e+04
   11     8.000       0.0       0.0    6.02e+04    4.32e+04

  True Q at each detected changepoint:
    [1] tau=4.141h  Q_true before=200.0  Q_true after=200.0  |  estimated Q-=1.2  Q+=0.0
    [2] tau=4.457h  Q_true before=200.0  Q_true after=200.0  |  estimated Q-=0.0  Q+=2.3
    [3] tau=0.001h  Q_true before=200.0  Q_true after=200.0  |  estimated Q-=2.3  Q+=0.2
    [4] tau=4.368h  Q_true before=200.0  Q_true after=200.0  |  estimated Q-=0.2  Q+=2.1
    [5] tau=0.351h  Q_true before=200.0  Q_true after=200.0  |  estimated Q-=2.1  Q+=31.0
    [6] tau=4.294h  Q_true before=200.0  Q_true after=200.0  |  estimated Q-=31.0  Q+=50.0
    [7] tau=4.442h  Q_true before=200.0  Q_true after=200.0  |  estimated Q-=50.0  Q+=69.5
    [8] tau=6.193h  Q_true before=200.0  Q_true after=200.0  |  estimated Q-=69.5  Q+=1.7
    [9] tau=6.315h  Q_true before=200.0  Q_true after=200.0  |  estimated Q-=1.7  Q+=0.0
    [10] tau=6.441h  Q_true before=200.0  Q_true after=200.0  |  estimated Q-=0.0  Q+=0.0
    [11] tau=8.000h  Q_true before=200.0  Q_true after=200.0  |  estimated Q-=0.0  Q+=0.0
Saved -> results\sensitivity_analysis\varying_S_Q1_S0.2\raa_diagnostic.png
