Run started : 2026-05-24T20:13:02.615103
Input file  : C:\Users\Jenny\Desktop\HAB project\datasets\iaq_Q200_S0.30.csv

============================================================
  [8/24]  iaq_Q200_S0.30.csv
============================================================

File: datasets\iaq_Q200_S0.30.csv  |  True Q=200.0, True S_vol=0.3, True S=3.00e+05
 Epoch        Loss        Data        Phys         Q           S
------------------------------------------------------------
     1  9.7990e-01  9.7990e-01  0.0000e+00      1.00         1.0
   500  4.4144e-03  4.4144e-03  0.0000e+00      1.00         1.0
  1000  5.3079e-03  4.2912e-03  2.5107e+02      0.02      1860.2
  1500  5.5148e-03  5.4978e-03  1.6319e+00    197.84    295927.8
  2000  4.2829e-03  4.2729e-03  8.2916e-01    194.20    291478.3
  2500  4.2730e-03  4.2634e-03  5.9756e-01    195.31    293089.7
  3000  4.2656e-03  4.2584e-03  4.4443e-01    195.95    294025.3
  3500  5.9241e-03  5.9073e-03  7.5435e-01    196.61    294456.3
  4000  4.2560e-03  4.2514e-03  2.8571e-01    196.86    295343.6
  4500  4.2537e-03  4.2497e-03  2.4759e-01    197.17    295788.7
  5000  4.2521e-03  4.2485e-03  2.2471e-01    197.40    296118.7
  5500  4.2510e-03  4.2476e-03  2.1083e-01    197.57    296363.0
  6000  4.2501e-03  4.2469e-03  2.0224e-01    197.69    296541.4
  6500  4.2495e-03  4.2463e-03  1.9684e-01    197.78    296672.1
  7000  4.2490e-03  4.2459e-03  1.9346e-01    197.84    296762.1
  7500  4.2486e-03  4.2456e-03  1.9130e-01    197.89    296823.8
  8000  4.2484e-03  4.2453e-03  1.8972e-01    197.92    296869.1

Done.
  Estimated Q = 197.92  m^3/h
  Estimated S = 2.97e+05  ppm·m^3/h
  (S_vol implied = 0.2969  m^3 CO2/h)

Saved figure -> results\iaq_Q200_S0.30\diagnostic.png
