Running: Q_init=1, S_init=200000.0, path=./data/datasets/varying_pinn_datasets/varying_Q.csv
RAA-PINN Pipeline
File: ./data/datasets/varying_pinn_datasets/varying_Q.csv
============================================================

Loaded 481 timepoints  (t = 0.00h to 8.00h)

--- Stage I: Sliding Window Scan ---
  window_size=20, sigma=1.5
  Auto prominence = 7.240e+08 (15% of max score)

  Detected 3 candidate changepoints:
    [1] peak at t=2.417h  -> interval [2.017h, 2.817h]
    [2] peak at t=3.933h  -> interval [3.533h, 4.333h]
    [3] peak at t=4.467h  -> interval [4.067h, 4.867h]

--- Stage II: Joint Refinement (One PINN) ---

  Stage II — full time domain [0.000h, 8.000h]  (481 points) with 3 changepoints
 Epoch        Loss        Data        Phys         tau(1st)        Q-        Q+          S-          S+
---------------------------------------------------------------------------
     1  1.0119e+00  1.0119e+00  0.0000e+00     2.417 (3cp)       1.0       1.0    2.00e+05    2.00e+05
   500  6.5955e-01  6.5934e-01  1.9107e+01     0.928 (3cp)     135.6       8.0    3.43e+04    5.41e+04
  1000  7.6491e-02  6.4134e-02  6.7696e+02     0.956 (3cp)      93.8       6.9    3.08e+04    5.12e+04
  1500  7.0310e-02  5.7578e-02  6.9748e+02     1.386 (3cp)      51.6      46.9    2.69e+04    4.23e+04
  2000  6.7156e-02  5.4151e-02  7.1246e+02     1.352 (3cp)      37.8      40.0    2.46e+04    4.19e+04
  2500  6.5740e-02  5.2634e-02  7.1797e+02     1.338 (3cp)      31.0      36.7    2.35e+04    4.18e+04
  3000  6.5478e-02  5.2360e-02  7.1864e+02     1.335 (3cp)      27.4      35.4    2.29e+04    4.18e+04

  Result: 3 changepoints optimized
    [1] tau=1.335h  Q: 27.4 -> 35.4  S: 2.289e+04 -> 4.178e+04
    [2] tau=6.994h  Q: 35.4 -> 104.7  S: 4.178e+04 -> 7.757e+04
    [3] tau=0.832h  Q: 104.7 -> 70.1  S: 7.757e+04 -> 3.605e+04

============================================================
Summary: 3 changepoints detected and refined
============================================================
    #   tau_est   Q_minus    Q_plus     S_minus      S_plus
  ------------------------------------------------------------
    1     1.335      27.4      35.4    2.29e+04    4.18e+04
    2     6.994      35.4     104.7    4.18e+04    7.76e+04
    3     0.832     104.7      70.1    7.76e+04    3.60e+04

  True Q at each detected changepoint:
    [1] tau=1.335h  Q_true before=701.0  Q_true after=701.0  |  estimated Q-=27.4  Q+=35.4
    [2] tau=6.994h  Q_true before=675.9  Q_true after=410.4  |  estimated Q-=35.4  Q+=104.7
    [3] tau=0.832h  Q_true before=407.2  Q_true after=407.2  |  estimated Q-=104.7  Q+=70.1
Saved -> results\sensitivity_analysis\varying_Q_Q1_S200000.0\raa_diagnostic.png
