Running: Q_init=50, S_init=0.05, path=./data/datasets/varying_pinn_datasets/varying_Q.csv
RAA-PINN Pipeline
File: ./data/datasets/varying_pinn_datasets/varying_Q.csv
============================================================

Loaded 481 timepoints  (t = 0.00h to 8.00h)

--- Stage I: Sliding Window Scan ---
  window_size=20, sigma=1.5
  Auto prominence = 2.413e+08 (15% of max score)

  Detected 10 candidate changepoints:
    [1] peak at t=0.400h  -> interval [0.000h, 0.800h]
    [2] peak at t=0.900h  -> interval [0.500h, 1.300h]
    [3] peak at t=1.300h  -> interval [0.900h, 1.700h]
    [4] peak at t=2.417h  -> interval [2.017h, 2.817h]
    [5] peak at t=3.050h  -> interval [2.650h, 3.450h]
    [6] peak at t=3.933h  -> interval [3.533h, 4.333h]
    [7] peak at t=4.467h  -> interval [4.067h, 4.867h]
    [8] peak at t=5.533h  -> interval [5.133h, 5.933h]
    [9] peak at t=6.967h  -> interval [6.567h, 7.367h]
    [10] peak at t=7.833h  -> interval [7.433h, 8.000h]

--- Stage II: Joint Refinement (One PINN) ---

  Stage II — full time domain [0.000h, 8.000h]  (481 points) with 10 changepoints
 Epoch        Loss        Data        Phys         tau(1st)        Q-        Q+          S-          S+
---------------------------------------------------------------------------
     1  1.0203e+00  1.0203e+00  0.0000e+00     0.400 (10cp)      50.0      50.0    5.00e-02    5.00e-02
   500  3.8389e-01  2.8434e-01  3.2196e+01     0.707 (10cp)       8.8      90.7    1.27e+00    3.07e-02
  1000  3.7752e-01  3.1744e-01  1.1658e+01     0.789 (10cp)       7.1      72.8    5.58e+03    3.54e-02
  1500  3.6804e-01  3.1412e-01  1.0464e+01     0.810 (10cp)       6.7      39.7    1.11e+04    5.57e-02
  2000  3.6221e-01  3.1105e-01  9.9273e+00     0.805 (10cp)       6.7      32.1    1.22e+04    7.05e-02
  2500  3.6129e-01  3.1046e-01  9.8657e+00     0.802 (10cp)       6.5      32.2    1.22e+04    7.53e-02
  3000  3.6092e-01  3.1032e-01  9.8186e+00     0.802 (10cp)       6.4      32.9    1.21e+04    7.70e-02

  Result: 10 changepoints optimized
    [1] tau=0.802h  Q: 6.4 -> 32.9  S: 1.207e+04 -> 7.704e-02
    [2] tau=0.013h  Q: 32.9 -> 4.6  S: 7.704e-02 -> 1.135e+02
    [3] tau=0.677h  Q: 4.6 -> 46.8  S: 1.135e+02 -> 2.598e-02
    [4] tau=3.866h  Q: 46.8 -> 129.9  S: 2.598e-02 -> 3.274e+04
    [5] tau=0.802h  Q: 129.9 -> 5.5  S: 3.274e+04 -> 1.543e+04
    [6] tau=4.368h  Q: 5.5 -> 201.1  S: 1.543e+04 -> 1.177e-02
    [7] tau=3.973h  Q: 201.1 -> 52.2  S: 1.177e-02 -> 1.246e+03
    [8] tau=7.944h  Q: 52.2 -> 215.7  S: 1.246e+03 -> 2.283e+04
    [9] tau=6.232h  Q: 215.7 -> 6.1  S: 2.283e+04 -> 1.886e-01
    [10] tau=7.953h  Q: 6.1 -> 1.9  S: 1.886e-01 -> 2.880e+04

============================================================
Summary: 10 changepoints detected and refined
============================================================
    #   tau_est   Q_minus    Q_plus     S_minus      S_plus
  ------------------------------------------------------------
    1     0.802       6.4      32.9    1.21e+04    7.70e-02
    2     0.013      32.9       4.6    7.70e-02    1.14e+02
    3     0.677       4.6      46.8    1.14e+02    2.60e-02
    4     3.866      46.8     129.9    2.60e-02    3.27e+04
    5     0.802     129.9       5.5    3.27e+04    1.54e+04
    6     4.368       5.5     201.1    1.54e+04    1.18e-02
    7     3.973     201.1      52.2    1.18e-02    1.25e+03
    8     7.944      52.2     215.7    1.25e+03    2.28e+04
    9     6.232     215.7       6.1    2.28e+04    1.89e-01
   10     7.953       6.1       1.9    1.89e-01    2.88e+04

  True Q at each detected changepoint:
    [1] tau=0.802h  Q_true before=407.2  Q_true after=407.2  |  estimated Q-=6.4  Q+=32.9
    [2] tau=0.013h  Q_true before=641.8  Q_true after=641.8  |  estimated Q-=32.9  Q+=4.6
    [3] tau=0.677h  Q_true before=407.2  Q_true after=407.2  |  estimated Q-=4.6  Q+=46.8
    [4] tau=3.866h  Q_true before=650.2  Q_true after=650.2  |  estimated Q-=46.8  Q+=129.9
    [5] tau=0.802h  Q_true before=407.2  Q_true after=407.2  |  estimated Q-=129.9  Q+=5.5
    [6] tau=4.368h  Q_true before=189.7  Q_true after=189.7  |  estimated Q-=5.5  Q+=201.1
    [7] tau=3.973h  Q_true before=650.2  Q_true after=650.2  |  estimated Q-=201.1  Q+=52.2
    [8] tau=7.944h  Q_true before=259.1  Q_true after=259.1  |  estimated Q-=52.2  Q+=215.7
    [9] tau=6.232h  Q_true before=550.7  Q_true after=550.7  |  estimated Q-=215.7  Q+=6.1
    [10] tau=7.953h  Q_true before=259.1  Q_true after=259.1  |  estimated Q-=6.1  Q+=1.9
Saved -> results\sensitivity_analysis\varying_Q_Q50_S0.05\raa_diagnostic.png
