Running: Q_init=50, S_init=0.2, path=./data/datasets/varying_pinn_datasets/varying_S.csv
RAA-PINN Pipeline
File: ./data/datasets/varying_pinn_datasets/varying_S.csv
============================================================

Loaded 481 timepoints  (t = 0.00h to 8.00h)

--- Stage I: Sliding Window Scan ---
  window_size=20, sigma=1.5
  Auto prominence = 3.774e+08 (15% of max score)

  Detected 11 candidate changepoints:
    [1] peak at t=0.500h  -> interval [0.100h, 0.900h]
    [2] peak at t=0.933h  -> interval [0.533h, 1.333h]
    [3] peak at t=1.483h  -> interval [1.083h, 1.883h]
    [4] peak at t=2.400h  -> interval [2.000h, 2.800h]
    [5] peak at t=2.950h  -> interval [2.550h, 3.350h]
    [6] peak at t=4.000h  -> interval [3.600h, 4.400h]
    [7] peak at t=4.533h  -> interval [4.133h, 4.933h]
    [8] peak at t=5.083h  -> interval [4.683h, 5.483h]
    [9] peak at t=5.533h  -> interval [5.133h, 5.933h]
    [10] peak at t=6.483h  -> interval [6.083h, 6.883h]
    [11] peak at t=7.800h  -> interval [7.400h, 8.000h]

--- Stage II: Joint Refinement (One PINN) ---

  Stage II — full time domain [0.000h, 8.000h]  (481 points) with 11 changepoints
 Epoch        Loss        Data        Phys         tau(1st)        Q-        Q+          S-          S+
---------------------------------------------------------------------------
     1  1.0147e+00  1.0147e+00  0.0000e+00     0.500 (11cp)      50.0      50.0    2.00e-01    2.00e-01
   500  5.6171e-02  4.0788e-02  6.4025e+01     1.742 (11cp)       9.3      82.9    4.68e-01    1.56e-01
  1000  3.8798e-02  2.9195e-02  2.3982e+01     1.488 (11cp)       5.8      92.7    1.52e+00    1.47e-01
  1500  2.7115e-02  1.4400e-02  3.1751e+01     1.329 (11cp)       6.4      16.2    1.16e+05    8.80e-02
  2000  2.5014e-02  1.3552e-02  2.8622e+01     1.365 (11cp)      64.1       8.5    1.82e+05    8.39e-02
  2500  2.4478e-02  1.3247e-02  2.8047e+01     1.349 (11cp)      40.5       9.8    1.92e+05    8.03e-02
  3000  2.4409e-02  1.3193e-02  2.8009e+01     1.347 (11cp)      38.5      10.4    1.93e+05    7.85e-02

  Result: 11 changepoints optimized
    [1] tau=1.347h  Q: 38.5 -> 10.4  S: 1.934e+05 -> 7.855e-02
    [2] tau=0.001h  Q: 10.4 -> 376.0  S: 7.855e-02 -> 1.641e-01
    [3] tau=3.658h  Q: 376.0 -> 555.8  S: 1.641e-01 -> 1.616e+05
    [4] tau=1.035h  Q: 555.8 -> 4.4  S: 1.616e+05 -> 5.999e-01
    [5] tau=1.506h  Q: 4.4 -> 82.5  S: 5.999e-01 -> 2.144e-01
    [6] tau=1.345h  Q: 82.5 -> 1.6  S: 2.144e-01 -> 1.305e-01
    [7] tau=4.256h  Q: 1.6 -> 29.8  S: 1.305e-01 -> 1.993e-01
    [8] tau=4.432h  Q: 29.8 -> 71.7  S: 1.993e-01 -> 1.860e-01
    [9] tau=6.192h  Q: 71.7 -> 0.4  S: 1.860e-01 -> 4.866e+00
    [10] tau=6.378h  Q: 0.4 -> 1.6  S: 4.866e+00 -> 6.118e+04
    [11] tau=8.000h  Q: 1.6 -> 2.0  S: 6.118e+04 -> 6.397e-01

============================================================
Summary: 11 changepoints detected and refined
============================================================
    #   tau_est   Q_minus    Q_plus     S_minus      S_plus
  ------------------------------------------------------------
    1     1.347      38.5      10.4    1.93e+05    7.85e-02
    2     0.001      10.4     376.0    7.85e-02    1.64e-01
    3     3.658     376.0     555.8    1.64e-01    1.62e+05
    4     1.035     555.8       4.4    1.62e+05    6.00e-01
    5     1.506       4.4      82.5    6.00e-01    2.14e-01
    6     1.345      82.5       1.6    2.14e-01    1.31e-01
    7     4.256       1.6      29.8    1.31e-01    1.99e-01
    8     4.432      29.8      71.7    1.99e-01    1.86e-01
    9     6.192      71.7       0.4    1.86e-01    4.87e+00
   10     6.378       0.4       1.6    4.87e+00    6.12e+04
   11     8.000       1.6       2.0    6.12e+04    6.40e-01

  True Q at each detected changepoint:
    [1] tau=1.347h  Q_true before=200.0  Q_true after=200.0  |  estimated Q-=38.5  Q+=10.4
    [2] tau=0.001h  Q_true before=200.0  Q_true after=200.0  |  estimated Q-=10.4  Q+=376.0
    [3] tau=3.658h  Q_true before=200.0  Q_true after=200.0  |  estimated Q-=376.0  Q+=555.8
    [4] tau=1.035h  Q_true before=200.0  Q_true after=200.0  |  estimated Q-=555.8  Q+=4.4
    [5] tau=1.506h  Q_true before=200.0  Q_true after=200.0  |  estimated Q-=4.4  Q+=82.5
    [6] tau=1.345h  Q_true before=200.0  Q_true after=200.0  |  estimated Q-=82.5  Q+=1.6
    [7] tau=4.256h  Q_true before=200.0  Q_true after=200.0  |  estimated Q-=1.6  Q+=29.8
    [8] tau=4.432h  Q_true before=200.0  Q_true after=200.0  |  estimated Q-=29.8  Q+=71.7
    [9] tau=6.192h  Q_true before=200.0  Q_true after=200.0  |  estimated Q-=71.7  Q+=0.4
    [10] tau=6.378h  Q_true before=200.0  Q_true after=200.0  |  estimated Q-=0.4  Q+=1.6
    [11] tau=8.000h  Q_true before=200.0  Q_true after=200.0  |  estimated Q-=1.6  Q+=2.0
Saved -> results\sensitivity_analysis\varying_S_Q50_S0.2\raa_diagnostic.png
