Run started : 2026-05-24T20:19:20.330513
Input file  : C:\Users\Jenny\Desktop\HAB project\datasets\iaq_Q500_S0.20.csv

============================================================
  [15/24]  iaq_Q500_S0.20.csv
============================================================

File: datasets\iaq_Q500_S0.20.csv  |  True Q=500.0, True S_vol=0.2, True S=2.00e+05
 Epoch        Loss        Data        Phys         Q           S
------------------------------------------------------------
     1  9.9786e-01  9.9786e-01  0.0000e+00      1.00         1.0
   500  1.5785e-01  1.5785e-01  0.0000e+00      1.00         1.0
  1000  1.8882e-01  1.6349e-01  5.9290e+02      0.09      3186.3
  1500  1.5669e-01  1.5604e-01  8.0781e+00    463.07    185137.6
  2000  1.5760e-01  1.5641e-01  9.7515e+00    473.94    189042.5
  2500  1.5702e-01  1.5593e-01  6.7390e+00    474.11    189449.6
  3000  1.5704e-01  1.5598e-01  6.5459e+00    474.83    189689.2
  3500  1.5700e-01  1.5594e-01  6.4855e+00    474.92    189761.2
  4000  1.5698e-01  1.5592e-01  6.4688e+00    474.94    189783.8
  4500  1.5703e-01  1.5596e-01  6.5173e+00    474.95    189845.5
  5000  1.5695e-01  1.5589e-01  6.4910e+00    475.07    189856.2
  5500  1.5689e-01  1.5583e-01  6.5025e+00    475.21    189889.0
  6000  1.5682e-01  1.5576e-01  6.5531e+00    475.26    189907.1
  6500  1.5673e-01  1.5565e-01  6.6679e+00    475.30    189913.2
  7000  1.5663e-01  1.5552e-01  6.8428e+00    475.33    189914.9
  7500  1.5651e-01  1.5537e-01  7.0409e+00    475.35    189914.9
  8000  1.5638e-01  1.5521e-01  7.2613e+00    475.37    189912.9

Done.
  Estimated Q = 475.37  m^3/h
  Estimated S = 1.90e+05  ppm·m^3/h
  (S_vol implied = 0.1899  m^3 CO2/h)

Saved figure -> results\iaq_Q500_S0.20\diagnostic.png
