Running: Q_init=1, S_init=0.05, path=./data/datasets/varying_pinn_datasets/varying_S.csv
RAA-PINN Pipeline
File: ./data/datasets/varying_pinn_datasets/varying_S.csv
============================================================

Loaded 481 timepoints  (t = 0.00h to 8.00h)

--- Stage I: Sliding Window Scan ---
  window_size=20, sigma=1.5
  Auto prominence = 3.774e+08 (15% of max score)

  Detected 11 candidate changepoints:
    [1] peak at t=0.500h  -> interval [0.100h, 0.900h]
    [2] peak at t=0.933h  -> interval [0.533h, 1.333h]
    [3] peak at t=1.483h  -> interval [1.083h, 1.883h]
    [4] peak at t=2.400h  -> interval [2.000h, 2.800h]
    [5] peak at t=2.950h  -> interval [2.550h, 3.350h]
    [6] peak at t=4.000h  -> interval [3.600h, 4.400h]
    [7] peak at t=4.533h  -> interval [4.133h, 4.933h]
    [8] peak at t=5.083h  -> interval [4.683h, 5.483h]
    [9] peak at t=5.533h  -> interval [5.133h, 5.933h]
    [10] peak at t=6.483h  -> interval [6.083h, 6.883h]
    [11] peak at t=7.800h  -> interval [7.400h, 8.000h]

--- Stage II: Joint Refinement (One PINN) ---

  Stage II — full time domain [0.000h, 8.000h]  (481 points) with 11 changepoints
 Epoch        Loss        Data        Phys         tau(1st)        Q-        Q+          S-          S+
---------------------------------------------------------------------------
     1  9.9751e-01  9.9751e-01  0.0000e+00     0.500 (11cp)       1.0       1.0    5.00e-02    5.00e-02
   500  8.0735e-02  4.8738e-02  4.8709e+01     1.761 (11cp)       0.0      48.8    4.93e-01    2.12e-02
  1000  5.2438e-02  3.7094e-02  1.4015e+01     1.577 (11cp)       0.0      65.4    1.15e+00    2.11e-02
  1500  5.0679e-02  3.3834e-02  1.5385e+01     1.535 (11cp)       0.0      69.2    5.31e-01    2.33e-02
  2000  4.7862e-02  3.0687e-02  1.5687e+01     1.560 (11cp)       0.0      59.9    2.07e-01    2.78e-02
  2500  4.7354e-02  3.0155e-02  1.5710e+01     1.576 (11cp)       0.0      57.8    1.32e-01    3.31e-02
  3000  4.7284e-02  3.0065e-02  1.5727e+01     1.579 (11cp)       0.0      57.5    1.09e-01    3.68e-02

  Result: 11 changepoints optimized
    [1] tau=1.579h  Q: 0.0 -> 57.5  S: 1.090e-01 -> 3.684e-02
    [2] tau=0.000h  Q: 57.5 -> 0.0  S: 3.684e-02 -> 6.591e+04
    [3] tau=0.302h  Q: 0.0 -> 0.2  S: 6.591e+04 -> 2.363e-02
    [4] tau=4.311h  Q: 0.2 -> 16.0  S: 2.363e-02 -> 4.843e-01
    [5] tau=0.004h  Q: 16.0 -> 0.1  S: 4.843e-01 -> 2.886e-02
    [6] tau=4.037h  Q: 0.1 -> 16.9  S: 2.886e-02 -> 4.906e-02
    [7] tau=4.202h  Q: 16.9 -> 40.3  S: 4.906e-02 -> 4.287e-02
    [8] tau=4.420h  Q: 40.3 -> 69.2  S: 4.287e-02 -> 1.999e-02
    [9] tau=6.202h  Q: 69.2 -> 0.2  S: 1.999e-02 -> 1.390e-01
    [10] tau=6.376h  Q: 0.2 -> 0.0  S: 1.390e-01 -> 5.980e+04
    [11] tau=8.000h  Q: 0.0 -> 0.0  S: 5.980e+04 -> 8.317e-02

============================================================
Summary: 11 changepoints detected and refined
============================================================
    #   tau_est   Q_minus    Q_plus     S_minus      S_plus
  ------------------------------------------------------------
    1     1.579       0.0      57.5    1.09e-01    3.68e-02
    2     0.000      57.5       0.0    3.68e-02    6.59e+04
    3     0.302       0.0       0.2    6.59e+04    2.36e-02
    4     4.311       0.2      16.0    2.36e-02    4.84e-01
    5     0.004      16.0       0.1    4.84e-01    2.89e-02
    6     4.037       0.1      16.9    2.89e-02    4.91e-02
    7     4.202      16.9      40.3    4.91e-02    4.29e-02
    8     4.420      40.3      69.2    4.29e-02    2.00e-02
    9     6.202      69.2       0.2    2.00e-02    1.39e-01
   10     6.376       0.2       0.0    1.39e-01    5.98e+04
   11     8.000       0.0       0.0    5.98e+04    8.32e-02

  True Q at each detected changepoint:
    [1] tau=1.579h  Q_true before=200.0  Q_true after=200.0  |  estimated Q-=0.0  Q+=57.5
    [2] tau=0.000h  Q_true before=200.0  Q_true after=200.0  |  estimated Q-=57.5  Q+=0.0
    [3] tau=0.302h  Q_true before=200.0  Q_true after=200.0  |  estimated Q-=0.0  Q+=0.2
    [4] tau=4.311h  Q_true before=200.0  Q_true after=200.0  |  estimated Q-=0.2  Q+=16.0
    [5] tau=0.004h  Q_true before=200.0  Q_true after=200.0  |  estimated Q-=16.0  Q+=0.1
    [6] tau=4.037h  Q_true before=200.0  Q_true after=200.0  |  estimated Q-=0.1  Q+=16.9
    [7] tau=4.202h  Q_true before=200.0  Q_true after=200.0  |  estimated Q-=16.9  Q+=40.3
    [8] tau=4.420h  Q_true before=200.0  Q_true after=200.0  |  estimated Q-=40.3  Q+=69.2
    [9] tau=6.202h  Q_true before=200.0  Q_true after=200.0  |  estimated Q-=69.2  Q+=0.2
    [10] tau=6.376h  Q_true before=200.0  Q_true after=200.0  |  estimated Q-=0.2  Q+=0.0
    [11] tau=8.000h  Q_true before=200.0  Q_true after=200.0  |  estimated Q-=0.0  Q+=0.0
Saved -> results\sensitivity_analysis\varying_S_Q1_S0.05\raa_diagnostic.png
