Running: Q_init=50, S_init=300000.0, path=./data/datasets/varying_pinn_datasets/varying_Q.csv
RAA-PINN Pipeline
File: ./data/datasets/varying_pinn_datasets/varying_Q.csv
============================================================

Loaded 481 timepoints  (t = 0.00h to 8.00h)

--- Stage I: Sliding Window Scan ---
  window_size=20, sigma=1.5
  Auto prominence = 7.240e+08 (15% of max score)

  Detected 3 candidate changepoints:
    [1] peak at t=2.417h  -> interval [2.017h, 2.817h]
    [2] peak at t=3.933h  -> interval [3.533h, 4.333h]
    [3] peak at t=4.467h  -> interval [4.067h, 4.867h]

--- Stage II: Joint Refinement (One PINN) ---

  Stage II — full time domain [0.000h, 8.000h]  (481 points) with 3 changepoints
 Epoch        Loss        Data        Phys         tau(1st)        Q-        Q+          S-          S+
---------------------------------------------------------------------------
     1  1.0409e+00  1.0409e+00  0.0000e+00     2.417 (3cp)      50.0      50.0    3.00e+05    3.00e+05
   500  6.4025e-01  6.3938e-01  1.6735e+02     1.705 (3cp)     437.4     177.3    8.06e+04    1.06e+05
  1000  7.4394e-02  6.8163e-02  7.1538e+02     1.390 (3cp)     312.8     155.3    5.96e+04    9.55e+04
  1500  6.5617e-02  5.9217e-02  7.3465e+02     1.243 (3cp)     174.0     248.8    4.55e+04    8.50e+04
  2000  6.3784e-02  5.7259e-02  7.4916e+02     1.251 (3cp)     134.0     246.2    3.85e+04    8.49e+04
  2500  6.2963e-02  5.6393e-02  7.5427e+02     1.252 (3cp)     115.5     244.4    3.54e+04    8.49e+04
  3000  6.2795e-02  5.6221e-02  7.5473e+02     1.252 (3cp)     105.8     243.3    3.38e+04    8.49e+04

  Result: 3 changepoints optimized
    [1] tau=1.252h  Q: 105.8 -> 243.3  S: 3.381e+04 -> 8.492e+04
    [2] tau=7.232h  Q: 243.3 -> 431.3  S: 8.492e+04 -> 1.548e+05
    [3] tau=0.895h  Q: 431.3 -> 192.1  S: 1.548e+05 -> 7.128e+04

============================================================
Summary: 3 changepoints detected and refined
============================================================
    #   tau_est   Q_minus    Q_plus     S_minus      S_plus
  ------------------------------------------------------------
    1     1.252     105.8     243.3    3.38e+04    8.49e+04
    2     7.232     243.3     431.3    8.49e+04    1.55e+05
    3     0.895     431.3     192.1    1.55e+05    7.13e+04

  True Q at each detected changepoint:
    [1] tau=1.252h  Q_true before=701.0  Q_true after=701.0  |  estimated Q-=105.8  Q+=243.3
    [2] tau=7.232h  Q_true before=410.4  Q_true after=410.4  |  estimated Q-=243.3  Q+=431.3
    [3] tau=0.895h  Q_true before=407.2  Q_true after=407.2  |  estimated Q-=431.3  Q+=192.1
Saved -> results\sensitivity_analysis\varying_Q_Q50_S300000.0\raa_diagnostic.png
