Running: Q_init=400, S_init=0.3, path=./data/datasets/varying_pinn_datasets/varying_Q.csv
RAA-PINN Pipeline
File: ./data/datasets/varying_pinn_datasets/varying_Q.csv
============================================================

Loaded 481 timepoints  (t = 0.00h to 8.00h)

--- Stage I: Sliding Window Scan ---
  window_size=20, sigma=1.5
  Auto prominence = 2.413e+08 (15% of max score)

  Detected 10 candidate changepoints:
    [1] peak at t=0.400h  -> interval [0.000h, 0.800h]
    [2] peak at t=0.900h  -> interval [0.500h, 1.300h]
    [3] peak at t=1.300h  -> interval [0.900h, 1.700h]
    [4] peak at t=2.417h  -> interval [2.017h, 2.817h]
    [5] peak at t=3.050h  -> interval [2.650h, 3.450h]
    [6] peak at t=3.933h  -> interval [3.533h, 4.333h]
    [7] peak at t=4.467h  -> interval [4.067h, 4.867h]
    [8] peak at t=5.533h  -> interval [5.133h, 5.933h]
    [9] peak at t=6.967h  -> interval [6.567h, 7.367h]
    [10] peak at t=7.833h  -> interval [7.433h, 8.000h]

--- Stage II: Joint Refinement (One PINN) ---

  Stage II — full time domain [0.000h, 8.000h]  (481 points) with 10 changepoints
 Epoch        Loss        Data        Phys         tau(1st)        Q-        Q+          S-          S+
---------------------------------------------------------------------------
     1  1.0184e+00  1.0184e+00  0.0000e+00     0.400 (10cp)     400.0     400.0    3.00e-01    3.00e-01
   500  1.7668e-01  1.6672e-01  1.6551e+02     0.357 (10cp)      62.3     156.7    1.04e+01    5.95e-01
  1000  8.1729e-02  6.1845e-02  1.9822e+02     0.822 (10cp)      40.7     163.0    5.92e+03    3.27e+03
  1500  7.3477e-02  5.4395e-02  1.9022e+02     0.907 (10cp)      34.8     463.3    1.38e+04    6.48e+04
  2000  7.1446e-02  5.2493e-02  1.8894e+02     0.907 (10cp)      34.3     455.8    1.59e+04    6.47e+04
  2500  7.0708e-02  5.1902e-02  1.8747e+02     0.901 (10cp)      35.2     445.0    1.71e+04    6.27e+04
  3000  7.0565e-02  5.1794e-02  1.8712e+02     0.900 (10cp)      36.3     442.7    1.74e+04    6.22e+04

  Result: 10 changepoints optimized
    [1] tau=0.900h  Q: 36.3 -> 442.7  S: 1.736e+04 -> 6.217e+04
    [2] tau=2.472h  Q: 442.7 -> 737.8  S: 6.217e+04 -> 8.247e-02
    [3] tau=0.429h  Q: 737.8 -> 695.5  S: 8.247e-02 -> 1.897e-01
    [4] tau=2.926h  Q: 695.5 -> 540.4  S: 1.897e-01 -> 3.373e+00
    [5] tau=1.978h  Q: 540.4 -> 222.3  S: 3.373e+00 -> 1.052e+04
    [6] tau=5.476h  Q: 222.3 -> 420.7  S: 1.052e+04 -> 4.808e-02
    [7] tau=2.740h  Q: 420.7 -> 221.6  S: 4.808e-02 -> 5.032e+00
    [8] tau=7.881h  Q: 221.6 -> 425.1  S: 5.032e+00 -> 1.973e+04
    [9] tau=5.757h  Q: 425.1 -> 56.2  S: 1.973e+04 -> 6.432e-01
    [10] tau=7.890h  Q: 56.2 -> 15.0  S: 6.432e-01 -> 1.952e+04

============================================================
Summary: 10 changepoints detected and refined
============================================================
    #   tau_est   Q_minus    Q_plus     S_minus      S_plus
  ------------------------------------------------------------
    1     0.900      36.3     442.7    1.74e+04    6.22e+04
    2     2.472     442.7     737.8    6.22e+04    8.25e-02
    3     0.429     737.8     695.5    8.25e-02    1.90e-01
    4     2.926     695.5     540.4    1.90e-01    3.37e+00
    5     1.978     540.4     222.3    3.37e+00    1.05e+04
    6     5.476     222.3     420.7    1.05e+04    4.81e-02
    7     2.740     420.7     221.6    4.81e-02    5.03e+00
    8     7.881     221.6     425.1    5.03e+00    1.97e+04
    9     5.757     425.1      56.2    1.97e+04    6.43e-01
   10     7.890      56.2      15.0    6.43e-01    1.95e+04

  True Q at each detected changepoint:
    [1] tau=0.900h  Q_true before=407.2  Q_true after=407.2  |  estimated Q-=36.3  Q+=442.7
    [2] tau=2.472h  Q_true before=165.9  Q_true after=165.9  |  estimated Q-=442.7  Q+=737.8
    [3] tau=0.429h  Q_true before=641.8  Q_true after=641.8  |  estimated Q-=737.8  Q+=695.5
    [4] tau=2.926h  Q_true before=782.9  Q_true after=782.9  |  estimated Q-=695.5  Q+=540.4
    [5] tau=1.978h  Q_true before=588.2  Q_true after=588.2  |  estimated Q-=540.4  Q+=222.3
    [6] tau=5.476h  Q_true before=359.6  Q_true after=359.6  |  estimated Q-=222.3  Q+=420.7
    [7] tau=2.740h  Q_true before=782.9  Q_true after=782.9  |  estimated Q-=420.7  Q+=221.6
    [8] tau=7.881h  Q_true before=259.1  Q_true after=259.1  |  estimated Q-=221.6  Q+=425.1
    [9] tau=5.757h  Q_true before=748.7  Q_true after=748.7  |  estimated Q-=425.1  Q+=56.2
    [10] tau=7.890h  Q_true before=259.1  Q_true after=259.1  |  estimated Q-=56.2  Q+=15.0
Saved -> results\sensitivity_analysis\varying_Q_Q400_S0.3\raa_diagnostic.png
