Running: Q_init=1, S_init=50000.0, path=./data/datasets/varying_pinn_datasets/varying_Q.csv
RAA-PINN Pipeline
File: ./data/datasets/varying_pinn_datasets/varying_Q.csv
============================================================

Loaded 481 timepoints  (t = 0.00h to 8.00h)

--- Stage I: Sliding Window Scan ---
  window_size=20, sigma=1.5
  Auto prominence = 7.240e+08 (15% of max score)

  Detected 3 candidate changepoints:
    [1] peak at t=2.417h  -> interval [2.017h, 2.817h]
    [2] peak at t=3.933h  -> interval [3.533h, 4.333h]
    [3] peak at t=4.467h  -> interval [4.067h, 4.867h]

--- Stage II: Joint Refinement (One PINN) ---

  Stage II — full time domain [0.000h, 8.000h]  (481 points) with 3 changepoints
 Epoch        Loss        Data        Phys         tau(1st)        Q-        Q+          S-          S+
---------------------------------------------------------------------------
     1  1.0698e+00  1.0698e+00  0.0000e+00     2.417 (3cp)       1.0       1.0    5.00e+04    5.00e+04
   500  6.7267e-01  6.6980e-01  1.5718e+01     0.455 (3cp)      13.0      24.0    1.35e+04    1.18e+04
  1000  2.1926e-01  1.3575e-01  2.7456e+02     0.848 (3cp)       3.7     118.8    1.67e+04    9.22e+03
  1500  2.1093e-01  1.2396e-01  2.8595e+02     0.873 (3cp)       1.7     135.9    1.68e+04    8.89e+03
  2000  2.0049e-01  1.0833e-01  3.0301e+02     0.886 (3cp)       1.2     142.4    1.66e+04    8.61e+03
  2500  1.9950e-01  1.0670e-01  3.0512e+02     0.892 (3cp)       1.1     145.4    1.66e+04    8.43e+03
  3000  1.9932e-01  1.0642e-01  3.0543e+02     0.893 (3cp)       1.0     145.6    1.65e+04    8.32e+03

  Result: 3 changepoints optimized
    [1] tau=0.893h  Q: 1.0 -> 145.6  S: 1.654e+04 -> 8.315e+03
    [2] tau=7.061h  Q: 145.6 -> 144.4  S: 8.315e+03 -> 2.507e+04
    [3] tau=1.311h  Q: 144.4 -> 2.7  S: 2.507e+04 -> 1.790e+04

============================================================
Summary: 3 changepoints detected and refined
============================================================
    #   tau_est   Q_minus    Q_plus     S_minus      S_plus
  ------------------------------------------------------------
    1     0.893       1.0     145.6    1.65e+04    8.32e+03
    2     7.061     145.6     144.4    8.32e+03    2.51e+04
    3     1.311     144.4       2.7    2.51e+04    1.79e+04

  True Q at each detected changepoint:
    [1] tau=0.893h  Q_true before=407.2  Q_true after=407.2  |  estimated Q-=1.0  Q+=145.6
    [2] tau=7.061h  Q_true before=410.4  Q_true after=410.4  |  estimated Q-=145.6  Q+=144.4
    [3] tau=1.311h  Q_true before=701.0  Q_true after=701.0  |  estimated Q-=144.4  Q+=2.7
Saved -> results\sensitivity_analysis\varying_Q_Q1_S50000.0\raa_diagnostic.png
