Running: Q_init=800, S_init=200000.0, path=./data/datasets/varying_pinn_datasets/varying_Q.csv
RAA-PINN Pipeline
File: ./data/datasets/varying_pinn_datasets/varying_Q.csv
============================================================

Loaded 481 timepoints  (t = 0.00h to 8.00h)

--- Stage I: Sliding Window Scan ---
  window_size=20, sigma=1.5
  Auto prominence = 7.240e+08 (15% of max score)

  Detected 3 candidate changepoints:
    [1] peak at t=2.417h  -> interval [2.017h, 2.817h]
    [2] peak at t=3.933h  -> interval [3.533h, 4.333h]
    [3] peak at t=4.467h  -> interval [4.067h, 4.867h]

--- Stage II: Joint Refinement (One PINN) ---

  Stage II — full time domain [0.000h, 8.000h]  (481 points) with 3 changepoints
 Epoch        Loss        Data        Phys         tau(1st)        Q-        Q+          S-          S+
---------------------------------------------------------------------------
     1  1.0388e+00  1.0388e+00  0.0000e+00     2.417 (3cp)     800.0     800.0    2.00e+05    2.00e+05
   500  3.3295e-01  2.8069e-01  1.5573e+02     0.294 (3cp)     630.3     150.3    9.10e+04    2.96e+04
  1000  2.5608e-01  1.4234e-01  2.0336e+02     0.120 (3cp)     612.5      32.3    7.91e+04    6.98e+03
  1500  2.5189e-01  1.3657e-01  2.0617e+02     0.121 (3cp)     581.3      24.1    7.73e+04    5.25e+03
  2000  2.5075e-01  1.3552e-01  2.0602e+02     0.211 (3cp)     505.7      20.6    7.14e+04    4.41e+03
  2500  2.4295e-01  1.3259e-01  1.9732e+02     0.836 (3cp)     165.1      22.4    3.98e+04    2.59e+03
  3000  2.4113e-01  1.3220e-01  1.9477e+02     0.812 (3cp)      94.9      19.9    2.92e+04    2.01e+03

  Result: 3 changepoints optimized
    [1] tau=0.812h  Q: 94.9 -> 19.9  S: 2.922e+04 -> 2.007e+03
    [2] tau=3.980h  Q: 19.9 -> 145.8  S: 2.007e+03 -> 8.739e+04
    [3] tau=4.379h  Q: 145.8 -> 33.8  S: 8.739e+04 -> 6.586e+03

============================================================
Summary: 3 changepoints detected and refined
============================================================
    #   tau_est   Q_minus    Q_plus     S_minus      S_plus
  ------------------------------------------------------------
    1     0.812      94.9      19.9    2.92e+04    2.01e+03
    2     3.980      19.9     145.8    2.01e+03    8.74e+04
    3     4.379     145.8      33.8    8.74e+04    6.59e+03

  True Q at each detected changepoint:
    [1] tau=0.812h  Q_true before=407.2  Q_true after=407.2  |  estimated Q-=94.9  Q+=19.9
    [2] tau=3.980h  Q_true before=650.2  Q_true after=650.2  |  estimated Q-=19.9  Q+=145.8
    [3] tau=4.379h  Q_true before=189.7  Q_true after=189.7  |  estimated Q-=145.8  Q+=33.8
Saved -> results\sensitivity_analysis\varying_Q_Q800_S200000.0\raa_diagnostic.png
