Run started : 2026-05-24T21:32:28.765262
Input file  : C:\Users\Jenny\Desktop\HAB project\datasets\iaq_Q700_S0.20.csv

============================================================
  [19/24]  iaq_Q700_S0.20.csv
============================================================

File: datasets\iaq_Q700_S0.20.csv  |  True Q=700.0, True S_vol=0.2, True S=2.00e+05
 Epoch        Loss        Data        Phys         Q           S
------------------------------------------------------------
     1  1.0277e+00  1.0277e+00  0.0000e+00      1.00         1.0
   500  3.8210e-01  3.8210e-01  0.0000e+00      1.00         1.0
  1000  4.3502e-01  3.9638e-01  5.0287e+02      0.09      1743.8
  1500  3.8564e-01  3.8164e-01  2.6978e+01    503.43    143894.2
  2000  3.8359e-01  3.8072e-01  1.2975e+01    618.95    176673.2
  2500  3.8407e-01  3.8115e-01  9.8621e+00    626.41    178692.2
  3000  3.8383e-01  3.8079e-01  1.0295e+01    628.89    179409.7
  3500  3.8360e-01  3.8042e-01  1.0802e+01    630.08    179732.0
  4000  3.8350e-01  3.8019e-01  1.1220e+01    630.08    179737.5
  4500  3.8341e-01  3.8006e-01  1.1359e+01    629.97    179709.7
  5000  3.8329e-01  3.7990e-01  1.1535e+01    629.83    179668.9
  5500  3.8315e-01  3.7969e-01  1.1779e+01    629.62    179610.9
  6000  3.8300e-01  3.7946e-01  1.2037e+01    629.45    179562.2
  6500  3.8284e-01  3.7922e-01  1.2304e+01    629.27    179510.9
  7000  3.8266e-01  3.7897e-01  1.2541e+01    629.12    179466.2
  7500  3.8247e-01  3.7871e-01  1.2797e+01    629.01    179432.6
  8000  3.8228e-01  3.7844e-01  1.3073e+01    628.94    179409.0

Done.
  Estimated Q = 628.94  m^3/h
  Estimated S = 1.79e+05  ppm·m^3/h
  (S_vol implied = 0.1794  m^3 CO2/h)

Saved figure -> results\iaq_Q700_S0.20\diagnostic.png
