Running: Q_init=600, S_init=300000.0, path=./data/datasets/varying_pinn_datasets/varying_Q.csv
RAA-PINN Pipeline
File: ./data/datasets/varying_pinn_datasets/varying_Q.csv
============================================================

Loaded 481 timepoints  (t = 0.00h to 8.00h)

--- Stage I: Sliding Window Scan ---
  window_size=20, sigma=1.5
  Auto prominence = 7.240e+08 (15% of max score)

  Detected 3 candidate changepoints:
    [1] peak at t=2.417h  -> interval [2.017h, 2.817h]
    [2] peak at t=3.933h  -> interval [3.533h, 4.333h]
    [3] peak at t=4.467h  -> interval [4.067h, 4.867h]

--- Stage II: Joint Refinement (One PINN) ---

  Stage II — full time domain [0.000h, 8.000h]  (481 points) with 3 changepoints
 Epoch        Loss        Data        Phys         tau(1st)        Q-        Q+          S-          S+
---------------------------------------------------------------------------
     1  1.0437e+00  1.0437e+00  0.0000e+00     2.417 (3cp)     600.0     600.0    3.00e+05    3.00e+05
   500  3.4390e-01  3.3612e-01  5.4582e+02     1.060 (3cp)     943.8     681.2    1.52e+05    1.57e+05
  1000  6.9150e-02  5.9737e-02  3.9626e+02     2.107 (3cp)     224.3     773.9    4.34e+04    3.05e+05
  1500  6.3975e-02  5.4578e-02  3.9563e+02     2.112 (3cp)     149.1     830.3    3.05e+04    3.26e+05
  2000  6.1673e-02  5.2277e-02  3.9558e+02     2.112 (3cp)     125.7     834.7    2.64e+04    3.29e+05
  2500  6.0333e-02  5.0855e-02  3.9905e+02     2.111 (3cp)     116.2     836.3    2.48e+04    3.29e+05
  3000  6.0065e-02  5.0576e-02  3.9949e+02     2.111 (3cp)     111.5     837.2    2.40e+04    3.30e+05

  Result: 3 changepoints optimized
    [1] tau=2.111h  Q: 111.5 -> 837.2  S: 2.398e+04 -> 3.297e+05
    [2] tau=3.824h  Q: 837.2 -> 20.4  S: 3.297e+05 -> 2.191e+05
    [3] tau=2.509h  Q: 20.4 -> 32.9  S: 2.191e+05 -> 1.235e+04

============================================================
Summary: 3 changepoints detected and refined
============================================================
    #   tau_est   Q_minus    Q_plus     S_minus      S_plus
  ------------------------------------------------------------
    1     2.111     111.5     837.2    2.40e+04    3.30e+05
    2     3.824     837.2      20.4    3.30e+05    2.19e+05
    3     2.509      20.4      32.9    2.19e+05    1.24e+04

  True Q at each detected changepoint:
    [1] tau=2.111h  Q_true before=165.9  Q_true after=165.9  |  estimated Q-=111.5  Q+=837.2
    [2] tau=3.824h  Q_true before=650.2  Q_true after=650.2  |  estimated Q-=837.2  Q+=20.4
    [3] tau=2.509h  Q_true before=782.9  Q_true after=782.9  |  estimated Q-=20.4  Q+=32.9
Saved -> results\sensitivity_analysis\varying_Q_Q600_S300000.0\raa_diagnostic.png
