Running: Q_init=200, S_init=300000.0, path=./data/datasets/varying_pinn_datasets/varying_Q.csv
RAA-PINN Pipeline
File: ./data/datasets/varying_pinn_datasets/varying_Q.csv
============================================================

Loaded 481 timepoints  (t = 0.00h to 8.00h)

--- Stage I: Sliding Window Scan ---
  window_size=20, sigma=1.5
  Auto prominence = 7.240e+08 (15% of max score)

  Detected 3 candidate changepoints:
    [1] peak at t=2.417h  -> interval [2.017h, 2.817h]
    [2] peak at t=3.933h  -> interval [3.533h, 4.333h]
    [3] peak at t=4.467h  -> interval [4.067h, 4.867h]

--- Stage II: Joint Refinement (One PINN) ---

  Stage II — full time domain [0.000h, 8.000h]  (481 points) with 3 changepoints
 Epoch        Loss        Data        Phys         tau(1st)        Q-        Q+          S-          S+
---------------------------------------------------------------------------
     1  9.9874e-01  9.9874e-01  0.0000e+00     2.417 (3cp)     200.0     200.0    3.00e+05    3.00e+05
   500  1.4685e-01  1.4198e-01  7.5018e+02     3.545 (3cp)     414.4     442.5    9.23e+04    1.20e+05
  1000  6.6418e-02  6.1322e-02  4.7069e+02     2.707 (3cp)      68.1     195.6    2.68e+04    1.57e+05
  1500  6.0296e-02  5.5246e-02  4.6646e+02     2.688 (3cp)      31.7     160.9    1.91e+04    1.65e+05
  2000  5.6005e-02  5.0745e-02  4.8587e+02     2.680 (3cp)      20.8     145.5    1.67e+04    1.67e+05
  2500  5.4347e-02  4.9058e-02  4.8848e+02     2.674 (3cp)      16.5     137.0    1.58e+04    1.69e+05
  3000  5.3945e-02  4.8670e-02  4.8722e+02     2.672 (3cp)      14.5     132.6    1.53e+04    1.70e+05

  Result: 3 changepoints optimized
    [1] tau=2.672h  Q: 14.5 -> 132.6  S: 1.532e+04 -> 1.697e+05
    [2] tau=7.022h  Q: 132.6 -> 284.4  S: 1.697e+05 -> 2.282e+05
    [3] tau=2.484h  Q: 284.4 -> 150.8  S: 2.282e+05 -> 5.795e+04

============================================================
Summary: 3 changepoints detected and refined
============================================================
    #   tau_est   Q_minus    Q_plus     S_minus      S_plus
  ------------------------------------------------------------
    1     2.672      14.5     132.6    1.53e+04    1.70e+05
    2     7.022     132.6     284.4    1.70e+05    2.28e+05
    3     2.484     284.4     150.8    2.28e+05    5.80e+04

  True Q at each detected changepoint:
    [1] tau=2.672h  Q_true before=782.9  Q_true after=782.9  |  estimated Q-=14.5  Q+=132.6
    [2] tau=7.022h  Q_true before=410.4  Q_true after=410.4  |  estimated Q-=132.6  Q+=284.4
    [3] tau=2.484h  Q_true before=165.9  Q_true after=782.9  |  estimated Q-=284.4  Q+=150.8
Saved -> results\sensitivity_analysis\varying_Q_Q200_S300000.0\raa_diagnostic.png
