Running: Q_init=1, S_init=0.1, path=./data/datasets/varying_pinn_datasets/varying_Q.csv
RAA-PINN Pipeline
File: ./data/datasets/varying_pinn_datasets/varying_Q.csv
============================================================

Loaded 481 timepoints  (t = 0.00h to 8.00h)

--- Stage I: Sliding Window Scan ---
  window_size=20, sigma=1.5
  Auto prominence = 7.240e+08 (15% of max score)

  Detected 3 candidate changepoints:
    [1] peak at t=2.417h  -> interval [2.017h, 2.817h]
    [2] peak at t=3.933h  -> interval [3.533h, 4.333h]
    [3] peak at t=4.467h  -> interval [4.067h, 4.867h]

--- Stage II: Joint Refinement (One PINN) ---

  Stage II — full time domain [0.000h, 8.000h]  (481 points) with 3 changepoints
 Epoch        Loss        Data        Phys         tau(1st)        Q-        Q+          S-          S+
---------------------------------------------------------------------------
     1  1.0294e+00  1.0294e+00  0.0000e+00     2.417 (3cp)       1.0       1.0    1.00e-01    1.00e-01
   500  9.7747e-01  9.6574e-01  6.0665e-02     0.178 (3cp)       0.3       0.2    1.25e+00    2.78e+00
  1000  9.3928e-01  9.3179e-01  2.3246e-02     0.050 (3cp)       0.2       0.2    8.47e+02    2.90e+00
  1500  9.3171e-01  9.1787e-01  4.2918e-02     0.050 (3cp)       0.2       0.2    6.51e+02    4.88e+00
  2000  9.3022e-01  9.1599e-01  4.4124e-02     0.038 (3cp)       0.2       0.2    6.48e+02    5.60e+00
  2500  9.2733e-01  9.1162e-01  4.8759e-02     0.042 (3cp)       0.2       0.2    6.44e+02    5.77e+00
  3000  9.2688e-01  9.1088e-01  4.9613e-02     0.045 (3cp)       0.2       0.2    6.42e+02    6.02e+00

  Result: 3 changepoints optimized
    [1] tau=0.045h  Q: 0.2 -> 0.2  S: 6.418e+02 -> 6.021e+00
    [2] tau=0.023h  Q: 0.2 -> 0.0  S: 6.021e+00 -> 6.156e+02
    [3] tau=6.788h  Q: 0.0 -> 0.1  S: 6.156e+02 -> 2.589e+03

============================================================
Summary: 3 changepoints detected and refined
============================================================
    #   tau_est   Q_minus    Q_plus     S_minus      S_plus
  ------------------------------------------------------------
    1     0.045       0.2       0.2    6.42e+02    6.02e+00
    2     0.023       0.2       0.0    6.02e+00    6.16e+02
    3     6.788       0.0       0.1    6.16e+02    2.59e+03

  True Q at each detected changepoint:
    [1] tau=0.045h  Q_true before=641.8  Q_true after=641.8  |  estimated Q-=0.2  Q+=0.2
    [2] tau=0.023h  Q_true before=641.8  Q_true after=641.8  |  estimated Q-=0.2  Q+=0.0
    [3] tau=6.788h  Q_true before=675.9  Q_true after=675.9  |  estimated Q-=0.0  Q+=0.1
Saved -> results\sensitivity_analysis\varying_Q_Q1_S0.1\raa_diagnostic.png
