Run started : 2026-05-24T20:17:31.620614
Input file  : C:\Users\Jenny\Desktop\HAB project\datasets\iaq_Q500_S0.05.csv

============================================================
  [13/24]  iaq_Q500_S0.05.csv
============================================================

File: datasets\iaq_Q500_S0.05.csv  |  True Q=500.0, True S_vol=0.05, True S=5.00e+04
 Epoch        Loss        Data        Phys         Q           S
------------------------------------------------------------
     1  1.0133e+00  1.0133e+00  0.0000e+00      1.00         1.0
   500  9.6326e-01  9.6326e-01  0.0000e+00      1.00         1.0
  1000  9.9009e-01  9.8488e-01  4.8025e-01      0.13        72.5
  1500  9.9301e-01  9.8939e-01  1.6640e-01      0.14        62.3
  2000  9.9425e-01  9.9134e-01  8.8818e-02      0.16        58.3
  2500  9.9500e-01  9.9259e-01  5.5223e-02      0.17        56.9
  3000  9.9499e-01  9.9257e-01  5.5309e-02      0.17        57.6
  3500  9.9497e-01  9.9254e-01  5.5614e-02      0.18        58.4
  4000  9.9495e-01  9.9250e-01  5.6017e-02      0.19        59.3
  4500  9.9493e-01  9.9247e-01  5.6357e-02      0.20        60.2
  5000  9.9492e-01  9.9245e-01  5.6590e-02      0.21        61.1
  5500  9.9491e-01  9.9243e-01  5.6730e-02      0.22        62.0
  6000  9.9490e-01  9.9242e-01  5.6832e-02      0.23        62.9
  6500  9.9490e-01  9.9241e-01  5.6989e-02      0.24        63.7
  7000  9.9489e-01  9.9240e-01  5.7102e-02      0.24        64.3
  7500  9.9489e-01  9.9239e-01  5.7132e-02      0.24        64.7
  8000  9.9489e-01  9.9239e-01  5.7141e-02      0.25        64.9

Done.
  Estimated Q = 0.25  m^3/h
  Estimated S = 6.49e+01  ppm·m^3/h
  (S_vol implied = 0.0001  m^3 CO2/h)

Saved figure -> results\iaq_Q500_S0.05\diagnostic.png
