Running: Q_init=200, S_init=0.2, path=./data/datasets/varying_pinn_datasets/varying_S.csv
RAA-PINN Pipeline
File: ./data/datasets/varying_pinn_datasets/varying_S.csv
============================================================

Loaded 481 timepoints  (t = 0.00h to 8.00h)

--- Stage I: Sliding Window Scan ---
  window_size=20, sigma=1.5
  Auto prominence = 3.774e+08 (15% of max score)

  Detected 11 candidate changepoints:
    [1] peak at t=0.500h  -> interval [0.100h, 0.900h]
    [2] peak at t=0.933h  -> interval [0.533h, 1.333h]
    [3] peak at t=1.483h  -> interval [1.083h, 1.883h]
    [4] peak at t=2.400h  -> interval [2.000h, 2.800h]
    [5] peak at t=2.950h  -> interval [2.550h, 3.350h]
    [6] peak at t=4.000h  -> interval [3.600h, 4.400h]
    [7] peak at t=4.533h  -> interval [4.133h, 4.933h]
    [8] peak at t=5.083h  -> interval [4.683h, 5.483h]
    [9] peak at t=5.533h  -> interval [5.133h, 5.933h]
    [10] peak at t=6.483h  -> interval [6.083h, 6.883h]
    [11] peak at t=7.800h  -> interval [7.400h, 8.000h]

--- Stage II: Joint Refinement (One PINN) ---

  Stage II — full time domain [0.000h, 8.000h]  (481 points) with 11 changepoints
 Epoch        Loss        Data        Phys         tau(1st)        Q-        Q+          S-          S+
---------------------------------------------------------------------------
     1  1.0100e+00  1.0100e+00  0.0000e+00     0.500 (11cp)     200.0     200.0    2.00e-01    2.00e-01
   500  3.9954e-02  3.9232e-02  2.5581e+01     1.603 (11cp)      42.9     172.8    2.21e-01    2.00e-01
  1000  1.5748e-02  1.3659e-02  4.4402e+01     1.563 (11cp)      24.6     163.5    2.19e-01    2.16e-01
  1500  1.0045e-02  6.6233e-03  7.2721e+01     1.468 (11cp)      15.3     163.9    3.22e-01    1.78e-01
  2000  9.4967e-03  5.9993e-03  7.4333e+01     1.460 (11cp)      11.8     161.9    4.61e-01    1.59e-01
  2500  9.2271e-03  5.7023e-03  7.4913e+01     1.459 (11cp)      10.2     160.8    5.87e-01    1.50e-01
  3000  9.1691e-03  5.6399e-03  7.5009e+01     1.459 (11cp)       9.3     160.1    6.77e-01    1.46e-01

  Result: 11 changepoints optimized
    [1] tau=1.459h  Q: 9.3 -> 160.1  S: 6.769e-01 -> 1.462e-01
    [2] tau=0.002h  Q: 160.1 -> 50.4  S: 1.462e-01 -> 4.180e-01
    [3] tau=2.480h  Q: 50.4 -> 133.9  S: 4.180e-01 -> 2.131e-01
    [4] tau=3.407h  Q: 133.9 -> 288.0  S: 2.131e-01 -> 1.854e-01
    [5] tau=1.459h  Q: 288.0 -> 219.0  S: 1.854e-01 -> 2.127e-01
    [6] tau=2.963h  Q: 219.0 -> 62.1  S: 2.127e-01 -> 2.510e-01
    [7] tau=4.380h  Q: 62.1 -> 140.3  S: 2.510e-01 -> 1.394e+00
    [8] tau=7.955h  Q: 140.3 -> 127.5  S: 1.394e+00 -> 1.017e-01
    [9] tau=3.407h  Q: 127.5 -> 59.3  S: 1.017e-01 -> 1.967e-01
    [10] tau=6.335h  Q: 59.3 -> 19.5  S: 1.967e-01 -> 8.499e+04
    [11] tau=7.998h  Q: 19.5 -> 6.9  S: 8.499e+04 -> 2.633e-01

============================================================
Summary: 11 changepoints detected and refined
============================================================
    #   tau_est   Q_minus    Q_plus     S_minus      S_plus
  ------------------------------------------------------------
    1     1.459       9.3     160.1    6.77e-01    1.46e-01
    2     0.002     160.1      50.4    1.46e-01    4.18e-01
    3     2.480      50.4     133.9    4.18e-01    2.13e-01
    4     3.407     133.9     288.0    2.13e-01    1.85e-01
    5     1.459     288.0     219.0    1.85e-01    2.13e-01
    6     2.963     219.0      62.1    2.13e-01    2.51e-01
    7     4.380      62.1     140.3    2.51e-01    1.39e+00
    8     7.955     140.3     127.5    1.39e+00    1.02e-01
    9     3.407     127.5      59.3    1.02e-01    1.97e-01
   10     6.335      59.3      19.5    1.97e-01    8.50e+04
   11     7.998      19.5       6.9    8.50e+04    2.63e-01

  True Q at each detected changepoint:
    [1] tau=1.459h  Q_true before=200.0  Q_true after=200.0  |  estimated Q-=9.3  Q+=160.1
    [2] tau=0.002h  Q_true before=200.0  Q_true after=200.0  |  estimated Q-=160.1  Q+=50.4
    [3] tau=2.480h  Q_true before=200.0  Q_true after=200.0  |  estimated Q-=50.4  Q+=133.9
    [4] tau=3.407h  Q_true before=200.0  Q_true after=200.0  |  estimated Q-=133.9  Q+=288.0
    [5] tau=1.459h  Q_true before=200.0  Q_true after=200.0  |  estimated Q-=288.0  Q+=219.0
    [6] tau=2.963h  Q_true before=200.0  Q_true after=200.0  |  estimated Q-=219.0  Q+=62.1
    [7] tau=4.380h  Q_true before=200.0  Q_true after=200.0  |  estimated Q-=62.1  Q+=140.3
    [8] tau=7.955h  Q_true before=200.0  Q_true after=200.0  |  estimated Q-=140.3  Q+=127.5
    [9] tau=3.407h  Q_true before=200.0  Q_true after=200.0  |  estimated Q-=127.5  Q+=59.3
    [10] tau=6.335h  Q_true before=200.0  Q_true after=200.0  |  estimated Q-=59.3  Q+=19.5
    [11] tau=7.998h  Q_true before=200.0  Q_true after=200.0  |  estimated Q-=19.5  Q+=6.9
Saved -> results\sensitivity_analysis\varying_S_Q200_S0.2\raa_diagnostic.png
