Running: Q_init=800, S_init=0.1, path=./data/datasets/varying_pinn_datasets/varying_Q.csv
RAA-PINN Pipeline
File: ./data/datasets/varying_pinn_datasets/varying_Q.csv
============================================================

Loaded 481 timepoints  (t = 0.00h to 8.00h)

--- Stage I: Sliding Window Scan ---
  window_size=20, sigma=1.5
  Auto prominence = 2.413e+08 (15% of max score)

  Detected 10 candidate changepoints:
    [1] peak at t=0.400h  -> interval [0.000h, 0.800h]
    [2] peak at t=0.900h  -> interval [0.500h, 1.300h]
    [3] peak at t=1.300h  -> interval [0.900h, 1.700h]
    [4] peak at t=2.417h  -> interval [2.017h, 2.817h]
    [5] peak at t=3.050h  -> interval [2.650h, 3.450h]
    [6] peak at t=3.933h  -> interval [3.533h, 4.333h]
    [7] peak at t=4.467h  -> interval [4.067h, 4.867h]
    [8] peak at t=5.533h  -> interval [5.133h, 5.933h]
    [9] peak at t=6.967h  -> interval [6.567h, 7.367h]
    [10] peak at t=7.833h  -> interval [7.433h, 8.000h]

--- Stage II: Joint Refinement (One PINN) ---

  Stage II — full time domain [0.000h, 8.000h]  (481 points) with 10 changepoints
 Epoch        Loss        Data        Phys         tau(1st)        Q-        Q+          S-          S+
---------------------------------------------------------------------------
     1  1.0981e+00  1.0981e+00  0.0000e+00     0.400 (10cp)     800.0     800.0    1.00e-01    1.00e-01
   500  3.7827e-01  3.7408e-01  2.7173e+02     0.392 (10cp)     122.9     264.8    1.75e-01    1.37e-01
  1000  6.4730e-02  5.7699e-02  2.7350e+02     0.101 (10cp)      63.3     251.5    4.02e-01    6.20e-02
  1500  5.7526e-02  5.2018e-02  2.1428e+02     0.329 (10cp)      48.1     252.7    9.01e-01    3.89e-02
  2000  5.4652e-02  4.9222e-02  2.1125e+02     0.345 (10cp)      39.9     231.6    5.05e+00    3.87e-02
  2500  5.3928e-02  4.8440e-02  2.1349e+02     0.322 (10cp)      35.1     236.7    7.52e+01    3.84e-02
  3000  5.3809e-02  4.8314e-02  2.1375e+02     0.316 (10cp)      32.8     236.6    3.51e+02    3.82e-02

  Result: 10 changepoints optimized
    [1] tau=0.316h  Q: 32.8 -> 236.6  S: 3.508e+02 -> 3.824e-02
    [2] tau=2.513h  Q: 236.6 -> 741.3  S: 3.824e-02 -> 4.341e+04
    [3] tau=0.023h  Q: 741.3 -> 223.6  S: 4.341e+04 -> 5.028e-02
    [4] tau=4.433h  Q: 223.6 -> 443.5  S: 5.028e-02 -> 1.006e-01
    [5] tau=3.939h  Q: 443.5 -> 224.7  S: 1.006e-01 -> 9.188e-02
    [6] tau=2.400h  Q: 224.7 -> 477.5  S: 9.188e-02 -> 1.425e+04
    [7] tau=6.955h  Q: 477.5 -> 681.4  S: 1.425e+04 -> 4.776e-02
    [8] tau=2.727h  Q: 681.4 -> 316.5  S: 4.776e-02 -> 1.693e+03
    [9] tau=6.955h  Q: 316.5 -> 41.1  S: 1.693e+03 -> 2.845e+04
    [10] tau=7.999h  Q: 41.1 -> 27.0  S: 2.845e+04 -> 1.855e-01

============================================================
Summary: 10 changepoints detected and refined
============================================================
    #   tau_est   Q_minus    Q_plus     S_minus      S_plus
  ------------------------------------------------------------
    1     0.316      32.8     236.6    3.51e+02    3.82e-02
    2     2.513     236.6     741.3    3.82e-02    4.34e+04
    3     0.023     741.3     223.6    4.34e+04    5.03e-02
    4     4.433     223.6     443.5    5.03e-02    1.01e-01
    5     3.939     443.5     224.7    1.01e-01    9.19e-02
    6     2.400     224.7     477.5    9.19e-02    1.42e+04
    7     6.955     477.5     681.4    1.42e+04    4.78e-02
    8     2.727     681.4     316.5    4.78e-02    1.69e+03
    9     6.955     316.5      41.1    1.69e+03    2.85e+04
   10     7.999      41.1      27.0    2.85e+04    1.85e-01

  True Q at each detected changepoint:
    [1] tau=0.316h  Q_true before=641.8  Q_true after=641.8  |  estimated Q-=32.8  Q+=236.6
    [2] tau=2.513h  Q_true before=782.9  Q_true after=782.9  |  estimated Q-=236.6  Q+=741.3
    [3] tau=0.023h  Q_true before=641.8  Q_true after=641.8  |  estimated Q-=741.3  Q+=223.6
    [4] tau=4.433h  Q_true before=189.7  Q_true after=189.7  |  estimated Q-=223.6  Q+=443.5
    [5] tau=3.939h  Q_true before=650.2  Q_true after=650.2  |  estimated Q-=443.5  Q+=224.7
    [6] tau=2.400h  Q_true before=165.9  Q_true after=165.9  |  estimated Q-=224.7  Q+=477.5
    [7] tau=6.955h  Q_true before=675.9  Q_true after=675.9  |  estimated Q-=477.5  Q+=681.4
    [8] tau=2.727h  Q_true before=782.9  Q_true after=782.9  |  estimated Q-=681.4  Q+=316.5
    [9] tau=6.955h  Q_true before=675.9  Q_true after=675.9  |  estimated Q-=316.5  Q+=41.1
    [10] tau=7.999h  Q_true before=259.1  Q_true after=259.1  |  estimated Q-=41.1  Q+=27.0
Saved -> results\sensitivity_analysis\varying_Q_Q800_S0.1\raa_diagnostic.png
