Running: Q_init=100, S_init=50000.0, path=./data/datasets/varying_pinn_datasets/varying_Q.csv
RAA-PINN Pipeline
File: ./data/datasets/varying_pinn_datasets/varying_Q.csv
============================================================

Loaded 481 timepoints  (t = 0.00h to 8.00h)

--- Stage I: Sliding Window Scan ---
  window_size=20, sigma=1.5
  Auto prominence = 7.240e+08 (15% of max score)

  Detected 3 candidate changepoints:
    [1] peak at t=2.417h  -> interval [2.017h, 2.817h]
    [2] peak at t=3.933h  -> interval [3.533h, 4.333h]
    [3] peak at t=4.467h  -> interval [4.067h, 4.867h]

--- Stage II: Joint Refinement (One PINN) ---

  Stage II — full time domain [0.000h, 8.000h]  (481 points) with 3 changepoints
 Epoch        Loss        Data        Phys         tau(1st)        Q-        Q+          S-          S+
---------------------------------------------------------------------------
     1  1.0709e+00  1.0709e+00  0.0000e+00     2.417 (3cp)     100.0     100.0    5.00e+04    5.00e+04
   500  6.2196e-01  5.8811e-01  6.2258e+01     1.122 (3cp)     144.4     142.1    3.23e+04    2.82e+04
  1000  2.4169e-01  1.4572e-01  1.0591e+02     2.042 (3cp)     201.6     134.8    3.85e+04    9.54e+04
  1500  2.3188e-01  1.3141e-01  1.1088e+02     2.047 (3cp)     208.5     136.0    4.00e+04    9.61e+04
  2000  2.2713e-01  1.2548e-01  1.1218e+02     2.033 (3cp)     212.2     114.5    4.05e+04    8.67e+04
  2500  2.2575e-01  1.2432e-01  1.1194e+02     2.025 (3cp)     213.2      98.4    4.06e+04    8.08e+04
  3000  2.2546e-01  1.2419e-01  1.1176e+02     2.022 (3cp)     213.9      90.6    4.07e+04    7.82e+04

  Result: 3 changepoints optimized
    [1] tau=2.022h  Q: 213.9 -> 90.6  S: 4.068e+04 -> 7.824e+04
    [2] tau=2.783h  Q: 90.6 -> 10.5  S: 7.824e+04 -> 1.374e+05
    [3] tau=2.443h  Q: 10.5 -> 3.0  S: 1.374e+05 -> 3.882e+03

============================================================
Summary: 3 changepoints detected and refined
============================================================
    #   tau_est   Q_minus    Q_plus     S_minus      S_plus
  ------------------------------------------------------------
    1     2.022     213.9      90.6    4.07e+04    7.82e+04
    2     2.783      90.6      10.5    7.82e+04    1.37e+05
    3     2.443      10.5       3.0    1.37e+05    3.88e+03

  True Q at each detected changepoint:
    [1] tau=2.022h  Q_true before=165.9  Q_true after=165.9  |  estimated Q-=213.9  Q+=90.6
    [2] tau=2.783h  Q_true before=782.9  Q_true after=782.9  |  estimated Q-=90.6  Q+=10.5
    [3] tau=2.443h  Q_true before=165.9  Q_true after=165.9  |  estimated Q-=10.5  Q+=3.0
Saved -> results\sensitivity_analysis\varying_Q_Q100_S50000.0\raa_diagnostic.png
