Running: Q_init=50, S_init=50000.0, path=./data/datasets/varying_pinn_datasets/varying_Q.csv
RAA-PINN Pipeline
File: ./data/datasets/varying_pinn_datasets/varying_Q.csv
============================================================

Loaded 481 timepoints  (t = 0.00h to 8.00h)

--- Stage I: Sliding Window Scan ---
  window_size=20, sigma=1.5
  Auto prominence = 7.240e+08 (15% of max score)

  Detected 3 candidate changepoints:
    [1] peak at t=2.417h  -> interval [2.017h, 2.817h]
    [2] peak at t=3.933h  -> interval [3.533h, 4.333h]
    [3] peak at t=4.467h  -> interval [4.067h, 4.867h]

--- Stage II: Joint Refinement ---

  Changepoint 1/3

  Stage II — interval [2.017h, 2.817h]  (49 points)
 Epoch        Loss        Data        Phys       tau        Q-        Q+          S-          S+
---------------------------------------------------------------------------
     1  1.0406e+00  1.0406e+00  0.0000e+00     2.417      50.0      50.0    5.00e+04    5.00e+04
   500  3.3429e-02  3.1422e-02  3.8703e+00     2.485     105.2     434.0    8.32e+04    2.08e+04
  1000  2.7927e-02  2.7015e-02  1.0554e+00     2.514      91.4    1325.3    7.79e+04    2.10e+05
  1500  2.7237e-02  2.6064e-02  1.3566e+00     2.513      78.3    1335.5    7.42e+04    2.13e+05
  2000  2.6954e-02  2.5570e-02  1.6007e+00     2.512      72.3    1331.9    7.25e+04    2.13e+05
  2500  2.6848e-02  2.5360e-02  1.7204e+00     2.512      70.5    1328.8    7.19e+04    2.12e+05
  3000  2.6827e-02  2.5319e-02  1.7436e+00     2.512      70.2    1328.0    7.19e+04    2.12e+05

  Result:
    tau     = 2.5122 h
    Q_minus = 70.21  Q_plus = 1328.00  m^3/h
    S_minus = 7.185e+04  S_plus = 2.118e+05  ppm*m^3/h

  Changepoint 2/3

  Stage II — interval [3.533h, 4.333h]  (49 points)
 Epoch        Loss        Data        Phys       tau        Q-        Q+          S-          S+
---------------------------------------------------------------------------
     1  1.0513e+00  1.0513e+00  0.0000e+00     3.933      50.0      50.0    5.00e+04    5.00e+04
   500  6.9170e-02  6.8161e-02  3.4733e-01     3.982     157.8     286.8    1.89e+04    1.26e+05
  1000  6.7813e-02  6.5564e-02  4.6433e-01     3.978     104.0     270.9    1.03e+04    1.23e+05
  1500  6.7651e-02  6.5341e-02  4.7686e-01     3.978      77.6     271.6    6.23e+03    1.23e+05
  2000  6.7554e-02  6.5202e-02  4.8551e-01     3.978      66.8     272.8    4.54e+03    1.23e+05
  2500  6.7506e-02  6.5133e-02  4.8988e-01     3.978      62.0     273.6    3.79e+03    1.23e+05
  3000  6.7492e-02  6.5117e-02  4.9016e-01     3.978      59.5     273.8    3.40e+03    1.23e+05

  Result:
    tau     = 3.9780 h
    Q_minus = 59.52  Q_plus = 273.79  m^3/h
    S_minus = 3.403e+03  S_plus = 1.234e+05  ppm*m^3/h

  Changepoint 3/3

  Stage II — interval [4.067h, 4.867h]  (49 points)
 Epoch        Loss        Data        Phys       tau        Q-        Q+          S-          S+
---------------------------------------------------------------------------
     1  1.0137e+00  1.0137e+00  0.0000e+00     4.467      50.0      50.0    5.00e+04    5.00e+04
   500  1.1726e-01  1.1518e-01  1.5496e+00     4.488      22.3     183.8    4.70e+04    2.38e+04
  1000  1.1069e-01  1.0621e-01  2.0082e+00     4.505      22.1     665.0    4.74e+04    1.69e+05
  1500  1.1025e-01  1.0540e-01  2.1731e+00     4.505      21.5     673.7    4.72e+04    1.72e+05
  2000  1.0956e-01  1.0433e-01  2.3418e+00     4.505      21.2     679.4    4.70e+04    1.74e+05
  2500  1.0913e-01  1.0363e-01  2.4583e+00     4.506      21.2     681.6    4.70e+04    1.74e+05
  3000  1.0904e-01  1.0349e-01  2.4816e+00     4.506      21.3     682.1    4.70e+04    1.74e+05

  Result:
    tau     = 4.5057 h
    Q_minus = 21.32  Q_plus = 682.09  m^3/h
    S_minus = 4.705e+04  S_plus = 1.743e+05  ppm*m^3/h

============================================================
Summary
============================================================
    #   tau_est   Q_minus    Q_plus     S_minus      S_plus
  ------------------------------------------------------------
    1     2.512      70.2    1328.0    7.19e+04    2.12e+05
    2     3.978      59.5     273.8    3.40e+03    1.23e+05
    3     4.506      21.3     682.1    4.70e+04    1.74e+05

  True Q at each detected changepoint:
    [1] tau=2.512h  Q_true before=782.9  Q_true after=782.9  |  estimated Q-=70.2  Q+=1328.0
    [2] tau=3.978h  Q_true before=650.2  Q_true after=650.2  |  estimated Q-=59.5  Q+=273.8
    [3] tau=4.506h  Q_true before=415.3  Q_true after=415.3  |  estimated Q-=21.3  Q+=682.1

Saved interval plots -> results\sensitivity_analysis\varying_Q_Q50_S50000.0\iaq_raa_stage2_intervals_varying_Q.png
Saved -> results\sensitivity_analysis\varying_Q_Q50_S50000.0\raa_diagnostic.png
