Running: Q_init=50, S_init=100000.0, path=./data/datasets/varying_pinn_datasets/varying_Q.csv
RAA-PINN Pipeline
File: ./data/datasets/varying_pinn_datasets/varying_Q.csv
============================================================

Loaded 481 timepoints  (t = 0.00h to 8.00h)

--- Stage I: Sliding Window Scan ---
  window_size=20, sigma=1.5
  Auto prominence = 2.413e+08 (15% of max score)

  Detected 10 candidate changepoints:
    [1] peak at t=0.400h  -> interval [0.000h, 0.800h]
    [2] peak at t=0.900h  -> interval [0.500h, 1.300h]
    [3] peak at t=1.300h  -> interval [0.900h, 1.700h]
    [4] peak at t=2.417h  -> interval [2.017h, 2.817h]
    [5] peak at t=3.050h  -> interval [2.650h, 3.450h]
    [6] peak at t=3.933h  -> interval [3.533h, 4.333h]
    [7] peak at t=4.467h  -> interval [4.067h, 4.867h]
    [8] peak at t=5.533h  -> interval [5.133h, 5.933h]
    [9] peak at t=6.967h  -> interval [6.567h, 7.367h]
    [10] peak at t=7.833h  -> interval [7.433h, 8.000h]

--- Stage II: Joint Refinement ---

  Changepoint 1/10

  Stage II Ś interval [0.000h, 0.800h]  (49 points)
 Epoch        Loss        Data        Phys       tau        Q-        Q+          S-          S+
---------------------------------------------------------------------------
     1  9.6759e-01  9.6759e-01  0.0000e+00     0.400      50.0      50.0    1.00e+05    1.00e+05
   500  8.4537e-02  8.4215e-02  1.0613e+00     0.542     202.5      75.2    4.17e+04    4.63e+04
  1000  6.1082e-02  5.8603e-02  4.9016e+00     0.493     551.9      79.7    8.51e+04    4.75e+04
  1500  5.9595e-02  5.6640e-02  5.8404e+00     0.492     543.4     123.9    8.35e+04    5.67e+04
  2000  5.8926e-02  5.5657e-02  6.4606e+00     0.493     540.1     136.1    8.29e+04    5.97e+04
  2500  5.8653e-02  5.5180e-02  6.8652e+00     0.493     537.8     128.4    8.26e+04    5.83e+04
  3000  5.8606e-02  5.5093e-02  6.9430e+00     0.493     537.3     122.8    8.26e+04    5.72e+04

  Result:
    tau     = 0.4928 h
    Q_minus = 537.27  Q_plus = 122.81  m^3/h
    S_minus = 8.255e+04  S_plus = 5.722e+04  ppm*m^3/h

  Changepoint 2/10

  Stage II Ś interval [0.500h, 1.300h]  (49 points)
 Epoch        Loss        Data        Phys       tau        Q-        Q+          S-          S+
---------------------------------------------------------------------------
     1  1.0323e+00  1.0323e+00  0.0000e+00     0.900      50.0      50.0    1.00e+05    1.00e+05
   500  2.0260e-01  2.0154e-01  4.9957e+00     0.926     175.7     271.5    5.79e+04    2.96e+04
  1000  1.9195e-01  1.9054e-01  3.9859e+00     0.995     625.1     303.7    1.48e+05    3.13e+04
  1500  1.8193e-01  1.7836e-01  1.0096e+01     0.992     671.5     390.0    1.59e+05    4.67e+04
  2000  1.8027e-01  1.7527e-01  1.4134e+01     0.997     701.3     447.7    1.65e+05    5.70e+04
  2500  1.7994e-01  1.7466e-01  1.4932e+01     1.000     708.0     480.4    1.67e+05    6.25e+04
  3000  1.7988e-01  1.7456e-01  1.5040e+01     1.002     709.7     498.4    1.67e+05    6.57e+04

  Result:
    tau     = 1.0017 h
    Q_minus = 709.66  Q_plus = 498.37  m^3/h
    S_minus = 1.671e+05  S_plus = 6.566e+04  ppm*m^3/h

  Changepoint 3/10

  Stage II Ś interval [0.900h, 1.700h]  (48 points)
 Epoch        Loss        Data        Phys       tau        Q-        Q+          S-          S+
---------------------------------------------------------------------------
     1  9.9292e-01  9.9292e-01  0.0000e+00     1.300      50.0      50.0    1.00e+05    1.00e+05
   500  2.1414e-01  2.1312e-01  4.7632e+00     0.984     162.1     274.1    3.92e+04    3.55e+04
  1000  2.1041e-01  2.0942e-01  2.7610e+00     0.999     131.6     708.5    4.30e+04    1.07e+05
  1500  1.9865e-01  1.9639e-01  6.3246e+00     0.916      50.1     525.2    1.87e+05    7.83e+04
  2000  1.8809e-01  1.8187e-01  1.7406e+01     0.902      46.9     535.1    3.34e+05    7.99e+04
  2500  1.8192e-01  1.7391e-01  2.2429e+01     0.901      47.4     537.2    3.49e+05    8.04e+04
  3000  1.8018e-01  1.7180e-01  2.3473e+01     0.901      47.8     536.7    3.52e+05    8.03e+04

  Result:
    tau     = 0.9008 h
    Q_minus = 47.83  Q_plus = 536.68  m^3/h
    S_minus = 3.522e+05  S_plus = 8.034e+04  ppm*m^3/h

  Changepoint 4/10

  Stage II Ś interval [2.017h, 2.817h]  (49 points)
 Epoch        Loss        Data        Phys       tau        Q-        Q+          S-          S+
---------------------------------------------------------------------------
     1  1.0634e+00  1.0634e+00  0.0000e+00     2.417      50.0      50.0    1.00e+05    1.00e+05
   500  3.2011e-02  3.1132e-02  3.8163e+00     2.489     115.2     486.2    8.59e+04    3.21e+04
  1000  2.7325e-02  2.6808e-02  1.3494e+00     2.513      81.8    1313.4    7.49e+04    2.08e+05
  1500  2.6286e-02  2.5560e-02  1.8908e+00     2.512      64.2    1318.7    7.01e+04    2.10e+05
  2000  2.5746e-02  2.4796e-02  2.4749e+00     2.511      57.8    1309.3    6.85e+04    2.08e+05
  2500  2.5529e-02  2.4471e-02  2.7574e+00     2.510      56.2    1306.7    6.81e+04    2.07e+05
  3000  2.5484e-02  2.4406e-02  2.8089e+00     2.510      55.9    1306.2    6.80e+04    2.07e+05

  Result:
    tau     = 2.5104 h
    Q_minus = 55.88  Q_plus = 1306.23  m^3/h
    S_minus = 6.802e+04  S_plus = 2.073e+05  ppm*m^3/h

  Changepoint 5/10

  Stage II Ś interval [2.650h, 3.450h]  (49 points)
 Epoch        Loss        Data        Phys       tau        Q-        Q+          S-          S+
---------------------------------------------------------------------------
     1  1.0593e+00  1.0593e+00  0.0000e+00     3.050      50.0      50.0    1.00e+05    1.00e+05
   500  3.9151e-01  3.8949e-01  1.0868e+01     2.976     321.5     196.4    3.05e+04    3.41e+04
  1000  3.8350e-01  3.7840e-01  1.6414e+01     2.976     224.3     277.0    1.58e+04    4.61e+04
  1500  3.6874e-01  3.5600e-01  4.1008e+01     2.978     189.1     508.9    9.68e+03    8.03e+04
  2000  3.6068e-01  3.4359e-01  5.4993e+01     2.986     169.1     992.4    7.07e+03    1.52e+05
  2500  3.5839e-01  3.3883e-01  6.2940e+01     2.993     159.4    1459.7    5.80e+03    2.21e+05
  3000  3.5794e-01  3.3808e-01  6.3909e+01     2.996     155.3    1696.6    5.15e+03    2.56e+05

  Result:
    tau     = 2.9960 h
    Q_minus = 155.29  Q_plus = 1696.64  m^3/h
    S_minus = 5.153e+03  S_plus = 2.560e+05  ppm*m^3/h

  Changepoint 6/10

  Stage II Ś interval [3.533h, 4.333h]  (49 points)
 Epoch        Loss        Data        Phys       tau        Q-        Q+          S-          S+
---------------------------------------------------------------------------
     1  9.9172e-01  9.9172e-01  0.0000e+00     3.933      50.0      50.0    1.00e+05    1.00e+05
   500  6.9967e-02  6.9771e-02  3.5938e-01     3.980     243.2     202.1    3.17e+04    1.06e+05
  1000  6.5298e-02  6.3998e-02  1.4312e+00     3.979     178.8     311.8    2.16e+04    1.34e+05
  1500  6.4432e-02  6.2775e-02  1.8233e+00     3.977     132.4     312.9    1.39e+04    1.34e+05
  2000  6.4240e-02  6.2416e-02  2.0081e+00     3.976     109.6     314.7    1.03e+04    1.35e+05
  2500  6.4201e-02  6.2333e-02  2.0564e+00     3.976      98.8     314.8    8.65e+03    1.35e+05
  3000  6.4190e-02  6.2318e-02  2.0606e+00     3.976      93.2     314.9    7.80e+03    1.35e+05

  Result:
    tau     = 3.9759 h
    Q_minus = 93.22  Q_plus = 314.86  m^3/h
    S_minus = 7.802e+03  S_plus = 1.346e+05  ppm*m^3/h

  Changepoint 7/10

  Stage II Ś interval [4.067h, 4.867h]  (49 points)
 Epoch        Loss        Data        Phys       tau        Q-        Q+          S-          S+
---------------------------------------------------------------------------
     1  1.0220e+00  1.0220e+00  0.0000e+00     4.467      50.0      50.0    1.00e+05    1.00e+05
   500  1.1700e-01  1.1655e-01  1.2629e+00     4.491      65.7     224.4    5.99e+04    3.66e+04
  1000  1.0211e-01  9.7421e-02  7.9884e+00     4.502      16.7     587.7    4.59e+04    1.46e+05
  1500  9.9911e-02  9.2995e-02  1.1794e+01     4.506       7.9     740.7    4.35e+04    1.92e+05
  2000  9.9555e-02  9.2191e-02  1.2559e+01     4.506       5.5     745.9    4.27e+04    1.93e+05
  2500  9.9336e-02  9.1802e-02  1.2847e+01     4.506       4.6     747.4    4.24e+04    1.93e+05
  3000  9.9283e-02  9.1713e-02  1.2908e+01     4.506       4.1     747.9    4.22e+04    1.94e+05

  Result:
    tau     = 4.5061 h
    Q_minus = 4.09  Q_plus = 747.86  m^3/h
    S_minus = 4.222e+04  S_plus = 1.936e+05  ppm*m^3/h

  Changepoint 8/10

  Stage II Ś interval [5.133h, 5.933h]  (49 points)
 Epoch        Loss        Data        Phys       tau        Q-        Q+          S-          S+
---------------------------------------------------------------------------
     1  1.0876e+00  1.0876e+00  0.0000e+00     5.533      50.0      50.0    1.00e+05    1.00e+05
   500  5.6608e-02  5.2717e-02  1.2888e+01     5.716     147.6     282.9    2.04e+04    3.28e+04
  1000  5.2471e-02  5.2314e-02  3.1134e-01     5.505      74.5     891.0    2.29e+04    1.24e+05
  1500  5.2447e-02  5.2286e-02  3.2028e-01     5.505      73.7     898.4    2.27e+04    1.25e+05
  2000  5.2438e-02  5.2279e-02  3.1659e-01     5.505      73.0     896.0    2.25e+04    1.24e+05
  2500  5.2434e-02  5.2275e-02  3.1627e-01     5.505      72.4     894.9    2.24e+04    1.24e+05
  3000  5.2433e-02  5.2274e-02  3.1621e-01     5.505      72.1     894.6    2.23e+04    1.24e+05

  Result:
    tau     = 5.5052 h
    Q_minus = 72.10  Q_plus = 894.59  m^3/h
    S_minus = 2.228e+04  S_plus = 1.241e+05  ppm*m^3/h

  Changepoint 9/10

  Stage II Ś interval [6.567h, 7.367h]  (49 points)
 Epoch        Loss        Data        Phys       tau        Q-        Q+          S-          S+
---------------------------------------------------------------------------
     1  1.0333e+00  1.0333e+00  0.0000e+00     6.967      50.0      50.0    1.00e+05    1.00e+05
   500  2.4420e-01  2.4410e-01  2.8761e-01     6.936     260.1     122.3    3.27e+04    4.40e+04
  1000  2.3761e-01  2.3677e-01  1.5064e+00     6.926     265.3     167.6    3.09e+04    5.34e+04
  1500  2.3368e-01  2.3150e-01  3.9254e+00     6.918     247.8     178.2    2.76e+04    5.51e+04
  2000  2.2998e-01  2.2596e-01  7.2022e+00     6.911     227.1     165.0    2.40e+04    5.25e+04
  2500  2.2850e-01  2.2335e-01  9.2469e+00     6.909     212.6     152.8    2.16e+04    5.01e+04
  3000  2.2823e-01  2.2287e-01  9.6221e+00     6.908     203.8     147.7    2.02e+04    4.91e+04

  Result:
    tau     = 6.9080 h
    Q_minus = 203.79  Q_plus = 147.65  m^3/h
    S_minus = 2.020e+04  S_plus = 4.909e+04  ppm*m^3/h

  Changepoint 10/10

  Stage II Ś interval [7.433h, 8.000h]  (35 points)
 Epoch        Loss        Data        Phys       tau        Q-        Q+          S-          S+
---------------------------------------------------------------------------
     1  1.0611e+00  1.0611e+00  0.0000e+00     7.717      50.0      50.0    1.00e+05    1.00e+05
   500  1.6568e-01  1.6561e-01  6.3457e-02     7.849      93.5     114.3    4.90e+04    5.00e+04
  1000  1.6559e-01  1.6549e-01  5.4272e-02     7.821      50.7     118.3    3.76e+04    5.11e+04
  1500  1.6556e-01  1.6546e-01  5.0025e-02     7.810      32.6     125.9    3.28e+04    5.36e+04
  2000  1.6555e-01  1.6546e-01  4.7176e-02     7.803      24.8     134.9    3.08e+04    5.66e+04
  2500  1.6554e-01  1.6545e-01  4.5405e-02     7.799      21.2     142.8    2.99e+04    5.93e+04
  3000  1.6553e-01  1.6545e-01  4.4219e-02     7.796      19.3     148.9    2.94e+04    6.13e+04

  Result:
    tau     = 7.7963 h
    Q_minus = 19.29  Q_plus = 148.94  m^3/h
    S_minus = 2.938e+04  S_plus = 6.133e+04  ppm*m^3/h

============================================================
Summary
============================================================
    #   tau_est   Q_minus    Q_plus     S_minus      S_plus
  ------------------------------------------------------------
    1     0.493     537.3     122.8    8.26e+04    5.72e+04
    2     1.002     709.7     498.4    1.67e+05    6.57e+04
    3     0.901      47.8     536.7    3.52e+05    8.03e+04
    4     2.510      55.9    1306.2    6.80e+04    2.07e+05
    5     2.996     155.3    1696.6    5.15e+03    2.56e+05
    6     3.976      93.2     314.9    7.80e+03    1.35e+05
    7     4.506       4.1     747.9    4.22e+04    1.94e+05
    8     5.505      72.1     894.6    2.23e+04    1.24e+05
    9     6.908     203.8     147.7    2.02e+04    4.91e+04
   10     7.796      19.3     148.9    2.94e+04    6.13e+04

  True Q at each detected changepoint:
    [1] tau=0.493h  Q_true before=641.8  Q_true after=407.2  |  estimated Q-=537.3  Q+=122.8
    [2] tau=1.002h  Q_true before=701.0  Q_true after=701.0  |  estimated Q-=709.7  Q+=498.4
    [3] tau=0.901h  Q_true before=407.2  Q_true after=407.2  |  estimated Q-=47.8  Q+=536.7
    [4] tau=2.510h  Q_true before=782.9  Q_true after=782.9  |  estimated Q-=55.9  Q+=1306.2
    [5] tau=2.996h  Q_true before=782.9  Q_true after=632.8  |  estimated Q-=155.3  Q+=1696.6
    [6] tau=3.976h  Q_true before=650.2  Q_true after=650.2  |  estimated Q-=93.2  Q+=314.9
    [7] tau=4.506h  Q_true before=415.3  Q_true after=415.3  |  estimated Q-=4.1  Q+=747.9
    [8] tau=5.505h  Q_true before=748.7  Q_true after=748.7  |  estimated Q-=72.1  Q+=894.6
    [9] tau=6.908h  Q_true before=675.9  Q_true after=675.9  |  estimated Q-=203.8  Q+=147.7
    [10] tau=7.796h  Q_true before=259.1  Q_true after=259.1  |  estimated Q-=19.3  Q+=148.9

Saved interval plots -> results\sensitivity_analysis\varying_Q_Q50_S100000.0\iaq_raa_stage2_intervals_varying_Q.png
Saved -> results\sensitivity_analysis\varying_Q_Q50_S100000.0\raa_diagnostic.png
