Running: Q_init=800, S_init=50000.0, path=./data/datasets/varying_pinn_datasets/varying_Q.csv
RAA-PINN Pipeline
File: ./data/datasets/varying_pinn_datasets/varying_Q.csv
============================================================

Loaded 481 timepoints  (t = 0.00h to 8.00h)

--- Stage I: Sliding Window Scan ---
  window_size=20, sigma=1.5
  Auto prominence = 7.240e+08 (15% of max score)

  Detected 3 candidate changepoints:
    [1] peak at t=2.417h  -> interval [2.017h, 2.817h]
    [2] peak at t=3.933h  -> interval [3.533h, 4.333h]
    [3] peak at t=4.467h  -> interval [4.067h, 4.867h]

--- Stage II: Joint Refinement (One PINN) ---

  Stage II — full time domain [0.000h, 8.000h]  (481 points) with 3 changepoints
 Epoch        Loss        Data        Phys         tau(1st)        Q-        Q+          S-          S+
---------------------------------------------------------------------------
     1  9.8882e-01  9.8882e-01  0.0000e+00     2.417 (3cp)     800.0     800.0    5.00e+04    5.00e+04
   500  3.6944e-01  3.5839e-01  3.5917e+02     0.550 (3cp)     457.6     354.2    7.04e+04    7.01e+04
  1000  9.7779e-02  7.1135e-02  5.1967e+02     0.112 (3cp)     441.3      60.1    5.73e+04    1.26e+04
  1500  8.8787e-02  6.0245e-02  5.5670e+02     0.377 (3cp)     391.5      42.2    6.07e+04    8.58e+03
  2000  8.4170e-02  5.5805e-02  5.5324e+02     0.848 (3cp)     125.8      38.7    3.63e+04    5.22e+03
  2500  8.2773e-02  5.4032e-02  5.6058e+02     0.839 (3cp)      83.1      35.1    2.97e+04    4.45e+03
  3000  8.2563e-02  5.3807e-02  5.6088e+02     0.836 (3cp)      69.7      33.2    2.76e+04    4.08e+03

  Result: 3 changepoints optimized
    [1] tau=0.836h  Q: 69.7 -> 33.2  S: 2.762e+04 -> 4.079e+03
    [2] tau=4.387h  Q: 33.2 -> 226.1  S: 4.079e+03 -> 4.290e+03
    [3] tau=3.930h  Q: 226.1 -> 44.1  S: 4.290e+03 -> 9.618e+03

============================================================
Summary: 3 changepoints detected and refined
============================================================
    #   tau_est   Q_minus    Q_plus     S_minus      S_plus
  ------------------------------------------------------------
    1     0.836      69.7      33.2    2.76e+04    4.08e+03
    2     4.387      33.2     226.1    4.08e+03    4.29e+03
    3     3.930     226.1      44.1    4.29e+03    9.62e+03

  True Q at each detected changepoint:
    [1] tau=0.836h  Q_true before=407.2  Q_true after=407.2  |  estimated Q-=69.7  Q+=33.2
    [2] tau=4.387h  Q_true before=189.7  Q_true after=189.7  |  estimated Q-=33.2  Q+=226.1
    [3] tau=3.930h  Q_true before=650.2  Q_true after=650.2  |  estimated Q-=226.1  Q+=44.1
Saved -> results\sensitivity_analysis\varying_Q_Q800_S50000.0\raa_diagnostic.png
