Running: Q_init=100, S_init=0.2, path=./data/datasets/varying_pinn_datasets/varying_Q.csv
RAA-PINN Pipeline
File: ./data/datasets/varying_pinn_datasets/varying_Q.csv
============================================================

Loaded 481 timepoints  (t = 0.00h to 8.00h)

--- Stage I: Sliding Window Scan ---
  window_size=20, sigma=1.5
  Auto prominence = 2.413e+08 (15% of max score)

  Detected 10 candidate changepoints:
    [1] peak at t=0.400h  -> interval [0.000h, 0.800h]
    [2] peak at t=0.900h  -> interval [0.500h, 1.300h]
    [3] peak at t=1.300h  -> interval [0.900h, 1.700h]
    [4] peak at t=2.417h  -> interval [2.017h, 2.817h]
    [5] peak at t=3.050h  -> interval [2.650h, 3.450h]
    [6] peak at t=3.933h  -> interval [3.533h, 4.333h]
    [7] peak at t=4.467h  -> interval [4.067h, 4.867h]
    [8] peak at t=5.533h  -> interval [5.133h, 5.933h]
    [9] peak at t=6.967h  -> interval [6.567h, 7.367h]
    [10] peak at t=7.833h  -> interval [7.433h, 8.000h]

--- Stage II: Joint Refinement (One PINN) ---

  Stage II — full time domain [0.000h, 8.000h]  (481 points) with 10 changepoints
 Epoch        Loss        Data        Phys         tau(1st)        Q-        Q+          S-          S+
---------------------------------------------------------------------------
     1  9.9437e-01  9.9437e-01  0.0000e+00     0.400 (10cp)     100.0     100.0    2.00e-01    2.00e-01
   500  1.9278e-01  1.4099e-01  6.0281e+01     0.576 (10cp)      10.4      26.4    3.27e+01    5.38e-01
  1000  1.3617e-01  1.0492e-01  2.1821e+01     0.591 (10cp)       7.2      22.7    1.94e+04    8.10e-02
  1500  1.2567e-01  1.0021e-01  1.7779e+01     0.598 (10cp)      11.5      22.7    2.43e+04    7.43e-02
  2000  1.2346e-01  9.9827e-02  1.6506e+01     0.597 (10cp)      20.8      21.7    2.72e+04    7.12e-02
  2500  1.2123e-01  9.8813e-02  1.5659e+01     0.597 (10cp)      40.7      20.8    3.05e+04    6.95e-02
  3000  1.2046e-01  9.8482e-02  1.5352e+01     0.601 (10cp)      75.7      20.5    3.57e+04    6.85e-02

  Result: 10 changepoints optimized
    [1] tau=0.601h  Q: 75.7 -> 20.5  S: 3.566e+04 -> 6.847e-02
    [2] tau=2.511h  Q: 20.5 -> 665.7  S: 6.847e-02 -> 7.738e+04
    [3] tau=0.004h  Q: 665.7 -> 207.2  S: 7.738e+04 -> 2.745e-02
    [4] tau=3.961h  Q: 207.2 -> 9.9  S: 2.745e-02 -> 1.713e+04
    [5] tau=2.411h  Q: 9.9 -> 361.7  S: 1.713e+04 -> 4.159e+04
    [6] tau=4.396h  Q: 361.7 -> 444.4  S: 4.159e+04 -> 3.684e-02
    [7] tau=2.706h  Q: 444.4 -> 51.3  S: 3.684e-02 -> 3.003e-02
    [8] tau=7.638h  Q: 51.3 -> 284.6  S: 3.003e-02 -> 3.341e+04
    [9] tau=5.966h  Q: 284.6 -> 12.8  S: 3.341e+04 -> 9.530e-01
    [10] tau=7.644h  Q: 12.8 -> 5.9  S: 9.530e-01 -> 2.314e+04

============================================================
Summary: 10 changepoints detected and refined
============================================================
    #   tau_est   Q_minus    Q_plus     S_minus      S_plus
  ------------------------------------------------------------
    1     0.601      75.7      20.5    3.57e+04    6.85e-02
    2     2.511      20.5     665.7    6.85e-02    7.74e+04
    3     0.004     665.7     207.2    7.74e+04    2.75e-02
    4     3.961     207.2       9.9    2.75e-02    1.71e+04
    5     2.411       9.9     361.7    1.71e+04    4.16e+04
    6     4.396     361.7     444.4    4.16e+04    3.68e-02
    7     2.706     444.4      51.3    3.68e-02    3.00e-02
    8     7.638      51.3     284.6    3.00e-02    3.34e+04
    9     5.966     284.6      12.8    3.34e+04    9.53e-01
   10     7.644      12.8       5.9    9.53e-01    2.31e+04

  True Q at each detected changepoint:
    [1] tau=0.601h  Q_true before=407.2  Q_true after=407.2  |  estimated Q-=75.7  Q+=20.5
    [2] tau=2.511h  Q_true before=782.9  Q_true after=782.9  |  estimated Q-=20.5  Q+=665.7
    [3] tau=0.004h  Q_true before=641.8  Q_true after=641.8  |  estimated Q-=665.7  Q+=207.2
    [4] tau=3.961h  Q_true before=650.2  Q_true after=650.2  |  estimated Q-=207.2  Q+=9.9
    [5] tau=2.411h  Q_true before=165.9  Q_true after=165.9  |  estimated Q-=9.9  Q+=361.7
    [6] tau=4.396h  Q_true before=189.7  Q_true after=189.7  |  estimated Q-=361.7  Q+=444.4
    [7] tau=2.706h  Q_true before=782.9  Q_true after=782.9  |  estimated Q-=444.4  Q+=51.3
    [8] tau=7.638h  Q_true before=259.1  Q_true after=259.1  |  estimated Q-=51.3  Q+=284.6
    [9] tau=5.966h  Q_true before=748.7  Q_true after=748.7  |  estimated Q-=284.6  Q+=12.8
    [10] tau=7.644h  Q_true before=259.1  Q_true after=259.1  |  estimated Q-=12.8  Q+=5.9
Saved -> results\sensitivity_analysis\varying_Q_Q100_S0.2\raa_diagnostic.png
