Running: Q_init=400, S_init=0.1, path=./data/datasets/varying_pinn_datasets/varying_S.csv
RAA-PINN Pipeline
File: ./data/datasets/varying_pinn_datasets/varying_S.csv
============================================================

Loaded 481 timepoints  (t = 0.00h to 8.00h)

--- Stage I: Sliding Window Scan ---
  window_size=20, sigma=1.5
  Auto prominence = 3.774e+08 (15% of max score)

  Detected 11 candidate changepoints:
    [1] peak at t=0.500h  -> interval [0.100h, 0.900h]
    [2] peak at t=0.933h  -> interval [0.533h, 1.333h]
    [3] peak at t=1.483h  -> interval [1.083h, 1.883h]
    [4] peak at t=2.400h  -> interval [2.000h, 2.800h]
    [5] peak at t=2.950h  -> interval [2.550h, 3.350h]
    [6] peak at t=4.000h  -> interval [3.600h, 4.400h]
    [7] peak at t=4.533h  -> interval [4.133h, 4.933h]
    [8] peak at t=5.083h  -> interval [4.683h, 5.483h]
    [9] peak at t=5.533h  -> interval [5.133h, 5.933h]
    [10] peak at t=6.483h  -> interval [6.083h, 6.883h]
    [11] peak at t=7.800h  -> interval [7.400h, 8.000h]

--- Stage II: Joint Refinement (One PINN) ---

  Stage II — full time domain [0.000h, 8.000h]  (481 points) with 11 changepoints
 Epoch        Loss        Data        Phys         tau(1st)        Q-        Q+          S-          S+
---------------------------------------------------------------------------
     1  9.8466e-01  9.8466e-01  0.0000e+00     0.500 (11cp)     400.0     400.0    1.00e-01    1.00e-01
   500  3.9470e-02  3.9054e-02  5.0839e+01     1.488 (11cp)      89.2     324.8    1.03e-01    9.98e-02
  1000  2.3955e-02  2.2988e-02  7.0886e+01     1.585 (11cp)      54.6     309.8    1.05e-01    9.90e-02
  1500  6.4521e-03  4.8745e-03  1.1568e+02     1.338 (11cp)      34.4     405.0    1.13e-01    9.40e-02
  2000  6.0255e-03  4.4190e-03  1.1780e+02     1.324 (11cp)      27.4     409.9    1.23e-01    8.91e-02
  2500  5.9395e-03  4.3302e-03  1.1801e+02     1.323 (11cp)      24.1     407.0    1.29e-01    8.67e-02
  3000  5.9244e-03  4.3152e-03  1.1799e+02     1.323 (11cp)      22.3     405.3    1.32e-01    8.56e-02

  Result: 11 changepoints optimized
    [1] tau=1.323h  Q: 22.3 -> 405.3  S: 1.319e-01 -> 8.557e-02
    [2] tau=0.004h  Q: 405.3 -> 349.5  S: 8.557e-02 -> 1.188e-01
    [3] tau=0.990h  Q: 349.5 -> 149.3  S: 1.188e-01 -> 1.028e-01
    [4] tau=3.803h  Q: 149.3 -> 350.7  S: 1.028e-01 -> 1.028e-01
    [5] tau=1.323h  Q: 350.7 -> 182.7  S: 1.028e-01 -> 1.007e-01
    [6] tau=4.394h  Q: 182.7 -> 252.4  S: 1.007e-01 -> 1.003e-01
    [7] tau=6.270h  Q: 252.4 -> 352.4  S: 1.003e-01 -> 1.003e-01
    [8] tau=3.803h  Q: 352.4 -> 172.6  S: 1.003e-01 -> 1.465e-01
    [9] tau=7.975h  Q: 172.6 -> 372.2  S: 1.465e-01 -> 7.636e-02
    [10] tau=6.270h  Q: 372.2 -> 138.2  S: 7.636e-02 -> 1.556e-01
    [11] tau=7.966h  Q: 138.2 -> 13.7  S: 1.556e-01 -> 1.219e-01

============================================================
Summary: 11 changepoints detected and refined
============================================================
    #   tau_est   Q_minus    Q_plus     S_minus      S_plus
  ------------------------------------------------------------
    1     1.323      22.3     405.3    1.32e-01    8.56e-02
    2     0.004     405.3     349.5    8.56e-02    1.19e-01
    3     0.990     349.5     149.3    1.19e-01    1.03e-01
    4     3.803     149.3     350.7    1.03e-01    1.03e-01
    5     1.323     350.7     182.7    1.03e-01    1.01e-01
    6     4.394     182.7     252.4    1.01e-01    1.00e-01
    7     6.270     252.4     352.4    1.00e-01    1.00e-01
    8     3.803     352.4     172.6    1.00e-01    1.46e-01
    9     7.975     172.6     372.2    1.46e-01    7.64e-02
   10     6.270     372.2     138.2    7.64e-02    1.56e-01
   11     7.966     138.2      13.7    1.56e-01    1.22e-01

  True Q at each detected changepoint:
    [1] tau=1.323h  Q_true before=200.0  Q_true after=200.0  |  estimated Q-=22.3  Q+=405.3
    [2] tau=0.004h  Q_true before=200.0  Q_true after=200.0  |  estimated Q-=405.3  Q+=349.5
    [3] tau=0.990h  Q_true before=200.0  Q_true after=200.0  |  estimated Q-=349.5  Q+=149.3
    [4] tau=3.803h  Q_true before=200.0  Q_true after=200.0  |  estimated Q-=149.3  Q+=350.7
    [5] tau=1.323h  Q_true before=200.0  Q_true after=200.0  |  estimated Q-=350.7  Q+=182.7
    [6] tau=4.394h  Q_true before=200.0  Q_true after=200.0  |  estimated Q-=182.7  Q+=252.4
    [7] tau=6.270h  Q_true before=200.0  Q_true after=200.0  |  estimated Q-=252.4  Q+=352.4
    [8] tau=3.803h  Q_true before=200.0  Q_true after=200.0  |  estimated Q-=352.4  Q+=172.6
    [9] tau=7.975h  Q_true before=200.0  Q_true after=200.0  |  estimated Q-=172.6  Q+=372.2
    [10] tau=6.270h  Q_true before=200.0  Q_true after=200.0  |  estimated Q-=372.2  Q+=138.2
    [11] tau=7.966h  Q_true before=200.0  Q_true after=200.0  |  estimated Q-=138.2  Q+=13.7
Saved -> results\sensitivity_analysis\varying_S_Q400_S0.1\raa_diagnostic.png
