Running: Q_init=100, S_init=0.1, path=./data/datasets/varying_pinn_datasets/varying_S.csv
RAA-PINN Pipeline
File: ./data/datasets/varying_pinn_datasets/varying_S.csv
============================================================

Loaded 481 timepoints  (t = 0.00h to 8.00h)

--- Stage I: Sliding Window Scan ---
  window_size=20, sigma=1.5
  Auto prominence = 3.774e+08 (15% of max score)

  Detected 11 candidate changepoints:
    [1] peak at t=0.500h  -> interval [0.100h, 0.900h]
    [2] peak at t=0.933h  -> interval [0.533h, 1.333h]
    [3] peak at t=1.483h  -> interval [1.083h, 1.883h]
    [4] peak at t=2.400h  -> interval [2.000h, 2.800h]
    [5] peak at t=2.950h  -> interval [2.550h, 3.350h]
    [6] peak at t=4.000h  -> interval [3.600h, 4.400h]
    [7] peak at t=4.533h  -> interval [4.133h, 4.933h]
    [8] peak at t=5.083h  -> interval [4.683h, 5.483h]
    [9] peak at t=5.533h  -> interval [5.133h, 5.933h]
    [10] peak at t=6.483h  -> interval [6.083h, 6.883h]
    [11] peak at t=7.800h  -> interval [7.400h, 8.000h]

--- Stage II: Joint Refinement (One PINN) ---

  Stage II — full time domain [0.000h, 8.000h]  (481 points) with 11 changepoints
 Epoch        Loss        Data        Phys         tau(1st)        Q-        Q+          S-          S+
---------------------------------------------------------------------------
     1  1.0107e+00  1.0107e+00  0.0000e+00     0.500 (11cp)     100.0     100.0    1.00e-01    1.00e-01
   500  7.9167e-02  5.3223e-02  5.0915e+01     0.082 (11cp)      17.6      22.1    1.59e-01    2.62e-01
  1000  4.9506e-02  3.6615e-02  1.5179e+01     0.262 (11cp)       4.1      28.8    3.58e+00    1.14e-01
  1500  4.2618e-02  2.5123e-02  2.0601e+01     0.273 (11cp)       2.5      54.2    5.78e+04    5.03e-02
  2000  3.9124e-02  2.3658e-02  1.8211e+01     0.278 (11cp)       2.8      33.1    8.21e+04    3.57e-02
  2500  3.6895e-02  2.1464e-02  1.8170e+01     0.288 (11cp)       3.1      26.3    1.23e+05    3.41e-02
  3000  3.6737e-02  2.1355e-02  1.8114e+01     0.287 (11cp)       3.3      24.6    1.26e+05    3.38e-02

  Result: 11 changepoints optimized
    [1] tau=0.287h  Q: 3.3 -> 24.6  S: 1.256e+05 -> 3.384e-02
    [2] tau=1.481h  Q: 24.6 -> 328.7  S: 3.384e-02 -> 1.100e+05
    [3] tau=0.006h  Q: 328.7 -> 30.7  S: 1.100e+05 -> 2.627e-02
    [4] tau=3.617h  Q: 30.7 -> 278.6  S: 2.627e-02 -> 1.918e+05
    [5] tau=1.474h  Q: 278.6 -> 38.7  S: 1.918e+05 -> 4.702e-02
    [6] tau=4.367h  Q: 38.7 -> 124.8  S: 4.702e-02 -> 9.927e-02
    [7] tau=3.618h  Q: 124.8 -> 125.5  S: 9.927e-02 -> 5.272e+04
    [8] tau=6.227h  Q: 125.5 -> 12.5  S: 5.272e+04 -> 1.662e-01
    [9] tau=5.639h  Q: 12.5 -> 112.1  S: 1.662e-01 -> 8.834e-02
    [10] tau=6.227h  Q: 112.1 -> 15.9  S: 8.834e-02 -> 2.485e+04
    [11] tau=6.399h  Q: 15.9 -> 1.4  S: 2.485e+04 -> 6.113e+04

============================================================
Summary: 11 changepoints detected and refined
============================================================
    #   tau_est   Q_minus    Q_plus     S_minus      S_plus
  ------------------------------------------------------------
    1     0.287       3.3      24.6    1.26e+05    3.38e-02
    2     1.481      24.6     328.7    3.38e-02    1.10e+05
    3     0.006     328.7      30.7    1.10e+05    2.63e-02
    4     3.617      30.7     278.6    2.63e-02    1.92e+05
    5     1.474     278.6      38.7    1.92e+05    4.70e-02
    6     4.367      38.7     124.8    4.70e-02    9.93e-02
    7     3.618     124.8     125.5    9.93e-02    5.27e+04
    8     6.227     125.5      12.5    5.27e+04    1.66e-01
    9     5.639      12.5     112.1    1.66e-01    8.83e-02
   10     6.227     112.1      15.9    8.83e-02    2.48e+04
   11     6.399      15.9       1.4    2.48e+04    6.11e+04

  True Q at each detected changepoint:
    [1] tau=0.287h  Q_true before=200.0  Q_true after=200.0  |  estimated Q-=3.3  Q+=24.6
    [2] tau=1.481h  Q_true before=200.0  Q_true after=200.0  |  estimated Q-=24.6  Q+=328.7
    [3] tau=0.006h  Q_true before=200.0  Q_true after=200.0  |  estimated Q-=328.7  Q+=30.7
    [4] tau=3.617h  Q_true before=200.0  Q_true after=200.0  |  estimated Q-=30.7  Q+=278.6
    [5] tau=1.474h  Q_true before=200.0  Q_true after=200.0  |  estimated Q-=278.6  Q+=38.7
    [6] tau=4.367h  Q_true before=200.0  Q_true after=200.0  |  estimated Q-=38.7  Q+=124.8
    [7] tau=3.618h  Q_true before=200.0  Q_true after=200.0  |  estimated Q-=124.8  Q+=125.5
    [8] tau=6.227h  Q_true before=200.0  Q_true after=200.0  |  estimated Q-=125.5  Q+=12.5
    [9] tau=5.639h  Q_true before=200.0  Q_true after=200.0  |  estimated Q-=12.5  Q+=112.1
    [10] tau=6.227h  Q_true before=200.0  Q_true after=200.0  |  estimated Q-=112.1  Q+=15.9
    [11] tau=6.399h  Q_true before=200.0  Q_true after=200.0  |  estimated Q-=15.9  Q+=1.4
Saved -> results\sensitivity_analysis\varying_S_Q100_S0.1\raa_diagnostic.png
