Running: Q_init=100, S_init=100000.0, path=./data/datasets/varying_pinn_datasets/varying_Q.csv
RAA-PINN Pipeline
File: ./data/datasets/varying_pinn_datasets/varying_Q.csv
============================================================

Loaded 481 timepoints  (t = 0.00h to 8.00h)

--- Stage I: Sliding Window Scan ---
  window_size=20, sigma=1.5
  Auto prominence = 7.240e+08 (15% of max score)

  Detected 3 candidate changepoints:
    [1] peak at t=2.417h  -> interval [2.017h, 2.817h]
    [2] peak at t=3.933h  -> interval [3.533h, 4.333h]
    [3] peak at t=4.467h  -> interval [4.067h, 4.867h]

--- Stage II: Joint Refinement ---

  Changepoint 1/3

  Stage II — interval [2.017h, 2.817h]  (49 points)
 Epoch        Loss        Data        Phys       tau        Q-        Q+          S-          S+
---------------------------------------------------------------------------
     1  1.0047e+00  1.0047e+00  0.0000e+00     2.417     100.0     100.0    1.00e+05    1.00e+05
   500  3.3995e-02  3.3238e-02  2.7959e+00     2.491     139.4     565.1    9.38e+04    5.15e+04
  1000  2.7827e-02  2.7334e-02  1.0927e+00     2.514      99.1    1325.0    8.03e+04    2.10e+05
  1500  2.6232e-02  2.5327e-02  2.0061e+00     2.513      65.2    1341.0    7.02e+04    2.14e+05
  2000  2.5779e-02  2.4567e-02  2.6872e+00     2.512      53.6    1334.7    6.68e+04    2.13e+05
  2500  2.5625e-02  2.4286e-02  2.9695e+00     2.511      51.5    1330.1    6.62e+04    2.12e+05
  3000  2.5593e-02  2.4224e-02  3.0348e+00     2.511      51.0    1329.1    6.60e+04    2.12e+05

  Result:
    tau     = 2.5114 h
    Q_minus = 51.05  Q_plus = 1329.11  m^3/h
    S_minus = 6.604e+04  S_plus = 2.120e+05  ppm*m^3/h

  Changepoint 2/3

  Stage II — interval [3.533h, 4.333h]  (49 points)
 Epoch        Loss        Data        Phys       tau        Q-        Q+          S-          S+
---------------------------------------------------------------------------
     1  1.0365e+00  1.0365e+00  0.0000e+00     3.933     100.0     100.0    1.00e+05    1.00e+05
   500  6.7478e-02  6.7103e-02  5.3940e-01     3.981     297.9     258.1    3.97e+04    1.20e+05
  1000  6.4931e-02  6.2928e-02  1.7266e+00     3.977     179.0     306.5    2.10e+04    1.32e+05
  1500  6.4746e-02  6.2692e-02  1.7717e+00     3.976     121.5     308.1    1.24e+04    1.33e+05
  2000  6.4675e-02  6.2601e-02  1.7881e+00     3.976      98.2     308.7    8.93e+03    1.33e+05
  2500  6.4638e-02  6.2547e-02  1.8032e+00     3.976      88.0     309.2    7.40e+03    1.33e+05
  3000  6.4626e-02  6.2534e-02  1.8038e+00     3.976      82.8     309.4    6.62e+03    1.33e+05

  Result:
    tau     = 3.9761 h
    Q_minus = 82.84  Q_plus = 309.37  m^3/h
    S_minus = 6.622e+03  S_plus = 1.330e+05  ppm*m^3/h

  Changepoint 3/3

  Stage II — interval [4.067h, 4.867h]  (49 points)
 Epoch        Loss        Data        Phys       tau        Q-        Q+          S-          S+
---------------------------------------------------------------------------
     1  9.9023e-01  9.9023e-01  0.0000e+00     4.467     100.0     100.0    1.00e+05    1.00e+05
   500  1.1309e-01  1.1216e-01  1.8574e+00     4.495      59.0     281.8    5.79e+04    5.33e+04
  1000  1.0511e-01  9.9710e-02  6.4563e+00     4.505      13.7     724.6    4.51e+04    1.87e+05
  1500  1.0338e-01  9.6784e-02  7.8929e+00     4.506       8.0     735.4    4.33e+04    1.90e+05
  2000  1.0212e-01  9.4886e-02  8.6614e+00     4.506       5.9     740.7    4.26e+04    1.92e+05
  2500  1.0155e-01  9.3992e-02  9.0419e+00     4.506       5.0     741.1    4.23e+04    1.92e+05
  3000  1.0144e-01  9.3818e-02  9.1241e+00     4.507       4.6     741.1    4.21e+04    1.92e+05

  Result:
    tau     = 4.5065 h
    Q_minus = 4.57  Q_plus = 741.12  m^3/h
    S_minus = 4.212e+04  S_plus = 1.918e+05  ppm*m^3/h

============================================================
Summary
============================================================
    #   tau_est   Q_minus    Q_plus     S_minus      S_plus
  ------------------------------------------------------------
    1     2.511      51.0    1329.1    6.60e+04    2.12e+05
    2     3.976      82.8     309.4    6.62e+03    1.33e+05
    3     4.507       4.6     741.1    4.21e+04    1.92e+05

  True Q at each detected changepoint:
    [1] tau=2.511h  Q_true before=782.9  Q_true after=782.9  |  estimated Q-=51.0  Q+=1329.1
    [2] tau=3.976h  Q_true before=650.2  Q_true after=650.2  |  estimated Q-=82.8  Q+=309.4
    [3] tau=4.507h  Q_true before=415.3  Q_true after=415.3  |  estimated Q-=4.6  Q+=741.1

Saved interval plots -> results\sensitivity_analysis\varying_Q_Q100_S100000.0\iaq_raa_stage2_intervals_varying_Q.png
Saved -> results\sensitivity_analysis\varying_Q_Q100_S100000.0\raa_diagnostic.png
