Running: Q_init=1, S_init=0.2, path=./data/datasets/varying_pinn_datasets/varying_Q.csv
RAA-PINN Pipeline
File: ./data/datasets/varying_pinn_datasets/varying_Q.csv
============================================================

Loaded 481 timepoints  (t = 0.00h to 8.00h)

--- Stage I: Sliding Window Scan ---
  window_size=20, sigma=1.5
  Auto prominence = 2.413e+08 (15% of max score)

  Detected 10 candidate changepoints:
    [1] peak at t=0.400h  -> interval [0.000h, 0.800h]
    [2] peak at t=0.900h  -> interval [0.500h, 1.300h]
    [3] peak at t=1.300h  -> interval [0.900h, 1.700h]
    [4] peak at t=2.417h  -> interval [2.017h, 2.817h]
    [5] peak at t=3.050h  -> interval [2.650h, 3.450h]
    [6] peak at t=3.933h  -> interval [3.533h, 4.333h]
    [7] peak at t=4.467h  -> interval [4.067h, 4.867h]
    [8] peak at t=5.533h  -> interval [5.133h, 5.933h]
    [9] peak at t=6.967h  -> interval [6.567h, 7.367h]
    [10] peak at t=7.833h  -> interval [7.433h, 8.000h]

--- Stage II: Joint Refinement (One PINN) ---

  Stage II — full time domain [0.000h, 8.000h]  (481 points) with 10 changepoints
 Epoch        Loss        Data        Phys         tau(1st)        Q-        Q+          S-          S+
---------------------------------------------------------------------------
     1  1.0119e+00  1.0119e+00  0.0000e+00     0.400 (10cp)       1.0       1.0    2.00e-01    2.00e-01
   500  9.2364e-01  9.1846e-01  4.3037e-02     1.927 (10cp)       0.1       8.9    1.54e+01    7.19e-02
  1000  7.8788e-01  7.2615e-01  3.0823e-01     4.999 (10cp)       0.1       4.2    2.15e+03    6.38e-02
  1500  7.5096e-01  6.9272e-01  2.9081e-01     5.267 (10cp)       0.1       5.3    3.32e+03    6.83e-02
  2000  7.1918e-01  6.6681e-01  2.6150e-01     5.307 (10cp)       0.1       7.8    3.63e+03    7.14e-02
  2500  7.0798e-01  6.5753e-01  2.5189e-01     5.302 (10cp)       0.1       9.7    3.33e+03    8.01e-02
  3000  7.0537e-01  6.5539e-01  2.4955e-01     5.302 (10cp)       0.1      10.7    3.14e+03    8.84e-02

  Result: 10 changepoints optimized
    [1] tau=5.302h  Q: 0.1 -> 10.7  S: 3.141e+03 -> 8.835e-02
    [2] tau=0.001h  Q: 10.7 -> 0.1  S: 8.835e-02 -> 1.750e+03
    [3] tau=0.792h  Q: 0.1 -> 1.0  S: 1.750e+03 -> 3.117e-01
    [4] tau=0.523h  Q: 1.0 -> 0.1  S: 3.117e-01 -> 1.816e+03
    [5] tau=5.482h  Q: 0.1 -> 18.8  S: 1.816e+03 -> 7.990e-02
    [6] tau=0.523h  Q: 18.8 -> 44.6  S: 7.990e-02 -> 2.032e-01
    [7] tau=5.938h  Q: 44.6 -> 0.1  S: 2.032e-01 -> 4.726e+02
    [8] tau=5.069h  Q: 0.1 -> 16.7  S: 4.726e+02 -> 3.758e-01
    [9] tau=8.000h  Q: 16.7 -> 120.9  S: 3.758e-01 -> 2.885e+04
    [10] tau=6.157h  Q: 120.9 -> 0.0  S: 2.885e+04 -> 1.478e+04

============================================================
Summary: 10 changepoints detected and refined
============================================================
    #   tau_est   Q_minus    Q_plus     S_minus      S_plus
  ------------------------------------------------------------
    1     5.302       0.1      10.7    3.14e+03    8.84e-02
    2     0.001      10.7       0.1    8.84e-02    1.75e+03
    3     0.792       0.1       1.0    1.75e+03    3.12e-01
    4     0.523       1.0       0.1    3.12e-01    1.82e+03
    5     5.482       0.1      18.8    1.82e+03    7.99e-02
    6     0.523      18.8      44.6    7.99e-02    2.03e-01
    7     5.938      44.6       0.1    2.03e-01    4.73e+02
    8     5.069       0.1      16.7    4.73e+02    3.76e-01
    9     8.000      16.7     120.9    3.76e-01    2.88e+04
   10     6.157     120.9       0.0    2.88e+04    1.48e+04

  True Q at each detected changepoint:
    [1] tau=5.302h  Q_true before=359.6  Q_true after=359.6  |  estimated Q-=0.1  Q+=10.7
    [2] tau=0.001h  Q_true before=641.8  Q_true after=641.8  |  estimated Q-=10.7  Q+=0.1
    [3] tau=0.792h  Q_true before=407.2  Q_true after=407.2  |  estimated Q-=0.1  Q+=1.0
    [4] tau=0.523h  Q_true before=407.2  Q_true after=407.2  |  estimated Q-=1.0  Q+=0.1
    [5] tau=5.482h  Q_true before=359.6  Q_true after=359.6  |  estimated Q-=0.1  Q+=18.8
    [6] tau=0.523h  Q_true before=407.2  Q_true after=407.2  |  estimated Q-=18.8  Q+=44.6
    [7] tau=5.938h  Q_true before=748.7  Q_true after=748.7  |  estimated Q-=44.6  Q+=0.1
    [8] tau=5.069h  Q_true before=359.6  Q_true after=359.6  |  estimated Q-=0.1  Q+=16.7
    [9] tau=8.000h  Q_true before=259.1  Q_true after=259.1  |  estimated Q-=16.7  Q+=120.9
    [10] tau=6.157h  Q_true before=550.7  Q_true after=550.7  |  estimated Q-=120.9  Q+=0.0
Saved -> results\sensitivity_analysis\varying_Q_Q1_S0.2\raa_diagnostic.png
