Run started : 2026-05-24T20:20:13.546699
Input file  : C:\Users\Jenny\Desktop\HAB project\datasets\iaq_Q500_S0.30.csv

============================================================
  [16/24]  iaq_Q500_S0.30.csv
============================================================

File: datasets\iaq_Q500_S0.30.csv  |  True Q=500.0, True S_vol=0.3, True S=3.00e+05
 Epoch        Loss        Data        Phys         Q           S
------------------------------------------------------------
     1  1.0196e+00  1.0196e+00  0.0000e+00      1.00         1.0
   500  6.6641e-02  6.6641e-02  0.0000e+00      1.00         1.0
  1000  8.1197e-02  6.7796e-02  8.8204e+02      0.07      5611.0
  1500  6.5967e-02  6.5824e-02  4.8592e+00    469.34    281534.7
  2000  6.5690e-02  6.5371e-02  7.2552e+00    483.99    290222.3
  2500  6.7725e-02  6.7252e-02  7.8497e+00    482.21    289489.5
  3000  6.5729e-02  6.5351e-02  6.4412e+00    483.64    290006.2
  3500  6.5703e-02  6.5326e-02  6.4433e+00    483.76    290071.0
  4000  6.5673e-02  6.5294e-02  6.4737e+00    483.51    289926.6
  4500  6.5631e-02  6.5250e-02  6.5214e+00    483.99    290194.4
  5000  6.5595e-02  6.5210e-02  6.5763e+00    484.05    290217.9
  5500  6.5577e-02  6.5190e-02  6.6108e+00    484.12    290258.3
  6000  6.5567e-02  6.5180e-02  6.6255e+00    484.18    290288.2
  6500  6.5561e-02  6.5174e-02  6.6278e+00    484.22    290313.7
  7000  6.5556e-02  6.5169e-02  6.6255e+00    484.26    290332.8
  7500  6.5552e-02  6.5165e-02  6.6232e+00    484.27    290341.3
  8000  6.5549e-02  6.5162e-02  6.6215e+00    484.28    290344.4

Done.
  Estimated Q = 484.28  m^3/h
  Estimated S = 2.90e+05  ppm·m^3/h
  (S_vol implied = 0.2903  m^3 CO2/h)

Saved figure -> results\iaq_Q500_S0.30\diagnostic.png
