Running: Q_init=1, S_init=0.2, path=./data/datasets/varying_pinn_datasets/varying_Q.csv
RAA-PINN Pipeline
File: ./data/datasets/varying_pinn_datasets/varying_Q.csv
============================================================

Loaded 481 timepoints  (t = 0.00h to 8.00h)

--- Stage I: Sliding Window Scan ---
  window_size=20, sigma=1.5
  Auto prominence = 7.240e+08 (15% of max score)

  Detected 3 candidate changepoints:
    [1] peak at t=2.417h  -> interval [2.017h, 2.817h]
    [2] peak at t=3.933h  -> interval [3.533h, 4.333h]
    [3] peak at t=4.467h  -> interval [4.067h, 4.867h]

--- Stage II: Joint Refinement (One PINN) ---

  Stage II — full time domain [0.000h, 8.000h]  (481 points) with 3 changepoints
 Epoch        Loss        Data        Phys         tau(1st)        Q-        Q+          S-          S+
---------------------------------------------------------------------------
     1  1.0119e+00  1.0119e+00  0.0000e+00     2.417 (3cp)       1.0       1.0    2.00e-01    2.00e-01
   500  9.6739e-01  9.5577e-01  9.6709e-02     0.151 (3cp)       0.2       0.2    1.20e+01    8.98e+00
  1000  9.3584e-01  9.2575e-01  5.0419e-02     0.073 (3cp)       0.2       0.2    6.34e+02    6.72e+00
  1500  9.3353e-01  9.2055e-01  6.4810e-02     0.080 (3cp)       0.2       0.2    7.29e+02    1.07e+01
  2000  9.3279e-01  9.1936e-01  6.7018e-02     0.074 (3cp)       0.2       0.2    7.68e+02    4.67e+01
  2500  9.0706e-01  8.7511e-01  1.5954e-01     1.372 (3cp)       0.2       0.2    2.72e+03    1.26e+03
  3000  8.9002e-01  8.5607e-01  1.6951e-01     2.211 (3cp)       0.2       0.1    2.39e+03    3.24e+02

  Result: 3 changepoints optimized
    [1] tau=2.211h  Q: 0.2 -> 0.1  S: 2.393e+03 -> 3.243e+02
    [2] tau=0.021h  Q: 0.1 -> 0.1  S: 3.243e+02 -> 2.417e+02
    [3] tau=6.900h  Q: 0.1 -> 0.1  S: 2.417e+02 -> 3.074e+03

============================================================
Summary: 3 changepoints detected and refined
============================================================
    #   tau_est   Q_minus    Q_plus     S_minus      S_plus
  ------------------------------------------------------------
    1     2.211       0.2       0.1    2.39e+03    3.24e+02
    2     0.021       0.1       0.1    3.24e+02    2.42e+02
    3     6.900       0.1       0.1    2.42e+02    3.07e+03

  True Q at each detected changepoint:
    [1] tau=2.211h  Q_true before=165.9  Q_true after=165.9  |  estimated Q-=0.2  Q+=0.1
    [2] tau=0.021h  Q_true before=641.8  Q_true after=641.8  |  estimated Q-=0.1  Q+=0.1
    [3] tau=6.900h  Q_true before=675.9  Q_true after=675.9  |  estimated Q-=0.1  Q+=0.1
Saved -> results\sensitivity_analysis\varying_Q_Q1_S0.2\raa_diagnostic.png
