Run started : 2026-05-24T20:08:24.192282
Input file  : C:\Users\Jenny\Desktop\HAB project\datasets\iaq_Q100_S0.20.csv

============================================================
  [3/24]  iaq_Q100_S0.20.csv
============================================================

File: datasets\iaq_Q100_S0.20.csv  |  True Q=100.0, True S_vol=0.2, True S=2.00e+05
 Epoch        Loss        Data        Phys         Q           S
------------------------------------------------------------
     1  1.0552e+00  1.0552e+00  0.0000e+00      1.00         1.0
   500  1.3899e-03  1.3899e-03  0.0000e+00      1.00         1.0
  1000  1.7413e-03  1.3981e-03  8.1156e+01      0.02        37.9
  1500  1.8792e-03  1.3791e-03  5.9946e+01      0.27     23878.1
  2000  1.3780e-03  1.3754e-03  2.0660e-01     98.20    196601.7
  2500  1.7023e-03  1.6981e-03  2.0847e-01     98.18    196347.8
  3000  1.3769e-03  1.3742e-03  1.6526e-01     98.46    197078.7
  3500  1.3765e-03  1.3740e-03  1.5162e-01     98.55    197252.3
  4000  1.3762e-03  1.3738e-03  1.4110e-01     98.63    197384.4
  4500  1.3759e-03  1.3737e-03  1.3324e-01     98.68    197480.6
  5000  1.3757e-03  1.3736e-03  1.2701e-01     98.72    197557.8
  5500  1.3756e-03  1.3736e-03  1.2240e-01     98.75    197614.2
  6000  1.3755e-03  1.3735e-03  1.1889e-01     98.77    197657.7
  6500  1.3754e-03  1.3734e-03  1.1623e-01     98.79    197689.8
  7000  1.3753e-03  1.3734e-03  1.1426e-01     98.80    197712.8
  7500  1.3753e-03  1.3734e-03  1.1284e-01     98.81    197725.6
  8000  1.3752e-03  1.3734e-03  1.1169e-01     98.81    197735.6

Done.
  Estimated Q = 98.81  m^3/h
  Estimated S = 1.98e+05  ppm·m^3/h
  (S_vol implied = 0.1977  m^3 CO2/h)

Saved figure -> results\iaq_Q100_S0.20\diagnostic.png
