Running: Q_init=50, S_init=200000.0, path=./data/datasets/varying_pinn_datasets/varying_Q.csv
RAA-PINN Pipeline
File: ./data/datasets/varying_pinn_datasets/varying_Q.csv
============================================================

Loaded 481 timepoints  (t = 0.00h to 8.00h)

--- Stage I: Sliding Window Scan ---
  window_size=20, sigma=1.5
  Auto prominence = 2.413e+08 (15% of max score)

  Detected 10 candidate changepoints:
    [1] peak at t=0.400h  -> interval [0.000h, 0.800h]
    [2] peak at t=0.900h  -> interval [0.500h, 1.300h]
    [3] peak at t=1.300h  -> interval [0.900h, 1.700h]
    [4] peak at t=2.417h  -> interval [2.017h, 2.817h]
    [5] peak at t=3.050h  -> interval [2.650h, 3.450h]
    [6] peak at t=3.933h  -> interval [3.533h, 4.333h]
    [7] peak at t=4.467h  -> interval [4.067h, 4.867h]
    [8] peak at t=5.533h  -> interval [5.133h, 5.933h]
    [9] peak at t=6.967h  -> interval [6.567h, 7.367h]
    [10] peak at t=7.833h  -> interval [7.433h, 8.000h]

--- Stage II: Joint Refinement ---

  Changepoint 1/10

  Stage II Ś interval [0.000h, 0.800h]  (49 points)
 Epoch        Loss        Data        Phys       tau        Q-        Q+          S-          S+
---------------------------------------------------------------------------
     1  8.5349e-01  8.5349e-01  0.0000e+00     0.400      50.0      50.0    2.00e+05    2.00e+05
   500  8.4283e-02  8.4053e-02  4.0709e+00     0.285     382.7     161.9    6.00e+04    5.05e+04
  1000  7.7734e-02  7.7705e-02  3.0950e-01     0.508     419.5     113.1    6.80e+04    5.40e+04
  1500  5.6701e-02  5.6020e-02  7.2510e+00     0.491     530.6     106.7    8.20e+04    5.38e+04
  2000  5.4796e-02  5.3844e-02  1.0140e+01     0.491     573.9     109.3    8.74e+04    5.50e+04
  2500  5.4235e-02  5.3196e-02  1.1058e+01     0.492     550.3     108.7    8.42e+04    5.51e+04
  3000  5.4106e-02  5.3051e-02  1.1233e+01     0.492     543.9     107.7    8.34e+04    5.50e+04

  Result:
    tau     = 0.4920 h
    Q_minus = 543.95  Q_plus = 107.75  m^3/h
    S_minus = 8.340e+04  S_plus = 5.498e+04  ppm*m^3/h

  Changepoint 2/10

  Stage II Ś interval [0.500h, 1.300h]  (49 points)
 Epoch        Loss        Data        Phys       tau        Q-        Q+          S-          S+
---------------------------------------------------------------------------
     1  9.9543e-01  9.9543e-01  0.0000e+00     0.900      50.0      50.0    2.00e+05    2.00e+05
   500  2.0086e-01  2.0059e-01  5.4324e+00     0.967     225.5     434.0    6.56e+04    5.74e+04
  1000  1.9209e-01  1.9175e-01  4.0661e+00     1.004     490.0     440.3    1.20e+05    5.52e+04
  1500  1.7496e-01  1.7328e-01  2.0293e+01     0.993     675.0     457.9    1.60e+05    5.95e+04
  2000  1.6956e-01  1.6697e-01  3.1313e+01     0.990     672.0     447.6    1.60e+05    5.78e+04
  2500  1.6559e-01  1.6261e-01  3.6096e+01     0.984     697.6     430.2    1.65e+05    5.52e+04
  3000  1.6483e-01  1.6176e-01  3.7136e+01     0.983     708.1     417.5    1.68e+05    5.30e+04

  Result:
    tau     = 0.9825 h
    Q_minus = 708.06  Q_plus = 417.51  m^3/h
    S_minus = 1.678e+05  S_plus = 5.300e+04  ppm*m^3/h

  Changepoint 3/10

  Stage II Ś interval [0.900h, 1.700h]  (48 points)
 Epoch        Loss        Data        Phys       tau        Q-        Q+          S-          S+
---------------------------------------------------------------------------
     1  9.6813e-01  9.6813e-01  0.0000e+00     1.300      50.0      50.0    2.00e+05    2.00e+05
   500  2.1346e-01  2.1324e-01  4.1167e+00     0.997     284.3     378.6    6.59e+04    5.28e+04
  1000  2.0950e-01  2.0912e-01  4.1823e+00     0.999     265.6     513.7    6.68e+04    7.53e+04
  1500  1.8836e-01  1.8668e-01  1.8382e+01     0.937     104.2     539.1    1.01e+05    8.17e+04
  2000  1.6609e-01  1.6244e-01  3.9969e+01     0.912      64.0     530.1    2.30e+05    8.06e+04
  2500  1.4791e-01  1.4086e-01  7.7209e+01     0.905      60.1     534.3    3.08e+05    8.14e+04
  3000  1.4491e-01  1.3703e-01  8.6316e+01     0.903      59.7     535.5    3.31e+05    8.17e+04

  Result:
    tau     = 0.9030 h
    Q_minus = 59.74  Q_plus = 535.48  m^3/h
    S_minus = 3.312e+05  S_plus = 8.168e+04  ppm*m^3/h

  Changepoint 4/10

  Stage II Ś interval [2.017h, 2.817h]  (49 points)
 Epoch        Loss        Data        Phys       tau        Q-        Q+          S-          S+
---------------------------------------------------------------------------
     1  1.0391e+00  1.0391e+00  0.0000e+00     2.417      50.0      50.0    2.00e+05    2.00e+05
   500  3.2356e-02  3.2152e-02  3.1322e+00     2.491     126.8     569.5    8.95e+04    5.21e+04
  1000  2.6440e-02  2.6243e-02  1.8166e+00     2.512      68.3    1270.9    7.08e+04    1.99e+05
  1500  2.4971e-02  2.4615e-02  3.2777e+00     2.511      46.1    1342.4    6.46e+04    2.15e+05
  2000  2.4303e-02  2.3798e-02  4.6500e+00     2.510      33.5    1336.5    6.10e+04    2.14e+05
  2500  2.4049e-02  2.3464e-02  5.3862e+00     2.510      28.2    1331.8    5.94e+04    2.13e+05
  3000  2.3999e-02  2.3397e-02  5.5440e+00     2.510      25.8    1330.5    5.87e+04    2.13e+05

  Result:
    tau     = 2.5097 h
    Q_minus = 25.85  Q_plus = 1330.46  m^3/h
    S_minus = 5.867e+04  S_plus = 2.127e+05  ppm*m^3/h

  Changepoint 5/10

  Stage II Ś interval [2.650h, 3.450h]  (49 points)
 Epoch        Loss        Data        Phys       tau        Q-        Q+          S-          S+
---------------------------------------------------------------------------
     1  1.0773e+00  1.0773e+00  0.0000e+00     3.050      50.0      50.0    2.00e+05    2.00e+05
   500  3.9085e-01  3.8962e-01  2.5827e+01     3.364     379.8     386.5    5.11e+04    6.10e+04
  1000  3.8349e-01  3.8166e-01  2.3042e+01     2.983     400.9     399.0    4.53e+04    6.39e+04
  1500  3.6299e-01  3.5955e-01  4.3388e+01     2.982     314.4     500.3    3.11e+04    7.90e+04
  2000  3.3821e-01  3.2786e-01  1.3080e+02     2.983     268.7     633.6    2.43e+04    9.87e+04
  2500  3.2789e-01  3.1357e-01  1.8091e+02     2.985     239.8     758.4    2.07e+04    1.17e+05
  3000  3.2648e-01  3.1138e-01  1.9088e+02     2.986     226.9     857.3    1.87e+04    1.32e+05

  Result:
    tau     = 2.9863 h
    Q_minus = 226.89  Q_plus = 857.28  m^3/h
    S_minus = 1.871e+04  S_plus = 1.316e+05  ppm*m^3/h

  Changepoint 6/10

  Stage II Ś interval [3.533h, 4.333h]  (49 points)
 Epoch        Loss        Data        Phys       tau        Q-        Q+          S-          S+
---------------------------------------------------------------------------
     1  1.1609e+00  1.1609e+00  0.0000e+00     3.933      50.0      50.0    2.00e+05    2.00e+05
   500  6.6747e-02  6.6598e-02  1.2312e+00     3.969     414.1      83.6    5.77e+04    7.43e+04
  1000  6.2398e-02  6.1616e-02  3.8836e+00     3.974     316.4     292.6    4.12e+04    1.29e+05
  1500  6.2121e-02  6.1263e-02  4.2591e+00     3.974     232.4     318.9    2.85e+04    1.36e+05
  2000  6.1821e-02  6.0921e-02  4.4706e+00     3.974     188.8     316.8    2.22e+04    1.36e+05
  2500  6.1627e-02  6.0700e-02  4.6053e+00     3.974     167.7     316.6    1.91e+04    1.36e+05
  3000  6.1577e-02  6.0646e-02  4.6250e+00     3.974     156.8     316.6    1.75e+04    1.36e+05

  Result:
    tau     = 3.9738 h
    Q_minus = 156.79  Q_plus = 316.57  m^3/h
    S_minus = 1.746e+04  S_plus = 1.355e+05  ppm*m^3/h

  Changepoint 7/10

  Stage II Ś interval [4.067h, 4.867h]  (49 points)
 Epoch        Loss        Data        Phys       tau        Q-        Q+          S-          S+
---------------------------------------------------------------------------
     1  1.0373e+00  1.0373e+00  0.0000e+00     4.467      50.0      50.0    2.00e+05    2.00e+05
   500  1.1469e-01  1.1459e-01  1.3542e+00     4.498     140.9     317.9    8.25e+04    6.47e+04
  1000  9.5412e-02  9.3164e-02  1.7046e+01     4.502      70.8     498.7    6.25e+04    1.19e+05
  1500  9.0165e-02  8.5832e-02  3.2860e+01     4.507      39.6     806.4    5.36e+04    2.11e+05
  2000  8.8315e-02  8.3039e-02  4.0008e+01     4.507      27.6     832.5    4.99e+04    2.19e+05
  2500  8.7223e-02  8.1513e-02  4.3308e+01     4.507      22.6     835.4    4.82e+04    2.20e+05
  3000  8.6964e-02  8.1158e-02  4.4031e+01     4.508      20.1     836.1    4.74e+04    2.20e+05

  Result:
    tau     = 4.5075 h
    Q_minus = 20.14  Q_plus = 836.15  m^3/h
    S_minus = 4.744e+04  S_plus = 2.198e+05  ppm*m^3/h

  Changepoint 8/10

  Stage II Ś interval [5.133h, 5.933h]  (49 points)
 Epoch        Loss        Data        Phys       tau        Q-        Q+          S-          S+
---------------------------------------------------------------------------
     1  1.2028e+00  1.2028e+00  0.0000e+00     5.533      50.0      50.0    2.00e+05    2.00e+05
   500  5.5866e-02  5.4385e-02  1.5564e+01     5.842     241.6     435.8    4.22e+04    5.69e+04
  1000  5.2537e-02  5.2468e-02  4.3757e-01     5.494     108.0     709.6    3.27e+04    9.35e+04
  1500  5.2388e-02  5.2335e-02  3.3336e-01     5.503     108.5     868.4    3.23e+04    1.20e+05
  2000  5.2333e-02  5.2273e-02  3.7981e-01     5.504     108.4     886.4    3.22e+04    1.23e+05
  2500  5.2322e-02  5.2259e-02  3.9976e-01     5.505     108.2     887.9    3.21e+04    1.23e+05
  3000  5.2321e-02  5.2257e-02  4.0327e-01     5.505     108.0     887.9    3.20e+04    1.23e+05

  Result:
    tau     = 5.5046 h
    Q_minus = 107.99  Q_plus = 887.94  m^3/h
    S_minus = 3.199e+04  S_plus = 1.230e+05  ppm*m^3/h

  Changepoint 9/10

  Stage II Ś interval [6.567h, 7.367h]  (49 points)
 Epoch        Loss        Data        Phys       tau        Q-        Q+          S-          S+
---------------------------------------------------------------------------
     1  1.0016e+00  1.0016e+00  0.0000e+00     6.967      50.0      50.0    2.00e+05    2.00e+05
   500  2.4304e-01  2.4301e-01  3.1949e-01     6.939     433.3     181.8    5.89e+04    5.48e+04
  1000  2.3380e-01  2.3345e-01  3.1726e+00     6.922     432.0     176.9    5.65e+04    5.52e+04
  1500  2.1386e-01  2.1033e-01  3.1276e+01     6.902     383.3     163.4    4.79e+04    5.22e+04
  2000  1.9727e-01  1.8929e-01  7.0585e+01     6.898     330.8     142.7    3.96e+04    4.85e+04
  2500  1.9218e-01  1.8218e-01  8.8487e+01     6.898     301.2     127.8    3.50e+04    4.59e+04
  3000  1.9154e-01  1.8117e-01  9.1821e+01     6.898     285.2     120.2    3.25e+04    4.45e+04

  Result:
    tau     = 6.8976 h
    Q_minus = 285.24  Q_plus = 120.16  m^3/h
    S_minus = 3.249e+04  S_plus = 4.447e+04  ppm*m^3/h

  Changepoint 10/10

  Stage II Ś interval [7.433h, 8.000h]  (35 points)
 Epoch        Loss        Data        Phys       tau        Q-        Q+          S-          S+
---------------------------------------------------------------------------
     1  1.1985e+00  1.1985e+00  0.0000e+00     7.717      50.0      50.0    2.00e+05    2.00e+05
   500  1.6562e-01  1.6558e-01  2.2320e-01     7.898     172.5     194.2    7.05e+04    7.66e+04
  1000  1.6551e-01  1.6547e-01  1.6176e-01     7.883     122.2     196.8    5.65e+04    7.63e+04
  1500  1.6549e-01  1.6545e-01  1.2350e-01     7.838      91.6     196.2    4.84e+04    7.65e+04
  2000  1.6548e-01  1.6545e-01  1.0424e-01     7.823      75.2     196.7    4.40e+04    7.68e+04
  2500  1.6547e-01  1.6545e-01  9.5061e-02     7.815      66.8     197.5    4.18e+04    7.71e+04
  3000  1.6547e-01  1.6545e-01  9.0139e-02     7.812      62.2     198.2    4.06e+04    7.74e+04

  Result:
    tau     = 7.8116 h
    Q_minus = 62.19  Q_plus = 198.16  m^3/h
    S_minus = 4.059e+04  S_plus = 7.738e+04  ppm*m^3/h

============================================================
Summary
============================================================
    #   tau_est   Q_minus    Q_plus     S_minus      S_plus
  ------------------------------------------------------------
    1     0.492     543.9     107.7    8.34e+04    5.50e+04
    2     0.983     708.1     417.5    1.68e+05    5.30e+04
    3     0.903      59.7     535.5    3.31e+05    8.17e+04
    4     2.510      25.8    1330.5    5.87e+04    2.13e+05
    5     2.986     226.9     857.3    1.87e+04    1.32e+05
    6     3.974     156.8     316.6    1.75e+04    1.36e+05
    7     4.508      20.1     836.1    4.74e+04    2.20e+05
    8     5.505     108.0     887.9    3.20e+04    1.23e+05
    9     6.898     285.2     120.2    3.25e+04    4.45e+04
   10     7.812      62.2     198.2    4.06e+04    7.74e+04

  True Q at each detected changepoint:
    [1] tau=0.492h  Q_true before=641.8  Q_true after=407.2  |  estimated Q-=543.9  Q+=107.7
    [2] tau=0.983h  Q_true before=407.2  Q_true after=407.2  |  estimated Q-=708.1  Q+=417.5
    [3] tau=0.903h  Q_true before=407.2  Q_true after=407.2  |  estimated Q-=59.7  Q+=535.5
    [4] tau=2.510h  Q_true before=782.9  Q_true after=782.9  |  estimated Q-=25.8  Q+=1330.5
    [5] tau=2.986h  Q_true before=782.9  Q_true after=632.8  |  estimated Q-=226.9  Q+=857.3
    [6] tau=3.974h  Q_true before=650.2  Q_true after=650.2  |  estimated Q-=156.8  Q+=316.6
    [7] tau=4.508h  Q_true before=415.3  Q_true after=415.3  |  estimated Q-=20.1  Q+=836.1
    [8] tau=5.505h  Q_true before=748.7  Q_true after=748.7  |  estimated Q-=108.0  Q+=887.9
    [9] tau=6.898h  Q_true before=675.9  Q_true after=675.9  |  estimated Q-=285.2  Q+=120.2
    [10] tau=7.812h  Q_true before=259.1  Q_true after=259.1  |  estimated Q-=62.2  Q+=198.2

Saved interval plots -> results\sensitivity_analysis\varying_Q_Q50_S200000.0\iaq_raa_stage2_intervals_varying_Q.png
Saved -> results\sensitivity_analysis\varying_Q_Q50_S200000.0\raa_diagnostic.png
