Running: Q_init=100, S_init=50000.0, path=./data/datasets/varying_pinn_datasets/varying_Q.csv
RAA-PINN Pipeline
File: ./data/datasets/varying_pinn_datasets/varying_Q.csv
============================================================

Loaded 481 timepoints  (t = 0.00h to 8.00h)

--- Stage I: Sliding Window Scan ---
  window_size=20, sigma=1.5
  Auto prominence = 7.240e+08 (15% of max score)

  Detected 3 candidate changepoints:
    [1] peak at t=2.417h  -> interval [2.017h, 2.817h]
    [2] peak at t=3.933h  -> interval [3.533h, 4.333h]
    [3] peak at t=4.467h  -> interval [4.067h, 4.867h]

--- Stage II: Joint Refinement ---

  Changepoint 1/3

  Stage II — interval [2.017h, 2.817h]  (49 points)
 Epoch        Loss        Data        Phys       tau        Q-        Q+          S-          S+
---------------------------------------------------------------------------
     1  1.0047e+00  1.0047e+00  0.0000e+00     2.417     100.0     100.0    5.00e+04    5.00e+04
   500  3.4762e-02  3.3383e-02  2.5051e+00     2.490     139.2     557.5    9.39e+04    5.00e+04
  1000  2.8309e-02  2.7520e-02  8.6005e-01     2.514     108.5    1326.2    8.33e+04    2.10e+05
  1500  2.7219e-02  2.5979e-02  1.3505e+00     2.513      83.8    1335.8    7.60e+04    2.13e+05
  2000  2.6945e-02  2.5449e-02  1.6302e+00     2.512      75.2    1328.2    7.34e+04    2.12e+05
  2500  2.6860e-02  2.5282e-02  1.7194e+00     2.512      74.0    1323.2    7.31e+04    2.11e+05
  3000  2.6842e-02  2.5246e-02  1.7396e+00     2.512      73.8    1322.1    7.30e+04    2.10e+05

  Result:
    tau     = 2.5122 h
    Q_minus = 73.84  Q_plus = 1322.12  m^3/h
    S_minus = 7.303e+04  S_plus = 2.104e+05  ppm*m^3/h

  Changepoint 2/3

  Stage II — interval [3.533h, 4.333h]  (49 points)
 Epoch        Loss        Data        Phys       tau        Q-        Q+          S-          S+
---------------------------------------------------------------------------
     1  1.0365e+00  1.0365e+00  0.0000e+00     3.933     100.0     100.0    5.00e+04    5.00e+04
   500  6.8577e-02  6.7603e-02  3.1224e-01     3.981     195.6     261.3    2.43e+04    1.21e+05
  1000  6.8133e-02  6.6127e-02  3.8603e-01     3.980      94.5     290.2    8.79e+03    1.28e+05
  1500  6.8011e-02  6.5985e-02  3.8998e-01     3.980      66.9     290.2    4.61e+03    1.28e+05
  2000  6.7956e-02  6.5911e-02  3.9353e-01     3.980      56.7     290.5    3.17e+03    1.28e+05
  2500  6.7937e-02  6.5884e-02  3.9509e-01     3.980      52.5     290.3    2.56e+03    1.28e+05
  3000  6.7930e-02  6.5878e-02  3.9503e-01     3.980      50.5     290.2    2.27e+03    1.28e+05

  Result:
    tau     = 3.9798 h
    Q_minus = 50.52  Q_plus = 290.25  m^3/h
    S_minus = 2.268e+03  S_plus = 1.276e+05  ppm*m^3/h

  Changepoint 3/3

  Stage II — interval [4.067h, 4.867h]  (49 points)
 Epoch        Loss        Data        Phys       tau        Q-        Q+          S-          S+
---------------------------------------------------------------------------
     1  9.9023e-01  9.9023e-01  0.0000e+00     4.467     100.0     100.0    5.00e+04    5.00e+04
   500  1.1607e-01  1.1387e-01  1.0878e+00     4.492      40.5     270.4    5.25e+04    5.00e+04
  1000  1.1237e-01  1.0857e-01  1.1280e+00     4.505      36.3     649.6    5.17e+04    1.65e+05
  1500  1.1206e-01  1.0807e-01  1.1864e+00     4.505      37.2     654.1    5.19e+04    1.66e+05
  2000  1.1178e-01  1.0763e-01  1.2319e+00     4.506      37.1     657.3    5.19e+04    1.67e+05
  2500  1.1161e-01  1.0737e-01  1.2587e+00     4.506      37.2     659.0    5.19e+04    1.67e+05
  3000  1.1157e-01  1.0731e-01  1.2649e+00     4.506      37.3     659.4    5.19e+04    1.67e+05

  Result:
    tau     = 4.5058 h
    Q_minus = 37.28  Q_plus = 659.37  m^3/h
    S_minus = 5.190e+04  S_plus = 1.674e+05  ppm*m^3/h

============================================================
Summary
============================================================
    #   tau_est   Q_minus    Q_plus     S_minus      S_plus
  ------------------------------------------------------------
    1     2.512      73.8    1322.1    7.30e+04    2.10e+05
    2     3.980      50.5     290.2    2.27e+03    1.28e+05
    3     4.506      37.3     659.4    5.19e+04    1.67e+05

  True Q at each detected changepoint:
    [1] tau=2.512h  Q_true before=782.9  Q_true after=782.9  |  estimated Q-=73.8  Q+=1322.1
    [2] tau=3.980h  Q_true before=650.2  Q_true after=650.2  |  estimated Q-=50.5  Q+=290.2
    [3] tau=4.506h  Q_true before=415.3  Q_true after=415.3  |  estimated Q-=37.3  Q+=659.4

Saved interval plots -> results\sensitivity_analysis\varying_Q_Q100_S50000.0\iaq_raa_stage2_intervals_varying_Q.png
Saved -> results\sensitivity_analysis\varying_Q_Q100_S50000.0\raa_diagnostic.png
