Run started : 2026-05-24T20:14:49.011005
Input file  : C:\Users\Jenny\Desktop\HAB project\datasets\iaq_Q400_S0.10.csv

============================================================
  [10/24]  iaq_Q400_S0.10.csv
============================================================

File: datasets\iaq_Q400_S0.10.csv  |  True Q=400.0, True S_vol=0.1, True S=1.00e+05
 Epoch        Loss        Data        Phys         Q           S
------------------------------------------------------------
     1  9.9171e-01  9.9171e-01  0.0000e+00      1.00         1.0
   500  3.5040e-01  3.5040e-01  0.0000e+00      1.00         1.0
  1000  4.0666e-01  3.6241e-01  2.1917e+02      0.09      1529.7
  1500  3.5241e-01  3.4909e-01  8.5345e+00    335.51     83859.2
  2000  3.5228e-01  3.4981e-01  4.2216e+00    379.94     94867.6
  2500  3.5275e-01  3.5050e-01  2.8800e+00    384.30     95880.4
  3000  3.5271e-01  3.5050e-01  2.8262e+00    385.56     96205.5
  3500  3.5260e-01  3.5038e-01  2.8417e+00    385.84     96261.6
  4000  3.5231e-01  3.5000e-01  2.9660e+00    385.97     96275.3
  4500  3.5153e-01  3.4887e-01  3.4237e+00    385.90     96243.1
  5000  3.5053e-01  3.4688e-01  4.7222e+00    385.10     96070.2
  5500  3.5033e-01  3.4663e-01  4.7955e+00    384.82     95968.4
  6000  3.5031e-01  3.4658e-01  4.8315e+00    384.79     95959.7
  6500  3.5029e-01  3.4655e-01  4.8485e+00    384.79     95959.7
  7000  3.5028e-01  3.4652e-01  4.8602e+00    384.79     95959.7
  7500  3.5026e-01  3.4650e-01  4.8686e+00    384.78     95959.7
  8000  3.5024e-01  3.4648e-01  4.8754e+00    384.78     95959.7

Done.
  Estimated Q = 384.78  m^3/h
  Estimated S = 9.60e+04  ppm·m^3/h
  (S_vol implied = 0.0960  m^3 CO2/h)

Saved figure -> results\iaq_Q400_S0.10\diagnostic.png
