Running: Q_init=1, S_init=0.1, path=./data/datasets/varying_pinn_datasets/varying_Q.csv
RAA-PINN Pipeline
File: ./data/datasets/varying_pinn_datasets/varying_Q.csv
============================================================

Loaded 481 timepoints  (t = 0.00h to 8.00h)

--- Stage I: Sliding Window Scan ---
  window_size=20, sigma=1.5
  Auto prominence = 2.413e+08 (15% of max score)

  Detected 10 candidate changepoints:
    [1] peak at t=0.400h  -> interval [0.000h, 0.800h]
    [2] peak at t=0.900h  -> interval [0.500h, 1.300h]
    [3] peak at t=1.300h  -> interval [0.900h, 1.700h]
    [4] peak at t=2.417h  -> interval [2.017h, 2.817h]
    [5] peak at t=3.050h  -> interval [2.650h, 3.450h]
    [6] peak at t=3.933h  -> interval [3.533h, 4.333h]
    [7] peak at t=4.467h  -> interval [4.067h, 4.867h]
    [8] peak at t=5.533h  -> interval [5.133h, 5.933h]
    [9] peak at t=6.967h  -> interval [6.567h, 7.367h]
    [10] peak at t=7.833h  -> interval [7.433h, 8.000h]

--- Stage II: Joint Refinement (One PINN) ---

  Stage II — full time domain [0.000h, 8.000h]  (481 points) with 10 changepoints
 Epoch        Loss        Data        Phys         tau(1st)        Q-        Q+          S-          S+
---------------------------------------------------------------------------
     1  1.0294e+00  1.0294e+00  0.0000e+00     0.400 (10cp)       1.0       1.0    1.00e-01    1.00e-01
   500  9.2477e-01  9.1828e-01  3.3590e-02     2.186 (10cp)       0.1       5.6    4.10e+00    3.65e-02
  1000  9.0225e-01  8.9197e-01  3.1895e-02     2.139 (10cp)       0.1       4.2    1.69e+02    3.19e-02
  1500  8.9911e-01  8.9048e-01  2.6779e-02     2.202 (10cp)       0.1       3.1    6.37e+02    3.11e-02
  2000  8.7568e-01  8.5076e-01  7.7294e-02     2.234 (10cp)       0.1       2.4    7.15e+02    3.24e-02
  2500  8.6903e-01  8.3965e-01  9.1125e-02     2.257 (10cp)       0.1       2.2    9.31e+02    3.24e-02
  3000  8.6828e-01  8.3696e-01  9.7162e-02     2.268 (10cp)       0.2       2.1    1.03e+03    3.28e-02

  Result: 10 changepoints optimized
    [1] tau=2.268h  Q: 0.2 -> 2.1  S: 1.027e+03 -> 3.285e-02
    [2] tau=0.002h  Q: 2.1 -> 0.1  S: 3.285e-02 -> 9.905e+02
    [3] tau=2.401h  Q: 0.1 -> 3.6  S: 9.905e+02 -> 3.638e-02
    [4] tau=0.043h  Q: 3.6 -> 0.2  S: 3.638e-02 -> 9.110e+00
    [5] tau=0.140h  Q: 0.2 -> 0.1  S: 9.110e+00 -> 5.878e+02
    [6] tau=2.138h  Q: 0.1 -> 2.4  S: 5.878e+02 -> 8.345e-02
    [7] tau=0.101h  Q: 2.4 -> 2.8  S: 8.345e-02 -> 1.539e+01
    [8] tau=5.101h  Q: 2.8 -> 9.6  S: 1.539e+01 -> 2.237e-01
    [9] tau=6.248h  Q: 9.6 -> 0.1  S: 2.237e-01 -> 9.274e+02
    [10] tau=2.401h  Q: 0.1 -> 0.0  S: 9.274e+02 -> 1.616e+03

============================================================
Summary: 10 changepoints detected and refined
============================================================
    #   tau_est   Q_minus    Q_plus     S_minus      S_plus
  ------------------------------------------------------------
    1     2.268       0.2       2.1    1.03e+03    3.28e-02
    2     0.002       2.1       0.1    3.28e-02    9.91e+02
    3     2.401       0.1       3.6    9.91e+02    3.64e-02
    4     0.043       3.6       0.2    3.64e-02    9.11e+00
    5     0.140       0.2       0.1    9.11e+00    5.88e+02
    6     2.138       0.1       2.4    5.88e+02    8.34e-02
    7     0.101       2.4       2.8    8.34e-02    1.54e+01
    8     5.101       2.8       9.6    1.54e+01    2.24e-01
    9     6.248       9.6       0.1    2.24e-01    9.27e+02
   10     2.401       0.1       0.0    9.27e+02    1.62e+03

  True Q at each detected changepoint:
    [1] tau=2.268h  Q_true before=165.9  Q_true after=165.9  |  estimated Q-=0.2  Q+=2.1
    [2] tau=0.002h  Q_true before=641.8  Q_true after=641.8  |  estimated Q-=2.1  Q+=0.1
    [3] tau=2.401h  Q_true before=165.9  Q_true after=165.9  |  estimated Q-=0.1  Q+=3.6
    [4] tau=0.043h  Q_true before=641.8  Q_true after=641.8  |  estimated Q-=3.6  Q+=0.2
    [5] tau=0.140h  Q_true before=641.8  Q_true after=641.8  |  estimated Q-=0.2  Q+=0.1
    [6] tau=2.138h  Q_true before=165.9  Q_true after=165.9  |  estimated Q-=0.1  Q+=2.4
    [7] tau=0.101h  Q_true before=641.8  Q_true after=641.8  |  estimated Q-=2.4  Q+=2.8
    [8] tau=5.101h  Q_true before=359.6  Q_true after=359.6  |  estimated Q-=2.8  Q+=9.6
    [9] tau=6.248h  Q_true before=550.7  Q_true after=550.7  |  estimated Q-=9.6  Q+=0.1
    [10] tau=2.401h  Q_true before=165.9  Q_true after=165.9  |  estimated Q-=0.1  Q+=0.0
Saved -> results\sensitivity_analysis\varying_Q_Q1_S0.1\raa_diagnostic.png
