Run started : 2026-05-24T20:12:09.685004
Input file  : C:\Users\Jenny\Desktop\HAB project\datasets\iaq_Q200_S0.20.csv

============================================================
  [7/24]  iaq_Q200_S0.20.csv
============================================================

File: datasets\iaq_Q200_S0.20.csv  |  True Q=200.0, True S_vol=0.2, True S=2.00e+05
 Epoch        Loss        Data        Phys         Q           S
------------------------------------------------------------
     1  1.0595e+00  1.0595e+00  0.0000e+00      1.00         1.0
   500  1.0144e-02  1.0144e-02  0.0000e+00      1.00         1.0
  1000  1.2294e-02  1.0165e-02  2.1450e+02      0.03     10795.5
  1500  1.0405e-02  1.0360e-02  2.2043e+00    190.02    190150.5
  2000  1.0126e-02  1.0094e-02  1.0522e+00    193.65    193744.1
  2500  1.0109e-02  1.0083e-02  6.3982e-01    195.28    195324.2
  3000  1.0096e-02  1.0078e-02  4.6978e-01    196.26    196265.3
  3500  1.0090e-02  1.0075e-02  3.9956e-01    196.83    196815.4
  4000  1.0088e-02  1.0073e-02  3.7450e-01    197.10    197090.8
  4500  1.0084e-02  1.0070e-02  3.5659e-01    197.34    197310.2
  5000  1.0082e-02  1.0068e-02  3.4815e-01    197.48    197449.5
  5500  1.0079e-02  1.0066e-02  3.4343e-01    197.59    197560.3
  6000  1.0077e-02  1.0063e-02  3.4117e-01    197.68    197648.7
  6500  1.0074e-02  1.0061e-02  3.4052e-01    197.75    197715.8
  7000  1.0073e-02  1.0059e-02  3.4080e-01    197.80    197765.2
  7500  1.0071e-02  1.0058e-02  3.4149e-01    197.84    197799.1
  8000  1.0070e-02  1.0056e-02  3.4242e-01    197.87    197825.5

Done.
  Estimated Q = 197.87  m^3/h
  Estimated S = 1.98e+05  ppm·m^3/h
  (S_vol implied = 0.1978  m^3 CO2/h)

Saved figure -> results\iaq_Q200_S0.20\diagnostic.png
