Run started : 2026-05-24T20:07:18.494128
Input file  : C:\Users\Jenny\Desktop\HAB project\datasets\iaq_Q100_S0.10.csv

============================================================
  [2/24]  iaq_Q100_S0.10.csv
============================================================

File: datasets\iaq_Q100_S0.10.csv  |  True Q=100.0, True S_vol=0.1, True S=1.00e+05
 Epoch        Loss        Data        Phys         Q           S
------------------------------------------------------------
     1  1.0087e+00  1.0087e+00  0.0000e+00      1.00         1.0
   500  5.9752e-03  5.9752e-03  0.0000e+00      1.00         1.0
  1000  7.0449e-03  5.9840e-03  5.8930e+01      0.03     11080.6
  1500  5.9850e-03  5.9687e-03  4.5403e-01     97.58     97684.8
  2000  7.8615e-03  7.8214e-03  5.6778e-01     97.76     97691.0
  2500  5.9934e-03  5.9705e-03  3.1985e-01     98.20     98265.2
  3000  5.9915e-03  5.9714e-03  2.7970e-01     98.39     98441.6
  3500  5.9903e-03  5.9718e-03  2.5799e-01     98.49     98538.6
  4000  5.9894e-03  5.9720e-03  2.4257e-01     98.57     98609.1
  4500  5.9887e-03  5.9720e-03  2.3152e-01     98.62     98660.4
  5000  5.9880e-03  5.9721e-03  2.2229e-01     98.67     98704.9
  5500  5.9875e-03  5.9720e-03  2.1535e-01     98.71     98738.4
  6000  5.9870e-03  5.9719e-03  2.0984e-01     98.74     98765.5
  6500  5.9866e-03  5.9719e-03  2.0550e-01     98.76     98787.1
  7000  5.9864e-03  5.9718e-03  2.0223e-01     98.78     98803.6
  7500  5.9861e-03  5.9718e-03  1.9983e-01     98.79     98815.1
  8000  5.9860e-03  5.9717e-03  1.9787e-01     98.80     98824.3

Done.
  Estimated Q = 98.80  m^3/h
  Estimated S = 9.88e+04  ppm·m^3/h
  (S_vol implied = 0.0988  m^3 CO2/h)

Saved figure -> results\iaq_Q100_S0.10\diagnostic.png
