Running: Q_init=50, S_init=100000.0, path=./data/datasets/varying_pinn_datasets/varying_Q.csv
RAA-PINN Pipeline
File: ./data/datasets/varying_pinn_datasets/varying_Q.csv
============================================================

Loaded 481 timepoints  (t = 0.00h to 8.00h)

--- Stage I: Sliding Window Scan ---
  window_size=20, sigma=1.5
  Auto prominence = 7.240e+08 (15% of max score)

  Detected 3 candidate changepoints:
    [1] peak at t=2.417h  -> interval [2.017h, 2.817h]
    [2] peak at t=3.933h  -> interval [3.533h, 4.333h]
    [3] peak at t=4.467h  -> interval [4.067h, 4.867h]

--- Stage II: Joint Refinement ---

  Changepoint 1/3

  Stage II — interval [2.017h, 2.817h]  (49 points)
 Epoch        Loss        Data        Phys       tau        Q-        Q+          S-          S+
---------------------------------------------------------------------------
     1  1.0073e+00  1.0073e+00  0.0000e+00     2.417      50.0      50.0    1.00e+05    1.00e+05
   500  3.4058e-02  3.3322e-02  3.3705e+00     2.487     129.5     479.9    9.06e+04    3.16e+04
  1000  2.5683e-02  2.4807e-02  2.4077e+00     2.512      61.9    1335.4    6.96e+04    2.13e+05
  1500  2.5056e-02  2.3679e-02  3.7874e+00     2.511      52.2    1324.1    6.69e+04    2.11e+05
  2000  2.4781e-02  2.3288e-02  4.1059e+00     2.511      50.2    1320.2    6.61e+04    2.10e+05
  2500  2.4667e-02  2.3111e-02  4.2799e+00     2.511      48.1    1318.8    6.54e+04    2.10e+05
  3000  2.4647e-02  2.3076e-02  4.3191e+00     2.511      47.5    1318.5    6.52e+04    2.10e+05

  Result:
    tau     = 2.5108 h
    Q_minus = 47.46  Q_plus = 1318.47  m^3/h
    S_minus = 6.515e+04  S_plus = 2.099e+05  ppm*m^3/h

  Changepoint 2/3

  Stage II — interval [3.533h, 4.333h]  (49 points)
 Epoch        Loss        Data        Phys       tau        Q-        Q+          S-          S+
---------------------------------------------------------------------------
     1  1.0765e+00  1.0765e+00  0.0000e+00     3.933      50.0      50.0    1.00e+05    1.00e+05
   500  6.5541e-02  6.4979e-02  1.0437e+00     3.979     239.7     270.6    3.08e+04    1.24e+05
  1000  6.4397e-02  6.2474e-02  2.1455e+00     3.976     170.8     309.9    1.94e+04    1.34e+05
  1500  6.4142e-02  6.2194e-02  2.1732e+00     3.976     123.0     309.6    1.27e+04    1.33e+05
  2000  6.4054e-02  6.2089e-02  2.1915e+00     3.976     102.1     305.6    9.61e+03    1.32e+05
  2500  6.3956e-02  6.1875e-02  2.3213e+00     3.976      92.4     306.7    8.15e+03    1.33e+05
  3000  6.3932e-02  6.1839e-02  2.3343e+00     3.976      87.3     307.0    7.39e+03    1.33e+05

  Result:
    tau     = 3.9756 h
    Q_minus = 87.34  Q_plus = 306.97  m^3/h
    S_minus = 7.385e+03  S_plus = 1.326e+05  ppm*m^3/h

  Changepoint 3/3

  Stage II — interval [4.067h, 4.867h]  (49 points)
 Epoch        Loss        Data        Phys       tau        Q-        Q+          S-          S+
---------------------------------------------------------------------------
     1  1.0455e+00  1.0455e+00  0.0000e+00     4.467      50.0      50.0    1.00e+05    1.00e+05
   500  1.1935e-01  1.1901e-01  9.3058e-01     4.490      73.6     221.2    6.23e+04    3.63e+04
  1000  1.0571e-01  1.0269e-01  4.9519e+00     4.500      23.4     486.6    4.78e+04    1.15e+05
  1500  1.0240e-01  9.7211e-02  8.5107e+00     4.506      10.1     754.7    4.41e+04    1.96e+05
  2000  1.0100e-01  9.4938e-02  9.9298e+00     4.506       6.9     759.8    4.32e+04    1.98e+05
  2500  1.0037e-01  9.3915e-02  1.0585e+01     4.506       5.6     756.9    4.28e+04    1.97e+05
  3000  1.0025e-01  9.3718e-02  1.0704e+01     4.506       5.0     755.6    4.26e+04    1.96e+05

  Result:
    tau     = 4.5059 h
    Q_minus = 5.02  Q_plus = 755.60  m^3/h
    S_minus = 4.260e+04  S_plus = 1.963e+05  ppm*m^3/h

============================================================
Summary
============================================================
    #   tau_est   Q_minus    Q_plus     S_minus      S_plus
  ------------------------------------------------------------
    1     2.511      47.5    1318.5    6.52e+04    2.10e+05
    2     3.976      87.3     307.0    7.39e+03    1.33e+05
    3     4.506       5.0     755.6    4.26e+04    1.96e+05

  True Q at each detected changepoint:
    [1] tau=2.511h  Q_true before=782.9  Q_true after=782.9  |  estimated Q-=47.5  Q+=1318.5
    [2] tau=3.976h  Q_true before=650.2  Q_true after=650.2  |  estimated Q-=87.3  Q+=307.0
    [3] tau=4.506h  Q_true before=415.3  Q_true after=415.3  |  estimated Q-=5.0  Q+=755.6

Saved interval plots -> results\sensitivity_analysis\varying_Q_Q50_S100000.0\iaq_raa_stage2_intervals_varying_Q.png
Saved -> results\sensitivity_analysis\varying_Q_Q50_S100000.0\raa_diagnostic.png
