Running: Q_init=400, S_init=0.1, path=./data/datasets/varying_pinn_datasets/varying_Q.csv
RAA-PINN Pipeline
File: ./data/datasets/varying_pinn_datasets/varying_Q.csv
============================================================

Loaded 481 timepoints  (t = 0.00h to 8.00h)

--- Stage I: Sliding Window Scan ---
  window_size=20, sigma=1.5
  Auto prominence = 2.413e+08 (15% of max score)

  Detected 10 candidate changepoints:
    [1] peak at t=0.400h  -> interval [0.000h, 0.800h]
    [2] peak at t=0.900h  -> interval [0.500h, 1.300h]
    [3] peak at t=1.300h  -> interval [0.900h, 1.700h]
    [4] peak at t=2.417h  -> interval [2.017h, 2.817h]
    [5] peak at t=3.050h  -> interval [2.650h, 3.450h]
    [6] peak at t=3.933h  -> interval [3.533h, 4.333h]
    [7] peak at t=4.467h  -> interval [4.067h, 4.867h]
    [8] peak at t=5.533h  -> interval [5.133h, 5.933h]
    [9] peak at t=6.967h  -> interval [6.567h, 7.367h]
    [10] peak at t=7.833h  -> interval [7.433h, 8.000h]

--- Stage II: Joint Refinement (One PINN) ---

  Stage II — full time domain [0.000h, 8.000h]  (481 points) with 10 changepoints
 Epoch        Loss        Data        Phys         tau(1st)        Q-        Q+          S-          S+
---------------------------------------------------------------------------
     1  9.9892e-01  9.9892e-01  0.0000e+00     0.400 (10cp)     400.0     400.0    1.00e-01    1.00e-01
   500  1.4610e-01  1.3644e-01  1.6127e+02     0.660 (10cp)      50.8     117.9    3.17e-01    2.07e-01
  1000  6.8340e-02  5.9096e-02  9.2631e+01     0.833 (10cp)      20.1     155.2    5.09e+03    6.08e-01
  1500  6.2885e-02  5.3668e-02  9.2371e+01     0.860 (10cp)      16.6     173.2    1.75e+04    2.05e+04
  2000  6.0484e-02  5.1695e-02  8.8082e+01     0.874 (10cp)      13.7     332.3    1.28e+04    4.37e+04
  2500  5.9743e-02  5.1004e-02  8.7577e+01     0.877 (10cp)      12.9     340.7    1.29e+04    4.57e+04
  3000  5.9597e-02  5.0864e-02  8.7517e+01     0.878 (10cp)      12.5     341.4    1.28e+04    4.59e+04

  Result: 10 changepoints optimized
    [1] tau=0.878h  Q: 12.5 -> 341.4  S: 1.285e+04 -> 4.591e+04
    [2] tau=2.496h  Q: 341.4 -> 803.9  S: 4.591e+04 -> 4.704e-02
    [3] tau=0.034h  Q: 803.9 -> 767.3  S: 4.704e-02 -> 2.018e-01
    [4] tau=3.977h  Q: 767.3 -> 423.6  S: 2.018e-01 -> 8.219e-02
    [5] tau=1.982h  Q: 423.6 -> 246.7  S: 8.219e-02 -> 4.123e+04
    [6] tau=4.386h  Q: 246.7 -> 329.5  S: 4.123e+04 -> 4.977e-02
    [7] tau=2.706h  Q: 329.5 -> 74.8  S: 4.977e-02 -> 8.067e+03
    [8] tau=7.964h  Q: 74.8 -> 177.6  S: 8.067e+03 -> 2.784e+01
    [9] tau=6.890h  Q: 177.6 -> 63.2  S: 2.784e+01 -> 2.293e-01
    [10] tau=7.972h  Q: 63.2 -> 11.1  S: 2.293e-01 -> 2.107e+04

============================================================
Summary: 10 changepoints detected and refined
============================================================
    #   tau_est   Q_minus    Q_plus     S_minus      S_plus
  ------------------------------------------------------------
    1     0.878      12.5     341.4    1.28e+04    4.59e+04
    2     2.496     341.4     803.9    4.59e+04    4.70e-02
    3     0.034     803.9     767.3    4.70e-02    2.02e-01
    4     3.977     767.3     423.6    2.02e-01    8.22e-02
    5     1.982     423.6     246.7    8.22e-02    4.12e+04
    6     4.386     246.7     329.5    4.12e+04    4.98e-02
    7     2.706     329.5      74.8    4.98e-02    8.07e+03
    8     7.964      74.8     177.6    8.07e+03    2.78e+01
    9     6.890     177.6      63.2    2.78e+01    2.29e-01
   10     7.972      63.2      11.1    2.29e-01    2.11e+04

  True Q at each detected changepoint:
    [1] tau=0.878h  Q_true before=407.2  Q_true after=407.2  |  estimated Q-=12.5  Q+=341.4
    [2] tau=2.496h  Q_true before=165.9  Q_true after=782.9  |  estimated Q-=341.4  Q+=803.9
    [3] tau=0.034h  Q_true before=641.8  Q_true after=641.8  |  estimated Q-=803.9  Q+=767.3
    [4] tau=3.977h  Q_true before=650.2  Q_true after=650.2  |  estimated Q-=767.3  Q+=423.6
    [5] tau=1.982h  Q_true before=588.2  Q_true after=588.2  |  estimated Q-=423.6  Q+=246.7
    [6] tau=4.386h  Q_true before=189.7  Q_true after=189.7  |  estimated Q-=246.7  Q+=329.5
    [7] tau=2.706h  Q_true before=782.9  Q_true after=782.9  |  estimated Q-=329.5  Q+=74.8
    [8] tau=7.964h  Q_true before=259.1  Q_true after=259.1  |  estimated Q-=74.8  Q+=177.6
    [9] tau=6.890h  Q_true before=675.9  Q_true after=675.9  |  estimated Q-=177.6  Q+=63.2
    [10] tau=7.972h  Q_true before=259.1  Q_true after=259.1  |  estimated Q-=63.2  Q+=11.1
Saved -> results\sensitivity_analysis\varying_Q_Q400_S0.1\raa_diagnostic.png
