Running: Q_init=100, S_init=0.05, path=./data/datasets/varying_pinn_datasets/varying_Q.csv
RAA-PINN Pipeline
File: ./data/datasets/varying_pinn_datasets/varying_Q.csv
============================================================

Loaded 481 timepoints  (t = 0.00h to 8.00h)

--- Stage I: Sliding Window Scan ---
  window_size=20, sigma=1.5
  Auto prominence = 2.413e+08 (15% of max score)

  Detected 10 candidate changepoints:
    [1] peak at t=0.400h  -> interval [0.000h, 0.800h]
    [2] peak at t=0.900h  -> interval [0.500h, 1.300h]
    [3] peak at t=1.300h  -> interval [0.900h, 1.700h]
    [4] peak at t=2.417h  -> interval [2.017h, 2.817h]
    [5] peak at t=3.050h  -> interval [2.650h, 3.450h]
    [6] peak at t=3.933h  -> interval [3.533h, 4.333h]
    [7] peak at t=4.467h  -> interval [4.067h, 4.867h]
    [8] peak at t=5.533h  -> interval [5.133h, 5.933h]
    [9] peak at t=6.967h  -> interval [6.567h, 7.367h]
    [10] peak at t=7.833h  -> interval [7.433h, 8.000h]

--- Stage II: Joint Refinement (One PINN) ---

  Stage II — full time domain [0.000h, 8.000h]  (481 points) with 10 changepoints
 Epoch        Loss        Data        Phys         tau(1st)        Q-        Q+          S-          S+
---------------------------------------------------------------------------
     1  1.0709e+00  1.0709e+00  0.0000e+00     0.400 (10cp)     100.0     100.0    5.00e-02    5.00e-02
   500  6.1675e-01  6.0557e-01  1.2260e+01     0.821 (10cp)      17.1      98.5    1.20e+00    3.71e-02
  1000  2.1857e-01  1.6675e-01  3.4095e+01     0.449 (10cp)      12.8      82.2    7.44e+03    2.81e-02
  1500  1.4905e-01  1.1292e-01  2.3770e+01     0.570 (10cp)      13.4     107.9    2.65e+03    2.58e-02
  2000  1.3894e-01  1.0647e-01  2.1361e+01     0.611 (10cp)      13.5      73.7    6.48e+03    2.68e-02
  2500  1.3618e-01  1.0575e-01  2.0021e+01     0.622 (10cp)      13.8      60.3    8.15e+03    2.73e-02
  3000  1.3569e-01  1.0562e-01  1.9786e+01     0.624 (10cp)      13.8      57.3    8.55e+03    2.75e-02

  Result: 10 changepoints optimized
    [1] tau=0.624h  Q: 13.8 -> 57.3  S: 8.553e+03 -> 2.746e-02
    [2] tau=0.015h  Q: 57.3 -> 11.2  S: 2.746e-02 -> 3.564e-02
    [3] tau=2.436h  Q: 11.2 -> 496.6  S: 3.564e-02 -> 9.635e-02
    [4] tau=4.035h  Q: 496.6 -> 770.4  S: 9.635e-02 -> 7.356e+04
    [5] tau=0.612h  Q: 770.4 -> 341.5  S: 7.356e+04 -> 2.305e-02
    [6] tau=4.338h  Q: 341.5 -> 603.9  S: 2.305e-02 -> 8.708e-03
    [7] tau=2.736h  Q: 603.9 -> 43.7  S: 8.708e-03 -> 1.254e-02
    [8] tau=7.968h  Q: 43.7 -> 211.8  S: 1.254e-02 -> 2.136e+04
    [9] tau=6.091h  Q: 211.8 -> 14.7  S: 2.136e+04 -> 2.440e-01
    [10] tau=7.987h  Q: 14.7 -> 2.8  S: 2.440e-01 -> 3.333e+04

============================================================
Summary: 10 changepoints detected and refined
============================================================
    #   tau_est   Q_minus    Q_plus     S_minus      S_plus
  ------------------------------------------------------------
    1     0.624      13.8      57.3    8.55e+03    2.75e-02
    2     0.015      57.3      11.2    2.75e-02    3.56e-02
    3     2.436      11.2     496.6    3.56e-02    9.63e-02
    4     4.035     496.6     770.4    9.63e-02    7.36e+04
    5     0.612     770.4     341.5    7.36e+04    2.30e-02
    6     4.338     341.5     603.9    2.30e-02    8.71e-03
    7     2.736     603.9      43.7    8.71e-03    1.25e-02
    8     7.968      43.7     211.8    1.25e-02    2.14e+04
    9     6.091     211.8      14.7    2.14e+04    2.44e-01
   10     7.987      14.7       2.8    2.44e-01    3.33e+04

  True Q at each detected changepoint:
    [1] tau=0.624h  Q_true before=407.2  Q_true after=407.2  |  estimated Q-=13.8  Q+=57.3
    [2] tau=0.015h  Q_true before=641.8  Q_true after=641.8  |  estimated Q-=57.3  Q+=11.2
    [3] tau=2.436h  Q_true before=165.9  Q_true after=165.9  |  estimated Q-=11.2  Q+=496.6
    [4] tau=4.035h  Q_true before=189.7  Q_true after=189.7  |  estimated Q-=496.6  Q+=770.4
    [5] tau=0.612h  Q_true before=407.2  Q_true after=407.2  |  estimated Q-=770.4  Q+=341.5
    [6] tau=4.338h  Q_true before=189.7  Q_true after=189.7  |  estimated Q-=341.5  Q+=603.9
    [7] tau=2.736h  Q_true before=782.9  Q_true after=782.9  |  estimated Q-=603.9  Q+=43.7
    [8] tau=7.968h  Q_true before=259.1  Q_true after=259.1  |  estimated Q-=43.7  Q+=211.8
    [9] tau=6.091h  Q_true before=550.7  Q_true after=550.7  |  estimated Q-=211.8  Q+=14.7
    [10] tau=7.987h  Q_true before=259.1  Q_true after=259.1  |  estimated Q-=14.7  Q+=2.8
Saved -> results\sensitivity_analysis\varying_Q_Q100_S0.05\raa_diagnostic.png
