Running: Q_init=400, S_init=0.05, path=./data/datasets/varying_pinn_datasets/varying_S.csv
RAA-PINN Pipeline
File: ./data/datasets/varying_pinn_datasets/varying_S.csv
============================================================

Loaded 481 timepoints  (t = 0.00h to 8.00h)

--- Stage I: Sliding Window Scan ---
  window_size=20, sigma=1.5
  Auto prominence = 3.774e+08 (15% of max score)

  Detected 11 candidate changepoints:
    [1] peak at t=0.500h  -> interval [0.100h, 0.900h]
    [2] peak at t=0.933h  -> interval [0.533h, 1.333h]
    [3] peak at t=1.483h  -> interval [1.083h, 1.883h]
    [4] peak at t=2.400h  -> interval [2.000h, 2.800h]
    [5] peak at t=2.950h  -> interval [2.550h, 3.350h]
    [6] peak at t=4.000h  -> interval [3.600h, 4.400h]
    [7] peak at t=4.533h  -> interval [4.133h, 4.933h]
    [8] peak at t=5.083h  -> interval [4.683h, 5.483h]
    [9] peak at t=5.533h  -> interval [5.133h, 5.933h]
    [10] peak at t=6.483h  -> interval [6.083h, 6.883h]
    [11] peak at t=7.800h  -> interval [7.400h, 8.000h]

--- Stage II: Joint Refinement (One PINN) ---

  Stage II — full time domain [0.000h, 8.000h]  (481 points) with 11 changepoints
 Epoch        Loss        Data        Phys         tau(1st)        Q-        Q+          S-          S+
---------------------------------------------------------------------------
     1  1.0014e+00  1.0014e+00  0.0000e+00     0.500 (11cp)     400.0     400.0    5.00e-02    5.00e-02
   500  3.9368e-02  3.8967e-02  5.0370e+01     0.929 (11cp)      43.5     192.4    5.09e-02    5.02e-02
  1000  2.1326e-02  2.0423e-02  6.8066e+01     1.011 (11cp)      31.6     127.7    5.12e-02    5.03e-02
  1500  6.9133e-03  5.4549e-03  1.0996e+02     1.287 (11cp)      21.4     147.9    5.35e-02    5.04e-02
  2000  6.2906e-03  4.7896e-03  1.1317e+02     1.269 (11cp)      17.7     157.8    5.53e-02    5.04e-02
  2500  6.0850e-03  4.5783e-03  1.1360e+02     1.265 (11cp)      16.0     159.5    5.64e-02    5.04e-02
  3000  6.0457e-03  4.5385e-03  1.1365e+02     1.264 (11cp)      15.0     159.5    5.69e-02    5.04e-02

  Result: 11 changepoints optimized
    [1] tau=1.264h  Q: 15.0 -> 159.5  S: 5.690e-02 -> 5.039e-02
    [2] tau=1.458h  Q: 159.5 -> 246.8  S: 5.039e-02 -> 4.634e-02
    [3] tau=0.005h  Q: 246.8 -> 198.3  S: 4.634e-02 -> 5.425e-02
    [4] tau=3.832h  Q: 198.3 -> 392.4  S: 5.425e-02 -> 5.094e-02
    [5] tau=0.988h  Q: 392.4 -> 177.5  S: 5.094e-02 -> 4.996e-02
    [6] tau=4.418h  Q: 177.5 -> 246.9  S: 4.996e-02 -> 5.011e-02
    [7] tau=6.246h  Q: 246.9 -> 348.1  S: 5.011e-02 -> 5.006e-02
    [8] tau=3.832h  Q: 348.1 -> 175.5  S: 5.006e-02 -> 5.918e-02
    [9] tau=7.965h  Q: 175.5 -> 376.0  S: 5.918e-02 -> 4.346e-02
    [10] tau=6.246h  Q: 376.0 -> 140.3  S: 4.346e-02 -> 6.060e-02
    [11] tau=7.958h  Q: 140.3 -> 12.0  S: 6.060e-02 -> 5.538e-02

============================================================
Summary: 11 changepoints detected and refined
============================================================
    #   tau_est   Q_minus    Q_plus     S_minus      S_plus
  ------------------------------------------------------------
    1     1.264      15.0     159.5    5.69e-02    5.04e-02
    2     1.458     159.5     246.8    5.04e-02    4.63e-02
    3     0.005     246.8     198.3    4.63e-02    5.42e-02
    4     3.832     198.3     392.4    5.42e-02    5.09e-02
    5     0.988     392.4     177.5    5.09e-02    5.00e-02
    6     4.418     177.5     246.9    5.00e-02    5.01e-02
    7     6.246     246.9     348.1    5.01e-02    5.01e-02
    8     3.832     348.1     175.5    5.01e-02    5.92e-02
    9     7.965     175.5     376.0    5.92e-02    4.35e-02
   10     6.246     376.0     140.3    4.35e-02    6.06e-02
   11     7.958     140.3      12.0    6.06e-02    5.54e-02

  True Q at each detected changepoint:
    [1] tau=1.264h  Q_true before=200.0  Q_true after=200.0  |  estimated Q-=15.0  Q+=159.5
    [2] tau=1.458h  Q_true before=200.0  Q_true after=200.0  |  estimated Q-=159.5  Q+=246.8
    [3] tau=0.005h  Q_true before=200.0  Q_true after=200.0  |  estimated Q-=246.8  Q+=198.3
    [4] tau=3.832h  Q_true before=200.0  Q_true after=200.0  |  estimated Q-=198.3  Q+=392.4
    [5] tau=0.988h  Q_true before=200.0  Q_true after=200.0  |  estimated Q-=392.4  Q+=177.5
    [6] tau=4.418h  Q_true before=200.0  Q_true after=200.0  |  estimated Q-=177.5  Q+=246.9
    [7] tau=6.246h  Q_true before=200.0  Q_true after=200.0  |  estimated Q-=246.9  Q+=348.1
    [8] tau=3.832h  Q_true before=200.0  Q_true after=200.0  |  estimated Q-=348.1  Q+=175.5
    [9] tau=7.965h  Q_true before=200.0  Q_true after=200.0  |  estimated Q-=175.5  Q+=376.0
    [10] tau=6.246h  Q_true before=200.0  Q_true after=200.0  |  estimated Q-=376.0  Q+=140.3
    [11] tau=7.958h  Q_true before=200.0  Q_true after=200.0  |  estimated Q-=140.3  Q+=12.0
Saved -> results\sensitivity_analysis\varying_S_Q400_S0.05\raa_diagnostic.png
