Running: Q_init=1, S_init=0.3, path=./data/datasets/varying_pinn_datasets/varying_Q.csv
RAA-PINN Pipeline
File: ./data/datasets/varying_pinn_datasets/varying_Q.csv
============================================================

Loaded 481 timepoints  (t = 0.00h to 8.00h)

--- Stage I: Sliding Window Scan ---
  window_size=20, sigma=1.5
  Auto prominence = 2.413e+08 (15% of max score)

  Detected 10 candidate changepoints:
    [1] peak at t=0.400h  -> interval [0.000h, 0.800h]
    [2] peak at t=0.900h  -> interval [0.500h, 1.300h]
    [3] peak at t=1.300h  -> interval [0.900h, 1.700h]
    [4] peak at t=2.417h  -> interval [2.017h, 2.817h]
    [5] peak at t=3.050h  -> interval [2.650h, 3.450h]
    [6] peak at t=3.933h  -> interval [3.533h, 4.333h]
    [7] peak at t=4.467h  -> interval [4.067h, 4.867h]
    [8] peak at t=5.533h  -> interval [5.133h, 5.933h]
    [9] peak at t=6.967h  -> interval [6.567h, 7.367h]
    [10] peak at t=7.833h  -> interval [7.433h, 8.000h]

--- Stage II: Joint Refinement (One PINN) ---

  Stage II — full time domain [0.000h, 8.000h]  (481 points) with 10 changepoints
 Epoch        Loss        Data        Phys         tau(1st)        Q-        Q+          S-          S+
---------------------------------------------------------------------------
     1  1.0672e+00  1.0672e+00  0.0000e+00     0.400 (10cp)       1.0       1.0    3.00e-01    3.00e-01
   500  8.9859e-01  8.7720e-01  1.1490e-01     4.711 (10cp)       0.1       5.6    1.20e+01    9.45e-02
  1000  7.9166e-01  7.3873e-01  1.7052e-01     5.376 (10cp)       0.1       3.5    1.28e+03    8.37e-02
  1500  7.5561e-01  6.9970e-01  1.8016e-01     5.428 (10cp)       0.1       3.9    2.42e+03    8.54e-02
  2000  7.3383e-01  6.7823e-01  1.7914e-01     5.456 (10cp)       0.1       4.5    2.69e+03    8.76e-02
  2500  7.0790e-01  6.7002e-01  1.2206e-01     5.247 (10cp)       0.1       4.4    2.17e+03    1.01e-01
  3000  6.9306e-01  6.6677e-01  8.4695e-02     5.190 (10cp)       0.1       5.0    1.88e+03    1.15e-01

  Result: 10 changepoints optimized
    [1] tau=5.190h  Q: 0.1 -> 5.0  S: 1.885e+03 -> 1.155e-01
    [2] tau=0.001h  Q: 5.0 -> 0.1  S: 1.155e-01 -> 1.021e+03
    [3] tau=5.003h  Q: 0.1 -> 11.7  S: 1.021e+03 -> 3.127e-01
    [4] tau=0.609h  Q: 11.7 -> 16.5  S: 3.127e-01 -> 6.526e-01
    [5] tau=0.861h  Q: 16.5 -> 20.4  S: 6.526e-01 -> 9.933e+00
    [6] tau=4.835h  Q: 20.4 -> 34.2  S: 9.933e+00 -> 9.053e-01
    [7] tau=8.000h  Q: 34.2 -> 69.0  S: 9.053e-01 -> 3.365e+03
    [8] tau=6.641h  Q: 69.0 -> 0.0  S: 3.365e+03 -> 1.139e+02
    [9] tau=8.000h  Q: 0.0 -> 8.0  S: 1.139e+02 -> 5.646e+03
    [10] tau=6.488h  Q: 8.0 -> 0.0  S: 5.646e+03 -> 1.055e+04

============================================================
Summary: 10 changepoints detected and refined
============================================================
    #   tau_est   Q_minus    Q_plus     S_minus      S_plus
  ------------------------------------------------------------
    1     5.190       0.1       5.0    1.88e+03    1.15e-01
    2     0.001       5.0       0.1    1.15e-01    1.02e+03
    3     5.003       0.1      11.7    1.02e+03    3.13e-01
    4     0.609      11.7      16.5    3.13e-01    6.53e-01
    5     0.861      16.5      20.4    6.53e-01    9.93e+00
    6     4.835      20.4      34.2    9.93e+00    9.05e-01
    7     8.000      34.2      69.0    9.05e-01    3.37e+03
    8     6.641      69.0       0.0    3.37e+03    1.14e+02
    9     8.000       0.0       8.0    1.14e+02    5.65e+03
   10     6.488       8.0       0.0    5.65e+03    1.06e+04

  True Q at each detected changepoint:
    [1] tau=5.190h  Q_true before=359.6  Q_true after=359.6  |  estimated Q-=0.1  Q+=5.0
    [2] tau=0.001h  Q_true before=641.8  Q_true after=641.8  |  estimated Q-=5.0  Q+=0.1
    [3] tau=5.003h  Q_true before=359.6  Q_true after=359.6  |  estimated Q-=0.1  Q+=11.7
    [4] tau=0.609h  Q_true before=407.2  Q_true after=407.2  |  estimated Q-=11.7  Q+=16.5
    [5] tau=0.861h  Q_true before=407.2  Q_true after=407.2  |  estimated Q-=16.5  Q+=20.4
    [6] tau=4.835h  Q_true before=415.3  Q_true after=415.3  |  estimated Q-=20.4  Q+=34.2
    [7] tau=8.000h  Q_true before=259.1  Q_true after=259.1  |  estimated Q-=34.2  Q+=69.0
    [8] tau=6.641h  Q_true before=675.9  Q_true after=675.9  |  estimated Q-=69.0  Q+=0.0
    [9] tau=8.000h  Q_true before=259.1  Q_true after=259.1  |  estimated Q-=0.0  Q+=8.0
    [10] tau=6.488h  Q_true before=550.7  Q_true after=675.9  |  estimated Q-=8.0  Q+=0.0
Saved -> results\sensitivity_analysis\varying_Q_Q1_S0.3\raa_diagnostic.png
