Run started : 2026-05-24T20:10:15.273516
Input file  : C:\Users\Jenny\Desktop\HAB project\datasets\iaq_Q200_S0.05.csv

============================================================
  [5/24]  iaq_Q200_S0.05.csv
============================================================

File: datasets\iaq_Q200_S0.05.csv  |  True Q=200.0, True S_vol=0.05, True S=5.00e+04
 Epoch        Loss        Data        Phys         Q           S
------------------------------------------------------------
     1  1.0216e+00  1.0216e+00  0.0000e+00      1.00         1.0
   500  2.3128e-01  2.3128e-01  0.0000e+00      1.00         1.0
  1000  2.7019e-01  2.3786e-01  1.0343e+02      0.10      1759.7
  1500  2.3287e-01  2.3204e-01  1.3687e+00    200.68     50052.5
  2000  2.3290e-01  2.3209e-01  8.7751e-01    205.24     51155.9
  2500  2.3288e-01  2.3201e-01  7.1502e-01    206.20     51367.8
  3000  2.3277e-01  2.3183e-01  7.7357e-01    207.06     51581.6
  3500  2.3275e-01  2.3179e-01  7.8972e-01    207.08     51582.7
  4000  2.3272e-01  2.3175e-01  7.9802e-01    207.05     51569.3
  4500  2.3268e-01  2.3169e-01  8.1322e-01    207.11     51586.9
  5000  2.3261e-01  2.3160e-01  8.3290e-01    207.13     51590.3
  5500  2.3250e-01  2.3145e-01  8.6583e-01    207.18     51599.4
  6000  2.3238e-01  2.3125e-01  9.3015e-01    207.25     51612.7
  6500  2.3229e-01  2.3108e-01  9.8890e-01    207.30     51621.4
  7000  2.3217e-01  2.3088e-01  1.0613e+00    207.29     51619.5
  7500  2.3210e-01  2.3075e-01  1.1160e+00    207.30     51619.5
  8000  2.3203e-01  2.3063e-01  1.1569e+00    207.30     51619.5

Done.
  Estimated Q = 207.30  m^3/h
  Estimated S = 5.16e+04  ppm·m^3/h
  (S_vol implied = 0.0516  m^3 CO2/h)

Saved figure -> results\iaq_Q200_S0.05\diagnostic.png
