Running: Q_init=100, S_init=10000.0, path=./data/datasets/varying_pinn_datasets/varying_Q.csv
RAA-PINN Pipeline
File: ./data/datasets/varying_pinn_datasets/varying_Q.csv
============================================================

Loaded 481 timepoints  (t = 0.00h to 8.00h)

--- Stage I: Sliding Window Scan ---
  window_size=20, sigma=1.5
  Auto prominence = 7.240e+08 (15% of max score)

  Detected 3 candidate changepoints:
    [1] peak at t=2.417h  -> interval [2.017h, 2.817h]
    [2] peak at t=3.933h  -> interval [3.533h, 4.333h]
    [3] peak at t=4.467h  -> interval [4.067h, 4.867h]

--- Stage II: Joint Refinement ---

  Changepoint 1/3

  Stage II — interval [2.017h, 2.817h]  (49 points)
 Epoch        Loss        Data        Phys       tau        Q-        Q+          S-          S+
---------------------------------------------------------------------------
     1  1.1646e+00  1.1646e+00  0.0000e+00     2.417     100.0     100.0    1.00e+04    1.00e+04
   500  3.6161e-02  3.4709e-02  2.3816e+00     2.487      32.4     598.2    6.13e+04    6.18e+04
  1000  2.8114e-02  2.7262e-02  8.3819e-01     2.515     116.4    1332.0    8.58e+04    2.11e+05
  1500  2.7413e-02  2.6123e-02  1.2697e+00     2.513      93.7    1334.4    7.92e+04    2.13e+05
  2000  2.7222e-02  2.5748e-02  1.4512e+00     2.513      84.5    1329.7    7.63e+04    2.12e+05
  2500  2.7156e-02  2.5611e-02  1.5212e+00     2.513      80.6    1326.0    7.51e+04    2.11e+05
  3000  2.7144e-02  2.5585e-02  1.5350e+00     2.513      79.3    1325.1    7.47e+04    2.11e+05

  Result:
    tau     = 2.5125 h
    Q_minus = 79.31  Q_plus = 1325.06  m^3/h
    S_minus = 7.470e+04  S_plus = 2.110e+05  ppm*m^3/h

  Changepoint 2/3

  Stage II — interval [3.533h, 4.333h]  (49 points)
 Epoch        Loss        Data        Phys       tau        Q-        Q+          S-          S+
---------------------------------------------------------------------------
     1  9.7319e-01  9.7319e-01  0.0000e+00     3.933     100.0     100.0    1.00e+04    1.00e+04
   500  6.8361e-02  6.6744e-02  9.4394e-01     3.964      37.0      35.3    5.92e+02    6.29e+04
  1000  6.6591e-02  6.4507e-02  7.3010e-01     3.978      38.5     292.0    5.68e+01    1.28e+05
  1500  6.6339e-02  6.3985e-02  8.2495e-01     3.978      36.3     290.9    2.57e+01    1.28e+05
  2000  6.6128e-02  6.3594e-02  8.8774e-01     3.978      36.1     291.2    1.72e+01    1.28e+05
  2500  6.5990e-02  6.3357e-02  9.2253e-01     3.978      36.6     292.1    1.39e+01    1.28e+05
  3000  6.5961e-02  6.3310e-02  9.2896e-01     3.978      36.7     292.4    1.23e+01    1.28e+05

  Result:
    tau     = 3.9777 h
    Q_minus = 36.70  Q_plus = 292.37  m^3/h
    S_minus = 1.232e+01  S_plus = 1.283e+05  ppm*m^3/h

  Changepoint 3/3

  Stage II — interval [4.067h, 4.867h]  (49 points)
 Epoch        Loss        Data        Phys       tau        Q-        Q+          S-          S+
---------------------------------------------------------------------------
     1  1.0505e+00  1.0505e+00  0.0000e+00     4.467     100.0     100.0    1.00e+04    1.00e+04
   500  1.1630e-01  1.1524e-01  7.0314e-01     4.502      31.3     529.3    4.93e+04    1.28e+05
  1000  1.1124e-01  1.0742e-01  1.5147e+00     4.505      29.7     664.8    4.96e+04    1.69e+05
  1500  1.1022e-01  1.0556e-01  1.8469e+00     4.505      29.0     672.0    4.95e+04    1.71e+05
  2000  1.0989e-01  1.0490e-01  1.9796e+00     4.505      28.4     667.4    4.93e+04    1.70e+05
  2500  1.0982e-01  1.0471e-01  2.0255e+00     4.505      28.0     664.5    4.92e+04    1.69e+05
  3000  1.0982e-01  1.0469e-01  2.0334e+00     4.505      27.9     663.9    4.91e+04    1.69e+05

  Result:
    tau     = 4.5054 h
    Q_minus = 27.86  Q_plus = 663.87  m^3/h
    S_minus = 4.912e+04  S_plus = 1.686e+05  ppm*m^3/h

============================================================
Summary
============================================================
    #   tau_est   Q_minus    Q_plus     S_minus      S_plus
  ------------------------------------------------------------
    1     2.513      79.3    1325.1    7.47e+04    2.11e+05
    2     3.978      36.7     292.4    1.23e+01    1.28e+05
    3     4.505      27.9     663.9    4.91e+04    1.69e+05

  True Q at each detected changepoint:
    [1] tau=2.513h  Q_true before=782.9  Q_true after=782.9  |  estimated Q-=79.3  Q+=1325.1
    [2] tau=3.978h  Q_true before=650.2  Q_true after=650.2  |  estimated Q-=36.7  Q+=292.4
    [3] tau=4.505h  Q_true before=415.3  Q_true after=415.3  |  estimated Q-=27.9  Q+=663.9

Saved interval plots -> results\sensitivity_analysis\varying_Q_Q100_S10000.0\iaq_raa_stage2_intervals_varying_Q.png
Saved -> results\sensitivity_analysis\varying_Q_Q100_S10000.0\raa_diagnostic.png
