Running: Q_init=1, S_init=200000.0, path=./data/datasets/varying_pinn_datasets/varying_S.csv
RAA-PINN Pipeline
File: ./data/datasets/varying_pinn_datasets/varying_S.csv
============================================================

Loaded 481 timepoints  (t = 0.00h to 8.00h)

--- Stage I: Sliding Window Scan ---
  window_size=20, sigma=1.5
  Auto prominence = 1.132e+09 (15% of max score)

  Detected 6 candidate changepoints:
    [1] peak at t=0.500h  -> interval [0.100h, 0.900h]
    [2] peak at t=0.933h  -> interval [0.533h, 1.333h]
    [3] peak at t=2.400h  -> interval [2.000h, 2.800h]
    [4] peak at t=2.950h  -> interval [2.550h, 3.350h]
    [5] peak at t=4.533h  -> interval [4.133h, 4.933h]
    [6] peak at t=6.483h  -> interval [6.083h, 6.883h]

--- Stage II: Joint Refinement (One PINN) ---

  Stage II — full time domain [0.000h, 8.000h]  (481 points) with 6 changepoints
 Epoch        Loss        Data        Phys         tau(1st)        Q-        Q+          S-          S+
---------------------------------------------------------------------------
     1  1.0143e+00  1.0143e+00  0.0000e+00     0.500 (6cp)       1.0       1.0    2.00e+05    2.00e+05
   500  4.6394e-02  4.5779e-02  1.9263e+01     0.043 (6cp)      39.3       7.0    4.99e+04    4.14e+04
  1000  2.4458e-02  2.2198e-02  4.2428e+01     1.032 (6cp)      42.8       0.9    4.12e+04    6.98e+04
  1500  8.9714e-03  5.4706e-03  6.5738e+01     1.040 (6cp)     380.3       0.8    1.84e+05    1.40e+05
  2000  8.6747e-03  5.1049e-03  6.7035e+01     1.038 (6cp)     381.4       0.8    1.85e+05    1.41e+05
  2500  8.5902e-03  4.9910e-03  6.7587e+01     1.037 (6cp)     381.1       0.8    1.84e+05    1.40e+05
  3000  8.5752e-03  4.9708e-03  6.7685e+01     1.037 (6cp)     380.9       0.8    1.84e+05    1.40e+05

  Result: 6 changepoints optimized
    [1] tau=1.037h  Q: 380.9 -> 0.8  S: 1.842e+05 -> 1.403e+05
    [2] tau=1.494h  Q: 0.8 -> 1.1  S: 1.403e+05 -> 8.634e+04
    [3] tau=4.861h  Q: 1.1 -> 17.2  S: 8.634e+04 -> 2.164e+05
    [4] tau=1.322h  Q: 17.2 -> 1.5  S: 2.164e+05 -> 1.264e+05
    [5] tau=6.303h  Q: 1.5 -> 96.9  S: 1.264e+05 -> 2.767e+05
    [6] tau=4.401h  Q: 96.9 -> 22.1  S: 2.767e+05 -> 7.756e+04

============================================================
Summary: 6 changepoints detected and refined
============================================================
    #   tau_est   Q_minus    Q_plus     S_minus      S_plus
  ------------------------------------------------------------
    1     1.037     380.9       0.8    1.84e+05    1.40e+05
    2     1.494       0.8       1.1    1.40e+05    8.63e+04
    3     4.861       1.1      17.2    8.63e+04    2.16e+05
    4     1.322      17.2       1.5    2.16e+05    1.26e+05
    5     6.303       1.5      96.9    1.26e+05    2.77e+05
    6     4.401      96.9      22.1    2.77e+05    7.76e+04

  True Q at each detected changepoint:
    [1] tau=1.037h  Q_true before=200.0  Q_true after=200.0  |  estimated Q-=380.9  Q+=0.8
    [2] tau=1.494h  Q_true before=200.0  Q_true after=200.0  |  estimated Q-=0.8  Q+=1.1
    [3] tau=4.861h  Q_true before=200.0  Q_true after=200.0  |  estimated Q-=1.1  Q+=17.2
    [4] tau=1.322h  Q_true before=200.0  Q_true after=200.0  |  estimated Q-=17.2  Q+=1.5
    [5] tau=6.303h  Q_true before=200.0  Q_true after=200.0  |  estimated Q-=1.5  Q+=96.9
    [6] tau=4.401h  Q_true before=200.0  Q_true after=200.0  |  estimated Q-=96.9  Q+=22.1
Saved -> results\sensitivity_analysis\varying_S_Q1_S200000.0\raa_diagnostic.png
