Running: Q_init=50, S_init=200000.0, path=./data/datasets/varying_pinn_datasets/varying_Q.csv
RAA-PINN Pipeline
File: ./data/datasets/varying_pinn_datasets/varying_Q.csv
============================================================

Loaded 481 timepoints  (t = 0.00h to 8.00h)

--- Stage I: Sliding Window Scan ---
  window_size=20, sigma=1.5
  Auto prominence = 7.240e+08 (15% of max score)

  Detected 3 candidate changepoints:
    [1] peak at t=2.417h  -> interval [2.017h, 2.817h]
    [2] peak at t=3.933h  -> interval [3.533h, 4.333h]
    [3] peak at t=4.467h  -> interval [4.067h, 4.867h]

--- Stage II: Joint Refinement ---

  Changepoint 1/3

  Stage II — interval [2.017h, 2.817h]  (49 points)
 Epoch        Loss        Data        Phys       tau        Q-        Q+          S-          S+
---------------------------------------------------------------------------
     1  1.0175e+00  1.0175e+00  0.0000e+00     2.417      50.0      50.0    2.00e+05    2.00e+05
   500  3.2506e-02  3.2304e-02  3.0744e+00     2.492     128.0     570.4    9.02e+04    5.22e+04
  1000  2.6450e-02  2.6258e-02  1.7579e+00     2.511      74.9    1276.7    7.32e+04    2.01e+05
  1500  2.4987e-02  2.4631e-02  3.2538e+00     2.511      49.1    1327.9    6.57e+04    2.12e+05
  2000  2.4217e-02  2.3697e-02  4.7429e+00     2.510      35.5    1320.9    6.17e+04    2.11e+05
  2500  2.3875e-02  2.3259e-02  5.6206e+00     2.509      29.9    1315.3    6.00e+04    2.09e+05
  3000  2.3805e-02  2.3169e-02  5.8136e+00     2.509      27.4    1313.5    5.92e+04    2.09e+05

  Result:
    tau     = 2.5093 h
    Q_minus = 27.35  Q_plus = 1313.55  m^3/h
    S_minus = 5.924e+04  S_plus = 2.091e+05  ppm*m^3/h

  Changepoint 2/3

  Stage II — interval [3.533h, 4.333h]  (49 points)
 Epoch        Loss        Data        Phys       tau        Q-        Q+          S-          S+
---------------------------------------------------------------------------
     1  9.8811e-01  9.8811e-01  0.0000e+00     3.933      50.0      50.0    2.00e+05    2.00e+05
   500  6.5997e-02  6.5844e-02  1.4092e+00     3.969     414.3      84.6    5.76e+04    7.43e+04
  1000  6.2322e-02  6.1577e-02  4.1282e+00     3.974     313.9     295.6    4.07e+04    1.30e+05
  1500  6.2101e-02  6.1300e-02  4.4372e+00     3.974     230.6     319.0    2.81e+04    1.36e+05
  2000  6.1832e-02  6.1011e-02  4.5476e+00     3.974     187.5     318.1    2.19e+04    1.36e+05
  2500  6.1650e-02  6.0823e-02  4.5799e+00     3.974     166.3     316.1    1.89e+04    1.35e+05
  3000  6.1604e-02  6.0776e-02  4.5912e+00     3.974     155.5     315.5    1.72e+04    1.35e+05

  Result:
    tau     = 3.9736 h
    Q_minus = 155.53  Q_plus = 315.49  m^3/h
    S_minus = 1.725e+04  S_plus = 1.353e+05  ppm*m^3/h

  Changepoint 3/3

  Stage II — interval [4.067h, 4.867h]  (49 points)
 Epoch        Loss        Data        Phys       tau        Q-        Q+          S-          S+
---------------------------------------------------------------------------
     1  1.0677e+00  1.0677e+00  0.0000e+00     4.467      50.0      50.0    2.00e+05    2.00e+05
   500  1.1561e-01  1.1545e-01  1.9789e+00     4.499     138.8     318.3    8.15e+04    6.46e+04
  1000  9.6579e-02  9.4475e-02  1.5819e+01     4.501      67.8     486.5    6.14e+04    1.15e+05
  1500  8.9006e-02  8.4541e-02  3.3569e+01     4.507      37.4     801.3    5.27e+04    2.09e+05
  2000  8.6605e-02  8.0751e-02  4.4019e+01     4.508      26.0     827.4    4.91e+04    2.17e+05
  2500  8.5483e-02  7.9059e-02  4.8304e+01     4.508      21.3     830.3    4.76e+04    2.18e+05
  3000  8.5245e-02  7.8708e-02  4.9151e+01     4.508      19.1     831.5    4.69e+04    2.18e+05

  Result:
    tau     = 4.5079 h
    Q_minus = 19.09  Q_plus = 831.51  m^3/h
    S_minus = 4.693e+04  S_plus = 2.182e+05  ppm*m^3/h

============================================================
Summary
============================================================
    #   tau_est   Q_minus    Q_plus     S_minus      S_plus
  ------------------------------------------------------------
    1     2.509      27.4    1313.5    5.92e+04    2.09e+05
    2     3.974     155.5     315.5    1.72e+04    1.35e+05
    3     4.508      19.1     831.5    4.69e+04    2.18e+05

  True Q at each detected changepoint:
    [1] tau=2.509h  Q_true before=782.9  Q_true after=782.9  |  estimated Q-=27.4  Q+=1313.5
    [2] tau=3.974h  Q_true before=650.2  Q_true after=650.2  |  estimated Q-=155.5  Q+=315.5
    [3] tau=4.508h  Q_true before=415.3  Q_true after=415.3  |  estimated Q-=19.1  Q+=831.5

Saved interval plots -> results\sensitivity_analysis\varying_Q_Q50_S200000.0\iaq_raa_stage2_intervals_varying_Q.png
Saved -> results\sensitivity_analysis\varying_Q_Q50_S200000.0\raa_diagnostic.png
