Run started : 2026-05-24T21:33:08.907347
Input file  : C:\Users\Jenny\Desktop\HAB project\datasets\iaq_Q700_S0.30.csv

============================================================
  [20/24]  iaq_Q700_S0.30.csv
============================================================

File: datasets\iaq_Q700_S0.30.csv  |  True Q=700.0, True S_vol=0.3, True S=3.00e+05
 Epoch        Loss        Data        Phys         Q           S
------------------------------------------------------------
     1  1.0022e+00  1.0022e+00  0.0000e+00      1.00         1.0
   500  1.7827e-01  1.7827e-01  0.0000e+00      1.00         1.0
  1000  2.1117e-01  1.8421e-01  1.0353e+03      0.08      3348.1
  1500  1.7749e-01  1.7636e-01  2.2703e+01    637.11    272862.8
  2000  1.7763e-01  1.7654e-01  1.4633e+01    655.39    280592.8
  2500  1.7767e-01  1.7652e-01  1.1482e+01    657.26    281433.2
  3000  1.7751e-01  1.7632e-01  1.1974e+01    659.83    282465.4
  3500  1.7739e-01  1.7615e-01  1.2385e+01    659.81    282452.2
  4000  1.7745e-01  1.7613e-01  1.3262e+01    659.91    282612.6
  4500  1.7724e-01  1.7587e-01  1.3703e+01    660.26    282595.6
  5000  1.7681e-01  1.7537e-01  1.4485e+01    660.24    282615.2
  5500  1.7610e-01  1.7452e-01  1.5946e+01    660.03    282509.3
  6000  1.7513e-01  1.7319e-01  1.9854e+01    659.33    282204.8
  6500  1.7467e-01  1.7246e-01  2.2597e+01    658.34    281709.0
  7000  1.7450e-01  1.7219e-01  2.3739e+01    657.76    281457.1
  7500  1.7440e-01  1.7202e-01  2.4452e+01    657.49    281347.8
  8000  1.7434e-01  1.7191e-01  2.5050e+01    657.38    281300.6

Done.
  Estimated Q = 657.38  m^3/h
  Estimated S = 2.81e+05  ppm·m^3/h
  (S_vol implied = 0.2813  m^3 CO2/h)

Saved figure -> results\iaq_Q700_S0.30\diagnostic.png
