Run started : 2026-05-24T21:35:22.967389
Input file  : C:\Users\Jenny\Desktop\HAB project\datasets\iaq_Q800_S0.20.csv

============================================================
  [23/24]  iaq_Q800_S0.20.csv
============================================================

File: datasets\iaq_Q800_S0.20.csv  |  True Q=800.0, True S_vol=0.2, True S=2.00e+05
 Epoch        Loss        Data        Phys         Q           S
------------------------------------------------------------
     1  1.0009e+00  1.0009e+00  0.0000e+00      1.00         1.0
   500  5.0809e-01  5.0809e-01  0.0000e+00      1.00         1.0
  1000  5.6910e-01  5.2913e-01  3.7284e+02      0.09      1298.0
  1500  5.1905e-01  5.1215e-01  3.3244e+01    466.90    116888.8
  2000  5.1370e-01  5.0891e-01  1.5483e+01    639.13    159386.7
  2500  5.1268e-01  5.0907e-01  8.7507e+00    675.54    168624.7
  3000  5.1228e-01  5.0857e-01  9.0140e+00    687.48    171566.4
  3500  5.1256e-01  5.0830e-01  1.0348e+01    691.87    172768.8
  4000  5.1193e-01  5.0801e-01  9.5375e+00    693.62    173076.4
  4500  5.1183e-01  5.0782e-01  9.7420e+00    694.21    173222.7
  5000  5.1170e-01  5.0763e-01  9.8961e+00    694.37    173253.6
  5500  5.1169e-01  5.0741e-01  1.0396e+01    694.16    173246.9
  6000  5.1121e-01  5.0695e-01  1.0385e+01    693.96    173156.1
  6500  5.1073e-01  5.0631e-01  1.0787e+01    693.62    173066.5
  7000  5.0999e-01  5.0515e-01  1.1825e+01    693.22    172959.5
  7500  5.0942e-01  5.0416e-01  1.2860e+01    692.66    172808.7
  8000  5.0906e-01  5.0348e-01  1.3686e+01    692.28    172707.2

Done.
  Estimated Q = 692.28  m^3/h
  Estimated S = 1.73e+05  ppm·m^3/h
  (S_vol implied = 0.1727  m^3 CO2/h)

Saved figure -> results\iaq_Q800_S0.20\diagnostic.png
