Run started : 2026-05-24T20:11:12.987380
Input file  : C:\Users\Jenny\Desktop\HAB project\datasets\iaq_Q200_S0.10.csv

============================================================
  [6/24]  iaq_Q200_S0.10.csv
============================================================

File: datasets\iaq_Q200_S0.10.csv  |  True Q=200.0, True S_vol=0.1, True S=1.00e+05
 Epoch        Loss        Data        Phys         Q           S
------------------------------------------------------------
     1  1.0020e+00  1.0020e+00  0.0000e+00      1.00         1.0
   500  4.7677e-02  4.7677e-02  0.0000e+00      1.00         1.0
  1000  5.6421e-02  4.7321e-02  1.7958e+02      0.08      4827.8
  1500  4.7037e-02  4.6761e-02  2.7643e+00    189.76     94919.8
  2000  4.7828e-02  4.7625e-02  1.3250e+00    193.88     97164.2
  2500  4.6883e-02  4.6741e-02  7.1157e-01    197.57     98709.4
  3000  4.6858e-02  4.6719e-02  6.9533e-01    198.36     99092.9
  3500  4.6844e-02  4.6706e-02  6.8729e-01    198.60     99211.5
  4000  4.6832e-02  4.6695e-02  6.8297e-01    198.74     99276.4
  4500  4.6820e-02  4.6684e-02  6.8244e-01    198.81     99310.8
  5000  4.6802e-02  4.6665e-02  6.8591e-01    198.92     99361.7
  5500  4.6779e-02  4.6642e-02  6.8820e-01    198.98     99394.5
  6000  4.6737e-02  4.6597e-02  7.0154e-01    199.10     99431.1
  6500  4.6715e-02  4.6572e-02  7.1779e-01    199.17     99457.4
  7000  4.6702e-02  4.6556e-02  7.3256e-01    199.22     99476.8
  7500  4.6693e-02  4.6545e-02  7.4541e-01    199.25     99490.0
  8000  4.6684e-02  4.6533e-02  7.5891e-01    199.28     99501.3

Done.
  Estimated Q = 199.28  m^3/h
  Estimated S = 9.95e+04  ppm·m^3/h
  (S_vol implied = 0.0995  m^3 CO2/h)

Saved figure -> results\iaq_Q200_S0.10\diagnostic.png
