Running: Q_init=400, S_init=0.05, path=./data/datasets/varying_pinn_datasets/varying_Q.csv
RAA-PINN Pipeline
File: ./data/datasets/varying_pinn_datasets/varying_Q.csv
============================================================

Loaded 481 timepoints  (t = 0.00h to 8.00h)

--- Stage I: Sliding Window Scan ---
  window_size=20, sigma=1.5
  Auto prominence = 2.413e+08 (15% of max score)

  Detected 10 candidate changepoints:
    [1] peak at t=0.400h  -> interval [0.000h, 0.800h]
    [2] peak at t=0.900h  -> interval [0.500h, 1.300h]
    [3] peak at t=1.300h  -> interval [0.900h, 1.700h]
    [4] peak at t=2.417h  -> interval [2.017h, 2.817h]
    [5] peak at t=3.050h  -> interval [2.650h, 3.450h]
    [6] peak at t=3.933h  -> interval [3.533h, 4.333h]
    [7] peak at t=4.467h  -> interval [4.067h, 4.867h]
    [8] peak at t=5.533h  -> interval [5.133h, 5.933h]
    [9] peak at t=6.967h  -> interval [6.567h, 7.367h]
    [10] peak at t=7.833h  -> interval [7.433h, 8.000h]

--- Stage II: Joint Refinement (One PINN) ---

  Stage II — full time domain [0.000h, 8.000h]  (481 points) with 10 changepoints
 Epoch        Loss        Data        Phys         tau(1st)        Q-        Q+          S-          S+
---------------------------------------------------------------------------
     1  1.0203e+00  1.0203e+00  0.0000e+00     0.400 (10cp)     400.0     400.0    5.00e-02    5.00e-02
   500  2.7434e-01  2.6719e-01  1.1793e+02     0.372 (10cp)      54.9     134.0    1.02e-01    6.83e-02
  1000  9.2568e-02  6.5501e-02  2.6771e+02     0.694 (10cp)      33.3      92.4    1.38e-01    2.00e-02
  1500  7.8822e-02  5.8174e-02  2.0421e+02     0.667 (10cp)      16.6     146.4    1.42e+00    1.51e-02
  2000  7.4638e-02  5.3858e-02  2.0553e+02     0.663 (10cp)      13.8     132.1    3.33e+03    1.48e-02
  2500  7.3295e-02  5.2669e-02  2.0400e+02     0.675 (10cp)      15.0      79.8    1.11e+04    1.49e-02
  3000  7.3089e-02  5.2502e-02  2.0361e+02     0.679 (10cp)      15.9      67.7    1.28e+04    1.49e-02

  Result: 10 changepoints optimized
    [1] tau=0.679h  Q: 15.9 -> 67.7  S: 1.275e+04 -> 1.487e-02
    [2] tau=2.487h  Q: 67.7 -> 774.2  S: 1.487e-02 -> 4.212e+04
    [3] tau=0.047h  Q: 774.2 -> 453.9  S: 4.212e+04 -> 1.422e-02
    [4] tau=3.935h  Q: 453.9 -> 180.8  S: 1.422e-02 -> 5.270e-02
    [5] tau=2.657h  Q: 180.8 -> 364.3  S: 5.270e-02 -> 9.357e+04
    [6] tau=5.453h  Q: 364.3 -> 276.2  S: 9.357e+04 -> 1.769e-02
    [7] tau=3.975h  Q: 276.2 -> 215.5  S: 1.769e-02 -> 8.155e-02
    [8] tau=7.978h  Q: 215.5 -> 396.6  S: 8.155e-02 -> 1.561e+04
    [9] tau=5.757h  Q: 396.6 -> 57.9  S: 1.561e+04 -> 3.929e-02
    [10] tau=7.964h  Q: 57.9 -> 5.8  S: 3.929e-02 -> 3.898e-01

============================================================
Summary: 10 changepoints detected and refined
============================================================
    #   tau_est   Q_minus    Q_plus     S_minus      S_plus
  ------------------------------------------------------------
    1     0.679      15.9      67.7    1.28e+04    1.49e-02
    2     2.487      67.7     774.2    1.49e-02    4.21e+04
    3     0.047     774.2     453.9    4.21e+04    1.42e-02
    4     3.935     453.9     180.8    1.42e-02    5.27e-02
    5     2.657     180.8     364.3    5.27e-02    9.36e+04
    6     5.453     364.3     276.2    9.36e+04    1.77e-02
    7     3.975     276.2     215.5    1.77e-02    8.15e-02
    8     7.978     215.5     396.6    8.15e-02    1.56e+04
    9     5.757     396.6      57.9    1.56e+04    3.93e-02
   10     7.964      57.9       5.8    3.93e-02    3.90e-01

  True Q at each detected changepoint:
    [1] tau=0.679h  Q_true before=407.2  Q_true after=407.2  |  estimated Q-=15.9  Q+=67.7
    [2] tau=2.487h  Q_true before=165.9  Q_true after=782.9  |  estimated Q-=67.7  Q+=774.2
    [3] tau=0.047h  Q_true before=641.8  Q_true after=641.8  |  estimated Q-=774.2  Q+=453.9
    [4] tau=3.935h  Q_true before=650.2  Q_true after=650.2  |  estimated Q-=453.9  Q+=180.8
    [5] tau=2.657h  Q_true before=782.9  Q_true after=782.9  |  estimated Q-=180.8  Q+=364.3
    [6] tau=5.453h  Q_true before=359.6  Q_true after=359.6  |  estimated Q-=364.3  Q+=276.2
    [7] tau=3.975h  Q_true before=650.2  Q_true after=650.2  |  estimated Q-=276.2  Q+=215.5
    [8] tau=7.978h  Q_true before=259.1  Q_true after=259.1  |  estimated Q-=215.5  Q+=396.6
    [9] tau=5.757h  Q_true before=748.7  Q_true after=748.7  |  estimated Q-=396.6  Q+=57.9
    [10] tau=7.964h  Q_true before=259.1  Q_true after=259.1  |  estimated Q-=57.9  Q+=5.8
Saved -> results\sensitivity_analysis\varying_Q_Q400_S0.05\raa_diagnostic.png
