Running: Q_init=50, S_init=0.3, path=./data/datasets/varying_pinn_datasets/varying_S.csv
RAA-PINN Pipeline
File: ./data/datasets/varying_pinn_datasets/varying_S.csv
============================================================

Loaded 481 timepoints  (t = 0.00h to 8.00h)

--- Stage I: Sliding Window Scan ---
  window_size=20, sigma=1.5
  Auto prominence = 3.774e+08 (15% of max score)

  Detected 11 candidate changepoints:
    [1] peak at t=0.500h  -> interval [0.100h, 0.900h]
    [2] peak at t=0.933h  -> interval [0.533h, 1.333h]
    [3] peak at t=1.483h  -> interval [1.083h, 1.883h]
    [4] peak at t=2.400h  -> interval [2.000h, 2.800h]
    [5] peak at t=2.950h  -> interval [2.550h, 3.350h]
    [6] peak at t=4.000h  -> interval [3.600h, 4.400h]
    [7] peak at t=4.533h  -> interval [4.133h, 4.933h]
    [8] peak at t=5.083h  -> interval [4.683h, 5.483h]
    [9] peak at t=5.533h  -> interval [5.133h, 5.933h]
    [10] peak at t=6.483h  -> interval [6.083h, 6.883h]
    [11] peak at t=7.800h  -> interval [7.400h, 8.000h]

--- Stage II: Joint Refinement (One PINN) ---

  Stage II — full time domain [0.000h, 8.000h]  (481 points) with 11 changepoints
 Epoch        Loss        Data        Phys         tau(1st)        Q-        Q+          S-          S+
---------------------------------------------------------------------------
     1  1.0211e+00  1.0211e+00  0.0000e+00     0.500 (11cp)      50.0      50.0    3.00e-01    3.00e-01
   500  7.2792e-02  5.4735e-02  5.2878e+01     1.630 (11cp)       8.7      91.5    1.83e+00    1.86e-01
  1000  4.4279e-02  3.1820e-02  2.1891e+01     1.651 (11cp)       5.9     111.4    1.78e+00    2.78e-01
  1500  3.5890e-02  2.0864e-02  2.6402e+01     1.639 (11cp)       4.5     116.4    3.14e-01    3.34e+01
  2000  3.3047e-02  1.9098e-02  2.4509e+01     1.510 (11cp)       3.9     263.0    2.07e-01    9.37e+04
  2500  3.2078e-02  1.8404e-02  2.4027e+01     1.491 (11cp)       3.6     282.1    2.20e-01    1.07e+05
  3000  3.1496e-02  1.8345e-02  2.3108e+01     1.493 (11cp)       3.5     298.1    2.27e-01    1.16e+05

  Result: 11 changepoints optimized
    [1] tau=1.493h  Q: 3.5 -> 298.1  S: 2.267e-01 -> 1.165e+05
    [2] tau=0.001h  Q: 298.1 -> 6.9  S: 1.165e+05 -> 1.359e+05
    [3] tau=0.318h  Q: 6.9 -> 13.7  S: 1.359e+05 -> 5.943e-02
    [4] tau=3.580h  Q: 13.7 -> 241.2  S: 5.943e-02 -> 2.175e+05
    [5] tau=1.359h  Q: 241.2 -> 0.8  S: 2.175e+05 -> 8.281e+03
    [6] tau=4.107h  Q: 0.8 -> 12.2  S: 8.281e+03 -> 3.124e-01
    [7] tau=4.291h  Q: 12.2 -> 37.9  S: 3.124e-01 -> 2.994e-01
    [8] tau=4.436h  Q: 37.9 -> 70.6  S: 2.994e-01 -> 1.154e+01
    [9] tau=6.480h  Q: 70.6 -> 1.3  S: 1.154e+01 -> 1.401e+04
    [10] tau=7.121h  Q: 1.3 -> 8.3  S: 1.401e+04 -> 2.325e-01
    [11] tau=6.302h  Q: 8.3 -> 20.2  S: 2.325e-01 -> 6.863e+04

============================================================
Summary: 11 changepoints detected and refined
============================================================
    #   tau_est   Q_minus    Q_plus     S_minus      S_plus
  ------------------------------------------------------------
    1     1.493       3.5     298.1    2.27e-01    1.16e+05
    2     0.001     298.1       6.9    1.16e+05    1.36e+05
    3     0.318       6.9      13.7    1.36e+05    5.94e-02
    4     3.580      13.7     241.2    5.94e-02    2.17e+05
    5     1.359     241.2       0.8    2.17e+05    8.28e+03
    6     4.107       0.8      12.2    8.28e+03    3.12e-01
    7     4.291      12.2      37.9    3.12e-01    2.99e-01
    8     4.436      37.9      70.6    2.99e-01    1.15e+01
    9     6.480      70.6       1.3    1.15e+01    1.40e+04
   10     7.121       1.3       8.3    1.40e+04    2.33e-01
   11     6.302       8.3      20.2    2.33e-01    6.86e+04

  True Q at each detected changepoint:
    [1] tau=1.493h  Q_true before=200.0  Q_true after=200.0  |  estimated Q-=3.5  Q+=298.1
    [2] tau=0.001h  Q_true before=200.0  Q_true after=200.0  |  estimated Q-=298.1  Q+=6.9
    [3] tau=0.318h  Q_true before=200.0  Q_true after=200.0  |  estimated Q-=6.9  Q+=13.7
    [4] tau=3.580h  Q_true before=200.0  Q_true after=200.0  |  estimated Q-=13.7  Q+=241.2
    [5] tau=1.359h  Q_true before=200.0  Q_true after=200.0  |  estimated Q-=241.2  Q+=0.8
    [6] tau=4.107h  Q_true before=200.0  Q_true after=200.0  |  estimated Q-=0.8  Q+=12.2
    [7] tau=4.291h  Q_true before=200.0  Q_true after=200.0  |  estimated Q-=12.2  Q+=37.9
    [8] tau=4.436h  Q_true before=200.0  Q_true after=200.0  |  estimated Q-=37.9  Q+=70.6
    [9] tau=6.480h  Q_true before=200.0  Q_true after=200.0  |  estimated Q-=70.6  Q+=1.3
    [10] tau=7.121h  Q_true before=200.0  Q_true after=200.0  |  estimated Q-=1.3  Q+=8.3
    [11] tau=6.302h  Q_true before=200.0  Q_true after=200.0  |  estimated Q-=8.3  Q+=20.2
Saved -> results\sensitivity_analysis\varying_S_Q50_S0.3\raa_diagnostic.png
