Running: Q_init=1, S_init=0.3, path=./data/datasets/varying_pinn_datasets/varying_S.csv
RAA-PINN Pipeline
File: ./data/datasets/varying_pinn_datasets/varying_S.csv
============================================================

Loaded 481 timepoints  (t = 0.00h to 8.00h)

--- Stage I: Sliding Window Scan ---
  window_size=20, sigma=1.5
  Auto prominence = 3.774e+08 (15% of max score)

  Detected 11 candidate changepoints:
    [1] peak at t=0.500h  -> interval [0.100h, 0.900h]
    [2] peak at t=0.933h  -> interval [0.533h, 1.333h]
    [3] peak at t=1.483h  -> interval [1.083h, 1.883h]
    [4] peak at t=2.400h  -> interval [2.000h, 2.800h]
    [5] peak at t=2.950h  -> interval [2.550h, 3.350h]
    [6] peak at t=4.000h  -> interval [3.600h, 4.400h]
    [7] peak at t=4.533h  -> interval [4.133h, 4.933h]
    [8] peak at t=5.083h  -> interval [4.683h, 5.483h]
    [9] peak at t=5.533h  -> interval [5.133h, 5.933h]
    [10] peak at t=6.483h  -> interval [6.083h, 6.883h]
    [11] peak at t=7.800h  -> interval [7.400h, 8.000h]

--- Stage II: Joint Refinement (One PINN) ---

  Stage II — full time domain [0.000h, 8.000h]  (481 points) with 11 changepoints
 Epoch        Loss        Data        Phys         tau(1st)        Q-        Q+          S-          S+
---------------------------------------------------------------------------
     1  9.9213e-01  9.9213e-01  0.0000e+00     0.500 (11cp)       1.0       1.0    3.00e-01    3.00e-01
   500  8.3530e-02  4.7334e-02  4.9814e+01     1.715 (11cp)       0.0      49.4    2.88e+01    6.60e-02
  1000  5.4326e-02  3.9430e-02  1.2300e+01     1.569 (11cp)       0.0      62.1    1.41e+01    7.49e-02
  1500  5.0897e-02  3.3720e-02  1.4184e+01     1.538 (11cp)       0.0      63.0    3.65e+00    1.52e-01
  2000  4.3819e-02  2.8071e-02  1.3004e+01     1.468 (11cp)       0.0     158.4    3.05e+00    2.56e-01
  2500  4.2456e-02  2.7239e-02  1.2565e+01     1.454 (11cp)       0.0     182.5    3.67e+00    2.45e-01
  3000  4.2280e-02  2.7181e-02  1.2468e+01     1.452 (11cp)       0.0     186.7    4.18e+00    2.43e-01

  Result: 11 changepoints optimized
    [1] tau=1.452h  Q: 0.0 -> 186.7  S: 4.180e+00 -> 2.432e-01
    [2] tau=0.000h  Q: 186.7 -> 0.7  S: 2.432e-01 -> 9.375e+04
    [3] tau=0.332h  Q: 0.7 -> 0.1  S: 9.375e+04 -> 6.690e-01
    [4] tau=3.717h  Q: 0.1 -> 165.6  S: 6.690e-01 -> 1.495e+05
    [5] tau=0.135h  Q: 165.6 -> 0.0  S: 1.495e+05 -> 7.934e-01
    [6] tau=4.410h  Q: 0.0 -> 40.3  S: 7.934e-01 -> 7.445e-02
    [7] tau=6.319h  Q: 40.3 -> 0.3  S: 7.445e-02 -> 3.261e+00
    [8] tau=4.177h  Q: 0.3 -> 28.2  S: 3.261e+00 -> 7.873e-02
    [9] tau=6.215h  Q: 28.2 -> 0.0  S: 7.873e-02 -> 2.462e+04
    [10] tau=6.425h  Q: 0.0 -> 0.0  S: 2.462e+04 -> 5.979e+04
    [11] tau=8.000h  Q: 0.0 -> 0.1  S: 5.979e+04 -> 4.174e+04

============================================================
Summary: 11 changepoints detected and refined
============================================================
    #   tau_est   Q_minus    Q_plus     S_minus      S_plus
  ------------------------------------------------------------
    1     1.452       0.0     186.7    4.18e+00    2.43e-01
    2     0.000     186.7       0.7    2.43e-01    9.37e+04
    3     0.332       0.7       0.1    9.37e+04    6.69e-01
    4     3.717       0.1     165.6    6.69e-01    1.49e+05
    5     0.135     165.6       0.0    1.49e+05    7.93e-01
    6     4.410       0.0      40.3    7.93e-01    7.45e-02
    7     6.319      40.3       0.3    7.45e-02    3.26e+00
    8     4.177       0.3      28.2    3.26e+00    7.87e-02
    9     6.215      28.2       0.0    7.87e-02    2.46e+04
   10     6.425       0.0       0.0    2.46e+04    5.98e+04
   11     8.000       0.0       0.1    5.98e+04    4.17e+04

  True Q at each detected changepoint:
    [1] tau=1.452h  Q_true before=200.0  Q_true after=200.0  |  estimated Q-=0.0  Q+=186.7
    [2] tau=0.000h  Q_true before=200.0  Q_true after=200.0  |  estimated Q-=186.7  Q+=0.7
    [3] tau=0.332h  Q_true before=200.0  Q_true after=200.0  |  estimated Q-=0.7  Q+=0.1
    [4] tau=3.717h  Q_true before=200.0  Q_true after=200.0  |  estimated Q-=0.1  Q+=165.6
    [5] tau=0.135h  Q_true before=200.0  Q_true after=200.0  |  estimated Q-=165.6  Q+=0.0
    [6] tau=4.410h  Q_true before=200.0  Q_true after=200.0  |  estimated Q-=0.0  Q+=40.3
    [7] tau=6.319h  Q_true before=200.0  Q_true after=200.0  |  estimated Q-=40.3  Q+=0.3
    [8] tau=4.177h  Q_true before=200.0  Q_true after=200.0  |  estimated Q-=0.3  Q+=28.2
    [9] tau=6.215h  Q_true before=200.0  Q_true after=200.0  |  estimated Q-=28.2  Q+=0.0
    [10] tau=6.425h  Q_true before=200.0  Q_true after=200.0  |  estimated Q-=0.0  Q+=0.0
    [11] tau=8.000h  Q_true before=200.0  Q_true after=200.0  |  estimated Q-=0.0  Q+=0.1
Saved -> results\sensitivity_analysis\varying_S_Q1_S0.3\raa_diagnostic.png
