Running: Q_init=100, S_init=0.2, path=./data/datasets/varying_pinn_datasets/varying_S.csv
RAA-PINN Pipeline
File: ./data/datasets/varying_pinn_datasets/varying_S.csv
============================================================

Loaded 481 timepoints  (t = 0.00h to 8.00h)

--- Stage I: Sliding Window Scan ---
  window_size=20, sigma=1.5
  Auto prominence = 3.774e+08 (15% of max score)

  Detected 11 candidate changepoints:
    [1] peak at t=0.500h  -> interval [0.100h, 0.900h]
    [2] peak at t=0.933h  -> interval [0.533h, 1.333h]
    [3] peak at t=1.483h  -> interval [1.083h, 1.883h]
    [4] peak at t=2.400h  -> interval [2.000h, 2.800h]
    [5] peak at t=2.950h  -> interval [2.550h, 3.350h]
    [6] peak at t=4.000h  -> interval [3.600h, 4.400h]
    [7] peak at t=4.533h  -> interval [4.133h, 4.933h]
    [8] peak at t=5.083h  -> interval [4.683h, 5.483h]
    [9] peak at t=5.533h  -> interval [5.133h, 5.933h]
    [10] peak at t=6.483h  -> interval [6.083h, 6.883h]
    [11] peak at t=7.800h  -> interval [7.400h, 8.000h]

--- Stage II: Joint Refinement (One PINN) ---

  Stage II — full time domain [0.000h, 8.000h]  (481 points) with 11 changepoints
 Epoch        Loss        Data        Phys         tau(1st)        Q-        Q+          S-          S+
---------------------------------------------------------------------------
     1  1.0656e+00  1.0656e+00  0.0000e+00     0.500 (11cp)     100.0     100.0    2.00e-01    2.00e-01
   500  6.5261e-02  4.5065e-02  5.3553e+01     1.605 (11cp)      19.2     129.2    3.34e-01    2.24e-01
  1000  3.4042e-02  2.3658e-02  1.6522e+01     1.482 (11cp)      10.5     127.8    1.98e-01    4.89e+00
  1500  3.1129e-02  2.1173e-02  1.5839e+01     1.461 (11cp)       6.5     191.3    2.03e-01    3.49e+04
  2000  2.9962e-02  2.0265e-02  1.5427e+01     1.456 (11cp)       5.0     198.1    2.97e-01    3.88e+04
  2500  2.9470e-02  1.9644e-02  1.5632e+01     1.454 (11cp)       4.4     200.5    3.75e-01    4.02e+04
  3000  2.9334e-02  1.9517e-02  1.5619e+01     1.453 (11cp)       4.1     201.6    4.27e-01    4.05e+04

  Result: 11 changepoints optimized
    [1] tau=1.453h  Q: 4.1 -> 201.6  S: 4.274e-01 -> 4.046e+04
    [2] tau=0.002h  Q: 201.6 -> 26.4  S: 4.046e+04 -> 1.288e-01
    [3] tau=2.469h  Q: 26.4 -> 110.1  S: 1.288e-01 -> 1.873e-01
    [4] tau=3.033h  Q: 110.1 -> 54.1  S: 1.873e-01 -> 1.974e-01
    [5] tau=1.453h  Q: 54.1 -> 16.3  S: 1.974e-01 -> 7.705e+03
    [6] tau=3.453h  Q: 16.3 -> 83.4  S: 7.705e+03 -> 1.261e-01
    [7] tau=2.905h  Q: 83.4 -> 6.0  S: 1.261e-01 -> 1.487e+04
    [8] tau=4.347h  Q: 6.0 -> 69.6  S: 1.487e+04 -> 7.564e-02
    [9] tau=6.410h  Q: 69.6 -> 5.9  S: 7.564e-02 -> 2.316e+04
    [10] tau=6.256h  Q: 5.9 -> 3.7  S: 2.316e+04 -> 6.336e+04
    [11] tau=8.000h  Q: 3.7 -> 3.9  S: 6.336e+04 -> 1.455e+01

============================================================
Summary: 11 changepoints detected and refined
============================================================
    #   tau_est   Q_minus    Q_plus     S_minus      S_plus
  ------------------------------------------------------------
    1     1.453       4.1     201.6    4.27e-01    4.05e+04
    2     0.002     201.6      26.4    4.05e+04    1.29e-01
    3     2.469      26.4     110.1    1.29e-01    1.87e-01
    4     3.033     110.1      54.1    1.87e-01    1.97e-01
    5     1.453      54.1      16.3    1.97e-01    7.70e+03
    6     3.453      16.3      83.4    7.70e+03    1.26e-01
    7     2.905      83.4       6.0    1.26e-01    1.49e+04
    8     4.347       6.0      69.6    1.49e+04    7.56e-02
    9     6.410      69.6       5.9    7.56e-02    2.32e+04
   10     6.256       5.9       3.7    2.32e+04    6.34e+04
   11     8.000       3.7       3.9    6.34e+04    1.46e+01

  True Q at each detected changepoint:
    [1] tau=1.453h  Q_true before=200.0  Q_true after=200.0  |  estimated Q-=4.1  Q+=201.6
    [2] tau=0.002h  Q_true before=200.0  Q_true after=200.0  |  estimated Q-=201.6  Q+=26.4
    [3] tau=2.469h  Q_true before=200.0  Q_true after=200.0  |  estimated Q-=26.4  Q+=110.1
    [4] tau=3.033h  Q_true before=200.0  Q_true after=200.0  |  estimated Q-=110.1  Q+=54.1
    [5] tau=1.453h  Q_true before=200.0  Q_true after=200.0  |  estimated Q-=54.1  Q+=16.3
    [6] tau=3.453h  Q_true before=200.0  Q_true after=200.0  |  estimated Q-=16.3  Q+=83.4
    [7] tau=2.905h  Q_true before=200.0  Q_true after=200.0  |  estimated Q-=83.4  Q+=6.0
    [8] tau=4.347h  Q_true before=200.0  Q_true after=200.0  |  estimated Q-=6.0  Q+=69.6
    [9] tau=6.410h  Q_true before=200.0  Q_true after=200.0  |  estimated Q-=69.6  Q+=5.9
    [10] tau=6.256h  Q_true before=200.0  Q_true after=200.0  |  estimated Q-=5.9  Q+=3.7
    [11] tau=8.000h  Q_true before=200.0  Q_true after=200.0  |  estimated Q-=3.7  Q+=3.9
Saved -> results\sensitivity_analysis\varying_S_Q100_S0.2\raa_diagnostic.png
