Running: Q_init=50, S_init=100000.0, path=./data/datasets/varying_pinn_datasets/varying_Q.csv
RAA-PINN Pipeline
File: ./data/datasets/varying_pinn_datasets/varying_Q.csv
============================================================

Loaded 481 timepoints  (t = 0.00h to 8.00h)

--- Stage I: Sliding Window Scan ---
  window_size=20, sigma=1.5
  Auto prominence = 7.240e+08 (15% of max score)

  Detected 3 candidate changepoints:
    [1] peak at t=2.417h  -> interval [2.017h, 2.817h]
    [2] peak at t=3.933h  -> interval [3.533h, 4.333h]
    [3] peak at t=4.467h  -> interval [4.067h, 4.867h]

--- Stage II: Joint Refinement (One PINN) ---

  Stage II — full time domain [0.000h, 8.000h]  (481 points) with 3 changepoints
 Epoch        Loss        Data        Phys         tau(1st)        Q-        Q+          S-          S+
---------------------------------------------------------------------------
     1  1.0464e+00  1.0464e+00  0.0000e+00     2.417 (3cp)      50.0      50.0    1.00e+05    1.00e+05
   500  3.2197e-01  3.1377e-01  1.4724e+02     1.669 (3cp)     165.1     116.7    3.41e+04    3.40e+04
  1000  1.1069e-01  7.2257e-02  4.1423e+02     2.007 (3cp)     139.5      44.2    2.79e+04    6.56e+04
  1500  1.0500e-01  6.5461e-02  4.2611e+02     2.024 (3cp)     119.5      41.3    2.42e+04    7.14e+04
  2000  1.0266e-01  6.2949e-02  4.2802e+02     2.028 (3cp)     110.0      40.4    2.25e+04    7.27e+04
  2500  1.0174e-01  6.1857e-02  4.2984e+02     2.029 (3cp)     106.6      40.0    2.19e+04    7.30e+04
  3000  1.0158e-01  6.1671e-02  4.3016e+02     2.029 (3cp)     105.4      39.8    2.17e+04    7.30e+04

  Result: 3 changepoints optimized
    [1] tau=2.029h  Q: 105.4 -> 39.8  S: 2.172e+04 -> 7.304e+04
    [2] tau=6.980h  Q: 39.8 -> 30.0  S: 7.304e+04 -> 9.500e+04
    [3] tau=2.343h  Q: 30.0 -> 45.6  S: 9.500e+04 -> 2.891e+04

============================================================
Summary: 3 changepoints detected and refined
============================================================
    #   tau_est   Q_minus    Q_plus     S_minus      S_plus
  ------------------------------------------------------------
    1     2.029     105.4      39.8    2.17e+04    7.30e+04
    2     6.980      39.8      30.0    7.30e+04    9.50e+04
    3     2.343      30.0      45.6    9.50e+04    2.89e+04

  True Q at each detected changepoint:
    [1] tau=2.029h  Q_true before=165.9  Q_true after=165.9  |  estimated Q-=105.4  Q+=39.8
    [2] tau=6.980h  Q_true before=675.9  Q_true after=675.9  |  estimated Q-=39.8  Q+=30.0
    [3] tau=2.343h  Q_true before=165.9  Q_true after=165.9  |  estimated Q-=30.0  Q+=45.6
Saved -> results\sensitivity_analysis\varying_Q_Q50_S100000.0\raa_diagnostic.png
