Run started : 2026-05-24T20:18:28.334680
Input file  : C:\Users\Jenny\Desktop\HAB project\datasets\iaq_Q500_S0.10.csv

============================================================
  [14/24]  iaq_Q500_S0.10.csv
============================================================

File: datasets\iaq_Q500_S0.10.csv  |  True Q=500.0, True S_vol=0.1, True S=1.00e+05
 Epoch        Loss        Data        Phys         Q           S
------------------------------------------------------------
     1  9.9153e-01  9.9153e-01  0.0000e+00      1.00         1.0
   500  5.6678e-01  5.6678e-01  0.0000e+00      1.00         1.0
  1000  6.3962e-01  5.8951e-01  1.3143e+02      0.09       914.5
  1500  5.8498e-01  5.7306e-01  1.6076e+01    277.97     55759.4
  2000  5.7315e-01  5.6939e-01  3.3984e+00    420.99     84049.2
  2500  5.7345e-01  5.7054e-01  1.9719e+00    446.75     89143.9
  3000  5.7330e-01  5.7054e-01  1.8736e+00    457.25     91222.1
  3500  5.7330e-01  5.7055e-01  1.8590e+00    461.47     92037.9
  4000  5.7319e-01  5.7045e-01  1.8603e+00    462.97     92359.4
  4500  5.7309e-01  5.7032e-01  1.8738e+00    463.62     92480.9
  5000  5.7293e-01  5.7009e-01  1.9261e+00    463.88     92528.8
  5500  5.7331e-01  5.6978e-01  2.3947e+00    464.04     92518.7
  6000  5.7224e-01  5.6896e-01  2.2283e+00    463.85     92513.1
  6500  5.7188e-01  5.6816e-01  2.5310e+00    463.58     92456.6
  7000  5.7163e-01  5.6778e-01  2.6209e+00    463.29     92398.5
  7500  5.7150e-01  5.6754e-01  2.6965e+00    463.08     92355.3
  8000  5.7144e-01  5.6740e-01  2.7479e+00    462.97     92331.5

Done.
  Estimated Q = 462.97  m^3/h
  Estimated S = 9.23e+04  ppm·m^3/h
  (S_vol implied = 0.0923  m^3 CO2/h)

Saved figure -> results\iaq_Q500_S0.10\diagnostic.png
