Running: Q_init=50, S_init=50000.0, path=./data/datasets/varying_pinn_datasets/varying_Q.csv
RAA-PINN Pipeline
File: ./data/datasets/varying_pinn_datasets/varying_Q.csv
============================================================

Loaded 481 timepoints  (t = 0.00h to 8.00h)

--- Stage I: Sliding Window Scan ---
  window_size=20, sigma=1.5
  Auto prominence = 2.413e+08 (15% of max score)

  Detected 10 candidate changepoints:
    [1] peak at t=0.400h  -> interval [0.000h, 0.800h]
    [2] peak at t=0.900h  -> interval [0.500h, 1.300h]
    [3] peak at t=1.300h  -> interval [0.900h, 1.700h]
    [4] peak at t=2.417h  -> interval [2.017h, 2.817h]
    [5] peak at t=3.050h  -> interval [2.650h, 3.450h]
    [6] peak at t=3.933h  -> interval [3.533h, 4.333h]
    [7] peak at t=4.467h  -> interval [4.067h, 4.867h]
    [8] peak at t=5.533h  -> interval [5.133h, 5.933h]
    [9] peak at t=6.967h  -> interval [6.567h, 7.367h]
    [10] peak at t=7.833h  -> interval [7.433h, 8.000h]

--- Stage II: Joint Refinement ---

  Changepoint 1/10

  Stage II Ś interval [0.000h, 0.800h]  (49 points)
 Epoch        Loss        Data        Phys       tau        Q-        Q+          S-          S+
---------------------------------------------------------------------------
     1  1.1377e+00  1.1377e+00  0.0000e+00     0.400      50.0      50.0    5.00e+04    5.00e+04
   500  9.4412e-02  9.3871e-02  1.8119e-01     0.554      54.7      30.6    2.09e+04    3.48e+04
  1000  7.9868e-02  7.9220e-02  1.3008e-01     0.503     415.8      39.7    6.77e+04    3.80e+04
  1500  7.1368e-02  6.7058e-02  8.6534e-01     0.505     503.8     191.4    7.89e+04    6.94e+04
  2000  7.0647e-02  6.6023e-02  9.2830e-01     0.501     525.0     173.5    8.15e+04    6.57e+04
  2500  7.0459e-02  6.5780e-02  9.3943e-01     0.500     527.1     171.9    8.17e+04    6.54e+04
  3000  7.0433e-02  6.5740e-02  9.4230e-01     0.500     527.2     170.7    8.17e+04    6.52e+04

  Result:
    tau     = 0.4997 h
    Q_minus = 527.19  Q_plus = 170.74  m^3/h
    S_minus = 8.171e+04  S_plus = 6.519e+04  ppm*m^3/h

  Changepoint 2/10

  Stage II Ś interval [0.500h, 1.300h]  (49 points)
 Epoch        Loss        Data        Phys       tau        Q-        Q+          S-          S+
---------------------------------------------------------------------------
     1  1.0138e+00  1.0138e+00  0.0000e+00     0.900      50.0      50.0    5.00e+04    5.00e+04
   500  2.0466e-01  2.0355e-01  1.2800e+00     0.939     540.8     200.8    1.33e+05    1.52e+04
  1000  2.0138e-01  1.9913e-01  1.5640e+00     0.969     651.4     212.3    1.55e+05    1.60e+04
  1500  1.9797e-01  1.9575e-01  1.5473e+00     0.988     685.9     282.9    1.62e+05    2.74e+04
  2000  1.9222e-01  1.8832e-01  2.7160e+00     0.994     710.7     416.1    1.68e+05    5.11e+04
  2500  1.9152e-01  1.8673e-01  3.3348e+00     0.999     735.3     477.7    1.73e+05    6.19e+04
  3000  1.9142e-01  1.8653e-01  3.4062e+00     1.001     740.3     498.9    1.74e+05    6.56e+04

  Result:
    tau     = 1.0007 h
    Q_minus = 740.25  Q_plus = 498.87  m^3/h
    S_minus = 1.737e+05  S_plus = 6.559e+04  ppm*m^3/h

  Changepoint 3/10

  Stage II Ś interval [0.900h, 1.700h]  (48 points)
 Epoch        Loss        Data        Phys       tau        Q-        Q+          S-          S+
---------------------------------------------------------------------------
     1  1.0282e+00  1.0282e+00  0.0000e+00     1.300      50.0      50.0    5.00e+04    5.00e+04
   500  2.1743e-01  2.1375e-01  4.5017e+00     0.985     103.2     270.0    2.42e+04    3.49e+04
  1000  2.1344e-01  2.1084e-01  1.9106e+00     1.021      92.6     831.7    2.68e+04    1.26e+05
  1500  2.0826e-01  2.0395e-01  3.1681e+00     0.951      54.1     570.5    6.63e+04    8.52e+04
  2000  1.9713e-01  1.8750e-01  7.0851e+00     0.912      44.7     516.1    2.07e+05    7.69e+04
  2500  1.9517e-01  1.8387e-01  8.3111e+00     0.903      43.8     522.5    3.08e+05    7.80e+04
  3000  1.9484e-01  1.8334e-01  8.4585e+00     0.902      44.0     523.4    3.23e+05    7.82e+04

  Result:
    tau     = 0.9016 h
    Q_minus = 44.05  Q_plus = 523.42  m^3/h
    S_minus = 3.229e+05  S_plus = 7.816e+04  ppm*m^3/h

  Changepoint 4/10

  Stage II Ś interval [2.017h, 2.817h]  (49 points)
 Epoch        Loss        Data        Phys       tau        Q-        Q+          S-          S+
---------------------------------------------------------------------------
     1  1.0073e+00  1.0073e+00  0.0000e+00     2.417      50.0      50.0    5.00e+04    5.00e+04
   500  3.5056e-02  3.3440e-02  3.4773e+00     2.485     127.5     430.3    9.01e+04    2.01e+04
  1000  2.6673e-02  2.5380e-02  1.6703e+00     2.512      77.7    1330.9    7.44e+04    2.12e+05
  1500  2.6315e-02  2.4654e-02  2.1456e+00     2.512      75.9    1318.5    7.40e+04    2.10e+05
  2000  2.6150e-02  2.4391e-02  2.2709e+00     2.512      75.4    1314.8    7.38e+04    2.09e+05
  2500  2.6074e-02  2.4254e-02  2.3501e+00     2.512      74.2    1313.5    7.34e+04    2.09e+05
  3000  2.6059e-02  2.4225e-02  2.3676e+00     2.512      73.9    1313.1    7.33e+04    2.09e+05

  Result:
    tau     = 2.5117 h
    Q_minus = 73.86  Q_plus = 1313.11  m^3/h
    S_minus = 7.326e+04  S_plus = 2.086e+05  ppm*m^3/h

  Changepoint 5/10

  Stage II Ś interval [2.650h, 3.450h]  (49 points)
 Epoch        Loss        Data        Phys       tau        Q-        Q+          S-          S+
---------------------------------------------------------------------------
     1  9.7693e-01  9.7693e-01  0.0000e+00     3.050      50.0      50.0    5.00e+04    5.00e+04
   500  3.9469e-01  3.8839e-01  8.4733e+00     2.972     221.1     146.3    1.45e+04    2.67e+04
  1000  3.8929e-01  3.8188e-01  5.9832e+00     2.989     177.9    1149.8    7.16e+03    1.75e+05
  1500  3.8308e-01  3.7112e-01  9.6571e+00     2.998     160.5    1705.8    4.28e+03    2.57e+05
  2000  3.7375e-01  3.5752e-01  1.3115e+01     2.996     153.2    1634.5    3.15e+03    2.46e+05
  2500  3.6915e-01  3.4866e-01  1.6556e+01     2.993     149.9    1444.2    2.63e+03    2.18e+05
  3000  3.6873e-01  3.4761e-01  1.7052e+01     2.992     148.2    1388.3    2.37e+03    2.09e+05

  Result:
    tau     = 2.9917 h
    Q_minus = 148.23  Q_plus = 1388.28  m^3/h
    S_minus = 2.373e+03  S_plus = 2.095e+05  ppm*m^3/h

  Changepoint 6/10

  Stage II Ś interval [3.533h, 4.333h]  (49 points)
 Epoch        Loss        Data        Phys       tau        Q-        Q+          S-          S+
---------------------------------------------------------------------------
     1  1.0566e+00  1.0566e+00  0.0000e+00     3.933      50.0      50.0    5.00e+04    5.00e+04
   500  6.7875e-02  6.6498e-02  4.1036e-01     3.981     156.5     284.3    1.85e+04    1.26e+05
  1000  6.8330e-02  6.6355e-02  3.5304e-01     3.981     103.8     288.8    1.03e+04    1.27e+05
  1500  6.8196e-02  6.6202e-02  3.5651e-01     3.980      77.6     288.4    6.44e+03    1.27e+05
  2000  6.8132e-02  6.6117e-02  3.6010e-01     3.980      66.1     288.2    4.73e+03    1.27e+05
  2500  6.8101e-02  6.6079e-02  3.6144e-01     3.980      60.9     288.3    3.95e+03    1.27e+05
  3000  6.8090e-02  6.6069e-02  3.6118e-01     3.980      58.3     288.3    3.55e+03    1.27e+05

  Result:
    tau     = 3.9802 h
    Q_minus = 58.29  Q_plus = 288.31  m^3/h
    S_minus = 3.547e+03  S_plus = 1.271e+05  ppm*m^3/h

  Changepoint 7/10

  Stage II Ś interval [4.067h, 4.867h]  (49 points)
 Epoch        Loss        Data        Phys       tau        Q-        Q+          S-          S+
---------------------------------------------------------------------------
     1  1.0667e+00  1.0667e+00  0.0000e+00     4.467      50.0      50.0    5.00e+04    5.00e+04
   500  1.1778e-01  1.1583e-01  1.3963e+00     4.487      27.3     180.8    4.85e+04    2.30e+04
  1000  1.1138e-01  1.0787e-01  1.5098e+00     4.504      26.7     641.9    4.88e+04    1.62e+05
  1500  1.1113e-01  1.0683e-01  1.8449e+00     4.505      23.5     666.0    4.79e+04    1.70e+05
  2000  1.1093e-01  1.0651e-01  1.8980e+00     4.505      24.3     669.3    4.81e+04    1.71e+05
  2500  1.1084e-01  1.0633e-01  1.9384e+00     4.505      24.9     671.5    4.83e+04    1.71e+05
  3000  1.1082e-01  1.0629e-01  1.9454e+00     4.505      25.1     672.0    4.83e+04    1.71e+05

  Result:
    tau     = 4.5051 h
    Q_minus = 25.09  Q_plus = 672.02  m^3/h
    S_minus = 4.832e+04  S_plus = 1.713e+05  ppm*m^3/h

  Changepoint 8/10

  Stage II Ś interval [5.133h, 5.933h]  (49 points)
 Epoch        Loss        Data        Phys       tau        Q-        Q+          S-          S+
---------------------------------------------------------------------------
     1  1.1440e+00  1.1440e+00  0.0000e+00     5.533      50.0      50.0    5.00e+04    5.00e+04
   500  5.4927e-02  5.3169e-02  1.7866e+00     5.470      60.3     330.5    2.01e+04    2.84e+04
  1000  5.2816e-02  5.2541e-02  1.6769e-01     5.504      59.7     883.9    1.92e+04    1.23e+05
  1500  5.2738e-02  5.2455e-02  1.7252e-01     5.506      58.2     905.7    1.86e+04    1.26e+05
  2000  5.2726e-02  5.2439e-02  1.7505e-01     5.506      56.8     910.9    1.81e+04    1.27e+05
  2500  5.2723e-02  5.2436e-02  1.7475e-01     5.506      55.8     912.2    1.78e+04    1.27e+05
  3000  5.2722e-02  5.2436e-02  1.7457e-01     5.506      55.1     912.4    1.76e+04    1.27e+05

  Result:
    tau     = 5.5062 h
    Q_minus = 55.07  Q_plus = 912.44  m^3/h
    S_minus = 1.763e+04  S_plus = 1.272e+05  ppm*m^3/h

  Changepoint 9/10

  Stage II Ś interval [6.567h, 7.367h]  (49 points)
 Epoch        Loss        Data        Phys       tau        Q-        Q+          S-          S+
---------------------------------------------------------------------------
     1  1.1578e+00  1.1578e+00  0.0000e+00     6.967      50.0      50.0    5.00e+04    5.00e+04
   500  2.4368e-01  2.4350e-01  1.0559e-01     6.938     173.2     165.5    1.90e+04    5.27e+04
  1000  2.3949e-01  2.3812e-01  4.8583e-01     6.924     179.5     162.2    1.80e+04    5.21e+04
  1500  2.3828e-01  2.3575e-01  8.9752e-01     6.918     171.1     142.2    1.64e+04    4.82e+04
  2000  2.3752e-01  2.3429e-01  1.1493e+00     6.914     160.8     125.6    1.47e+04    4.49e+04
  2500  2.3722e-01  2.3364e-01  1.2701e+00     6.913     153.6     119.3    1.35e+04    4.37e+04
  3000  2.3716e-01  2.3351e-01  1.2930e+00     6.913     149.3     118.0    1.28e+04    4.34e+04

  Result:
    tau     = 6.9126 h
    Q_minus = 149.25  Q_plus = 118.02  m^3/h
    S_minus = 1.282e+04  S_plus = 4.342e+04  ppm*m^3/h

  Changepoint 10/10

  Stage II Ś interval [7.433h, 8.000h]  (35 points)
 Epoch        Loss        Data        Phys       tau        Q-        Q+          S-          S+
---------------------------------------------------------------------------
     1  1.2491e+00  1.2491e+00  0.0000e+00     7.717      50.0      50.0    5.00e+04    5.00e+04
   500  1.6641e-01  1.6584e-01  2.6941e-02     7.803      46.3      75.7    3.66e+04    3.86e+04
  1000  1.6612e-01  1.6585e-01  7.6085e-03     7.682      18.3     220.5    2.98e+04    8.65e+04
  1500  1.6597e-01  1.6570e-01  7.7317e-03     7.649       9.6     254.2    2.74e+04    9.71e+04
  2000  1.6590e-01  1.6563e-01  7.5620e-03     7.667       6.4     270.0    2.65e+04    1.02e+05
  2500  1.6586e-01  1.6560e-01  7.1645e-03     7.676       5.2     278.8    2.62e+04    1.05e+05
  3000  1.6585e-01  1.6560e-01  7.0330e-03     7.678       4.6     281.6    2.60e+04    1.06e+05

  Result:
    tau     = 7.6783 h
    Q_minus = 4.57  Q_plus = 281.57  m^3/h
    S_minus = 2.604e+04  S_plus = 1.057e+05  ppm*m^3/h

============================================================
Summary
============================================================
    #   tau_est   Q_minus    Q_plus     S_minus      S_plus
  ------------------------------------------------------------
    1     0.500     527.2     170.7    8.17e+04    6.52e+04
    2     1.001     740.3     498.9    1.74e+05    6.56e+04
    3     0.902      44.0     523.4    3.23e+05    7.82e+04
    4     2.512      73.9    1313.1    7.33e+04    2.09e+05
    5     2.992     148.2    1388.3    2.37e+03    2.09e+05
    6     3.980      58.3     288.3    3.55e+03    1.27e+05
    7     4.505      25.1     672.0    4.83e+04    1.71e+05
    8     5.506      55.1     912.4    1.76e+04    1.27e+05
    9     6.913     149.3     118.0    1.28e+04    4.34e+04
   10     7.678       4.6     281.6    2.60e+04    1.06e+05

  True Q at each detected changepoint:
    [1] tau=0.500h  Q_true before=641.8  Q_true after=407.2  |  estimated Q-=527.2  Q+=170.7
    [2] tau=1.001h  Q_true before=701.0  Q_true after=701.0  |  estimated Q-=740.3  Q+=498.9
    [3] tau=0.902h  Q_true before=407.2  Q_true after=407.2  |  estimated Q-=44.0  Q+=523.4
    [4] tau=2.512h  Q_true before=782.9  Q_true after=782.9  |  estimated Q-=73.9  Q+=1313.1
    [5] tau=2.992h  Q_true before=782.9  Q_true after=632.8  |  estimated Q-=148.2  Q+=1388.3
    [6] tau=3.980h  Q_true before=650.2  Q_true after=650.2  |  estimated Q-=58.3  Q+=288.3
    [7] tau=4.505h  Q_true before=415.3  Q_true after=415.3  |  estimated Q-=25.1  Q+=672.0
    [8] tau=5.506h  Q_true before=748.7  Q_true after=748.7  |  estimated Q-=55.1  Q+=912.4
    [9] tau=6.913h  Q_true before=675.9  Q_true after=675.9  |  estimated Q-=149.3  Q+=118.0
    [10] tau=7.678h  Q_true before=259.1  Q_true after=259.1  |  estimated Q-=4.6  Q+=281.6

Saved interval plots -> results\sensitivity_analysis\varying_Q_Q50_S50000.0\iaq_raa_stage2_intervals_varying_Q.png
Saved -> results\sensitivity_analysis\varying_Q_Q50_S50000.0\raa_diagnostic.png
