Running: Q_init=200, S_init=200000.0, path=./data/datasets/varying_pinn_datasets/varying_Q.csv
RAA-PINN Pipeline
File: ./data/datasets/varying_pinn_datasets/varying_Q.csv
============================================================

Loaded 481 timepoints  (t = 0.00h to 8.00h)

--- Stage I: Sliding Window Scan ---
  window_size=20, sigma=1.5
  Auto prominence = 7.240e+08 (15% of max score)

  Detected 3 candidate changepoints:
    [1] peak at t=2.417h  -> interval [2.017h, 2.817h]
    [2] peak at t=3.933h  -> interval [3.533h, 4.333h]
    [3] peak at t=4.467h  -> interval [4.067h, 4.867h]

--- Stage II: Joint Refinement (One PINN) ---

  Stage II — full time domain [0.000h, 8.000h]  (481 points) with 3 changepoints
 Epoch        Loss        Data        Phys         tau(1st)        Q-        Q+          S-          S+
---------------------------------------------------------------------------
     1  9.8459e-01  9.8459e-01  0.0000e+00     2.417 (3cp)     200.0     200.0    2.00e+05    2.00e+05
   500  5.2256e-01  5.1728e-01  3.0342e+02     0.801 (3cp)     440.5     462.8    8.13e+04    9.27e+04
  1000  8.6831e-02  7.0665e-02  5.5728e+02     0.196 (3cp)     520.9      85.9    6.59e+04    1.82e+04
  1500  7.3559e-02  5.5086e-02  6.3682e+02     0.263 (3cp)     453.2      52.4    6.73e+04    1.12e+04
  2000  7.2523e-02  5.3809e-02  6.4509e+02     0.492 (3cp)     369.6      42.3    6.23e+04    8.62e+03
  2500  7.1889e-02  5.3525e-02  6.3306e+02     0.846 (3cp)     203.4      44.4    5.03e+04    6.91e+03
  3000  7.1656e-02  5.3465e-02  6.2707e+02     0.836 (3cp)     144.4      42.4    4.06e+04    6.27e+03

  Result: 3 changepoints optimized
    [1] tau=0.836h  Q: 144.4 -> 42.4  S: 4.064e+04 -> 6.274e+03
    [2] tau=4.310h  Q: 42.4 -> 340.8  S: 6.274e+03 -> 2.256e+04
    [3] tau=3.955h  Q: 340.8 -> 42.2  S: 2.256e+04 -> 1.009e+04

============================================================
Summary: 3 changepoints detected and refined
============================================================
    #   tau_est   Q_minus    Q_plus     S_minus      S_plus
  ------------------------------------------------------------
    1     0.836     144.4      42.4    4.06e+04    6.27e+03
    2     4.310      42.4     340.8    6.27e+03    2.26e+04
    3     3.955     340.8      42.2    2.26e+04    1.01e+04

  True Q at each detected changepoint:
    [1] tau=0.836h  Q_true before=407.2  Q_true after=407.2  |  estimated Q-=144.4  Q+=42.4
    [2] tau=4.310h  Q_true before=189.7  Q_true after=189.7  |  estimated Q-=42.4  Q+=340.8
    [3] tau=3.955h  Q_true before=650.2  Q_true after=650.2  |  estimated Q-=340.8  Q+=42.2
Saved -> results\sensitivity_analysis\varying_Q_Q200_S200000.0\raa_diagnostic.png
