Running: Q_init=200, S_init=0.2, path=./data/datasets/varying_pinn_datasets/varying_Q.csv
RAA-PINN Pipeline
File: ./data/datasets/varying_pinn_datasets/varying_Q.csv
============================================================

Loaded 481 timepoints  (t = 0.00h to 8.00h)

--- Stage I: Sliding Window Scan ---
  window_size=20, sigma=1.5
  Auto prominence = 2.413e+08 (15% of max score)

  Detected 10 candidate changepoints:
    [1] peak at t=0.400h  -> interval [0.000h, 0.800h]
    [2] peak at t=0.900h  -> interval [0.500h, 1.300h]
    [3] peak at t=1.300h  -> interval [0.900h, 1.700h]
    [4] peak at t=2.417h  -> interval [2.017h, 2.817h]
    [5] peak at t=3.050h  -> interval [2.650h, 3.450h]
    [6] peak at t=3.933h  -> interval [3.533h, 4.333h]
    [7] peak at t=4.467h  -> interval [4.067h, 4.867h]
    [8] peak at t=5.533h  -> interval [5.133h, 5.933h]
    [9] peak at t=6.967h  -> interval [6.567h, 7.367h]
    [10] peak at t=7.833h  -> interval [7.433h, 8.000h]

--- Stage II: Joint Refinement (One PINN) ---

  Stage II — full time domain [0.000h, 8.000h]  (481 points) with 10 changepoints
 Epoch        Loss        Data        Phys         tau(1st)        Q-        Q+          S-          S+
---------------------------------------------------------------------------
     1  9.8459e-01  9.8459e-01  0.0000e+00     0.400 (10cp)     200.0     200.0    2.00e-01    2.00e-01
   500  5.2457e-01  5.1958e-01  2.1258e+01     1.023 (10cp)      39.6     163.2    5.32e+00    1.52e-01
  1000  1.8989e-01  1.2052e-01  1.7749e+02     0.879 (10cp)      33.6     166.6    3.57e+01    1.89e-01
  1500  1.7600e-01  1.0394e-01  1.8437e+02     1.368 (10cp)      22.9     147.9    7.53e+01    4.57e-01
  2000  1.7493e-01  1.0296e-01  1.8413e+02     1.317 (10cp)      19.9     133.4    1.81e+03    5.66e-01
  2500  1.7461e-01  1.0277e-01  1.8382e+02     1.313 (10cp)      19.0     119.1    3.81e+03    8.84e-01
  3000  1.7453e-01  1.0273e-01  1.8370e+02     1.312 (10cp)      18.4     116.7    4.05e+03    1.19e+00

  Result: 10 changepoints optimized
    [1] tau=1.312h  Q: 18.4 -> 116.7  S: 4.050e+03 -> 1.187e+00
    [2] tau=0.007h  Q: 116.7 -> 18.1  S: 1.187e+00 -> 2.371e+01
    [3] tau=0.852h  Q: 18.1 -> 210.3  S: 2.371e+01 -> 1.081e-01
    [4] tau=3.976h  Q: 210.3 -> 287.3  S: 1.081e-01 -> 1.968e+03
    [5] tau=1.312h  Q: 287.3 -> 82.5  S: 1.968e+03 -> 3.195e+03
    [6] tau=4.353h  Q: 82.5 -> 316.1  S: 3.195e+03 -> 4.118e-02
    [7] tau=3.976h  Q: 316.1 -> 64.3  S: 4.118e-02 -> 6.127e+03
    [8] tau=7.965h  Q: 64.3 -> 141.9  S: 6.127e+03 -> 2.299e+00
    [9] tau=6.861h  Q: 141.9 -> 31.3  S: 2.299e+00 -> 3.612e+00
    [10] tau=7.970h  Q: 31.3 -> 7.5  S: 3.612e+00 -> 2.339e+04

============================================================
Summary: 10 changepoints detected and refined
============================================================
    #   tau_est   Q_minus    Q_plus     S_minus      S_plus
  ------------------------------------------------------------
    1     1.312      18.4     116.7    4.05e+03    1.19e+00
    2     0.007     116.7      18.1    1.19e+00    2.37e+01
    3     0.852      18.1     210.3    2.37e+01    1.08e-01
    4     3.976     210.3     287.3    1.08e-01    1.97e+03
    5     1.312     287.3      82.5    1.97e+03    3.20e+03
    6     4.353      82.5     316.1    3.20e+03    4.12e-02
    7     3.976     316.1      64.3    4.12e-02    6.13e+03
    8     7.965      64.3     141.9    6.13e+03    2.30e+00
    9     6.861     141.9      31.3    2.30e+00    3.61e+00
   10     7.970      31.3       7.5    3.61e+00    2.34e+04

  True Q at each detected changepoint:
    [1] tau=1.312h  Q_true before=701.0  Q_true after=701.0  |  estimated Q-=18.4  Q+=116.7
    [2] tau=0.007h  Q_true before=641.8  Q_true after=641.8  |  estimated Q-=116.7  Q+=18.1
    [3] tau=0.852h  Q_true before=407.2  Q_true after=407.2  |  estimated Q-=18.1  Q+=210.3
    [4] tau=3.976h  Q_true before=650.2  Q_true after=650.2  |  estimated Q-=210.3  Q+=287.3
    [5] tau=1.312h  Q_true before=701.0  Q_true after=701.0  |  estimated Q-=287.3  Q+=82.5
    [6] tau=4.353h  Q_true before=189.7  Q_true after=189.7  |  estimated Q-=82.5  Q+=316.1
    [7] tau=3.976h  Q_true before=650.2  Q_true after=650.2  |  estimated Q-=316.1  Q+=64.3
    [8] tau=7.965h  Q_true before=259.1  Q_true after=259.1  |  estimated Q-=64.3  Q+=141.9
    [9] tau=6.861h  Q_true before=675.9  Q_true after=675.9  |  estimated Q-=141.9  Q+=31.3
    [10] tau=7.970h  Q_true before=259.1  Q_true after=259.1  |  estimated Q-=31.3  Q+=7.5
Saved -> results\sensitivity_analysis\varying_Q_Q200_S0.2\raa_diagnostic.png
