Running: Q_init=100, S_init=100000.0, path=./data/datasets/varying_pinn_datasets/varying_Q.csv
RAA-PINN Pipeline
File: ./data/datasets/varying_pinn_datasets/varying_Q.csv
============================================================

Loaded 481 timepoints  (t = 0.00h to 8.00h)

--- Stage I: Sliding Window Scan ---
  window_size=20, sigma=1.5
  Auto prominence = 7.240e+08 (15% of max score)

  Detected 3 candidate changepoints:
    [1] peak at t=2.417h  -> interval [2.017h, 2.817h]
    [2] peak at t=3.933h  -> interval [3.533h, 4.333h]
    [3] peak at t=4.467h  -> interval [4.067h, 4.867h]

--- Stage II: Joint Refinement (One PINN) ---

  Stage II — full time domain [0.000h, 8.000h]  (481 points) with 3 changepoints
 Epoch        Loss        Data        Phys         tau(1st)        Q-        Q+          S-          S+
---------------------------------------------------------------------------
     1  1.1960e+00  1.1960e+00  0.0000e+00     2.417 (3cp)     100.0     100.0    1.00e+05    1.00e+05
   500  6.2581e-01  6.1741e-01  1.1671e+02     1.308 (3cp)     245.8     222.3    4.43e+04    4.63e+04
  1000  1.3338e-01  8.6284e-02  3.9236e+02     0.778 (3cp)     118.6      47.6    3.20e+04    8.22e+03
  1500  1.2335e-01  7.2497e-02  4.2373e+02     0.789 (3cp)      43.6      31.9    2.11e+04    4.57e+03
  2000  1.1963e-01  6.7794e-02  4.3187e+02     0.804 (3cp)      25.7      27.5    1.84e+04    3.44e+03
  2500  1.1831e-01  6.5809e-02  4.3739e+02     0.809 (3cp)      19.7      25.5    1.75e+04    2.97e+03
  3000  1.1808e-01  6.5508e-02  4.3805e+02     0.809 (3cp)      17.0      24.4    1.71e+04    2.73e+03

  Result: 3 changepoints optimized
    [1] tau=0.809h  Q: 17.0 -> 24.4  S: 1.715e+04 -> 2.728e+03
    [2] tau=4.319h  Q: 24.4 -> 270.1  S: 2.728e+03 -> 8.234e+03
    [3] tau=3.951h  Q: 270.1 -> 26.5  S: 8.234e+03 -> 5.839e+03

============================================================
Summary: 3 changepoints detected and refined
============================================================
    #   tau_est   Q_minus    Q_plus     S_minus      S_plus
  ------------------------------------------------------------
    1     0.809      17.0      24.4    1.71e+04    2.73e+03
    2     4.319      24.4     270.1    2.73e+03    8.23e+03
    3     3.951     270.1      26.5    8.23e+03    5.84e+03

  True Q at each detected changepoint:
    [1] tau=0.809h  Q_true before=407.2  Q_true after=407.2  |  estimated Q-=17.0  Q+=24.4
    [2] tau=4.319h  Q_true before=189.7  Q_true after=189.7  |  estimated Q-=24.4  Q+=270.1
    [3] tau=3.951h  Q_true before=650.2  Q_true after=650.2  |  estimated Q-=270.1  Q+=26.5
Saved -> results\sensitivity_analysis\varying_Q_Q100_S100000.0\raa_diagnostic.png
