Running: Q_init=400, S_init=200000.0, path=./data/datasets/varying_pinn_datasets/varying_Q.csv
RAA-PINN Pipeline
File: ./data/datasets/varying_pinn_datasets/varying_Q.csv
============================================================

Loaded 481 timepoints  (t = 0.00h to 8.00h)

--- Stage I: Sliding Window Scan ---
  window_size=20, sigma=1.5
  Auto prominence = 7.240e+08 (15% of max score)

  Detected 3 candidate changepoints:
    [1] peak at t=2.417h  -> interval [2.017h, 2.817h]
    [2] peak at t=3.933h  -> interval [3.533h, 4.333h]
    [3] peak at t=4.467h  -> interval [4.067h, 4.867h]

--- Stage II: Joint Refinement (One PINN) ---

  Stage II — full time domain [0.000h, 8.000h]  (481 points) with 3 changepoints
 Epoch        Loss        Data        Phys         tau(1st)        Q-        Q+          S-          S+
---------------------------------------------------------------------------
     1  1.0912e+00  1.0912e+00  0.0000e+00     2.417 (3cp)     400.0     400.0    2.00e+05    2.00e+05
   500  6.0560e-01  5.9793e-01  2.3414e+02     0.435 (3cp)     682.4     569.6    1.04e+05    1.11e+05
  1000  1.0586e-01  7.2388e-02  6.1331e+02     0.203 (3cp)     673.5     234.4    8.43e+04    4.64e+04
  1500  8.4059e-02  6.0480e-02  4.3203e+02     0.116 (3cp)     660.6      19.4    8.15e+04    1.57e+04
  2000  8.2135e-02  5.8516e-02  4.3277e+02     0.076 (3cp)     661.2       9.4    8.05e+04    1.37e+04
  2500  8.1389e-02  5.7777e-02  4.3263e+02     0.063 (3cp)     660.3       6.9    8.02e+04    1.32e+04
  3000  8.1209e-02  5.7628e-02  4.3206e+02     0.058 (3cp)     659.7       5.8    8.00e+04    1.30e+04

  Result: 3 changepoints optimized
    [1] tau=0.058h  Q: 659.7 -> 5.8  S: 7.998e+04 -> 1.295e+04
    [2] tau=2.712h  Q: 5.8 -> 40.2  S: 1.295e+04 -> 1.260e+05
    [3] tau=2.480h  Q: 40.2 -> 14.1  S: 1.260e+05 -> 6.557e+03

============================================================
Summary: 3 changepoints detected and refined
============================================================
    #   tau_est   Q_minus    Q_plus     S_minus      S_plus
  ------------------------------------------------------------
    1     0.058     659.7       5.8    8.00e+04    1.30e+04
    2     2.712       5.8      40.2    1.30e+04    1.26e+05
    3     2.480      40.2      14.1    1.26e+05    6.56e+03

  True Q at each detected changepoint:
    [1] tau=0.058h  Q_true before=641.8  Q_true after=641.8  |  estimated Q-=659.7  Q+=5.8
    [2] tau=2.712h  Q_true before=782.9  Q_true after=782.9  |  estimated Q-=5.8  Q+=40.2
    [3] tau=2.480h  Q_true before=165.9  Q_true after=165.9  |  estimated Q-=40.2  Q+=14.1
Saved -> results\sensitivity_analysis\varying_Q_Q400_S200000.0\raa_diagnostic.png
