Running: Q_init=200, S_init=0.05, path=./data/datasets/varying_pinn_datasets/varying_S.csv
RAA-PINN Pipeline
File: ./data/datasets/varying_pinn_datasets/varying_S.csv
============================================================

Loaded 481 timepoints  (t = 0.00h to 8.00h)

--- Stage I: Sliding Window Scan ---
  window_size=20, sigma=1.5
  Auto prominence = 3.774e+08 (15% of max score)

  Detected 11 candidate changepoints:
    [1] peak at t=0.500h  -> interval [0.100h, 0.900h]
    [2] peak at t=0.933h  -> interval [0.533h, 1.333h]
    [3] peak at t=1.483h  -> interval [1.083h, 1.883h]
    [4] peak at t=2.400h  -> interval [2.000h, 2.800h]
    [5] peak at t=2.950h  -> interval [2.550h, 3.350h]
    [6] peak at t=4.000h  -> interval [3.600h, 4.400h]
    [7] peak at t=4.533h  -> interval [4.133h, 4.933h]
    [8] peak at t=5.083h  -> interval [4.683h, 5.483h]
    [9] peak at t=5.533h  -> interval [5.133h, 5.933h]
    [10] peak at t=6.483h  -> interval [6.083h, 6.883h]
    [11] peak at t=7.800h  -> interval [7.400h, 8.000h]

--- Stage II: Joint Refinement (One PINN) ---

  Stage II — full time domain [0.000h, 8.000h]  (481 points) with 11 changepoints
 Epoch        Loss        Data        Phys         tau(1st)        Q-        Q+          S-          S+
---------------------------------------------------------------------------
     1  1.0006e+00  1.0006e+00  0.0000e+00     0.500 (11cp)     200.0     200.0    5.00e-02    5.00e-02
   500  4.1064e-02  4.0457e-02  2.1308e+01     1.471 (11cp)      37.4     175.2    5.14e-02    5.00e-02
  1000  2.8515e-02  2.7118e-02  2.9426e+01     1.658 (11cp)      24.5     170.5    5.13e-02    5.07e-02
  1500  1.1385e-02  8.2282e-03  6.6464e+01     1.460 (11cp)      15.6     185.4    5.21e-02    5.07e-02
  2000  1.0114e-02  6.3287e-03  7.9698e+01     1.433 (11cp)      12.4     185.4    5.44e-02    4.93e-02
  2500  9.8200e-03  5.9775e-03  8.0894e+01     1.430 (11cp)      11.0     184.3    5.56e-02    4.86e-02
  3000  9.7616e-03  5.9110e-03  8.1067e+01     1.430 (11cp)      10.2     183.6    5.62e-02    4.83e-02

  Result: 11 changepoints optimized
    [1] tau=1.430h  Q: 10.2 -> 183.6  S: 5.616e-02 -> 4.831e-02
    [2] tau=0.002h  Q: 183.6 -> 71.7  S: 4.831e-02 -> 5.447e-02
    [3] tau=2.940h  Q: 71.7 -> 125.6  S: 5.447e-02 -> 4.933e-02
    [4] tau=1.430h  Q: 125.6 -> 36.6  S: 4.933e-02 -> 5.255e-02
    [5] tau=2.515h  Q: 36.6 -> 125.4  S: 5.255e-02 -> 5.375e-02
    [6] tau=4.377h  Q: 125.4 -> 208.8  S: 5.375e-02 -> 4.762e-02
    [7] tau=2.940h  Q: 208.8 -> 2.6  S: 4.762e-02 -> 6.021e-02
    [8] tau=3.424h  Q: 2.6 -> 75.7  S: 6.021e-02 -> 5.183e-02
    [9] tau=6.153h  Q: 75.7 -> 28.6  S: 5.183e-02 -> 1.272e-01
    [10] tau=7.986h  Q: 28.6 -> 99.5  S: 1.272e-01 -> 3.251e-02
    [11] tau=6.246h  Q: 99.5 -> 11.3  S: 3.251e-02 -> 1.446e-01

============================================================
Summary: 11 changepoints detected and refined
============================================================
    #   tau_est   Q_minus    Q_plus     S_minus      S_plus
  ------------------------------------------------------------
    1     1.430      10.2     183.6    5.62e-02    4.83e-02
    2     0.002     183.6      71.7    4.83e-02    5.45e-02
    3     2.940      71.7     125.6    5.45e-02    4.93e-02
    4     1.430     125.6      36.6    4.93e-02    5.26e-02
    5     2.515      36.6     125.4    5.26e-02    5.37e-02
    6     4.377     125.4     208.8    5.37e-02    4.76e-02
    7     2.940     208.8       2.6    4.76e-02    6.02e-02
    8     3.424       2.6      75.7    6.02e-02    5.18e-02
    9     6.153      75.7      28.6    5.18e-02    1.27e-01
   10     7.986      28.6      99.5    1.27e-01    3.25e-02
   11     6.246      99.5      11.3    3.25e-02    1.45e-01

  True Q at each detected changepoint:
    [1] tau=1.430h  Q_true before=200.0  Q_true after=200.0  |  estimated Q-=10.2  Q+=183.6
    [2] tau=0.002h  Q_true before=200.0  Q_true after=200.0  |  estimated Q-=183.6  Q+=71.7
    [3] tau=2.940h  Q_true before=200.0  Q_true after=200.0  |  estimated Q-=71.7  Q+=125.6
    [4] tau=1.430h  Q_true before=200.0  Q_true after=200.0  |  estimated Q-=125.6  Q+=36.6
    [5] tau=2.515h  Q_true before=200.0  Q_true after=200.0  |  estimated Q-=36.6  Q+=125.4
    [6] tau=4.377h  Q_true before=200.0  Q_true after=200.0  |  estimated Q-=125.4  Q+=208.8
    [7] tau=2.940h  Q_true before=200.0  Q_true after=200.0  |  estimated Q-=208.8  Q+=2.6
    [8] tau=3.424h  Q_true before=200.0  Q_true after=200.0  |  estimated Q-=2.6  Q+=75.7
    [9] tau=6.153h  Q_true before=200.0  Q_true after=200.0  |  estimated Q-=75.7  Q+=28.6
    [10] tau=7.986h  Q_true before=200.0  Q_true after=200.0  |  estimated Q-=28.6  Q+=99.5
    [11] tau=6.246h  Q_true before=200.0  Q_true after=200.0  |  estimated Q-=99.5  Q+=11.3
Saved -> results\sensitivity_analysis\varying_S_Q200_S0.05\raa_diagnostic.png
