Run started : 2026-05-24T21:34:40.436551
Input file  : C:\Users\Jenny\Desktop\HAB project\datasets\iaq_Q800_S0.10.csv

============================================================
  [22/24]  iaq_Q800_S0.10.csv
============================================================

File: datasets\iaq_Q800_S0.10.csv  |  True Q=800.0, True S_vol=0.1, True S=1.00e+05
 Epoch        Loss        Data        Phys         Q           S
------------------------------------------------------------
     1  1.0227e+00  1.0227e+00  0.0000e+00      1.00         1.0
   500  9.2453e-01  9.2453e-01  0.0000e+00      1.00         1.0
  1000  9.7023e-01  9.5593e-01  3.8738e+00      0.11       147.8
  1500  9.7898e-01  9.6805e-01  1.4613e+00      0.16       124.3
  2000  9.8294e-01  9.7411e-01  7.8133e-01      0.33       132.6
  2500  9.8494e-01  9.7734e-01  5.0305e-01      2.40       379.9
  3000  9.8326e-01  9.7494e-01  5.5205e-01     20.86      2670.2
  3500  9.8184e-01  9.7364e-01  5.4537e-01     38.24      4816.7
  4000  9.7976e-01  9.7144e-01  5.5405e-01     54.55      6854.5
  4500  9.7774e-01  9.6960e-01  5.4324e-01     71.08      8908.7
  5000  9.7558e-01  9.6773e-01  5.2435e-01     87.43     10943.4
  5500  9.7325e-01  9.6581e-01  4.9838e-01    104.11     13019.1
  6000  9.7092e-01  9.6395e-01  4.6794e-01    120.21     15023.5
  6500  9.6875e-01  9.6223e-01  4.3786e-01    135.09     16875.4
  7000  9.6692e-01  9.6080e-01  4.1244e-01    147.54     18425.6
  7500  9.6571e-01  9.5984e-01  3.9566e-01    155.81     19455.9
  8000  9.6505e-01  9.5932e-01  3.8633e-01    160.37     20023.3

Done.
  Estimated Q = 160.37  m^3/h
  Estimated S = 2.00e+04  ppm·m^3/h
  (S_vol implied = 0.0200  m^3 CO2/h)

Saved figure -> results\iaq_Q800_S0.10\diagnostic.png
