Running: Q_init=600, S_init=0.2, path=./data/datasets/varying_pinn_datasets/varying_Q.csv
RAA-PINN Pipeline
File: ./data/datasets/varying_pinn_datasets/varying_Q.csv
============================================================

Loaded 481 timepoints  (t = 0.00h to 8.00h)

--- Stage I: Sliding Window Scan ---
  window_size=20, sigma=1.5
  Auto prominence = 2.413e+08 (15% of max score)

  Detected 10 candidate changepoints:
    [1] peak at t=0.400h  -> interval [0.000h, 0.800h]
    [2] peak at t=0.900h  -> interval [0.500h, 1.300h]
    [3] peak at t=1.300h  -> interval [0.900h, 1.700h]
    [4] peak at t=2.417h  -> interval [2.017h, 2.817h]
    [5] peak at t=3.050h  -> interval [2.650h, 3.450h]
    [6] peak at t=3.933h  -> interval [3.533h, 4.333h]
    [7] peak at t=4.467h  -> interval [4.067h, 4.867h]
    [8] peak at t=5.533h  -> interval [5.133h, 5.933h]
    [9] peak at t=6.967h  -> interval [6.567h, 7.367h]
    [10] peak at t=7.833h  -> interval [7.433h, 8.000h]

--- Stage II: Joint Refinement (One PINN) ---

  Stage II — full time domain [0.000h, 8.000h]  (481 points) with 10 changepoints
 Epoch        Loss        Data        Phys         tau(1st)        Q-        Q+          S-          S+
---------------------------------------------------------------------------
     1  1.0109e+00  1.0109e+00  0.0000e+00     0.400 (10cp)     600.0     600.0    2.00e-01    2.00e-01
   500  4.1316e-01  4.0977e-01  1.2504e+02     0.488 (10cp)      87.5     191.7    1.01e+00    4.14e-01
  1000  8.1218e-02  6.5094e-02  3.5675e+02     0.717 (10cp)      62.1     122.8    2.30e+00    9.24e-02
  1500  7.0649e-02  5.5930e-02  3.2567e+02     0.647 (10cp)      33.6     127.7    1.09e+04    6.23e-02
  2000  6.6839e-02  5.1547e-02  3.3835e+02     0.669 (10cp)      42.5      81.2    1.75e+04    6.41e-02
  2500  6.6027e-02  5.0643e-02  3.4037e+02     0.678 (10cp)      48.8      69.8    1.95e+04    6.46e-02
  3000  6.5896e-02  5.0505e-02  3.4054e+02     0.681 (10cp)      52.0      66.0    2.00e+04    6.47e-02

  Result: 10 changepoints optimized
    [1] tau=0.681h  Q: 52.0 -> 66.0  S: 1.996e+04 -> 6.472e-02
    [2] tau=2.525h  Q: 66.0 -> 657.0  S: 6.472e-02 -> 5.713e+04
    [3] tau=0.148h  Q: 657.0 -> 256.0  S: 5.713e+04 -> 6.029e-02
    [4] tau=2.804h  Q: 256.0 -> 155.1  S: 6.029e-02 -> 3.935e-01
    [5] tau=2.372h  Q: 155.1 -> 370.3  S: 3.935e-01 -> 5.489e-01
    [6] tau=6.905h  Q: 370.3 -> 600.6  S: 5.489e-01 -> 1.191e-01
    [7] tau=2.701h  Q: 600.6 -> 229.9  S: 1.191e-01 -> 8.248e-01
    [8] tau=7.955h  Q: 229.9 -> 392.2  S: 8.248e-01 -> 4.258e-01
    [9] tau=6.904h  Q: 392.2 -> 89.3  S: 4.258e-01 -> 4.320e+00
    [10] tau=7.967h  Q: 89.3 -> 17.2  S: 4.320e+00 -> 2.334e+04

============================================================
Summary: 10 changepoints detected and refined
============================================================
    #   tau_est   Q_minus    Q_plus     S_minus      S_plus
  ------------------------------------------------------------
    1     0.681      52.0      66.0    2.00e+04    6.47e-02
    2     2.525      66.0     657.0    6.47e-02    5.71e+04
    3     0.148     657.0     256.0    5.71e+04    6.03e-02
    4     2.804     256.0     155.1    6.03e-02    3.94e-01
    5     2.372     155.1     370.3    3.94e-01    5.49e-01
    6     6.905     370.3     600.6    5.49e-01    1.19e-01
    7     2.701     600.6     229.9    1.19e-01    8.25e-01
    8     7.955     229.9     392.2    8.25e-01    4.26e-01
    9     6.904     392.2      89.3    4.26e-01    4.32e+00
   10     7.967      89.3      17.2    4.32e+00    2.33e+04

  True Q at each detected changepoint:
    [1] tau=0.681h  Q_true before=407.2  Q_true after=407.2  |  estimated Q-=52.0  Q+=66.0
    [2] tau=2.525h  Q_true before=782.9  Q_true after=782.9  |  estimated Q-=66.0  Q+=657.0
    [3] tau=0.148h  Q_true before=641.8  Q_true after=641.8  |  estimated Q-=657.0  Q+=256.0
    [4] tau=2.804h  Q_true before=782.9  Q_true after=782.9  |  estimated Q-=256.0  Q+=155.1
    [5] tau=2.372h  Q_true before=165.9  Q_true after=165.9  |  estimated Q-=155.1  Q+=370.3
    [6] tau=6.905h  Q_true before=675.9  Q_true after=675.9  |  estimated Q-=370.3  Q+=600.6
    [7] tau=2.701h  Q_true before=782.9  Q_true after=782.9  |  estimated Q-=600.6  Q+=229.9
    [8] tau=7.955h  Q_true before=259.1  Q_true after=259.1  |  estimated Q-=229.9  Q+=392.2
    [9] tau=6.904h  Q_true before=675.9  Q_true after=675.9  |  estimated Q-=392.2  Q+=89.3
    [10] tau=7.967h  Q_true before=259.1  Q_true after=259.1  |  estimated Q-=89.3  Q+=17.2
Saved -> results\sensitivity_analysis\varying_Q_Q600_S0.2\raa_diagnostic.png
