Running: Q_init=200, S_init=0.3, path=./data/datasets/varying_pinn_datasets/varying_Q.csv
RAA-PINN Pipeline
File: ./data/datasets/varying_pinn_datasets/varying_Q.csv
============================================================

Loaded 481 timepoints  (t = 0.00h to 8.00h)

--- Stage I: Sliding Window Scan ---
  window_size=20, sigma=1.5
  Auto prominence = 2.413e+08 (15% of max score)

  Detected 10 candidate changepoints:
    [1] peak at t=0.400h  -> interval [0.000h, 0.800h]
    [2] peak at t=0.900h  -> interval [0.500h, 1.300h]
    [3] peak at t=1.300h  -> interval [0.900h, 1.700h]
    [4] peak at t=2.417h  -> interval [2.017h, 2.817h]
    [5] peak at t=3.050h  -> interval [2.650h, 3.450h]
    [6] peak at t=3.933h  -> interval [3.533h, 4.333h]
    [7] peak at t=4.467h  -> interval [4.067h, 4.867h]
    [8] peak at t=5.533h  -> interval [5.133h, 5.933h]
    [9] peak at t=6.967h  -> interval [6.567h, 7.367h]
    [10] peak at t=7.833h  -> interval [7.433h, 8.000h]

--- Stage II: Joint Refinement (One PINN) ---

  Stage II — full time domain [0.000h, 8.000h]  (481 points) with 10 changepoints
 Epoch        Loss        Data        Phys         tau(1st)        Q-        Q+          S-          S+
---------------------------------------------------------------------------
     1  9.9874e-01  9.9874e-01  0.0000e+00     0.400 (10cp)     200.0     200.0    3.00e-01    3.00e-01
   500  1.9230e-01  1.5416e-01  1.6349e+02     0.914 (10cp)      41.7     163.2    6.01e+00    2.42e-01
  1000  1.8294e-01  1.1104e-01  1.8489e+02     0.782 (10cp)      23.5     132.4    9.49e+03    9.63e-01
  1500  1.8048e-01  1.0792e-01  1.8659e+02     0.789 (10cp)      21.4     103.6    1.42e+04    2.84e+00
  2000  1.7904e-01  1.0651e-01  1.8652e+02     0.788 (10cp)      20.5     101.5    1.53e+04    4.55e+00
  2500  1.7740e-01  1.0531e-01  1.8539e+02     0.786 (10cp)      20.5     103.4    1.55e+04    5.28e+00
  3000  1.7662e-01  1.0502e-01  1.8411e+02     0.785 (10cp)      20.7     104.0    1.55e+04    5.86e+00

  Result: 10 changepoints optimized
    [1] tau=0.785h  Q: 20.7 -> 104.0  S: 1.553e+04 -> 5.855e+00
    [2] tau=0.484h  Q: 104.0 -> 40.0  S: 5.855e+00 -> 2.188e+00
    [3] tau=0.713h  Q: 40.0 -> 95.6  S: 2.188e+00 -> 2.392e-01
    [4] tau=3.901h  Q: 95.6 -> 189.9  S: 2.392e-01 -> 5.414e+03
    [5] tau=0.778h  Q: 189.9 -> 87.7  S: 5.414e+03 -> 1.708e+03
    [6] tau=4.393h  Q: 87.7 -> 307.2  S: 1.708e+03 -> 4.702e-02
    [7] tau=3.902h  Q: 307.2 -> 50.1  S: 4.702e-02 -> 4.484e-01
    [8] tau=7.450h  Q: 50.1 -> 365.5  S: 4.484e-01 -> 4.432e+04
    [9] tau=5.921h  Q: 365.5 -> 26.4  S: 4.432e+04 -> 1.481e+00
    [10] tau=7.462h  Q: 26.4 -> 8.4  S: 1.481e+00 -> 2.172e+04

============================================================
Summary: 10 changepoints detected and refined
============================================================
    #   tau_est   Q_minus    Q_plus     S_minus      S_plus
  ------------------------------------------------------------
    1     0.785      20.7     104.0    1.55e+04    5.86e+00
    2     0.484     104.0      40.0    5.86e+00    2.19e+00
    3     0.713      40.0      95.6    2.19e+00    2.39e-01
    4     3.901      95.6     189.9    2.39e-01    5.41e+03
    5     0.778     189.9      87.7    5.41e+03    1.71e+03
    6     4.393      87.7     307.2    1.71e+03    4.70e-02
    7     3.902     307.2      50.1    4.70e-02    4.48e-01
    8     7.450      50.1     365.5    4.48e-01    4.43e+04
    9     5.921     365.5      26.4    4.43e+04    1.48e+00
   10     7.462      26.4       8.4    1.48e+00    2.17e+04

  True Q at each detected changepoint:
    [1] tau=0.785h  Q_true before=407.2  Q_true after=407.2  |  estimated Q-=20.7  Q+=104.0
    [2] tau=0.484h  Q_true before=641.8  Q_true after=407.2  |  estimated Q-=104.0  Q+=40.0
    [3] tau=0.713h  Q_true before=407.2  Q_true after=407.2  |  estimated Q-=40.0  Q+=95.6
    [4] tau=3.901h  Q_true before=650.2  Q_true after=650.2  |  estimated Q-=95.6  Q+=189.9
    [5] tau=0.778h  Q_true before=407.2  Q_true after=407.2  |  estimated Q-=189.9  Q+=87.7
    [6] tau=4.393h  Q_true before=189.7  Q_true after=189.7  |  estimated Q-=87.7  Q+=307.2
    [7] tau=3.902h  Q_true before=650.2  Q_true after=650.2  |  estimated Q-=307.2  Q+=50.1
    [8] tau=7.450h  Q_true before=410.4  Q_true after=410.4  |  estimated Q-=50.1  Q+=365.5
    [9] tau=5.921h  Q_true before=748.7  Q_true after=748.7  |  estimated Q-=365.5  Q+=26.4
    [10] tau=7.462h  Q_true before=410.4  Q_true after=410.4  |  estimated Q-=26.4  Q+=8.4
Saved -> results\sensitivity_analysis\varying_Q_Q200_S0.3\raa_diagnostic.png
