Running: Q_init=400, S_init=0.2, path=./data/datasets/varying_pinn_datasets/varying_Q.csv
RAA-PINN Pipeline
File: ./data/datasets/varying_pinn_datasets/varying_Q.csv
============================================================

Loaded 481 timepoints  (t = 0.00h to 8.00h)

--- Stage I: Sliding Window Scan ---
  window_size=20, sigma=1.5
  Auto prominence = 2.413e+08 (15% of max score)

  Detected 10 candidate changepoints:
    [1] peak at t=0.400h  -> interval [0.000h, 0.800h]
    [2] peak at t=0.900h  -> interval [0.500h, 1.300h]
    [3] peak at t=1.300h  -> interval [0.900h, 1.700h]
    [4] peak at t=2.417h  -> interval [2.017h, 2.817h]
    [5] peak at t=3.050h  -> interval [2.650h, 3.450h]
    [6] peak at t=3.933h  -> interval [3.533h, 4.333h]
    [7] peak at t=4.467h  -> interval [4.067h, 4.867h]
    [8] peak at t=5.533h  -> interval [5.133h, 5.933h]
    [9] peak at t=6.967h  -> interval [6.567h, 7.367h]
    [10] peak at t=7.833h  -> interval [7.433h, 8.000h]

--- Stage II: Joint Refinement (One PINN) ---

  Stage II — full time domain [0.000h, 8.000h]  (481 points) with 10 changepoints
 Epoch        Loss        Data        Phys         tau(1st)        Q-        Q+          S-          S+
---------------------------------------------------------------------------
     1  1.0912e+00  1.0912e+00  0.0000e+00     0.400 (10cp)     400.0     400.0    2.00e-01    2.00e-01
   500  6.0249e-01  5.9965e-01  4.5644e+01     0.472 (10cp)      58.7     123.2    2.49e+00    5.84e-01
  1000  9.8571e-02  7.4553e-02  2.3143e+02     0.683 (10cp)      39.6      80.8    9.59e+02    7.05e-02
  1500  8.2714e-02  6.1367e-02  2.0569e+02     0.667 (10cp)      48.5      62.9    2.10e+04    5.48e-02
  2000  8.0908e-02  5.9292e-02  2.0828e+02     0.681 (10cp)      75.2      54.1    2.58e+04    5.39e-02
  2500  8.0236e-02  5.8606e-02  2.0842e+02     0.689 (10cp)     105.2      52.5    3.02e+04    5.31e-02
  3000  8.0073e-02  5.8479e-02  2.0807e+02     0.694 (10cp)     127.1      53.5    3.32e+04    5.25e-02

  Result: 10 changepoints optimized
    [1] tau=0.694h  Q: 127.1 -> 53.5  S: 3.325e+04 -> 5.247e-02
    [2] tau=2.405h  Q: 53.5 -> 446.4  S: 5.247e-02 -> 5.611e+04
    [3] tau=0.045h  Q: 446.4 -> 64.1  S: 5.611e+04 -> 4.373e-02
    [4] tau=3.040h  Q: 64.1 -> 37.3  S: 4.373e-02 -> 1.234e+04
    [5] tau=2.510h  Q: 37.3 -> 384.5  S: 1.234e+04 -> 1.275e+04
    [6] tau=5.469h  Q: 384.5 -> 576.6  S: 1.275e+04 -> 4.765e-02
    [7] tau=2.717h  Q: 576.6 -> 223.1  S: 4.765e-02 -> 2.316e+00
    [8] tau=7.897h  Q: 223.1 -> 433.8  S: 2.316e+00 -> 2.097e+04
    [9] tau=5.726h  Q: 433.8 -> 60.6  S: 2.097e+04 -> 5.258e-01
    [10] tau=7.912h  Q: 60.6 -> 14.2  S: 5.258e-01 -> 2.141e+04

============================================================
Summary: 10 changepoints detected and refined
============================================================
    #   tau_est   Q_minus    Q_plus     S_minus      S_plus
  ------------------------------------------------------------
    1     0.694     127.1      53.5    3.32e+04    5.25e-02
    2     2.405      53.5     446.4    5.25e-02    5.61e+04
    3     0.045     446.4      64.1    5.61e+04    4.37e-02
    4     3.040      64.1      37.3    4.37e-02    1.23e+04
    5     2.510      37.3     384.5    1.23e+04    1.28e+04
    6     5.469     384.5     576.6    1.28e+04    4.77e-02
    7     2.717     576.6     223.1    4.77e-02    2.32e+00
    8     7.897     223.1     433.8    2.32e+00    2.10e+04
    9     5.726     433.8      60.6    2.10e+04    5.26e-01
   10     7.912      60.6      14.2    5.26e-01    2.14e+04

  True Q at each detected changepoint:
    [1] tau=0.694h  Q_true before=407.2  Q_true after=407.2  |  estimated Q-=127.1  Q+=53.5
    [2] tau=2.405h  Q_true before=165.9  Q_true after=165.9  |  estimated Q-=53.5  Q+=446.4
    [3] tau=0.045h  Q_true before=641.8  Q_true after=641.8  |  estimated Q-=446.4  Q+=64.1
    [4] tau=3.040h  Q_true before=632.8  Q_true after=632.8  |  estimated Q-=64.1  Q+=37.3
    [5] tau=2.510h  Q_true before=782.9  Q_true after=782.9  |  estimated Q-=37.3  Q+=384.5
    [6] tau=5.469h  Q_true before=359.6  Q_true after=359.6  |  estimated Q-=384.5  Q+=576.6
    [7] tau=2.717h  Q_true before=782.9  Q_true after=782.9  |  estimated Q-=576.6  Q+=223.1
    [8] tau=7.897h  Q_true before=259.1  Q_true after=259.1  |  estimated Q-=223.1  Q+=433.8
    [9] tau=5.726h  Q_true before=748.7  Q_true after=748.7  |  estimated Q-=433.8  Q+=60.6
    [10] tau=7.912h  Q_true before=259.1  Q_true after=259.1  |  estimated Q-=60.6  Q+=14.2
Saved -> results\sensitivity_analysis\varying_Q_Q400_S0.2\raa_diagnostic.png
