Running: Q_init=600, S_init=0.1, path=./data/datasets/varying_pinn_datasets/varying_S.csv
RAA-PINN Pipeline
File: ./data/datasets/varying_pinn_datasets/varying_S.csv
============================================================

Loaded 481 timepoints  (t = 0.00h to 8.00h)

--- Stage I: Sliding Window Scan ---
  window_size=20, sigma=1.5
  Auto prominence = 3.774e+08 (15% of max score)

  Detected 11 candidate changepoints:
    [1] peak at t=0.500h  -> interval [0.100h, 0.900h]
    [2] peak at t=0.933h  -> interval [0.533h, 1.333h]
    [3] peak at t=1.483h  -> interval [1.083h, 1.883h]
    [4] peak at t=2.400h  -> interval [2.000h, 2.800h]
    [5] peak at t=2.950h  -> interval [2.550h, 3.350h]
    [6] peak at t=4.000h  -> interval [3.600h, 4.400h]
    [7] peak at t=4.533h  -> interval [4.133h, 4.933h]
    [8] peak at t=5.083h  -> interval [4.683h, 5.483h]
    [9] peak at t=5.533h  -> interval [5.133h, 5.933h]
    [10] peak at t=6.483h  -> interval [6.083h, 6.883h]
    [11] peak at t=7.800h  -> interval [7.400h, 8.000h]

--- Stage II: Joint Refinement (One PINN) ---

  Stage II — full time domain [0.000h, 8.000h]  (481 points) with 11 changepoints
 Epoch        Loss        Data        Phys         tau(1st)        Q-        Q+          S-          S+
---------------------------------------------------------------------------
     1  9.9632e-01  9.9632e-01  0.0000e+00     0.500 (11cp)     600.0     600.0    1.00e-01    1.00e-01
   500  4.0203e-02  3.9988e-02  6.3560e+01     1.340 (11cp)     127.4     417.6    1.01e-01    1.00e-01
  1000  1.6245e-02  1.5909e-02  5.9693e+01     1.615 (11cp)      74.2     383.1    1.01e-01    1.01e-01
  1500  6.8369e-03  6.1888e-03  1.1488e+02     1.464 (11cp)      52.8     364.2    1.04e-01    9.90e-02
  2000  6.0733e-03  5.3951e-03  1.2020e+02     1.446 (11cp)      43.5     355.8    1.07e-01    9.76e-02
  2500  5.7800e-03  5.0925e-03  1.2185e+02     1.440 (11cp)      38.7     351.8    1.08e-01    9.68e-02
  3000  5.7242e-03  5.0354e-03  1.2208e+02     1.439 (11cp)      36.1     349.4    1.08e-01    9.65e-02

  Result: 11 changepoints optimized
    [1] tau=1.439h  Q: 36.1 -> 349.4  S: 1.085e-01 -> 9.646e-02
    [2] tau=0.004h  Q: 349.4 -> 212.1  S: 9.646e-02 -> 1.061e-01
    [3] tau=2.540h  Q: 212.1 -> 304.2  S: 1.061e-01 -> 1.067e-01
    [4] tau=4.324h  Q: 304.2 -> 527.2  S: 1.067e-01 -> 9.463e-02
    [5] tau=1.439h  Q: 527.2 -> 299.3  S: 9.463e-02 -> 1.031e-01
    [6] tau=6.231h  Q: 299.3 -> 488.2  S: 1.031e-01 -> 1.046e-01
    [7] tau=4.324h  Q: 488.2 -> 361.2  S: 1.046e-01 -> 9.529e-02
    [8] tau=2.916h  Q: 361.2 -> 258.1  S: 9.529e-02 -> 1.172e-01
    [9] tau=7.975h  Q: 258.1 -> 388.9  S: 1.172e-01 -> 8.863e-02
    [10] tau=6.231h  Q: 388.9 -> 70.5  S: 8.863e-02 -> 1.278e-01
    [11] tau=7.961h  Q: 70.5 -> 21.6  S: 1.278e-01 -> 1.036e-01

============================================================
Summary: 11 changepoints detected and refined
============================================================
    #   tau_est   Q_minus    Q_plus     S_minus      S_plus
  ------------------------------------------------------------
    1     1.439      36.1     349.4    1.08e-01    9.65e-02
    2     0.004     349.4     212.1    9.65e-02    1.06e-01
    3     2.540     212.1     304.2    1.06e-01    1.07e-01
    4     4.324     304.2     527.2    1.07e-01    9.46e-02
    5     1.439     527.2     299.3    9.46e-02    1.03e-01
    6     6.231     299.3     488.2    1.03e-01    1.05e-01
    7     4.324     488.2     361.2    1.05e-01    9.53e-02
    8     2.916     361.2     258.1    9.53e-02    1.17e-01
    9     7.975     258.1     388.9    1.17e-01    8.86e-02
   10     6.231     388.9      70.5    8.86e-02    1.28e-01
   11     7.961      70.5      21.6    1.28e-01    1.04e-01

  True Q at each detected changepoint:
    [1] tau=1.439h  Q_true before=200.0  Q_true after=200.0  |  estimated Q-=36.1  Q+=349.4
    [2] tau=0.004h  Q_true before=200.0  Q_true after=200.0  |  estimated Q-=349.4  Q+=212.1
    [3] tau=2.540h  Q_true before=200.0  Q_true after=200.0  |  estimated Q-=212.1  Q+=304.2
    [4] tau=4.324h  Q_true before=200.0  Q_true after=200.0  |  estimated Q-=304.2  Q+=527.2
    [5] tau=1.439h  Q_true before=200.0  Q_true after=200.0  |  estimated Q-=527.2  Q+=299.3
    [6] tau=6.231h  Q_true before=200.0  Q_true after=200.0  |  estimated Q-=299.3  Q+=488.2
    [7] tau=4.324h  Q_true before=200.0  Q_true after=200.0  |  estimated Q-=488.2  Q+=361.2
    [8] tau=2.916h  Q_true before=200.0  Q_true after=200.0  |  estimated Q-=361.2  Q+=258.1
    [9] tau=7.975h  Q_true before=200.0  Q_true after=200.0  |  estimated Q-=258.1  Q+=388.9
    [10] tau=6.231h  Q_true before=200.0  Q_true after=200.0  |  estimated Q-=388.9  Q+=70.5
    [11] tau=7.961h  Q_true before=200.0  Q_true after=200.0  |  estimated Q-=70.5  Q+=21.6
Saved -> results\sensitivity_analysis\varying_S_Q600_S0.1\raa_diagnostic.png
