Run started : 2026-05-24T20:09:20.425384
Input file  : C:\Users\Jenny\Desktop\HAB project\datasets\iaq_Q100_S0.30.csv

============================================================
  [4/24]  iaq_Q100_S0.30.csv
============================================================

File: datasets\iaq_Q100_S0.30.csv  |  True Q=100.0, True S_vol=0.3, True S=3.00e+05
 Epoch        Loss        Data        Phys         Q           S
------------------------------------------------------------
     1  1.0083e+00  1.0083e+00  0.0000e+00      1.00         1.0
   500  6.1159e-04  6.1159e-04  0.0000e+00      1.00         1.0
  1000  7.4491e-04  5.9707e-04  8.2026e+01      0.04         2.1
  1500  8.1781e-04  5.9765e-04  6.1017e+01      0.01     35416.8
  2000  9.1896e-04  5.9984e-04  5.8747e+01      1.68     39409.4
  2500  5.9854e-04  5.9746e-04  1.5066e-01     98.42    295544.5
  3000  5.9753e-04  5.9654e-04  1.3766e-01     98.51    295792.1
  3500  5.9683e-04  5.9592e-04  1.2622e-01     98.58    295989.9
  4000  5.9635e-04  5.9551e-04  1.1590e-01     98.66    296195.5
  4500  5.9604e-04  5.9526e-04  1.0796e-01     98.72    296363.9
  5000  5.9577e-04  5.9506e-04  9.9887e-02     98.78    296538.0
  5500  5.9560e-04  5.9492e-04  9.3973e-02     98.83    296673.8
  6000  5.9547e-04  5.9482e-04  8.9695e-02     98.86    296768.6
  6500  5.9537e-04  5.9475e-04  8.6621e-02     98.89    296838.2
  7000  5.9530e-04  5.9469e-04  8.4456e-02     98.91    296882.1
  7500  5.9525e-04  5.9465e-04  8.2944e-02     98.91    296908.2
  8000  5.9521e-04  5.9462e-04  8.1743e-02     98.92    296925.7

Done.
  Estimated Q = 98.92  m^3/h
  Estimated S = 2.97e+05  ppm·m^3/h
  (S_vol implied = 0.2969  m^3 CO2/h)

Saved figure -> results\iaq_Q100_S0.30\diagnostic.png
