Running: Q_init=600, S_init=100000.0, path=./data/datasets/varying_pinn_datasets/varying_Q.csv
RAA-PINN Pipeline
File: ./data/datasets/varying_pinn_datasets/varying_Q.csv
============================================================

Loaded 481 timepoints  (t = 0.00h to 8.00h)

--- Stage I: Sliding Window Scan ---
  window_size=20, sigma=1.5
  Auto prominence = 7.240e+08 (15% of max score)

  Detected 3 candidate changepoints:
    [1] peak at t=2.417h  -> interval [2.017h, 2.817h]
    [2] peak at t=3.933h  -> interval [3.533h, 4.333h]
    [3] peak at t=4.467h  -> interval [4.067h, 4.867h]

--- Stage II: Joint Refinement (One PINN) ---

  Stage II — full time domain [0.000h, 8.000h]  (481 points) with 3 changepoints
 Epoch        Loss        Data        Phys         tau(1st)        Q-        Q+          S-          S+
---------------------------------------------------------------------------
     1  1.0318e+00  1.0318e+00  0.0000e+00     2.417 (3cp)     600.0     600.0    1.00e+05    1.00e+05
   500  5.3203e-01  4.8671e-01  8.2246e+01     1.648 (3cp)     153.2     463.0    3.33e+04    9.02e+04
  1000  2.7120e-01  1.6193e-01  1.1899e+02     2.516 (3cp)       4.7     297.8    9.56e+03    1.14e+04
  1500  2.5723e-01  1.4526e-01  1.2192e+02     2.510 (3cp)       1.6     316.7    9.75e+03    1.06e+04
  2000  2.5428e-01  1.4354e-01  1.2058e+02     2.513 (3cp)       1.0     347.0    9.72e+03    1.42e+04
  2500  2.5289e-01  1.4255e-01  1.2016e+02     2.516 (3cp)       0.8     370.6    9.70e+03    1.74e+04
  3000  2.5253e-01  1.4229e-01  1.2005e+02     2.517 (3cp)       0.7     383.0    9.68e+03    1.99e+04

  Result: 3 changepoints optimized
    [1] tau=2.517h  Q: 0.7 -> 383.0  S: 9.680e+03 -> 1.992e+04
    [2] tau=2.841h  Q: 383.0 -> 20.6  S: 1.992e+04 -> 5.124e+03
    [3] tau=7.094h  Q: 20.6 -> 40.1  S: 5.124e+03 -> 2.767e+04

============================================================
Summary: 3 changepoints detected and refined
============================================================
    #   tau_est   Q_minus    Q_plus     S_minus      S_plus
  ------------------------------------------------------------
    1     2.517       0.7     383.0    9.68e+03    1.99e+04
    2     2.841     383.0      20.6    1.99e+04    5.12e+03
    3     7.094      20.6      40.1    5.12e+03    2.77e+04

  True Q at each detected changepoint:
    [1] tau=2.517h  Q_true before=782.9  Q_true after=782.9  |  estimated Q-=0.7  Q+=383.0
    [2] tau=2.841h  Q_true before=782.9  Q_true after=782.9  |  estimated Q-=383.0  Q+=20.6
    [3] tau=7.094h  Q_true before=410.4  Q_true after=410.4  |  estimated Q-=20.6  Q+=40.1
Saved -> results\sensitivity_analysis\varying_Q_Q600_S100000.0\raa_diagnostic.png
