Running: Q_init=600, S_init=50000.0, path=./data/datasets/varying_pinn_datasets/varying_Q.csv
RAA-PINN Pipeline
File: ./data/datasets/varying_pinn_datasets/varying_Q.csv
============================================================

Loaded 481 timepoints  (t = 0.00h to 8.00h)

--- Stage I: Sliding Window Scan ---
  window_size=20, sigma=1.5
  Auto prominence = 7.240e+08 (15% of max score)

  Detected 3 candidate changepoints:
    [1] peak at t=2.417h  -> interval [2.017h, 2.817h]
    [2] peak at t=3.933h  -> interval [3.533h, 4.333h]
    [3] peak at t=4.467h  -> interval [4.067h, 4.867h]

--- Stage II: Joint Refinement (One PINN) ---

  Stage II — full time domain [0.000h, 8.000h]  (481 points) with 3 changepoints
 Epoch        Loss        Data        Phys         tau(1st)        Q-        Q+          S-          S+
---------------------------------------------------------------------------
     1  9.7042e-01  9.7042e-01  0.0000e+00     2.417 (3cp)     600.0     600.0    5.00e+04    5.00e+04
   500  1.3727e-01  1.1491e-01  3.1609e+02     3.925 (3cp)     136.6     204.1    3.62e+04    1.17e+05
  1000  9.7321e-02  6.2926e-02  2.9183e+02     4.034 (3cp)      15.3      44.3    1.41e+04    1.56e+05
  1500  9.2371e-02  5.8146e-02  2.9038e+02     4.035 (3cp)       7.2      26.4    1.28e+04    1.66e+05
  2000  9.0020e-02  5.5775e-02  2.9056e+02     4.037 (3cp)       4.8      19.7    1.24e+04    1.71e+05
  2500  8.9039e-02  5.4954e-02  2.8920e+02     4.037 (3cp)       3.9      16.7    1.23e+04    1.72e+05
  3000  8.8836e-02  5.4803e-02  2.8875e+02     4.038 (3cp)       3.4      15.1    1.22e+04    1.73e+05

  Result: 3 changepoints optimized
    [1] tau=4.038h  Q: 3.4 -> 15.1  S: 1.220e+04 -> 1.726e+05
    [2] tau=2.506h  Q: 15.1 -> 766.8  S: 1.726e+05 -> 2.702e+05
    [3] tau=4.471h  Q: 766.8 -> 29.1  S: 2.702e+05 -> 6.084e+03

============================================================
Summary: 3 changepoints detected and refined
============================================================
    #   tau_est   Q_minus    Q_plus     S_minus      S_plus
  ------------------------------------------------------------
    1     4.038       3.4      15.1    1.22e+04    1.73e+05
    2     2.506      15.1     766.8    1.73e+05    2.70e+05
    3     4.471     766.8      29.1    2.70e+05    6.08e+03

  True Q at each detected changepoint:
    [1] tau=4.038h  Q_true before=189.7  Q_true after=189.7  |  estimated Q-=3.4  Q+=15.1
    [2] tau=2.506h  Q_true before=782.9  Q_true after=782.9  |  estimated Q-=15.1  Q+=766.8
    [3] tau=4.471h  Q_true before=189.7  Q_true after=189.7  |  estimated Q-=766.8  Q+=29.1
Saved -> results\sensitivity_analysis\varying_Q_Q600_S50000.0\raa_diagnostic.png
