Running: Q_init=200, S_init=50000.0, path=./data/datasets/varying_pinn_datasets/varying_Q.csv
RAA-PINN Pipeline
File: ./data/datasets/varying_pinn_datasets/varying_Q.csv
============================================================

Loaded 481 timepoints  (t = 0.00h to 8.00h)

--- Stage I: Sliding Window Scan ---
  window_size=20, sigma=1.5
  Auto prominence = 7.240e+08 (15% of max score)

  Detected 3 candidate changepoints:
    [1] peak at t=2.417h  -> interval [2.017h, 2.817h]
    [2] peak at t=3.933h  -> interval [3.533h, 4.333h]
    [3] peak at t=4.467h  -> interval [4.067h, 4.867h]

--- Stage II: Joint Refinement (One PINN) ---

  Stage II — full time domain [0.000h, 8.000h]  (481 points) with 3 changepoints
 Epoch        Loss        Data        Phys         tau(1st)        Q-        Q+          S-          S+
---------------------------------------------------------------------------
     1  1.0022e+00  1.0022e+00  0.0000e+00     2.417 (3cp)     200.0     200.0    5.00e+04    5.00e+04
   500  7.1787e-01  6.3469e-01  1.1287e+01     1.087 (3cp)     179.1     211.9    3.76e+04    4.33e+04
  1000  6.3959e-01  5.3389e-01  8.6053e+00     1.904 (3cp)     301.2     108.3    5.60e+04    4.37e+04
  1500  6.3173e-01  5.2863e-01  8.3930e+00     1.930 (3cp)     352.7      82.2    6.51e+04    4.23e+04
  2000  6.2784e-01  5.2641e-01  8.2572e+00     1.952 (3cp)     382.0      71.3    7.02e+04    4.41e+04
  2500  6.2571e-01  5.2521e-01  8.1825e+00     1.962 (3cp)     395.7      66.4    7.26e+04    4.58e+04
  3000  6.2512e-01  5.2481e-01  8.1666e+00     1.965 (3cp)     400.5      64.2    7.34e+04    4.60e+04

  Result: 3 changepoints optimized
    [1] tau=1.965h  Q: 400.5 -> 64.2  S: 7.337e+04 -> 4.595e+04
    [2] tau=2.195h  Q: 64.2 -> 15.9  S: 4.595e+04 -> 1.715e+03
    [3] tau=7.011h  Q: 15.9 -> 7.5  S: 1.715e+03 -> 1.782e+04

============================================================
Summary: 3 changepoints detected and refined
============================================================
    #   tau_est   Q_minus    Q_plus     S_minus      S_plus
  ------------------------------------------------------------
    1     1.965     400.5      64.2    7.34e+04    4.60e+04
    2     2.195      64.2      15.9    4.60e+04    1.71e+03
    3     7.011      15.9       7.5    1.71e+03    1.78e+04

  True Q at each detected changepoint:
    [1] tau=1.965h  Q_true before=588.2  Q_true after=588.2  |  estimated Q-=400.5  Q+=64.2
    [2] tau=2.195h  Q_true before=165.9  Q_true after=165.9  |  estimated Q-=64.2  Q+=15.9
    [3] tau=7.011h  Q_true before=410.4  Q_true after=410.4  |  estimated Q-=15.9  Q+=7.5
Saved -> results\sensitivity_analysis\varying_Q_Q200_S50000.0\raa_diagnostic.png
