Run started : 2026-05-24T21:36:15.112036
Input file  : C:\Users\Jenny\Desktop\HAB project\datasets\iaq_Q800_S0.30.csv

============================================================
  [24/24]  iaq_Q800_S0.30.csv
============================================================

File: datasets\iaq_Q800_S0.30.csv  |  True Q=800.0, True S_vol=0.3, True S=3.00e+05
 Epoch        Loss        Data        Phys         Q           S
------------------------------------------------------------
     1  1.0042e+00  1.0042e+00  0.0000e+00      1.00         1.0
   500  2.5613e-01  2.5613e-01  0.0000e+00      1.00         1.0
  1000  2.9799e-01  2.6523e-01  1.0144e+03      0.08      2658.7
  1500  2.5577e-01  2.5359e-01  3.5329e+01    668.81    250793.1
  2000  2.5529e-01  2.5276e-01  2.7315e+01    733.07    274589.7
  2500  2.5588e-01  2.5320e-01  2.1747e+01    739.14    276842.6
  3000  2.5579e-01  2.5319e-01  2.1070e+01    740.16    277221.9
  3500  2.5569e-01  2.5307e-01  2.1314e+01    740.84    277466.6
  4000  2.5551e-01  2.5283e-01  2.1730e+01    740.60    277380.1
  4500  2.5542e-01  2.5267e-01  2.2321e+01    740.28    277260.0
  5000  2.5536e-01  2.5259e-01  2.2540e+01    740.02    277164.1
  5500  2.5529e-01  2.5249e-01  2.2758e+01    739.88    277112.2
  6000  2.5516e-01  2.5232e-01  2.3084e+01    739.76    277067.3
  6500  2.5481e-01  2.5188e-01  2.3890e+01    739.63    277016.6
  7000  2.5447e-01  2.5137e-01  2.5290e+01    739.40    276931.0
  7500  2.5434e-01  2.5113e-01  2.6298e+01    739.25    276873.2
  8000  2.5429e-01  2.5101e-01  2.6834e+01    739.23    276866.8

Done.
  Estimated Q = 739.23  m^3/h
  Estimated S = 2.77e+05  ppm·m^3/h
  (S_vol implied = 0.2769  m^3 CO2/h)

Saved figure -> results\iaq_Q800_S0.30\diagnostic.png
