Running: Q_init=200, S_init=0.3, path=./data/datasets/varying_pinn_datasets/varying_S.csv
RAA-PINN Pipeline
File: ./data/datasets/varying_pinn_datasets/varying_S.csv
============================================================

Loaded 481 timepoints  (t = 0.00h to 8.00h)

--- Stage I: Sliding Window Scan ---
  window_size=20, sigma=1.5
  Auto prominence = 3.774e+08 (15% of max score)

  Detected 11 candidate changepoints:
    [1] peak at t=0.500h  -> interval [0.100h, 0.900h]
    [2] peak at t=0.933h  -> interval [0.533h, 1.333h]
    [3] peak at t=1.483h  -> interval [1.083h, 1.883h]
    [4] peak at t=2.400h  -> interval [2.000h, 2.800h]
    [5] peak at t=2.950h  -> interval [2.550h, 3.350h]
    [6] peak at t=4.000h  -> interval [3.600h, 4.400h]
    [7] peak at t=4.533h  -> interval [4.133h, 4.933h]
    [8] peak at t=5.083h  -> interval [4.683h, 5.483h]
    [9] peak at t=5.533h  -> interval [5.133h, 5.933h]
    [10] peak at t=6.483h  -> interval [6.083h, 6.883h]
    [11] peak at t=7.800h  -> interval [7.400h, 8.000h]

--- Stage II: Joint Refinement (One PINN) ---

  Stage II — full time domain [0.000h, 8.000h]  (481 points) with 11 changepoints
 Epoch        Loss        Data        Phys         tau(1st)        Q-        Q+          S-          S+
---------------------------------------------------------------------------
     1  1.0378e+00  1.0378e+00  0.0000e+00     0.500 (11cp)     200.0     200.0    3.00e-01    3.00e-01
   500  3.9908e-02  3.7597e-02  3.5935e+01     0.187 (11cp)      32.5      50.7    3.86e-01    4.53e-01
  1000  1.7593e-02  1.2037e-02  5.1843e+01     0.294 (11cp)       6.3     123.9    1.51e+00    3.33e-01
  1500  1.2250e-02  6.7118e-03  5.1675e+01     0.283 (11cp)       4.6     295.7    1.75e+04    1.65e-01
  2000  1.1562e-02  6.0260e-03  5.1656e+01     0.309 (11cp)       5.4     101.3    6.94e+04    1.26e-01
  2500  1.1271e-02  5.7221e-03  5.1775e+01     0.313 (11cp)       6.0      74.8    7.61e+04    1.11e-01
  3000  1.1192e-02  5.6592e-03  5.1626e+01     0.314 (11cp)       6.4      64.5    7.94e+04    1.04e-01

  Result: 11 changepoints optimized
    [1] tau=0.314h  Q: 6.4 -> 64.5  S: 7.935e+04 -> 1.043e-01
    [2] tau=1.557h  Q: 64.5 -> 219.1  S: 1.043e-01 -> 1.685e+03
    [3] tau=0.004h  Q: 219.1 -> 77.9  S: 1.685e+03 -> 1.936e-01
    [4] tau=4.497h  Q: 77.9 -> 242.4  S: 1.936e-01 -> 1.800e-01
    [5] tau=1.557h  Q: 242.4 -> 171.9  S: 1.800e-01 -> 2.182e-01
    [6] tau=3.029h  Q: 171.9 -> 212.9  S: 2.182e-01 -> 1.411e+05
    [7] tau=5.559h  Q: 212.9 -> 150.8  S: 1.411e+05 -> 1.170e-01
    [8] tau=3.437h  Q: 150.8 -> 274.6  S: 1.170e-01 -> 7.720e+04
    [9] tau=7.989h  Q: 274.6 -> 266.7  S: 7.720e+04 -> 1.352e-01
    [10] tau=6.374h  Q: 266.7 -> 22.5  S: 1.352e-01 -> 8.200e+03
    [11] tau=7.917h  Q: 22.5 -> 4.2  S: 8.200e+03 -> 1.909e+00

============================================================
Summary: 11 changepoints detected and refined
============================================================
    #   tau_est   Q_minus    Q_plus     S_minus      S_plus
  ------------------------------------------------------------
    1     0.314       6.4      64.5    7.94e+04    1.04e-01
    2     1.557      64.5     219.1    1.04e-01    1.69e+03
    3     0.004     219.1      77.9    1.69e+03    1.94e-01
    4     4.497      77.9     242.4    1.94e-01    1.80e-01
    5     1.557     242.4     171.9    1.80e-01    2.18e-01
    6     3.029     171.9     212.9    2.18e-01    1.41e+05
    7     5.559     212.9     150.8    1.41e+05    1.17e-01
    8     3.437     150.8     274.6    1.17e-01    7.72e+04
    9     7.989     274.6     266.7    7.72e+04    1.35e-01
   10     6.374     266.7      22.5    1.35e-01    8.20e+03
   11     7.917      22.5       4.2    8.20e+03    1.91e+00

  True Q at each detected changepoint:
    [1] tau=0.314h  Q_true before=200.0  Q_true after=200.0  |  estimated Q-=6.4  Q+=64.5
    [2] tau=1.557h  Q_true before=200.0  Q_true after=200.0  |  estimated Q-=64.5  Q+=219.1
    [3] tau=0.004h  Q_true before=200.0  Q_true after=200.0  |  estimated Q-=219.1  Q+=77.9
    [4] tau=4.497h  Q_true before=200.0  Q_true after=200.0  |  estimated Q-=77.9  Q+=242.4
    [5] tau=1.557h  Q_true before=200.0  Q_true after=200.0  |  estimated Q-=242.4  Q+=171.9
    [6] tau=3.029h  Q_true before=200.0  Q_true after=200.0  |  estimated Q-=171.9  Q+=212.9
    [7] tau=5.559h  Q_true before=200.0  Q_true after=200.0  |  estimated Q-=212.9  Q+=150.8
    [8] tau=3.437h  Q_true before=200.0  Q_true after=200.0  |  estimated Q-=150.8  Q+=274.6
    [9] tau=7.989h  Q_true before=200.0  Q_true after=200.0  |  estimated Q-=274.6  Q+=266.7
    [10] tau=6.374h  Q_true before=200.0  Q_true after=200.0  |  estimated Q-=266.7  Q+=22.5
    [11] tau=7.917h  Q_true before=200.0  Q_true after=200.0  |  estimated Q-=22.5  Q+=4.2
Saved -> results\sensitivity_analysis\varying_S_Q200_S0.3\raa_diagnostic.png
