Run started : 2026-05-24T21:33:53.885134
Input file  : C:\Users\Jenny\Desktop\HAB project\datasets\iaq_Q800_S0.05.csv

============================================================
  [21/24]  iaq_Q800_S0.05.csv
============================================================

File: datasets\iaq_Q800_S0.05.csv  |  True Q=800.0, True S_vol=0.05, True S=5.00e+04
 Epoch        Loss        Data        Phys         Q           S
------------------------------------------------------------
     1  1.0034e+00  1.0034e+00  0.0000e+00      1.00         1.0
   500  9.8135e-01  9.8135e-01  0.0000e+00      1.00         1.0
  1000  9.9707e-01  9.9543e-01  7.7866e-03      1.37        56.6
  1500  9.9770e-01  9.9704e-01  1.5646e-03      1.56        69.2
  2000  9.9793e-01  9.9742e-01  7.9480e-04      1.68        77.1
  2500  9.9804e-01  9.9766e-01  4.5500e-04      1.81        84.9
  3000  9.9803e-01  9.9764e-01  4.5569e-04      1.96        94.3
  3500  9.9801e-01  9.9763e-01  4.5609e-04      2.14       105.2
  4000  9.9800e-01  9.9761e-01  4.5346e-04      2.33       117.2
  4500  9.9798e-01  9.9759e-01  4.5669e-04      2.55       130.7
  5000  9.9796e-01  9.9757e-01  4.5651e-04      2.81       146.2
  5500  9.9793e-01  9.9754e-01  4.5622e-04      3.09       163.8
  6000  9.9790e-01  9.9752e-01  4.5568e-04      3.42       183.6
  6500  9.9787e-01  9.9749e-01  4.5499e-04      3.74       203.7
  7000  9.9785e-01  9.9746e-01  4.5436e-04      4.02       220.9
  7500  9.9783e-01  9.9745e-01  4.5392e-04      4.21       232.3
  8000  9.9782e-01  9.9744e-01  4.5368e-04      4.31       238.7

Done.
  Estimated Q = 4.31  m^3/h
  Estimated S = 2.39e+02  ppm·m^3/h
  (S_vol implied = 0.0002  m^3 CO2/h)

Saved figure -> results\iaq_Q800_S0.05\diagnostic.png
