Running: Q_init=600, S_init=0.3, path=./data/datasets/varying_pinn_datasets/varying_Q.csv
RAA-PINN Pipeline
File: ./data/datasets/varying_pinn_datasets/varying_Q.csv
============================================================

Loaded 481 timepoints  (t = 0.00h to 8.00h)

--- Stage I: Sliding Window Scan ---
  window_size=20, sigma=1.5
  Auto prominence = 2.413e+08 (15% of max score)

  Detected 10 candidate changepoints:
    [1] peak at t=0.400h  -> interval [0.000h, 0.800h]
    [2] peak at t=0.900h  -> interval [0.500h, 1.300h]
    [3] peak at t=1.300h  -> interval [0.900h, 1.700h]
    [4] peak at t=2.417h  -> interval [2.017h, 2.817h]
    [5] peak at t=3.050h  -> interval [2.650h, 3.450h]
    [6] peak at t=3.933h  -> interval [3.533h, 4.333h]
    [7] peak at t=4.467h  -> interval [4.067h, 4.867h]
    [8] peak at t=5.533h  -> interval [5.133h, 5.933h]
    [9] peak at t=6.967h  -> interval [6.567h, 7.367h]
    [10] peak at t=7.833h  -> interval [7.433h, 8.000h]

--- Stage II: Joint Refinement (One PINN) ---

  Stage II — full time domain [0.000h, 8.000h]  (481 points) with 10 changepoints
 Epoch        Loss        Data        Phys         tau(1st)        Q-        Q+          S-          S+
---------------------------------------------------------------------------
     1  1.0437e+00  1.0437e+00  0.0000e+00     0.400 (10cp)     600.0     600.0    3.00e-01    3.00e-01
   500  3.4040e-01  3.3614e-01  1.5636e+02     0.208 (10cp)      87.5     224.8    4.87e+00    5.74e-01
  1000  7.4546e-02  6.0065e-02  3.1842e+02     0.093 (10cp)      58.6     214.9    1.26e+04    9.54e-02
  1500  6.8231e-02  5.5634e-02  2.7697e+02     0.692 (10cp)      69.3     105.2    1.47e+04    9.62e-02
  2000  6.5460e-02  5.3100e-02  2.7176e+02     0.710 (10cp)      82.4      85.2    1.89e+04    9.76e-02
  2500  6.4031e-02  5.1649e-02  2.7226e+02     0.717 (10cp)      90.6      80.2    2.06e+04    9.74e-02
  3000  6.3775e-02  5.1383e-02  2.7249e+02     0.719 (10cp)      95.3      78.6    2.15e+04    9.71e-02

  Result: 10 changepoints optimized
    [1] tau=0.719h  Q: 95.3 -> 78.6  S: 2.149e+04 -> 9.715e-02
    [2] tau=2.483h  Q: 78.6 -> 738.4  S: 9.715e-02 -> 3.943e+04
    [3] tau=0.107h  Q: 738.4 -> 421.2  S: 3.943e+04 -> 9.403e-02
    [4] tau=3.042h  Q: 421.2 -> 543.7  S: 9.403e-02 -> 2.810e-01
    [5] tau=2.678h  Q: 543.7 -> 299.6  S: 2.810e-01 -> 1.344e+04
    [6] tau=5.484h  Q: 299.6 -> 498.8  S: 1.344e+04 -> 8.882e-02
    [7] tau=3.042h  Q: 498.8 -> 233.2  S: 8.882e-02 -> 2.072e+01
    [8] tau=7.911h  Q: 233.2 -> 456.5  S: 2.072e+01 -> 1.767e+04
    [9] tau=5.749h  Q: 456.5 -> 88.2  S: 1.767e+04 -> 8.320e-01
    [10] tau=7.921h  Q: 88.2 -> 22.2  S: 8.320e-01 -> 2.256e+04

============================================================
Summary: 10 changepoints detected and refined
============================================================
    #   tau_est   Q_minus    Q_plus     S_minus      S_plus
  ------------------------------------------------------------
    1     0.719      95.3      78.6    2.15e+04    9.71e-02
    2     2.483      78.6     738.4    9.71e-02    3.94e+04
    3     0.107     738.4     421.2    3.94e+04    9.40e-02
    4     3.042     421.2     543.7    9.40e-02    2.81e-01
    5     2.678     543.7     299.6    2.81e-01    1.34e+04
    6     5.484     299.6     498.8    1.34e+04    8.88e-02
    7     3.042     498.8     233.2    8.88e-02    2.07e+01
    8     7.911     233.2     456.5    2.07e+01    1.77e+04
    9     5.749     456.5      88.2    1.77e+04    8.32e-01
   10     7.921      88.2      22.2    8.32e-01    2.26e+04

  True Q at each detected changepoint:
    [1] tau=0.719h  Q_true before=407.2  Q_true after=407.2  |  estimated Q-=95.3  Q+=78.6
    [2] tau=2.483h  Q_true before=165.9  Q_true after=165.9  |  estimated Q-=78.6  Q+=738.4
    [3] tau=0.107h  Q_true before=641.8  Q_true after=641.8  |  estimated Q-=738.4  Q+=421.2
    [4] tau=3.042h  Q_true before=632.8  Q_true after=632.8  |  estimated Q-=421.2  Q+=543.7
    [5] tau=2.678h  Q_true before=782.9  Q_true after=782.9  |  estimated Q-=543.7  Q+=299.6
    [6] tau=5.484h  Q_true before=359.6  Q_true after=748.7  |  estimated Q-=299.6  Q+=498.8
    [7] tau=3.042h  Q_true before=632.8  Q_true after=632.8  |  estimated Q-=498.8  Q+=233.2
    [8] tau=7.911h  Q_true before=259.1  Q_true after=259.1  |  estimated Q-=233.2  Q+=456.5
    [9] tau=5.749h  Q_true before=748.7  Q_true after=748.7  |  estimated Q-=456.5  Q+=88.2
    [10] tau=7.921h  Q_true before=259.1  Q_true after=259.1  |  estimated Q-=88.2  Q+=22.2
Saved -> results\sensitivity_analysis\varying_Q_Q600_S0.3\raa_diagnostic.png
