Running: Q_init=100, S_init=100000.0, path=./data/datasets/varying_pinn_datasets/varying_Q.csv
RAA-PINN Pipeline
File: ./data/datasets/varying_pinn_datasets/varying_Q.csv
============================================================

Loaded 481 timepoints  (t = 0.00h to 8.00h)

--- Stage I: Sliding Window Scan ---
  window_size=20, sigma=1.5
  Auto prominence = 7.240e+08 (15% of max score)

  Detected 3 candidate changepoints:
    [1] peak at t=2.417h  -> interval [2.017h, 2.817h]
    [2] peak at t=3.933h  -> interval [3.533h, 4.333h]
    [3] peak at t=4.467h  -> interval [4.067h, 4.867h]

--- Stage II: Joint Refinement ---

  Changepoint 1/3

  Stage II — interval [2.017h, 2.817h]  (49 points)
 Epoch        Loss        Data        Phys       tau        Q-        Q+          S-          S+
---------------------------------------------------------------------------
     1  1.0051e+00  1.0051e+00  0.0000e+00     2.417     100.0     100.0    1.00e+05    1.00e+05
   500  3.1918e-02  3.1245e-02  2.6319e+00     2.493     128.5     580.3    9.05e+04    5.30e+04
  1000  2.6884e-02  2.6234e-02  1.5241e+00     2.514      81.2    1345.0    7.51e+04    2.14e+05
  1500  2.5754e-02  2.4672e-02  2.5361e+00     2.512      58.4    1342.9    6.82e+04    2.14e+05
  2000  2.5335e-02  2.3990e-02  3.1525e+00     2.512      55.8    1332.9    6.76e+04    2.13e+05
  2500  2.5174e-02  2.3717e-02  3.4167e+00     2.511      56.6    1328.4    6.80e+04    2.12e+05
  3000  2.5144e-02  2.3668e-02  3.4615e+00     2.511      56.9    1327.6    6.81e+04    2.12e+05

  Result:
    tau     = 2.5114 h
    Q_minus = 56.89  Q_plus = 1327.56  m^3/h
    S_minus = 6.806e+04  S_plus = 2.116e+05  ppm*m^3/h

  Changepoint 2/3

  Stage II — interval [3.533h, 4.333h]  (49 points)
 Epoch        Loss        Data        Phys       tau        Q-        Q+          S-          S+
---------------------------------------------------------------------------
     1  1.0088e+00  1.0088e+00  0.0000e+00     3.933     100.0     100.0    1.00e+05    1.00e+05
   500  6.6424e-02  6.5880e-02  7.8843e-01     3.980     296.2     271.1    3.94e+04    1.24e+05
  1000  6.4922e-02  6.2968e-02  1.6998e+00     3.977     177.0     309.3    2.06e+04    1.33e+05
  1500  6.4762e-02  6.2736e-02  1.7618e+00     3.977     123.5     305.7    1.24e+04    1.32e+05
  2000  6.4689e-02  6.2656e-02  1.7686e+00     3.976     100.8     305.2    9.03e+03    1.32e+05
  2500  6.4649e-02  6.2611e-02  1.7726e+00     3.976      90.5     305.1    7.51e+03    1.32e+05
  3000  6.4636e-02  6.2600e-02  1.7713e+00     3.976      85.3     305.0    6.74e+03    1.32e+05

  Result:
    tau     = 3.9762 h
    Q_minus = 85.33  Q_plus = 305.04  m^3/h
    S_minus = 6.739e+03  S_plus = 1.321e+05  ppm*m^3/h

  Changepoint 3/3

  Stage II — interval [4.067h, 4.867h]  (49 points)
 Epoch        Loss        Data        Phys       tau        Q-        Q+          S-          S+
---------------------------------------------------------------------------
     1  1.0005e+00  1.0005e+00  0.0000e+00     4.467     100.0     100.0    1.00e+05    1.00e+05
   500  1.1648e-01  1.1579e-01  1.3820e+00     4.494      65.7     278.2    5.98e+04    5.29e+04
  1000  1.0600e-01  1.0166e-01  5.1713e+00     4.505      15.6     723.8    4.56e+04    1.87e+05
  1500  1.0347e-01  9.7471e-02  7.1400e+00     4.506       8.8     741.5    4.37e+04    1.92e+05
  2000  1.0230e-01  9.5780e-02  7.7588e+00     4.506       6.4     731.7    4.29e+04    1.89e+05
  2500  1.0187e-01  9.4908e-02  8.2821e+00     4.506       5.4     729.6    4.25e+04    1.88e+05
  3000  1.0181e-01  9.4739e-02  8.4107e+00     4.506       4.9     729.6    4.24e+04    1.88e+05

  Result:
    tau     = 4.5058 h
    Q_minus = 4.87  Q_plus = 729.57  m^3/h
    S_minus = 4.238e+04  S_plus = 1.882e+05  ppm*m^3/h

============================================================
Summary
============================================================
    #   tau_est   Q_minus    Q_plus     S_minus      S_plus
  ------------------------------------------------------------
    1     2.511      56.9    1327.6    6.81e+04    2.12e+05
    2     3.976      85.3     305.0    6.74e+03    1.32e+05
    3     4.506       4.9     729.6    4.24e+04    1.88e+05

  True Q at each detected changepoint:
    [1] tau=2.511h  Q_true before=782.9  Q_true after=782.9  |  estimated Q-=56.9  Q+=1327.6
    [2] tau=3.976h  Q_true before=650.2  Q_true after=650.2  |  estimated Q-=85.3  Q+=305.0
    [3] tau=4.506h  Q_true before=415.3  Q_true after=415.3  |  estimated Q-=4.9  Q+=729.6

Saved interval plots -> results\sensitivity_analysis\varying_Q_Q100_S100000.0\iaq_raa_stage2_intervals_varying_Q.png
Saved -> results\sensitivity_analysis\varying_Q_Q100_S100000.0\raa_diagnostic.png
