Running: Q_init=100, S_init=0.3, path=./data/datasets/varying_pinn_datasets/varying_Q.csv
RAA-PINN Pipeline
File: ./data/datasets/varying_pinn_datasets/varying_Q.csv
============================================================

Loaded 481 timepoints  (t = 0.00h to 8.00h)

--- Stage I: Sliding Window Scan ---
  window_size=20, sigma=1.5
  Auto prominence = 2.413e+08 (15% of max score)

  Detected 10 candidate changepoints:
    [1] peak at t=0.400h  -> interval [0.000h, 0.800h]
    [2] peak at t=0.900h  -> interval [0.500h, 1.300h]
    [3] peak at t=1.300h  -> interval [0.900h, 1.700h]
    [4] peak at t=2.417h  -> interval [2.017h, 2.817h]
    [5] peak at t=3.050h  -> interval [2.650h, 3.450h]
    [6] peak at t=3.933h  -> interval [3.533h, 4.333h]
    [7] peak at t=4.467h  -> interval [4.067h, 4.867h]
    [8] peak at t=5.533h  -> interval [5.133h, 5.933h]
    [9] peak at t=6.967h  -> interval [6.567h, 7.367h]
    [10] peak at t=7.833h  -> interval [7.433h, 8.000h]

--- Stage II: Joint Refinement (One PINN) ---

  Stage II — full time domain [0.000h, 8.000h]  (481 points) with 10 changepoints
 Epoch        Loss        Data        Phys         tau(1st)        Q-        Q+          S-          S+
---------------------------------------------------------------------------
     1  1.0474e+00  1.0474e+00  0.0000e+00     0.400 (10cp)     100.0     100.0    3.00e-01    3.00e-01
   500  7.6539e-01  7.5890e-01  7.0994e+00     1.076 (10cp)      18.1      92.7    2.52e+01    2.07e-01
  1000  1.9300e-01  1.3587e-01  3.7491e+01     2.467 (10cp)      11.6     173.6    3.34e+02    9.35e+02
  1500  1.3816e-01  1.0744e-01  2.0153e+01     2.396 (10cp)       8.4     464.3    2.55e+02    7.30e+04
  2000  1.3021e-01  1.0427e-01  1.7023e+01     2.399 (10cp)       7.6     475.8    2.63e+02    7.80e+04
  2500  1.2759e-01  1.0310e-01  1.6067e+01     2.401 (10cp)       7.0     475.2    2.70e+02    7.87e+04
  3000  1.2714e-01  1.0288e-01  1.5917e+01     2.401 (10cp)       6.7     474.3    2.75e+02    7.89e+04

  Result: 10 changepoints optimized
    [1] tau=2.401h  Q: 6.7 -> 474.3  S: 2.752e+02 -> 7.892e+04
    [2] tau=0.005h  Q: 474.3 -> 17.9  S: 7.892e+04 -> 2.832e+04
    [3] tau=0.578h  Q: 17.9 -> 22.1  S: 2.832e+04 -> 4.277e-02
    [4] tau=3.896h  Q: 22.1 -> 11.1  S: 4.277e-02 -> 2.470e+04
    [5] tau=2.506h  Q: 11.1 -> 376.0  S: 2.470e+04 -> 3.019e+01
    [6] tau=4.397h  Q: 376.0 -> 595.3  S: 3.019e+01 -> 5.420e-02
    [7] tau=2.695h  Q: 595.3 -> 48.8  S: 5.420e-02 -> 5.913e-02
    [8] tau=7.316h  Q: 48.8 -> 385.7  S: 5.913e-02 -> 4.991e+04
    [9] tau=6.046h  Q: 385.7 -> 14.0  S: 4.991e+04 -> 4.955e+00
    [10] tau=7.330h  Q: 14.0 -> 7.3  S: 4.955e+00 -> 2.120e+04

============================================================
Summary: 10 changepoints detected and refined
============================================================
    #   tau_est   Q_minus    Q_plus     S_minus      S_plus
  ------------------------------------------------------------
    1     2.401       6.7     474.3    2.75e+02    7.89e+04
    2     0.005     474.3      17.9    7.89e+04    2.83e+04
    3     0.578      17.9      22.1    2.83e+04    4.28e-02
    4     3.896      22.1      11.1    4.28e-02    2.47e+04
    5     2.506      11.1     376.0    2.47e+04    3.02e+01
    6     4.397     376.0     595.3    3.02e+01    5.42e-02
    7     2.695     595.3      48.8    5.42e-02    5.91e-02
    8     7.316      48.8     385.7    5.91e-02    4.99e+04
    9     6.046     385.7      14.0    4.99e+04    4.95e+00
   10     7.330      14.0       7.3    4.95e+00    2.12e+04

  True Q at each detected changepoint:
    [1] tau=2.401h  Q_true before=165.9  Q_true after=165.9  |  estimated Q-=6.7  Q+=474.3
    [2] tau=0.005h  Q_true before=641.8  Q_true after=641.8  |  estimated Q-=474.3  Q+=17.9
    [3] tau=0.578h  Q_true before=407.2  Q_true after=407.2  |  estimated Q-=17.9  Q+=22.1
    [4] tau=3.896h  Q_true before=650.2  Q_true after=650.2  |  estimated Q-=22.1  Q+=11.1
    [5] tau=2.506h  Q_true before=782.9  Q_true after=782.9  |  estimated Q-=11.1  Q+=376.0
    [6] tau=4.397h  Q_true before=189.7  Q_true after=189.7  |  estimated Q-=376.0  Q+=595.3
    [7] tau=2.695h  Q_true before=782.9  Q_true after=782.9  |  estimated Q-=595.3  Q+=48.8
    [8] tau=7.316h  Q_true before=410.4  Q_true after=410.4  |  estimated Q-=48.8  Q+=385.7
    [9] tau=6.046h  Q_true before=550.7  Q_true after=550.7  |  estimated Q-=385.7  Q+=14.0
    [10] tau=7.330h  Q_true before=410.4  Q_true after=410.4  |  estimated Q-=14.0  Q+=7.3
Saved -> results\sensitivity_analysis\varying_Q_Q100_S0.3\raa_diagnostic.png
