Running: Q_init=100, S_init=200000.0, path=./data/datasets/varying_pinn_datasets/varying_Q.csv
RAA-PINN Pipeline
File: ./data/datasets/varying_pinn_datasets/varying_Q.csv
============================================================

Loaded 481 timepoints  (t = 0.00h to 8.00h)

--- Stage I: Sliding Window Scan ---
  window_size=20, sigma=1.5
  Auto prominence = 7.240e+08 (15% of max score)

  Detected 3 candidate changepoints:
    [1] peak at t=2.417h  -> interval [2.017h, 2.817h]
    [2] peak at t=3.933h  -> interval [3.533h, 4.333h]
    [3] peak at t=4.467h  -> interval [4.067h, 4.867h]

--- Stage II: Joint Refinement (One PINN) ---

  Stage II — full time domain [0.000h, 8.000h]  (481 points) with 3 changepoints
 Epoch        Loss        Data        Phys         tau(1st)        Q-        Q+          S-          S+
---------------------------------------------------------------------------
     1  9.9437e-01  9.9437e-01  0.0000e+00     2.417 (3cp)     100.0     100.0    2.00e+05    2.00e+05
   500  1.0158e-01  9.6566e-02  3.8342e+02     1.963 (3cp)     374.8     152.2    6.74e+04    8.30e+04
  1000  6.9758e-02  5.7784e-02  5.4973e+02     2.030 (3cp)     200.0     107.8    3.84e+04    9.00e+04
  1500  6.6173e-02  5.3656e-02  5.7468e+02     2.027 (3cp)     153.8      95.2    3.04e+04    8.56e+04
  2000  6.2165e-02  4.9251e-02  5.9288e+02     2.024 (3cp)     137.5      88.3    2.76e+04    8.31e+04
  2500  6.1281e-02  4.8310e-02  5.9547e+02     2.022 (3cp)     131.1      85.6    2.64e+04    8.20e+04
  3000  6.1155e-02  4.8185e-02  5.9545e+02     2.021 (3cp)     128.0      84.1    2.59e+04    8.15e+04

  Result: 3 changepoints optimized
    [1] tau=2.021h  Q: 128.0 -> 84.1  S: 2.589e+04 -> 8.150e+04
    [2] tau=6.974h  Q: 84.1 -> 110.6  S: 8.150e+04 -> 1.149e+05
    [3] tau=2.391h  Q: 110.6 -> 90.9  S: 1.149e+05 -> 4.161e+04

============================================================
Summary: 3 changepoints detected and refined
============================================================
    #   tau_est   Q_minus    Q_plus     S_minus      S_plus
  ------------------------------------------------------------
    1     2.021     128.0      84.1    2.59e+04    8.15e+04
    2     6.974      84.1     110.6    8.15e+04    1.15e+05
    3     2.391     110.6      90.9    1.15e+05    4.16e+04

  True Q at each detected changepoint:
    [1] tau=2.021h  Q_true before=165.9  Q_true after=165.9  |  estimated Q-=128.0  Q+=84.1
    [2] tau=6.974h  Q_true before=675.9  Q_true after=675.9  |  estimated Q-=84.1  Q+=110.6
    [3] tau=2.391h  Q_true before=165.9  Q_true after=165.9  |  estimated Q-=110.6  Q+=90.9
Saved -> results\sensitivity_analysis\varying_Q_Q100_S200000.0\raa_diagnostic.png
