Running: Q_init=200, S_init=10000.0, path=./data/datasets/varying_pinn_datasets/varying_Q.csv
RAA-PINN Pipeline
File: ./data/datasets/varying_pinn_datasets/varying_Q.csv
============================================================

Loaded 481 timepoints  (t = 0.00h to 8.00h)

--- Stage I: Sliding Window Scan ---
  window_size=20, sigma=1.5
  Auto prominence = 7.240e+08 (15% of max score)

  Detected 3 candidate changepoints:
    [1] peak at t=2.417h  -> interval [2.017h, 2.817h]
    [2] peak at t=3.933h  -> interval [3.533h, 4.333h]
    [3] peak at t=4.467h  -> interval [4.067h, 4.867h]

--- Stage II: Joint Refinement ---

  Changepoint 1/3

  Stage II — interval [2.017h, 2.817h]  (49 points)
 Epoch        Loss        Data        Phys       tau        Q-        Q+          S-          S+
---------------------------------------------------------------------------
     1  1.1461e+00  1.1461e+00  0.0000e+00     2.417     200.0     200.0    1.00e+04    1.00e+04
   500  3.4187e-02  3.3549e-02  1.5099e+00     2.509      61.2    1096.0    6.69e+04    1.67e+05
  1000  2.7401e-02  2.6520e-02  1.2490e+00     2.514      88.4    1342.5    7.67e+04    2.14e+05
  1500  2.6583e-02  2.5353e-02  1.7452e+00     2.513      78.1    1341.7    7.43e+04    2.14e+05
  2000  2.6369e-02  2.4934e-02  2.0348e+00     2.512      71.6    1334.1    7.24e+04    2.13e+05
  2500  2.6305e-02  2.4797e-02  2.1395e+00     2.512      68.9    1330.7    7.15e+04    2.12e+05
  3000  2.6293e-02  2.4772e-02  2.1586e+00     2.512      67.8    1330.0    7.12e+04    2.12e+05

  Result:
    tau     = 2.5121 h
    Q_minus = 67.80  Q_plus = 1330.00  m^3/h
    S_minus = 7.121e+04  S_plus = 2.120e+05  ppm*m^3/h

  Changepoint 2/3

  Stage II — interval [3.533h, 4.333h]  (49 points)
 Epoch        Loss        Data        Phys       tau        Q-        Q+          S-          S+
---------------------------------------------------------------------------
     1  1.0516e+00  1.0516e+00  0.0000e+00     3.933     200.0     200.0    1.00e+04    1.00e+04
   500  7.0586e-02  7.0149e-02  5.1220e-01     3.968     119.9      60.5    1.27e+04    6.86e+04
  1000  6.5252e-02  6.3369e-02  1.3230e+00     3.976      45.8     292.6    9.94e+02    1.29e+05
  1500  6.5102e-02  6.3060e-02  1.4348e+00     3.977      42.8     305.9    3.94e+02    1.32e+05
  2000  6.5042e-02  6.2952e-02  1.4687e+00     3.976      42.1     303.6    2.55e+02    1.32e+05
  2500  6.5007e-02  6.2896e-02  1.4829e+00     3.976      41.7     303.8    2.04e+02    1.32e+05
  3000  6.4998e-02  6.2879e-02  1.4885e+00     3.976      41.5     303.8    1.80e+02    1.32e+05

  Result:
    tau     = 3.9764 h
    Q_minus = 41.54  Q_plus = 303.85  m^3/h
    S_minus = 1.795e+02  S_plus = 1.316e+05  ppm*m^3/h

  Changepoint 3/3

  Stage II — interval [4.067h, 4.867h]  (49 points)
 Epoch        Loss        Data        Phys       tau        Q-        Q+          S-          S+
---------------------------------------------------------------------------
     1  9.6716e-01  9.6716e-01  0.0000e+00     4.467     200.0     200.0    1.00e+04    1.00e+04
   500  1.1749e-01  1.1659e-01  1.3617e+00     4.493      56.8     284.0    5.68e+04    5.49e+04
  1000  1.1001e-01  1.0813e-01  1.6915e+00     4.506      46.7     662.9    5.44e+04    1.68e+05
  1500  1.0646e-01  1.0153e-01  4.4589e+00     4.505      35.8     681.8    5.15e+04    1.74e+05
  2000  1.0508e-01  9.9218e-02  5.2935e+00     4.506      29.8     688.6    4.97e+04    1.76e+05
  2500  1.0411e-01  9.7781e-02  5.7196e+00     4.506      26.8     696.0    4.88e+04    1.78e+05
  3000  1.0391e-01  9.7462e-02  5.8268e+00     4.506      25.3     698.5    4.83e+04    1.79e+05

  Result:
    tau     = 4.5062 h
    Q_minus = 25.31  Q_plus = 698.54  m^3/h
    S_minus = 4.833e+04  S_plus = 1.786e+05  ppm*m^3/h

============================================================
Summary
============================================================
    #   tau_est   Q_minus    Q_plus     S_minus      S_plus
  ------------------------------------------------------------
    1     2.512      67.8    1330.0    7.12e+04    2.12e+05
    2     3.976      41.5     303.8    1.80e+02    1.32e+05
    3     4.506      25.3     698.5    4.83e+04    1.79e+05

  True Q at each detected changepoint:
    [1] tau=2.512h  Q_true before=782.9  Q_true after=782.9  |  estimated Q-=67.8  Q+=1330.0
    [2] tau=3.976h  Q_true before=650.2  Q_true after=650.2  |  estimated Q-=41.5  Q+=303.8
    [3] tau=4.506h  Q_true before=415.3  Q_true after=415.3  |  estimated Q-=25.3  Q+=698.5

Saved interval plots -> results\sensitivity_analysis\varying_Q_Q200_S10000.0\iaq_raa_stage2_intervals_varying_Q.png
Saved -> results\sensitivity_analysis\varying_Q_Q200_S10000.0\raa_diagnostic.png
