Running: Q_init=1, S_init=0.05, path=./data/datasets/varying_pinn_datasets/varying_Q.csv
RAA-PINN Pipeline
File: ./data/datasets/varying_pinn_datasets/varying_Q.csv
============================================================

Loaded 481 timepoints  (t = 0.00h to 8.00h)

--- Stage I: Sliding Window Scan ---
  window_size=20, sigma=1.5
  Auto prominence = 2.413e+08 (15% of max score)

  Detected 10 candidate changepoints:
    [1] peak at t=0.400h  -> interval [0.000h, 0.800h]
    [2] peak at t=0.900h  -> interval [0.500h, 1.300h]
    [3] peak at t=1.300h  -> interval [0.900h, 1.700h]
    [4] peak at t=2.417h  -> interval [2.017h, 2.817h]
    [5] peak at t=3.050h  -> interval [2.650h, 3.450h]
    [6] peak at t=3.933h  -> interval [3.533h, 4.333h]
    [7] peak at t=4.467h  -> interval [4.067h, 4.867h]
    [8] peak at t=5.533h  -> interval [5.133h, 5.933h]
    [9] peak at t=6.967h  -> interval [6.567h, 7.367h]
    [10] peak at t=7.833h  -> interval [7.433h, 8.000h]

--- Stage II: Joint Refinement (One PINN) ---

  Stage II — full time domain [0.000h, 8.000h]  (481 points) with 10 changepoints
 Epoch        Loss        Data        Phys         tau(1st)        Q-        Q+          S-          S+
---------------------------------------------------------------------------
     1  1.0698e+00  1.0698e+00  0.0000e+00     0.400 (10cp)       1.0       1.0    5.00e-02    5.00e-02
   500  9.2841e-01  9.2152e-01  2.7134e-02     1.469 (10cp)       0.2       6.5    2.14e+00    2.18e-02
  1000  8.9800e-01  8.8053e-01  4.1295e-02     1.903 (10cp)       0.2       3.0    8.16e+02    2.00e-02
  1500  8.5876e-01  8.3521e-01  5.5652e-02     2.140 (10cp)       0.2       2.6    1.85e+03    1.91e-02
  2000  8.3395e-01  8.1069e-01  5.4952e-02     2.213 (10cp)       0.1       2.7    3.03e+03    2.08e-02
  2500  8.1205e-01  7.8943e-01  5.3443e-02     2.231 (10cp)       0.1       2.6    3.17e+03    2.20e-02
  3000  8.0677e-01  7.8580e-01  4.9556e-02     2.233 (10cp)       0.1       2.5    3.03e+03    2.31e-02

  Result: 10 changepoints optimized
    [1] tau=2.233h  Q: 0.1 -> 2.5  S: 3.028e+03 -> 2.315e-02
    [2] tau=0.001h  Q: 2.5 -> 0.1  S: 2.315e-02 -> 1.083e+03
    [3] tau=2.358h  Q: 0.1 -> 3.4  S: 1.083e+03 -> 2.326e-02
    [4] tau=0.509h  Q: 3.4 -> 0.2  S: 2.326e-02 -> 2.866e+02
    [5] tau=2.479h  Q: 0.2 -> 3.7  S: 2.866e+02 -> 1.678e-02
    [6] tau=0.509h  Q: 3.7 -> 10.6  S: 1.678e-02 -> 1.513e-01
    [7] tau=6.979h  Q: 10.6 -> 0.2  S: 1.513e-01 -> 2.354e+03
    [8] tau=2.233h  Q: 0.2 -> 0.0  S: 2.354e+03 -> 3.742e+03
    [9] tau=8.000h  Q: 0.0 -> 17.5  S: 3.742e+03 -> 8.124e+03
    [10] tau=6.790h  Q: 17.5 -> 0.0  S: 8.124e+03 -> 9.291e+03

============================================================
Summary: 10 changepoints detected and refined
============================================================
    #   tau_est   Q_minus    Q_plus     S_minus      S_plus
  ------------------------------------------------------------
    1     2.233       0.1       2.5    3.03e+03    2.31e-02
    2     0.001       2.5       0.1    2.31e-02    1.08e+03
    3     2.358       0.1       3.4    1.08e+03    2.33e-02
    4     0.509       3.4       0.2    2.33e-02    2.87e+02
    5     2.479       0.2       3.7    2.87e+02    1.68e-02
    6     0.509       3.7      10.6    1.68e-02    1.51e-01
    7     6.979      10.6       0.2    1.51e-01    2.35e+03
    8     2.233       0.2       0.0    2.35e+03    3.74e+03
    9     8.000       0.0      17.5    3.74e+03    8.12e+03
   10     6.790      17.5       0.0    8.12e+03    9.29e+03

  True Q at each detected changepoint:
    [1] tau=2.233h  Q_true before=165.9  Q_true after=165.9  |  estimated Q-=0.1  Q+=2.5
    [2] tau=0.001h  Q_true before=641.8  Q_true after=641.8  |  estimated Q-=2.5  Q+=0.1
    [3] tau=2.358h  Q_true before=165.9  Q_true after=165.9  |  estimated Q-=0.1  Q+=3.4
    [4] tau=0.509h  Q_true before=407.2  Q_true after=407.2  |  estimated Q-=3.4  Q+=0.2
    [5] tau=2.479h  Q_true before=165.9  Q_true after=165.9  |  estimated Q-=0.2  Q+=3.7
    [6] tau=0.509h  Q_true before=407.2  Q_true after=407.2  |  estimated Q-=3.7  Q+=10.6
    [7] tau=6.979h  Q_true before=675.9  Q_true after=675.9  |  estimated Q-=10.6  Q+=0.2
    [8] tau=2.233h  Q_true before=165.9  Q_true after=165.9  |  estimated Q-=0.2  Q+=0.0
    [9] tau=8.000h  Q_true before=259.1  Q_true after=259.1  |  estimated Q-=0.0  Q+=17.5
    [10] tau=6.790h  Q_true before=675.9  Q_true after=675.9  |  estimated Q-=17.5  Q+=0.0
Saved -> results\sensitivity_analysis\varying_Q_Q1_S0.05\raa_diagnostic.png
