Running: Q_init=50, S_init=0.05, path=./data/datasets/varying_pinn_datasets/varying_S.csv
RAA-PINN Pipeline
File: ./data/datasets/varying_pinn_datasets/varying_S.csv
============================================================

Loaded 481 timepoints  (t = 0.00h to 8.00h)

--- Stage I: Sliding Window Scan ---
  window_size=20, sigma=1.5
  Auto prominence = 3.774e+08 (15% of max score)

  Detected 11 candidate changepoints:
    [1] peak at t=0.500h  -> interval [0.100h, 0.900h]
    [2] peak at t=0.933h  -> interval [0.533h, 1.333h]
    [3] peak at t=1.483h  -> interval [1.083h, 1.883h]
    [4] peak at t=2.400h  -> interval [2.000h, 2.800h]
    [5] peak at t=2.950h  -> interval [2.550h, 3.350h]
    [6] peak at t=4.000h  -> interval [3.600h, 4.400h]
    [7] peak at t=4.533h  -> interval [4.133h, 4.933h]
    [8] peak at t=5.083h  -> interval [4.683h, 5.483h]
    [9] peak at t=5.533h  -> interval [5.133h, 5.933h]
    [10] peak at t=6.483h  -> interval [6.083h, 6.883h]
    [11] peak at t=7.800h  -> interval [7.400h, 8.000h]

--- Stage II: Joint Refinement (One PINN) ---

  Stage II — full time domain [0.000h, 8.000h]  (481 points) with 11 changepoints
 Epoch        Loss        Data        Phys         tau(1st)        Q-        Q+          S-          S+
---------------------------------------------------------------------------
     1  9.9467e-01  9.9467e-01  0.0000e+00     0.500 (11cp)      50.0      50.0    5.00e-02    5.00e-02
   500  4.6333e-02  3.9745e-02  2.9362e+01     1.775 (11cp)       9.3      76.7    6.24e-02    4.61e-02
  1000  3.5115e-02  2.2177e-02  3.4594e+01     1.454 (11cp)       5.8      97.9    7.72e-02    4.31e-02
  1500  2.7893e-02  1.4516e-02  3.5768e+01     1.342 (11cp)       3.5     167.3    2.38e-01    3.21e-02
  2000  2.7468e-02  1.4077e-02  3.5807e+01     1.342 (11cp)       2.8     170.4    2.57e+00    2.74e-02
  2500  2.7329e-02  1.3952e-02  3.5770e+01     1.341 (11cp)       2.4     171.7    9.40e+01    2.54e-02
  3000  2.7292e-02  1.3929e-02  3.5733e+01     1.341 (11cp)       2.2     171.2    5.06e+02    2.45e-02

  Result: 11 changepoints optimized
    [1] tau=1.341h  Q: 2.2 -> 171.2  S: 5.059e+02 -> 2.453e-02
    [2] tau=0.002h  Q: 171.2 -> 135.4  S: 2.453e-02 -> 1.233e-01
    [3] tau=4.154h  Q: 135.4 -> 175.8  S: 1.233e-01 -> 6.626e-02
    [4] tau=1.021h  Q: 175.8 -> 0.6  S: 6.626e-02 -> 1.781e-01
    [5] tau=1.533h  Q: 0.6 -> 25.4  S: 1.781e-01 -> 3.500e-02
    [6] tau=4.352h  Q: 25.4 -> 43.3  S: 3.500e-02 -> 5.010e-02
    [7] tau=4.430h  Q: 43.3 -> 65.6  S: 5.010e-02 -> 6.826e+00
    [8] tau=5.612h  Q: 65.6 -> 109.5  S: 6.826e+00 -> 5.191e-02
    [9] tau=6.460h  Q: 109.5 -> 60.2  S: 5.191e-02 -> 5.128e+04
    [10] tau=7.963h  Q: 60.2 -> 13.3  S: 5.128e+04 -> 1.971e-02
    [11] tau=6.230h  Q: 13.3 -> 7.4  S: 1.971e-02 -> 5.661e+04

============================================================
Summary: 11 changepoints detected and refined
============================================================
    #   tau_est   Q_minus    Q_plus     S_minus      S_plus
  ------------------------------------------------------------
    1     1.341       2.2     171.2    5.06e+02    2.45e-02
    2     0.002     171.2     135.4    2.45e-02    1.23e-01
    3     4.154     135.4     175.8    1.23e-01    6.63e-02
    4     1.021     175.8       0.6    6.63e-02    1.78e-01
    5     1.533       0.6      25.4    1.78e-01    3.50e-02
    6     4.352      25.4      43.3    3.50e-02    5.01e-02
    7     4.430      43.3      65.6    5.01e-02    6.83e+00
    8     5.612      65.6     109.5    6.83e+00    5.19e-02
    9     6.460     109.5      60.2    5.19e-02    5.13e+04
   10     7.963      60.2      13.3    5.13e+04    1.97e-02
   11     6.230      13.3       7.4    1.97e-02    5.66e+04

  True Q at each detected changepoint:
    [1] tau=1.341h  Q_true before=200.0  Q_true after=200.0  |  estimated Q-=2.2  Q+=171.2
    [2] tau=0.002h  Q_true before=200.0  Q_true after=200.0  |  estimated Q-=171.2  Q+=135.4
    [3] tau=4.154h  Q_true before=200.0  Q_true after=200.0  |  estimated Q-=135.4  Q+=175.8
    [4] tau=1.021h  Q_true before=200.0  Q_true after=200.0  |  estimated Q-=175.8  Q+=0.6
    [5] tau=1.533h  Q_true before=200.0  Q_true after=200.0  |  estimated Q-=0.6  Q+=25.4
    [6] tau=4.352h  Q_true before=200.0  Q_true after=200.0  |  estimated Q-=25.4  Q+=43.3
    [7] tau=4.430h  Q_true before=200.0  Q_true after=200.0  |  estimated Q-=43.3  Q+=65.6
    [8] tau=5.612h  Q_true before=200.0  Q_true after=200.0  |  estimated Q-=65.6  Q+=109.5
    [9] tau=6.460h  Q_true before=200.0  Q_true after=200.0  |  estimated Q-=109.5  Q+=60.2
    [10] tau=7.963h  Q_true before=200.0  Q_true after=200.0  |  estimated Q-=60.2  Q+=13.3
    [11] tau=6.230h  Q_true before=200.0  Q_true after=200.0  |  estimated Q-=13.3  Q+=7.4
Saved -> results\sensitivity_analysis\varying_S_Q50_S0.05\raa_diagnostic.png
