Running: Q_init=800, S_init=0.2, path=./data/datasets/varying_pinn_datasets/varying_Q.csv
RAA-PINN Pipeline
File: ./data/datasets/varying_pinn_datasets/varying_Q.csv
============================================================

Loaded 481 timepoints  (t = 0.00h to 8.00h)

--- Stage I: Sliding Window Scan ---
  window_size=20, sigma=1.5
  Auto prominence = 2.413e+08 (15% of max score)

  Detected 10 candidate changepoints:
    [1] peak at t=0.400h  -> interval [0.000h, 0.800h]
    [2] peak at t=0.900h  -> interval [0.500h, 1.300h]
    [3] peak at t=1.300h  -> interval [0.900h, 1.700h]
    [4] peak at t=2.417h  -> interval [2.017h, 2.817h]
    [5] peak at t=3.050h  -> interval [2.650h, 3.450h]
    [6] peak at t=3.933h  -> interval [3.533h, 4.333h]
    [7] peak at t=4.467h  -> interval [4.067h, 4.867h]
    [8] peak at t=5.533h  -> interval [5.133h, 5.933h]
    [9] peak at t=6.967h  -> interval [6.567h, 7.367h]
    [10] peak at t=7.833h  -> interval [7.433h, 8.000h]

--- Stage II: Joint Refinement (One PINN) ---

  Stage II — full time domain [0.000h, 8.000h]  (481 points) with 10 changepoints
 Epoch        Loss        Data        Phys         tau(1st)        Q-        Q+          S-          S+
---------------------------------------------------------------------------
     1  1.0388e+00  1.0388e+00  0.0000e+00     0.400 (10cp)     800.0     800.0    2.00e-01    2.00e-01
   500  2.8610e-01  2.8277e-01  2.1735e+02     0.296 (10cp)     117.8     260.2    6.88e-01    3.49e-01
  1000  6.6440e-02  5.8145e-02  3.2433e+02     0.100 (10cp)      68.8     227.7    1.45e+02    8.57e-02
  1500  5.5107e-02  5.1647e-02  1.3527e+02     0.651 (10cp)      69.5     155.8    1.21e+04    7.22e-02
  2000  5.2818e-02  4.9341e-02  1.3595e+02     0.676 (10cp)      87.6     111.2    1.93e+04    7.37e-02
  2500  5.1807e-02  4.8315e-02  1.3655e+02     0.689 (10cp)     103.3      98.2    2.28e+04    7.39e-02
  3000  5.1633e-02  4.8138e-02  1.3667e+02     0.695 (10cp)     114.0      93.8    2.47e+04    7.38e-02

  Result: 10 changepoints optimized
    [1] tau=0.695h  Q: 114.0 -> 93.8  S: 2.466e+04 -> 7.382e-02
    [2] tau=2.524h  Q: 93.8 -> 802.7  S: 7.382e-02 -> 5.409e+04
    [3] tau=0.107h  Q: 802.7 -> 389.1  S: 5.409e+04 -> 8.430e-01
    [4] tau=4.501h  Q: 389.1 -> 597.8  S: 8.430e-01 -> 4.904e-02
    [5] tau=2.388h  Q: 597.8 -> 1192.2  S: 4.904e-02 -> 1.448e+05
    [6] tau=5.480h  Q: 1192.2 -> 852.8  S: 1.448e+05 -> 6.926e-02
    [7] tau=7.952h  Q: 852.8 -> 1029.3  S: 6.926e-02 -> 1.628e+04
    [8] tau=3.996h  Q: 1029.3 -> 332.5  S: 1.628e+04 -> 1.117e+00
    [9] tau=5.733h  Q: 332.5 -> 50.1  S: 1.117e+00 -> 1.173e+01
    [10] tau=7.968h  Q: 50.1 -> 19.4  S: 1.173e+01 -> 2.710e+04

============================================================
Summary: 10 changepoints detected and refined
============================================================
    #   tau_est   Q_minus    Q_plus     S_minus      S_plus
  ------------------------------------------------------------
    1     0.695     114.0      93.8    2.47e+04    7.38e-02
    2     2.524      93.8     802.7    7.38e-02    5.41e+04
    3     0.107     802.7     389.1    5.41e+04    8.43e-01
    4     4.501     389.1     597.8    8.43e-01    4.90e-02
    5     2.388     597.8    1192.2    4.90e-02    1.45e+05
    6     5.480    1192.2     852.8    1.45e+05    6.93e-02
    7     7.952     852.8    1029.3    6.93e-02    1.63e+04
    8     3.996    1029.3     332.5    1.63e+04    1.12e+00
    9     5.733     332.5      50.1    1.12e+00    1.17e+01
   10     7.968      50.1      19.4    1.17e+01    2.71e+04

  True Q at each detected changepoint:
    [1] tau=0.695h  Q_true before=407.2  Q_true after=407.2  |  estimated Q-=114.0  Q+=93.8
    [2] tau=2.524h  Q_true before=782.9  Q_true after=782.9  |  estimated Q-=93.8  Q+=802.7
    [3] tau=0.107h  Q_true before=641.8  Q_true after=641.8  |  estimated Q-=802.7  Q+=389.1
    [4] tau=4.501h  Q_true before=415.3  Q_true after=415.3  |  estimated Q-=389.1  Q+=597.8
    [5] tau=2.388h  Q_true before=165.9  Q_true after=165.9  |  estimated Q-=597.8  Q+=1192.2
    [6] tau=5.480h  Q_true before=359.6  Q_true after=359.6  |  estimated Q-=1192.2  Q+=852.8
    [7] tau=7.952h  Q_true before=259.1  Q_true after=259.1  |  estimated Q-=852.8  Q+=1029.3
    [8] tau=3.996h  Q_true before=650.2  Q_true after=189.7  |  estimated Q-=1029.3  Q+=332.5
    [9] tau=5.733h  Q_true before=748.7  Q_true after=748.7  |  estimated Q-=332.5  Q+=50.1
    [10] tau=7.968h  Q_true before=259.1  Q_true after=259.1  |  estimated Q-=50.1  Q+=19.4
Saved -> results\sensitivity_analysis\varying_Q_Q800_S0.2\raa_diagnostic.png
