Run started : 2026-05-24T20:13:55.830278
Input file  : C:\Users\Jenny\Desktop\HAB project\datasets\iaq_Q400_S0.05.csv

============================================================
  [9/24]  iaq_Q400_S0.05.csv
============================================================

File: datasets\iaq_Q400_S0.05.csv  |  True Q=400.0, True S_vol=0.05, True S=5.00e+04
 Epoch        Loss        Data        Phys         Q           S
------------------------------------------------------------
     1  1.0177e+00  1.0177e+00  0.0000e+00      1.00         1.0
   500  8.7200e-01  8.7200e-01  0.0000e+00      1.00         1.0
  1000  9.3227e-01  9.0879e-01  7.5345e+00      0.10       240.1
  1500  9.4779e-01  9.2764e-01  3.1664e+00      0.29       223.2
  2000  9.4111e-01  9.2589e-01  1.5984e+00     51.80      6590.7
  2500  9.2528e-01  9.1654e-01  6.9537e-01    114.88     14402.0
  3000  9.1197e-01  9.0614e-01  4.6846e-01    163.80     20475.7
  3500  9.0422e-01  8.9997e-01  3.4381e-01    199.79     24942.2
  4000  8.9936e-01  8.9605e-01  2.6903e-01    227.53     28382.7
  4500  8.9627e-01  8.9352e-01  2.2458e-01    249.00     31045.7
  5000  8.9418e-01  8.9179e-01  1.9539e-01    266.75     33245.7
  5500  8.9275e-01  8.9061e-01  1.7505e-01    280.84     34992.4
  6000  8.9176e-01  8.8977e-01  1.6261e-01    291.76     36344.3
  6500  8.9099e-01  8.8898e-01  1.6418e-01    299.55     37308.5
  7000  8.9050e-01  8.8837e-01  1.7478e-01    304.71     37947.3
  7500  8.9027e-01  8.8811e-01  1.7718e-01    307.68     38314.2
  8000  8.9016e-01  8.8799e-01  1.7781e-01    309.22     38505.0

Done.
  Estimated Q = 309.22  m^3/h
  Estimated S = 3.85e+04  ppm·m^3/h
  (S_vol implied = 0.0385  m^3 CO2/h)

Saved figure -> results\iaq_Q400_S0.05\diagnostic.png
