Running: Q_init=50, S_init=0.1, path=./data/datasets/varying_pinn_datasets/varying_S.csv
RAA-PINN Pipeline
File: ./data/datasets/varying_pinn_datasets/varying_S.csv
============================================================

Loaded 481 timepoints  (t = 0.00h to 8.00h)

--- Stage I: Sliding Window Scan ---
  window_size=20, sigma=1.5
  Auto prominence = 3.774e+08 (15% of max score)

  Detected 11 candidate changepoints:
    [1] peak at t=0.500h  -> interval [0.100h, 0.900h]
    [2] peak at t=0.933h  -> interval [0.533h, 1.333h]
    [3] peak at t=1.483h  -> interval [1.083h, 1.883h]
    [4] peak at t=2.400h  -> interval [2.000h, 2.800h]
    [5] peak at t=2.950h  -> interval [2.550h, 3.350h]
    [6] peak at t=4.000h  -> interval [3.600h, 4.400h]
    [7] peak at t=4.533h  -> interval [4.133h, 4.933h]
    [8] peak at t=5.083h  -> interval [4.683h, 5.483h]
    [9] peak at t=5.533h  -> interval [5.133h, 5.933h]
    [10] peak at t=6.483h  -> interval [6.083h, 6.883h]
    [11] peak at t=7.800h  -> interval [7.400h, 8.000h]

--- Stage II: Joint Refinement (One PINN) ---

  Stage II — full time domain [0.000h, 8.000h]  (481 points) with 11 changepoints
 Epoch        Loss        Data        Phys         tau(1st)        Q-        Q+          S-          S+
---------------------------------------------------------------------------
     1  9.9885e-01  9.9885e-01  0.0000e+00     0.500 (11cp)      50.0      50.0    1.00e-01    1.00e-01
   500  5.2345e-02  4.0368e-02  5.4741e+01     1.754 (11cp)       5.9      50.3    1.76e-01    1.01e-01
  1000  2.9589e-02  2.3354e-02  1.7099e+01     1.581 (11cp)       3.8      86.4    2.93e-01    1.04e-01
  1500  2.1546e-02  1.2501e-02  2.4806e+01     1.386 (11cp)       2.6     148.2    4.22e+03    1.16e-01
  2000  1.8135e-02  1.0542e-02  2.0825e+01     1.399 (11cp)      23.5      12.1    1.30e+05    1.48e-01
  2500  1.7117e-02  1.0384e-02  1.8464e+01     1.434 (11cp)     112.1      10.2    1.60e+05    1.56e-01
  3000  1.6931e-02  1.0337e-02  1.8083e+01     1.433 (11cp)      83.1      10.6    1.24e+05    1.55e-01

  Result: 11 changepoints optimized
    [1] tau=1.433h  Q: 83.1 -> 10.6  S: 1.243e+05 -> 1.554e-01
    [2] tau=2.528h  Q: 10.6 -> 101.3  S: 1.554e-01 -> 4.004e-02
    [3] tau=0.005h  Q: 101.3 -> 488.6  S: 4.004e-02 -> 9.815e+04
    [4] tau=3.450h  Q: 488.6 -> 459.6  S: 9.815e+04 -> 5.861e-02
    [5] tau=1.058h  Q: 459.6 -> 144.8  S: 5.861e-02 -> 1.872e-01
    [6] tau=2.969h  Q: 144.8 -> 0.9  S: 1.872e-01 -> 1.505e+04
    [7] tau=4.158h  Q: 0.9 -> 19.8  S: 1.505e+04 -> 9.925e-02
    [8] tau=4.405h  Q: 19.8 -> 72.0  S: 9.925e-02 -> 8.423e-02
    [9] tau=6.423h  Q: 72.0 -> 0.5  S: 8.423e-02 -> 1.679e-01
    [10] tau=6.237h  Q: 0.5 -> 1.3  S: 1.679e-01 -> 5.863e+04
    [11] tau=7.999h  Q: 1.3 -> 3.0  S: 5.863e+04 -> 1.369e-01

============================================================
Summary: 11 changepoints detected and refined
============================================================
    #   tau_est   Q_minus    Q_plus     S_minus      S_plus
  ------------------------------------------------------------
    1     1.433      83.1      10.6    1.24e+05    1.55e-01
    2     2.528      10.6     101.3    1.55e-01    4.00e-02
    3     0.005     101.3     488.6    4.00e-02    9.81e+04
    4     3.450     488.6     459.6    9.81e+04    5.86e-02
    5     1.058     459.6     144.8    5.86e-02    1.87e-01
    6     2.969     144.8       0.9    1.87e-01    1.50e+04
    7     4.158       0.9      19.8    1.50e+04    9.93e-02
    8     4.405      19.8      72.0    9.93e-02    8.42e-02
    9     6.423      72.0       0.5    8.42e-02    1.68e-01
   10     6.237       0.5       1.3    1.68e-01    5.86e+04
   11     7.999       1.3       3.0    5.86e+04    1.37e-01

  True Q at each detected changepoint:
    [1] tau=1.433h  Q_true before=200.0  Q_true after=200.0  |  estimated Q-=83.1  Q+=10.6
    [2] tau=2.528h  Q_true before=200.0  Q_true after=200.0  |  estimated Q-=10.6  Q+=101.3
    [3] tau=0.005h  Q_true before=200.0  Q_true after=200.0  |  estimated Q-=101.3  Q+=488.6
    [4] tau=3.450h  Q_true before=200.0  Q_true after=200.0  |  estimated Q-=488.6  Q+=459.6
    [5] tau=1.058h  Q_true before=200.0  Q_true after=200.0  |  estimated Q-=459.6  Q+=144.8
    [6] tau=2.969h  Q_true before=200.0  Q_true after=200.0  |  estimated Q-=144.8  Q+=0.9
    [7] tau=4.158h  Q_true before=200.0  Q_true after=200.0  |  estimated Q-=0.9  Q+=19.8
    [8] tau=4.405h  Q_true before=200.0  Q_true after=200.0  |  estimated Q-=19.8  Q+=72.0
    [9] tau=6.423h  Q_true before=200.0  Q_true after=200.0  |  estimated Q-=72.0  Q+=0.5
    [10] tau=6.237h  Q_true before=200.0  Q_true after=200.0  |  estimated Q-=0.5  Q+=1.3
    [11] tau=7.999h  Q_true before=200.0  Q_true after=200.0  |  estimated Q-=1.3  Q+=3.0
Saved -> results\sensitivity_analysis\varying_S_Q50_S0.1\raa_diagnostic.png
