Running: Q_init=1, S_init=300000.0, path=./data/datasets/varying_pinn_datasets/varying_Q.csv
RAA-PINN Pipeline
File: ./data/datasets/varying_pinn_datasets/varying_Q.csv
============================================================

Loaded 481 timepoints  (t = 0.00h to 8.00h)

--- Stage I: Sliding Window Scan ---
  window_size=20, sigma=1.5
  Auto prominence = 7.240e+08 (15% of max score)

  Detected 3 candidate changepoints:
    [1] peak at t=2.417h  -> interval [2.017h, 2.817h]
    [2] peak at t=3.933h  -> interval [3.533h, 4.333h]
    [3] peak at t=4.467h  -> interval [4.067h, 4.867h]

--- Stage II: Joint Refinement (One PINN) ---

  Stage II — full time domain [0.000h, 8.000h]  (481 points) with 3 changepoints
 Epoch        Loss        Data        Phys         tau(1st)        Q-        Q+          S-          S+
---------------------------------------------------------------------------
     1  1.0672e+00  1.0672e+00  0.0000e+00     2.417 (3cp)       1.0       1.0    3.00e+05    3.00e+05
   500  3.3231e-01  3.3125e-01  2.1663e+02     0.911 (3cp)     160.9       6.1    4.83e+04    8.22e+04
  1000  6.7179e-02  6.1163e-02  7.4211e+02     0.999 (3cp)     167.7       4.2    4.14e+04    8.02e+04
  1500  5.8213e-02  5.1901e-02  7.7862e+02     1.102 (3cp)     136.6       4.5    3.51e+04    7.92e+04
  2000  5.6209e-02  4.9844e-02  7.8514e+02     1.103 (3cp)     114.8       5.2    3.20e+04    7.71e+04
  2500  5.5532e-02  4.9145e-02  7.8791e+02     1.104 (3cp)     103.3       6.1    3.04e+04    7.46e+04
  3000  5.5403e-02  4.9016e-02  7.8791e+02     1.108 (3cp)      96.7       7.4    2.94e+04    7.24e+04

  Result: 3 changepoints optimized
    [1] tau=1.108h  Q: 96.7 -> 7.4  S: 2.944e+04 -> 7.244e+04
    [2] tau=6.973h  Q: 7.4 -> 118.3  S: 7.244e+04 -> 1.200e+05
    [3] tau=1.026h  Q: 118.3 -> 105.8  S: 1.200e+05 -> 4.602e+04

============================================================
Summary: 3 changepoints detected and refined
============================================================
    #   tau_est   Q_minus    Q_plus     S_minus      S_plus
  ------------------------------------------------------------
    1     1.108      96.7       7.4    2.94e+04    7.24e+04
    2     6.973       7.4     118.3    7.24e+04    1.20e+05
    3     1.026     118.3     105.8    1.20e+05    4.60e+04

  True Q at each detected changepoint:
    [1] tau=1.108h  Q_true before=701.0  Q_true after=701.0  |  estimated Q-=96.7  Q+=7.4
    [2] tau=6.973h  Q_true before=675.9  Q_true after=675.9  |  estimated Q-=7.4  Q+=118.3
    [3] tau=1.026h  Q_true before=701.0  Q_true after=701.0  |  estimated Q-=118.3  Q+=105.8
Saved -> results\sensitivity_analysis\varying_Q_Q1_S300000.0\raa_diagnostic.png
