Running: Q_init=1, S_init=0.3, path=./data/datasets/varying_pinn_datasets/varying_Q.csv
RAA-PINN Pipeline
File: ./data/datasets/varying_pinn_datasets/varying_Q.csv
============================================================

Loaded 481 timepoints  (t = 0.00h to 8.00h)

--- Stage I: Sliding Window Scan ---
  window_size=20, sigma=1.5
  Auto prominence = 7.240e+08 (15% of max score)

  Detected 3 candidate changepoints:
    [1] peak at t=2.417h  -> interval [2.017h, 2.817h]
    [2] peak at t=3.933h  -> interval [3.533h, 4.333h]
    [3] peak at t=4.467h  -> interval [4.067h, 4.867h]

--- Stage II: Joint Refinement (One PINN) ---

  Stage II — full time domain [0.000h, 8.000h]  (481 points) with 3 changepoints
 Epoch        Loss        Data        Phys         tau(1st)        Q-        Q+          S-          S+
---------------------------------------------------------------------------
     1  1.0672e+00  1.0672e+00  0.0000e+00     2.417 (3cp)       1.0       1.0    3.00e-01    3.00e-01
   500  9.6240e-01  9.4736e-01  8.0726e-02     0.155 (3cp)       0.3       0.2    6.76e+00    8.19e+00
  1000  9.3959e-01  9.3264e-01  2.2422e-02     0.027 (3cp)       0.2       0.2    6.63e+02    4.90e+00
  1500  9.3853e-01  9.3066e-01  2.5370e-02     0.030 (3cp)       0.2       0.2    7.98e+02    4.90e+00
  2000  9.3825e-01  9.2972e-01  2.7471e-02     0.048 (3cp)       0.2       0.2    7.56e+02    5.10e+00
  2500  9.3818e-01  9.2963e-01  2.7547e-02     0.049 (3cp)       0.2       0.2    7.66e+02    5.46e+00
  3000  9.3817e-01  9.2961e-01  2.7564e-02     0.049 (3cp)       0.2       0.2    7.79e+02    5.70e+00

  Result: 3 changepoints optimized
    [1] tau=0.049h  Q: 0.2 -> 0.2  S: 7.788e+02 -> 5.695e+00
    [2] tau=0.023h  Q: 0.2 -> 0.1  S: 5.695e+00 -> 7.461e+02
    [3] tau=7.947h  Q: 0.1 -> 0.1  S: 7.461e+02 -> 8.567e+02

============================================================
Summary: 3 changepoints detected and refined
============================================================
    #   tau_est   Q_minus    Q_plus     S_minus      S_plus
  ------------------------------------------------------------
    1     0.049       0.2       0.2    7.79e+02    5.70e+00
    2     0.023       0.2       0.1    5.70e+00    7.46e+02
    3     7.947       0.1       0.1    7.46e+02    8.57e+02

  True Q at each detected changepoint:
    [1] tau=0.049h  Q_true before=641.8  Q_true after=641.8  |  estimated Q-=0.2  Q+=0.2
    [2] tau=0.023h  Q_true before=641.8  Q_true after=641.8  |  estimated Q-=0.2  Q+=0.1
    [3] tau=7.947h  Q_true before=259.1  Q_true after=259.1  |  estimated Q-=0.1  Q+=0.1
Saved -> results\sensitivity_analysis\varying_Q_Q1_S0.3\raa_diagnostic.png
