Run started : 2026-05-24T20:15:42.425612
Input file  : C:\Users\Jenny\Desktop\HAB project\datasets\iaq_Q400_S0.20.csv

============================================================
  [11/24]  iaq_Q400_S0.20.csv
============================================================

File: datasets\iaq_Q400_S0.20.csv  |  True Q=400.0, True S_vol=0.2, True S=2.00e+05
 Epoch        Loss        Data        Phys         Q           S
------------------------------------------------------------
     1  1.0189e+00  1.0189e+00  0.0000e+00      1.00         1.0
   500  8.1979e-02  8.1979e-02  0.0000e+00      1.00         1.0
  1000  9.9418e-02  8.3746e-02  5.4139e+02      0.08      4513.9
  1500  8.1862e-02  8.1566e-02  5.2421e+00    366.85    183443.7
  2000  8.1289e-02  8.1004e-02  3.3915e+00    384.93    192350.1
  2500  8.1366e-02  8.0886e-02  4.2927e+00    387.09    193619.8
  3000  8.1358e-02  8.0882e-02  4.2495e+00    387.49    193489.3
  3500  8.1380e-02  8.0904e-02  4.2580e+00    386.56    193044.0
  4000  8.1056e-02  8.0564e-02  4.4152e+00    387.33    193496.1
  4500  8.1041e-02  8.0535e-02  4.5498e+00    387.47    193514.9
  5000  8.0979e-02  8.0469e-02  4.5811e+00    387.52    193584.3
  5500  8.0910e-02  8.0390e-02  4.6826e+00    387.62    193598.0
  6000  8.0834e-02  8.0295e-02  4.8487e+00    387.66    193613.0
  6500  8.0768e-02  8.0208e-02  5.0502e+00    387.70    193615.0
  7000  8.0721e-02  8.0141e-02  5.2329e+00    387.71    193615.0
  7500  8.0687e-02  8.0091e-02  5.3766e+00    387.73    193615.0
  8000  8.0653e-02  8.0044e-02  5.5031e+00    387.74    193614.6

Done.
  Estimated Q = 387.74  m^3/h
  Estimated S = 1.94e+05  ppm·m^3/h
  (S_vol implied = 0.1936  m^3 CO2/h)

Saved figure -> results\iaq_Q400_S0.20\diagnostic.png
