Running: Q_init=50, S_init=300000.0, path=./data/datasets/varying_pinn_datasets/varying_Q.csv
RAA-PINN Pipeline
File: ./data/datasets/varying_pinn_datasets/varying_Q.csv
============================================================

Loaded 481 timepoints  (t = 0.00h to 8.00h)

--- Stage I: Sliding Window Scan ---
  window_size=20, sigma=1.5
  Auto prominence = 7.240e+08 (15% of max score)

  Detected 3 candidate changepoints:
    [1] peak at t=2.417h  -> interval [2.017h, 2.817h]
    [2] peak at t=3.933h  -> interval [3.533h, 4.333h]
    [3] peak at t=4.467h  -> interval [4.067h, 4.867h]

--- Stage II: Joint Refinement ---

  Changepoint 1/3

  Stage II — interval [2.017h, 2.817h]  (49 points)
 Epoch        Loss        Data        Phys       tau        Q-        Q+          S-          S+
---------------------------------------------------------------------------
     1  1.1646e+00  1.1646e+00  0.0000e+00     2.417      50.0      50.0    3.00e+05    3.00e+05
   500  3.5947e-02  3.4650e-02  4.2927e+01     2.687     207.7     564.9    6.56e+04    7.92e+04
  1000  2.6960e-02  2.6888e-02  1.4190e+00     2.512     112.3    1193.3    8.46e+04    1.82e+05
  1500  2.5095e-02  2.4952e-02  2.8440e+00     2.513      91.7    1349.7    7.87e+04    2.16e+05
  2000  2.4305e-02  2.4096e-02  4.1474e+00     2.512      74.5    1351.4    7.37e+04    2.16e+05
  2500  2.4007e-02  2.3768e-02  4.7439e+00     2.511      65.7    1347.9    7.11e+04    2.16e+05
  3000  2.3947e-02  2.3703e-02  4.8591e+00     2.511      61.3    1346.1    6.98e+04    2.16e+05

  Result:
    tau     = 2.5109 h
    Q_minus = 61.31  Q_plus = 1346.08  m^3/h
    S_minus = 6.976e+04  S_plus = 2.155e+05  ppm*m^3/h

  Changepoint 2/3

  Stage II — interval [3.533h, 4.333h]  (49 points)
 Epoch        Loss        Data        Phys       tau        Q-        Q+          S-          S+
---------------------------------------------------------------------------
     1  9.7319e-01  9.7319e-01  0.0000e+00     3.933      50.0      50.0    3.00e+05    3.00e+05
   500  6.5954e-02  6.5817e-02  3.1647e+00     3.957     590.1     112.7    8.33e+04    6.83e+04
  1000  6.1689e-02  6.1303e-02  5.3459e+00     3.969     469.6     166.5    6.46e+04    9.66e+04
  1500  5.9824e-02  5.9381e-02  6.1289e+00     3.973     357.0     284.4    4.80e+04    1.27e+05
  2000  5.6274e-02  5.5456e-02  1.1317e+01     3.974     297.5     312.7    3.89e+04    1.34e+05
  2500  5.5656e-02  5.4691e-02  1.3364e+01     3.975     266.9     322.7    3.41e+04    1.37e+05
  3000  5.5552e-02  5.4565e-02  1.3678e+01     3.975     250.0     326.0    3.15e+04    1.38e+05

  Result:
    tau     = 3.9748 h
    Q_minus = 249.96  Q_plus = 325.98  m^3/h
    S_minus = 3.145e+04  S_plus = 1.379e+05  ppm*m^3/h

  Changepoint 3/3

  Stage II — interval [4.067h, 4.867h]  (49 points)
 Epoch        Loss        Data        Phys       tau        Q-        Q+          S-          S+
---------------------------------------------------------------------------
     1  1.0505e+00  1.0505e+00  0.0000e+00     4.467      50.0      50.0    3.00e+05    3.00e+05
   500  1.1505e-01  1.1492e-01  3.8651e+00     4.523     219.9     412.0    9.81e+04    8.91e+04
  1000  9.5540e-02  9.4438e-02  1.9908e+01     4.502     115.0     497.9    7.60e+04    1.18e+05
  1500  8.7568e-02  8.5518e-02  3.7040e+01     4.505      70.8     702.2    6.30e+04    1.79e+05
  2000  8.3654e-02  8.0838e-02  5.0888e+01     4.507      51.3     805.6    5.71e+04    2.10e+05
  2500  8.0855e-02  7.7514e-02  6.0381e+01     4.507      42.5     832.2    5.43e+04    2.18e+05
  3000  8.0194e-02  7.6716e-02  6.2835e+01     4.508      38.0     841.0    5.29e+04    2.21e+05

  Result:
    tau     = 4.5077 h
    Q_minus = 38.02  Q_plus = 840.95  m^3/h
    S_minus = 5.290e+04  S_plus = 2.209e+05  ppm*m^3/h

============================================================
Summary
============================================================
    #   tau_est   Q_minus    Q_plus     S_minus      S_plus
  ------------------------------------------------------------
    1     2.511      61.3    1346.1    6.98e+04    2.16e+05
    2     3.975     250.0     326.0    3.15e+04    1.38e+05
    3     4.508      38.0     841.0    5.29e+04    2.21e+05

  True Q at each detected changepoint:
    [1] tau=2.511h  Q_true before=782.9  Q_true after=782.9  |  estimated Q-=61.3  Q+=1346.1
    [2] tau=3.975h  Q_true before=650.2  Q_true after=650.2  |  estimated Q-=250.0  Q+=326.0
    [3] tau=4.508h  Q_true before=415.3  Q_true after=415.3  |  estimated Q-=38.0  Q+=841.0

Saved interval plots -> results\sensitivity_analysis\varying_Q_Q50_S300000.0\iaq_raa_stage2_intervals_varying_Q.png
Saved -> results\sensitivity_analysis\varying_Q_Q50_S300000.0\raa_diagnostic.png
