Running: Q_init=100, S_init=1000000.0, path=./data/datasets/varying_pinn_datasets/varying_Q.csv
RAA-PINN Pipeline
File: ./data/datasets/varying_pinn_datasets/varying_Q.csv
============================================================

Loaded 481 timepoints  (t = 0.00h to 8.00h)

--- Stage I: Sliding Window Scan ---
  window_size=20, sigma=1.5
  Auto prominence = 7.240e+08 (15% of max score)

  Detected 3 candidate changepoints:
    [1] peak at t=2.417h  -> interval [2.017h, 2.817h]
    [2] peak at t=3.933h  -> interval [3.533h, 4.333h]
    [3] peak at t=4.467h  -> interval [4.067h, 4.867h]

--- Stage II: Joint Refinement ---

  Changepoint 1/3

  Stage II — interval [2.017h, 2.817h]  (49 points)
 Epoch        Loss        Data        Phys       tau        Q-        Q+          S-          S+
---------------------------------------------------------------------------
     1  1.0051e+00  1.0051e+00  0.0000e+00     2.417     100.0     100.0    1.00e+06    1.00e+06
   500  3.1356e-02  3.1178e-02  6.7942e+01     2.759     671.8    1530.1    2.05e+05    2.49e+05
  1000  2.5849e-02  2.5830e-02  4.2708e+00     2.520     343.7    1481.4    1.58e+05    2.41e+05
  1500  2.3781e-02  2.3754e-02  6.2471e+00     2.515     258.5    1425.4    1.31e+05    2.31e+05
  2000  2.2815e-02  2.2778e-02  8.4602e+00     2.513     213.3    1393.1    1.17e+05    2.25e+05
  2500  2.2464e-02  2.2423e-02  9.4677e+00     2.513     190.9    1377.6    1.11e+05    2.22e+05
  3000  2.2400e-02  2.2359e-02  9.5453e+00     2.512     179.0    1370.3    1.07e+05    2.20e+05

  Result:
    tau     = 2.5123 h
    Q_minus = 179.00  Q_plus = 1370.34  m^3/h
    S_minus = 1.069e+05  S_plus = 2.204e+05  ppm*m^3/h

  Changepoint 2/3

  Stage II — interval [3.533h, 4.333h]  (49 points)
 Epoch        Loss        Data        Phys       tau        Q-        Q+          S-          S+
---------------------------------------------------------------------------
     1  1.0088e+00  1.0088e+00  0.0000e+00     3.933     100.0     100.0    1.00e+06    1.00e+06
   500  6.5838e-02  6.5600e-02  6.9206e+01     3.592    1846.7     723.8    2.61e+05    1.84e+05
  1000  6.1563e-02  6.1513e-02  8.8172e+00     3.975    1656.8     269.9    2.45e+05    1.23e+05
  1500  6.1416e-02  6.1369e-02  8.2440e+00     3.975    1408.3     273.0    2.07e+05    1.24e+05
  2000  6.1299e-02  6.1253e-02  7.9373e+00     3.975    1246.5     276.2    1.83e+05    1.25e+05
  2500  6.1158e-02  6.1113e-02  7.8092e+00     3.975    1152.6     278.7    1.69e+05    1.26e+05
  3000  6.1106e-02  6.1062e-02  7.7105e+00     3.975    1097.8     280.4    1.61e+05    1.26e+05

  Result:
    tau     = 3.9751 h
    Q_minus = 1097.80  Q_plus = 280.42  m^3/h
    S_minus = 1.606e+05  S_plus = 1.263e+05  ppm*m^3/h

  Changepoint 3/3

  Stage II — interval [4.067h, 4.867h]  (49 points)
 Epoch        Loss        Data        Phys       tau        Q-        Q+          S-          S+
---------------------------------------------------------------------------
     1  1.0005e+00  1.0005e+00  0.0000e+00     4.467     100.0     100.0    1.00e+06    1.00e+06
   500  1.1569e-01  1.1557e-01  4.2774e+01     4.803     745.2    1136.4    2.42e+05    2.76e+05
  1000  9.4038e-02  9.3878e-02  3.4238e+01     4.516     502.6    1016.0    1.96e+05    2.75e+05
  1500  8.2464e-02  8.2149e-02  6.7419e+01     4.513     367.1     961.9    1.54e+05    2.58e+05
  2000  7.4252e-02  7.3829e-02  9.0375e+01     4.512     299.0     928.5    1.33e+05    2.48e+05
  2500  7.0262e-02  6.9730e-02  1.1378e+02     4.512     264.7     912.6    1.23e+05    2.43e+05
  3000  6.9715e-02  6.9161e-02  1.1858e+02     4.512     246.0     904.7    1.17e+05    2.40e+05

  Result:
    tau     = 4.5115 h
    Q_minus = 245.97  Q_plus = 904.72  m^3/h
    S_minus = 1.168e+05  S_plus = 2.403e+05  ppm*m^3/h

============================================================
Summary
============================================================
    #   tau_est   Q_minus    Q_plus     S_minus      S_plus
  ------------------------------------------------------------
    1     2.512     179.0    1370.3    1.07e+05    2.20e+05
    2     3.975    1097.8     280.4    1.61e+05    1.26e+05
    3     4.512     246.0     904.7    1.17e+05    2.40e+05

  True Q at each detected changepoint:
    [1] tau=2.512h  Q_true before=782.9  Q_true after=782.9  |  estimated Q-=179.0  Q+=1370.3
    [2] tau=3.975h  Q_true before=650.2  Q_true after=650.2  |  estimated Q-=1097.8  Q+=280.4
    [3] tau=4.512h  Q_true before=415.3  Q_true after=415.3  |  estimated Q-=246.0  Q+=904.7

Saved interval plots -> results\sensitivity_analysis\varying_Q_Q100_S1000000.0\iaq_raa_stage2_intervals_varying_Q.png
Saved -> results\sensitivity_analysis\varying_Q_Q100_S1000000.0\raa_diagnostic.png
