Running: Q_init=1, S_init=100000.0, path=./data/datasets/varying_pinn_datasets/varying_S.csv
RAA-PINN Pipeline
File: ./data/datasets/varying_pinn_datasets/varying_S.csv
============================================================

Loaded 481 timepoints  (t = 0.00h to 8.00h)

--- Stage I: Sliding Window Scan ---
  window_size=20, sigma=1.5
  Auto prominence = 1.132e+09 (15% of max score)

  Detected 6 candidate changepoints:
    [1] peak at t=0.500h  -> interval [0.100h, 0.900h]
    [2] peak at t=0.933h  -> interval [0.533h, 1.333h]
    [3] peak at t=2.400h  -> interval [2.000h, 2.800h]
    [4] peak at t=2.950h  -> interval [2.550h, 3.350h]
    [5] peak at t=4.533h  -> interval [4.133h, 4.933h]
    [6] peak at t=6.483h  -> interval [6.083h, 6.883h]

--- Stage II: Joint Refinement (One PINN) ---

  Stage II — full time domain [0.000h, 8.000h]  (481 points) with 6 changepoints
 Epoch        Loss        Data        Phys         tau(1st)        Q-        Q+          S-          S+
---------------------------------------------------------------------------
     1  1.1575e+00  1.1575e+00  0.0000e+00     0.500 (6cp)       1.0       1.0    1.00e+05    1.00e+05
   500  7.6046e-02  7.2552e-02  8.2952e+00     0.801 (6cp)      10.3       3.6    2.93e+04    4.41e+04
  1000  4.4536e-02  3.6885e-02  1.0898e+01     1.094 (6cp)      15.2       0.3    3.01e+04    8.72e+04
  1500  3.5544e-02  2.4931e-02  1.5116e+01     1.082 (6cp)     258.2       0.3    1.34e+05    1.04e+05
  2000  3.1499e-02  1.9402e-02  1.7231e+01     1.084 (6cp)     427.8       0.4    2.06e+05    1.32e+05
  2500  3.1120e-02  1.8841e-02  1.7490e+01     1.084 (6cp)     453.9       0.4    2.17e+05    1.36e+05
  3000  3.1066e-02  1.8771e-02  1.7513e+01     1.084 (6cp)     457.8       0.4    2.19e+05    1.36e+05

  Result: 6 changepoints optimized
    [1] tau=1.084h  Q: 457.8 -> 0.4  S: 2.185e+05 -> 1.359e+05
    [2] tau=3.610h  Q: 0.4 -> 231.7  S: 1.359e+05 -> 3.595e+05
    [3] tau=1.409h  Q: 231.7 -> 24.7  S: 3.595e+05 -> 3.529e+04
    [4] tau=6.308h  Q: 24.7 -> 0.3  S: 3.529e+04 -> 8.462e+04
    [5] tau=4.332h  Q: 0.3 -> 39.4  S: 8.462e+04 -> 4.662e+04
    [6] tau=6.490h  Q: 39.4 -> 54.9  S: 4.662e+04 -> 1.092e+05

============================================================
Summary: 6 changepoints detected and refined
============================================================
    #   tau_est   Q_minus    Q_plus     S_minus      S_plus
  ------------------------------------------------------------
    1     1.084     457.8       0.4    2.19e+05    1.36e+05
    2     3.610       0.4     231.7    1.36e+05    3.60e+05
    3     1.409     231.7      24.7    3.60e+05    3.53e+04
    4     6.308      24.7       0.3    3.53e+04    8.46e+04
    5     4.332       0.3      39.4    8.46e+04    4.66e+04
    6     6.490      39.4      54.9    4.66e+04    1.09e+05

  True Q at each detected changepoint:
    [1] tau=1.084h  Q_true before=200.0  Q_true after=200.0  |  estimated Q-=457.8  Q+=0.4
    [2] tau=3.610h  Q_true before=200.0  Q_true after=200.0  |  estimated Q-=0.4  Q+=231.7
    [3] tau=1.409h  Q_true before=200.0  Q_true after=200.0  |  estimated Q-=231.7  Q+=24.7
    [4] tau=6.308h  Q_true before=200.0  Q_true after=200.0  |  estimated Q-=24.7  Q+=0.3
    [5] tau=4.332h  Q_true before=200.0  Q_true after=200.0  |  estimated Q-=0.3  Q+=39.4
    [6] tau=6.490h  Q_true before=200.0  Q_true after=200.0  |  estimated Q-=39.4  Q+=54.9
Saved -> results\sensitivity_analysis\varying_S_Q1_S100000.0\raa_diagnostic.png
