Running: Q_init=50, S_init=300000.0, path=./data/datasets/varying_pinn_datasets/varying_Q.csv
RAA-PINN Pipeline
File: ./data/datasets/varying_pinn_datasets/varying_Q.csv
============================================================

Loaded 481 timepoints  (t = 0.00h to 8.00h)

--- Stage I: Sliding Window Scan ---
  window_size=20, sigma=1.5
  Auto prominence = 2.413e+08 (15% of max score)

  Detected 10 candidate changepoints:
    [1] peak at t=0.400h  -> interval [0.000h, 0.800h]
    [2] peak at t=0.900h  -> interval [0.500h, 1.300h]
    [3] peak at t=1.300h  -> interval [0.900h, 1.700h]
    [4] peak at t=2.417h  -> interval [2.017h, 2.817h]
    [5] peak at t=3.050h  -> interval [2.650h, 3.450h]
    [6] peak at t=3.933h  -> interval [3.533h, 4.333h]
    [7] peak at t=4.467h  -> interval [4.067h, 4.867h]
    [8] peak at t=5.533h  -> interval [5.133h, 5.933h]
    [9] peak at t=6.967h  -> interval [6.567h, 7.367h]
    [10] peak at t=7.833h  -> interval [7.433h, 8.000h]

--- Stage II: Joint Refinement ---

  Changepoint 1/10

  Stage II Ś interval [0.000h, 0.800h]  (49 points)
 Epoch        Loss        Data        Phys       tau        Q-        Q+          S-          S+
---------------------------------------------------------------------------
     1  1.0013e+00  1.0013e+00  0.0000e+00     0.400      50.0      50.0    3.00e+05    3.00e+05
   500  8.7476e-02  8.7262e-02  9.3182e+00     0.087     690.9     270.5    8.03e+04    6.62e+04
  1000  7.8154e-02  7.8144e-02  2.4557e-01     0.504     514.0     122.4    8.06e+04    5.54e+04
  1500  7.2227e-02  7.2170e-02  1.4777e+00     0.509     527.0     115.6    8.28e+04    5.57e+04
  2000  5.7502e-02  5.7172e-02  8.5885e+00     0.491     532.9     116.4    8.18e+04    5.54e+04
  2500  5.7109e-02  5.6761e-02  9.0561e+00     0.491     514.4     119.3    7.93e+04    5.59e+04
  3000  5.7028e-02  5.6678e-02  9.1026e+00     0.491     506.3     121.0    7.82e+04    5.62e+04

  Result:
    tau     = 0.4906 h
    Q_minus = 506.34  Q_plus = 121.03  m^3/h
    S_minus = 7.822e+04  S_plus = 5.624e+04  ppm*m^3/h

  Changepoint 2/10

  Stage II Ś interval [0.500h, 1.300h]  (49 points)
 Epoch        Loss        Data        Phys       tau        Q-        Q+          S-          S+
---------------------------------------------------------------------------
     1  1.0051e+00  1.0051e+00  0.0000e+00     0.900      50.0      50.0    3.00e+05    3.00e+05
   500  2.0139e-01  2.0072e-01  3.1475e+01     1.204     351.1     655.8    7.64e+04    7.97e+04
  1000  1.9196e-01  1.9179e-01  4.6993e+00     1.011     407.2     574.0    1.02e+05    7.87e+04
  1500  1.7562e-01  1.7500e-01  1.7114e+01     1.004     579.1     576.4    1.39e+05    7.97e+04
  2000  1.6954e-01  1.6842e-01  3.1441e+01     1.003     662.8     567.1    1.57e+05    7.81e+04
  2500  1.6585e-01  1.6444e-01  3.9419e+01     1.003     692.7     556.5    1.64e+05    7.63e+04
  3000  1.6520e-01  1.6374e-01  4.0899e+01     1.003     707.7     549.4    1.67e+05    7.51e+04

  Result:
    tau     = 1.0029 h
    Q_minus = 707.70  Q_plus = 549.44  m^3/h
    S_minus = 1.668e+05  S_plus = 7.511e+04  ppm*m^3/h

  Changepoint 3/10

  Stage II Ś interval [0.900h, 1.700h]  (48 points)
 Epoch        Loss        Data        Phys       tau        Q-        Q+          S-          S+
---------------------------------------------------------------------------
     1  1.0612e+00  1.0612e+00  0.0000e+00     1.300      50.0      50.0    3.00e+05    3.00e+05
   500  2.1370e-01  2.1363e-01  3.2138e+00     0.985     384.9     477.4    9.17e+04    6.96e+04
  1000  2.0687e-01  2.0670e-01  4.1353e+00     1.005     384.8     545.3    9.17e+04    8.00e+04
  1500  1.7944e-01  1.7846e-01  2.4079e+01     0.973     313.7     570.2    9.54e+04    8.52e+04
  2000  1.4857e-01  1.4518e-01  8.3329e+01     0.936     168.9     538.8    1.16e+05    8.14e+04
  2500  1.4035e-01  1.3547e-01  1.1965e+02     0.921     100.8     521.9    1.72e+05    7.89e+04
  3000  1.3924e-01  1.3414e-01  1.2537e+02     0.914      87.3     519.5    2.13e+05    7.85e+04

  Result:
    tau     = 0.9144 h
    Q_minus = 87.33  Q_plus = 519.53  m^3/h
    S_minus = 2.134e+05  S_plus = 7.849e+04  ppm*m^3/h

  Changepoint 4/10

  Stage II Ś interval [2.017h, 2.817h]  (49 points)
 Epoch        Loss        Data        Phys       tau        Q-        Q+          S-          S+
---------------------------------------------------------------------------
     1  1.0152e+00  1.0152e+00  0.0000e+00     2.417      50.0      50.0    3.00e+05    3.00e+05
   500  3.4042e-02  3.2780e-02  4.3806e+01     2.685     208.2     570.5    6.61e+04    7.92e+04
  1000  2.6646e-02  2.6575e-02  1.4732e+00     2.512     105.3    1220.6    8.26e+04    1.87e+05
  1500  2.4218e-02  2.4051e-02  3.4875e+00     2.513      83.2    1356.1    7.57e+04    2.16e+05
  2000  2.2881e-02  2.2604e-02  5.7641e+00     2.511      67.1    1339.2    7.12e+04    2.14e+05
  2500  2.2498e-02  2.2148e-02  7.2903e+00     2.511      60.3    1336.9    6.93e+04    2.13e+05
  3000  2.2449e-02  2.2085e-02  7.5768e+00     2.511      57.0    1336.2    6.83e+04    2.13e+05

  Result:
    tau     = 2.5109 h
    Q_minus = 56.95  Q_plus = 1336.22  m^3/h
    S_minus = 6.834e+04  S_plus = 2.132e+05  ppm*m^3/h

  Changepoint 5/10

  Stage II Ś interval [2.650h, 3.450h]  (49 points)
 Epoch        Loss        Data        Phys       tau        Q-        Q+          S-          S+
---------------------------------------------------------------------------
     1  1.0310e+00  1.0310e+00  0.0000e+00     3.050      50.0      50.0    3.00e+05    3.00e+05
   500  3.8846e-01  3.8789e-01  2.7911e+01     3.391     489.3     529.9    6.82e+04    8.52e+04
  1000  3.5991e-01  3.5836e-01  4.5458e+01     3.364     462.8     532.4    6.47e+04    8.52e+04
  1500  2.8754e-01  2.7850e-01  2.6629e+02     3.327     428.4     564.8    5.92e+04    8.46e+04
  2000  2.5190e-01  2.3823e-01  4.0262e+02     3.312     395.3     561.9    5.46e+04    8.47e+04
  2500  2.3064e-01  2.1351e-01  5.0415e+02     3.305     364.4     562.3    5.05e+04    8.47e+04
  3000  2.2701e-01  2.0914e-01  5.2608e+02     3.302     346.9     562.7    4.79e+04    8.47e+04

  Result:
    tau     = 3.3016 h
    Q_minus = 346.90  Q_plus = 562.75  m^3/h
    S_minus = 4.792e+04  S_plus = 8.474e+04  ppm*m^3/h

  Changepoint 6/10

  Stage II Ś interval [3.533h, 4.333h]  (49 points)
 Epoch        Loss        Data        Phys       tau        Q-        Q+          S-          S+
---------------------------------------------------------------------------
     1  1.0441e+00  1.0441e+00  0.0000e+00     3.933      50.0      50.0    3.00e+05    3.00e+05
   500  6.4806e-02  6.4627e-02  4.1926e+00     3.945     589.0     115.1    8.35e+04    6.73e+04
  1000  6.1767e-02  6.1382e-02  5.3880e+00     3.969     465.7     166.7    6.41e+04    9.68e+04
  1500  6.0801e-02  6.0380e-02  5.8998e+00     3.973     353.9     284.6    4.74e+04    1.27e+05
  2000  5.8952e-02  5.8425e-02  7.3819e+00     3.973     291.0     315.5    3.79e+04    1.35e+05
  2500  5.7776e-02  5.7175e-02  8.4228e+00     3.973     260.4     318.7    3.30e+04    1.36e+05
  3000  5.7563e-02  5.6944e-02  8.6743e+00     3.973     243.9     318.5    3.05e+04    1.36e+05

  Result:
    tau     = 3.9726 h
    Q_minus = 243.94  Q_plus = 318.47  m^3/h
    S_minus = 3.045e+04  S_plus = 1.359e+05  ppm*m^3/h

  Changepoint 7/10

  Stage II Ś interval [4.067h, 4.867h]  (49 points)
 Epoch        Loss        Data        Phys       tau        Q-        Q+          S-          S+
---------------------------------------------------------------------------
     1  9.8765e-01  9.8765e-01  0.0000e+00     4.467      50.0      50.0    3.00e+05    3.00e+05
   500  1.1783e-01  1.1775e-01  2.1074e+00     4.497     202.1     389.7    1.01e+05    8.90e+04
  1000  1.1503e-01  1.1488e-01  2.3925e+00     4.504     130.1     442.3    7.88e+04    1.02e+05
  1500  1.0636e-01  1.0612e-01  3.8766e+00     4.505      89.8     529.1    6.73e+04    1.27e+05
  2000  9.1368e-02  9.0055e-02  2.1288e+01     4.506      66.2     683.1    6.10e+04    1.74e+05
  2500  8.6447e-02  8.4299e-02  3.4824e+01     4.508      53.7     781.4    5.74e+04    2.03e+05
  3000  8.5588e-02  8.3271e-02  3.7574e+01     4.508      47.4     818.7    5.55e+04    2.15e+05

  Result:
    tau     = 4.5080 h
    Q_minus = 47.40  Q_plus = 818.75  m^3/h
    S_minus = 5.549e+04  S_plus = 2.146e+05  ppm*m^3/h

  Changepoint 8/10

  Stage II Ś interval [5.133h, 5.933h]  (49 points)
 Epoch        Loss        Data        Phys       tau        Q-        Q+          S-          S+
---------------------------------------------------------------------------
     1  9.6569e-01  9.6569e-01  0.0000e+00     5.533      50.0      50.0    3.00e+05    3.00e+05
   500  5.3284e-02  5.2531e-02  1.9702e+01     5.869     322.8     646.7    6.08e+04    8.11e+04
  1000  5.2307e-02  5.2269e-02  5.9029e-01     5.497     138.8     715.0    4.05e+04    9.36e+04
  1500  5.2269e-02  5.2239e-02  4.7158e-01     5.503     138.8     841.9    4.03e+04    1.15e+05
  2000  5.2254e-02  5.2223e-02  4.8435e-01     5.505     138.7     876.8    4.02e+04    1.21e+05
  2500  5.2247e-02  5.2215e-02  4.9483e-01     5.505     138.5     883.8    4.01e+04    1.22e+05
  3000  5.2245e-02  5.2213e-02  4.9704e-01     5.505     138.3     885.7    4.01e+04    1.22e+05

  Result:
    tau     = 5.5051 h
    Q_minus = 138.35  Q_plus = 885.72  m^3/h
    S_minus = 4.010e+04  S_plus = 1.224e+05  ppm*m^3/h

  Changepoint 9/10

  Stage II Ś interval [6.567h, 7.367h]  (49 points)
 Epoch        Loss        Data        Phys       tau        Q-        Q+          S-          S+
---------------------------------------------------------------------------
     1  1.0927e+00  1.0927e+00  0.0000e+00     6.967      50.0      50.0    3.00e+05    3.00e+05
   500  2.4475e-01  2.4413e-01  2.1684e+01     6.651     598.6     320.5    8.37e+04    6.86e+04
  1000  2.3688e-01  2.3682e-01  1.2552e+00     6.937     566.6     215.8    7.88e+04    6.33e+04
  1500  2.1845e-01  2.1730e-01  2.3710e+01     6.913     529.6     208.2    7.09e+04    6.11e+04
  2000  2.0949e-01  2.0645e-01  6.3021e+01     6.905     469.5     199.4    6.11e+04    5.92e+04
  2500  2.0593e-01  2.0206e-01  8.0321e+01     6.903     430.3     193.2    5.49e+04    5.80e+04
  3000  2.0506e-01  2.0103e-01  8.3496e+01     6.902     407.9     189.1    5.14e+04    5.72e+04

  Result:
    tau     = 6.9023 h
    Q_minus = 407.91  Q_plus = 189.07  m^3/h
    S_minus = 5.141e+04  S_plus = 5.719e+04  ppm*m^3/h

  Changepoint 10/10

  Stage II Ś interval [7.433h, 8.000h]  (35 points)
 Epoch        Loss        Data        Phys       tau        Q-        Q+          S-          S+
---------------------------------------------------------------------------
     1  1.0548e+00  1.0548e+00  0.0000e+00     7.717      50.0      50.0    3.00e+05    3.00e+05
   500  1.6563e-01  1.6560e-01  4.8173e-01     7.924     242.0     268.5    9.01e+04    1.02e+05
  1000  1.6551e-01  1.6548e-01  3.0155e-01     7.921     182.1     273.7    7.32e+04    1.02e+05
  1500  1.6549e-01  1.6547e-01  2.2067e-01     7.917     146.1     275.5    6.30e+04    1.02e+05
  2000  1.6549e-01  1.6546e-01  1.8449e-01     7.904     127.4     275.2    5.79e+04    1.02e+05
  2500  1.6548e-01  1.6546e-01  1.6532e-01     7.889     117.4     274.4    5.52e+04    1.01e+05
  3000  1.6548e-01  1.6546e-01  1.5409e-01     7.878     111.6     273.8    5.36e+04    1.01e+05

  Result:
    tau     = 7.8783 h
    Q_minus = 111.59  Q_plus = 273.83  m^3/h
    S_minus = 5.362e+04  S_plus = 1.014e+05  ppm*m^3/h

============================================================
Summary
============================================================
    #   tau_est   Q_minus    Q_plus     S_minus      S_plus
  ------------------------------------------------------------
    1     0.491     506.3     121.0    7.82e+04    5.62e+04
    2     1.003     707.7     549.4    1.67e+05    7.51e+04
    3     0.914      87.3     519.5    2.13e+05    7.85e+04
    4     2.511      57.0    1336.2    6.83e+04    2.13e+05
    5     3.302     346.9     562.7    4.79e+04    8.47e+04
    6     3.973     243.9     318.5    3.05e+04    1.36e+05
    7     4.508      47.4     818.7    5.55e+04    2.15e+05
    8     5.505     138.3     885.7    4.01e+04    1.22e+05
    9     6.902     407.9     189.1    5.14e+04    5.72e+04
   10     7.878     111.6     273.8    5.36e+04    1.01e+05

  True Q at each detected changepoint:
    [1] tau=0.491h  Q_true before=641.8  Q_true after=407.2  |  estimated Q-=506.3  Q+=121.0
    [2] tau=1.003h  Q_true before=701.0  Q_true after=701.0  |  estimated Q-=707.7  Q+=549.4
    [3] tau=0.914h  Q_true before=407.2  Q_true after=407.2  |  estimated Q-=87.3  Q+=519.5
    [4] tau=2.511h  Q_true before=782.9  Q_true after=782.9  |  estimated Q-=57.0  Q+=1336.2
    [5] tau=3.302h  Q_true before=632.8  Q_true after=632.8  |  estimated Q-=346.9  Q+=562.7
    [6] tau=3.973h  Q_true before=650.2  Q_true after=650.2  |  estimated Q-=243.9  Q+=318.5
    [7] tau=4.508h  Q_true before=415.3  Q_true after=415.3  |  estimated Q-=47.4  Q+=818.7
    [8] tau=5.505h  Q_true before=748.7  Q_true after=748.7  |  estimated Q-=138.3  Q+=885.7
    [9] tau=6.902h  Q_true before=675.9  Q_true after=675.9  |  estimated Q-=407.9  Q+=189.1
    [10] tau=7.878h  Q_true before=259.1  Q_true after=259.1  |  estimated Q-=111.6  Q+=273.8

Saved interval plots -> results\sensitivity_analysis\varying_Q_Q50_S300000.0\iaq_raa_stage2_intervals_varying_Q.png
Saved -> results\sensitivity_analysis\varying_Q_Q50_S300000.0\raa_diagnostic.png
