Running: Q_init=50, S_init=0.05, path=./data/datasets/varying_pinn_datasets/varying_Q.csv
RAA-PINN Pipeline
File: ./data/datasets/varying_pinn_datasets/varying_Q.csv
============================================================

Loaded 481 timepoints  (t = 0.00h to 8.00h)

--- Stage I: Sliding Window Scan ---
  window_size=20, sigma=1.5
  Auto prominence = 7.240e+08 (15% of max score)

  Detected 3 candidate changepoints:
    [1] peak at t=2.417h  -> interval [2.017h, 2.817h]
    [2] peak at t=3.933h  -> interval [3.533h, 4.333h]
    [3] peak at t=4.467h  -> interval [4.067h, 4.867h]

--- Stage II: Joint Refinement (One PINN) ---

  Stage II — full time domain [0.000h, 8.000h]  (481 points) with 3 changepoints
 Epoch        Loss        Data        Phys         tau(1st)        Q-        Q+          S-          S+
---------------------------------------------------------------------------
     1  1.0203e+00  1.0203e+00  0.0000e+00     2.417 (3cp)      50.0      50.0    5.00e-02    5.00e-02
   500  4.7982e-01  3.2778e-01  4.9176e+01     2.454 (3cp)       3.2      46.2    1.95e+01    5.85e-02
  1000  4.6082e-01  3.3818e-01  2.3799e+01     2.509 (3cp)       1.2     165.6    7.30e+03    4.01e-02
  1500  4.2112e-01  3.1061e-01  2.1447e+01     2.520 (3cp)       0.9     202.2    7.57e+03    2.90e-02
  2000  4.0272e-01  3.1284e-01  1.7442e+01     2.527 (3cp)       0.8     225.3    7.66e+03    2.85e-02
  2500  3.9889e-01  3.1175e-01  1.6909e+01     2.530 (3cp)       0.7     235.1    7.67e+03    2.85e-02
  3000  3.9828e-01  3.1154e-01  1.6834e+01     2.531 (3cp)       0.6     237.2    7.67e+03    2.86e-02

  Result: 3 changepoints optimized
    [1] tau=2.531h  Q: 0.6 -> 237.2  S: 7.671e+03 -> 2.859e-02
    [2] tau=4.362h  Q: 237.2 -> 747.8  S: 2.859e-02 -> 7.837e+04
    [3] tau=2.864h  Q: 747.8 -> 124.3  S: 7.837e+04 -> 2.489e+04

============================================================
Summary: 3 changepoints detected and refined
============================================================
    #   tau_est   Q_minus    Q_plus     S_minus      S_plus
  ------------------------------------------------------------
    1     2.531       0.6     237.2    7.67e+03    2.86e-02
    2     4.362     237.2     747.8    2.86e-02    7.84e+04
    3     2.864     747.8     124.3    7.84e+04    2.49e+04

  True Q at each detected changepoint:
    [1] tau=2.531h  Q_true before=782.9  Q_true after=782.9  |  estimated Q-=0.6  Q+=237.2
    [2] tau=4.362h  Q_true before=189.7  Q_true after=189.7  |  estimated Q-=237.2  Q+=747.8
    [3] tau=2.864h  Q_true before=782.9  Q_true after=782.9  |  estimated Q-=747.8  Q+=124.3
Saved -> results\sensitivity_analysis\varying_Q_Q50_S0.05\raa_diagnostic.png
