Running: Q_init=100, S_init=0.3, path=./data/datasets/varying_pinn_datasets/varying_S.csv
RAA-PINN Pipeline
File: ./data/datasets/varying_pinn_datasets/varying_S.csv
============================================================

Loaded 481 timepoints  (t = 0.00h to 8.00h)

--- Stage I: Sliding Window Scan ---
  window_size=20, sigma=1.5
  Auto prominence = 3.774e+08 (15% of max score)

  Detected 11 candidate changepoints:
    [1] peak at t=0.500h  -> interval [0.100h, 0.900h]
    [2] peak at t=0.933h  -> interval [0.533h, 1.333h]
    [3] peak at t=1.483h  -> interval [1.083h, 1.883h]
    [4] peak at t=2.400h  -> interval [2.000h, 2.800h]
    [5] peak at t=2.950h  -> interval [2.550h, 3.350h]
    [6] peak at t=4.000h  -> interval [3.600h, 4.400h]
    [7] peak at t=4.533h  -> interval [4.133h, 4.933h]
    [8] peak at t=5.083h  -> interval [4.683h, 5.483h]
    [9] peak at t=5.533h  -> interval [5.133h, 5.933h]
    [10] peak at t=6.483h  -> interval [6.083h, 6.883h]
    [11] peak at t=7.800h  -> interval [7.400h, 8.000h]

--- Stage II: Joint Refinement (One PINN) ---

  Stage II — full time domain [0.000h, 8.000h]  (481 points) with 11 changepoints
 Epoch        Loss        Data        Phys         tau(1st)        Q-        Q+          S-          S+
---------------------------------------------------------------------------
     1  1.1103e+00  1.1103e+00  0.0000e+00     0.500 (11cp)     100.0     100.0    3.00e-01    3.00e-01
   500  6.2293e-02  5.3858e-02  1.6493e+01     1.427 (11cp)      19.9     120.8    1.21e+00    2.46e-01
  1000  5.1304e-02  3.9069e-02  1.4355e+01     1.543 (11cp)      12.7     121.1    2.59e-01    4.00e+02
  1500  4.4048e-02  3.1487e-02  1.4738e+01     1.435 (11cp)       7.7     227.0    3.63e-01    5.47e+04
  2000  4.3188e-02  3.0083e-02  1.5375e+01     1.408 (11cp)       5.6     265.5    7.51e-01    7.33e+04
  2500  4.2937e-02  2.9738e-02  1.5486e+01     1.401 (11cp)       4.7     277.2    1.58e+00    7.91e+04
  3000  4.2880e-02  2.9671e-02  1.5498e+01     1.400 (11cp)       4.3     278.7    2.83e+00    8.00e+04

  Result: 11 changepoints optimized
    [1] tau=1.400h  Q: 4.3 -> 278.7  S: 2.829e+00 -> 7.999e+04
    [2] tau=0.005h  Q: 278.7 -> 20.8  S: 7.999e+04 -> 2.330e-01
    [3] tau=1.566h  Q: 20.8 -> 91.3  S: 2.330e-01 -> 9.487e-02
    [4] tau=3.582h  Q: 91.3 -> 393.2  S: 9.487e-02 -> 2.462e+05
    [5] tau=1.395h  Q: 393.2 -> 38.4  S: 2.462e+05 -> 1.319e-01
    [6] tau=4.346h  Q: 38.4 -> 108.8  S: 1.319e-01 -> 2.721e-01
    [7] tau=3.582h  Q: 108.8 -> 68.3  S: 2.721e-01 -> 8.078e+02
    [8] tau=7.628h  Q: 68.3 -> 47.9  S: 8.078e+02 -> 3.950e-02
    [9] tau=6.507h  Q: 47.9 -> 13.7  S: 3.950e-02 -> 5.139e+04
    [10] tau=6.334h  Q: 13.7 -> 57.5  S: 5.139e+04 -> 1.264e+05
    [11] tau=7.657h  Q: 57.5 -> 3.3  S: 1.264e+05 -> 5.031e+04

============================================================
Summary: 11 changepoints detected and refined
============================================================
    #   tau_est   Q_minus    Q_plus     S_minus      S_plus
  ------------------------------------------------------------
    1     1.400       4.3     278.7    2.83e+00    8.00e+04
    2     0.005     278.7      20.8    8.00e+04    2.33e-01
    3     1.566      20.8      91.3    2.33e-01    9.49e-02
    4     3.582      91.3     393.2    9.49e-02    2.46e+05
    5     1.395     393.2      38.4    2.46e+05    1.32e-01
    6     4.346      38.4     108.8    1.32e-01    2.72e-01
    7     3.582     108.8      68.3    2.72e-01    8.08e+02
    8     7.628      68.3      47.9    8.08e+02    3.95e-02
    9     6.507      47.9      13.7    3.95e-02    5.14e+04
   10     6.334      13.7      57.5    5.14e+04    1.26e+05
   11     7.657      57.5       3.3    1.26e+05    5.03e+04

  True Q at each detected changepoint:
    [1] tau=1.400h  Q_true before=200.0  Q_true after=200.0  |  estimated Q-=4.3  Q+=278.7
    [2] tau=0.005h  Q_true before=200.0  Q_true after=200.0  |  estimated Q-=278.7  Q+=20.8
    [3] tau=1.566h  Q_true before=200.0  Q_true after=200.0  |  estimated Q-=20.8  Q+=91.3
    [4] tau=3.582h  Q_true before=200.0  Q_true after=200.0  |  estimated Q-=91.3  Q+=393.2
    [5] tau=1.395h  Q_true before=200.0  Q_true after=200.0  |  estimated Q-=393.2  Q+=38.4
    [6] tau=4.346h  Q_true before=200.0  Q_true after=200.0  |  estimated Q-=38.4  Q+=108.8
    [7] tau=3.582h  Q_true before=200.0  Q_true after=200.0  |  estimated Q-=108.8  Q+=68.3
    [8] tau=7.628h  Q_true before=200.0  Q_true after=200.0  |  estimated Q-=68.3  Q+=47.9
    [9] tau=6.507h  Q_true before=200.0  Q_true after=200.0  |  estimated Q-=47.9  Q+=13.7
    [10] tau=6.334h  Q_true before=200.0  Q_true after=200.0  |  estimated Q-=13.7  Q+=57.5
    [11] tau=7.657h  Q_true before=200.0  Q_true after=200.0  |  estimated Q-=57.5  Q+=3.3
Saved -> results\sensitivity_analysis\varying_S_Q100_S0.3\raa_diagnostic.png
