Running: Q_init=600, S_init=200000.0, path=./data/datasets/varying_pinn_datasets/varying_Q.csv
RAA-PINN Pipeline
File: ./data/datasets/varying_pinn_datasets/varying_Q.csv
============================================================

Loaded 481 timepoints  (t = 0.00h to 8.00h)

--- Stage I: Sliding Window Scan ---
  window_size=20, sigma=1.5
  Auto prominence = 7.240e+08 (15% of max score)

  Detected 3 candidate changepoints:
    [1] peak at t=2.417h  -> interval [2.017h, 2.817h]
    [2] peak at t=3.933h  -> interval [3.533h, 4.333h]
    [3] peak at t=4.467h  -> interval [4.067h, 4.867h]

--- Stage II: Joint Refinement (One PINN) ---

  Stage II — full time domain [0.000h, 8.000h]  (481 points) with 3 changepoints
 Epoch        Loss        Data        Phys         tau(1st)        Q-        Q+          S-          S+
---------------------------------------------------------------------------
     1  1.0109e+00  1.0109e+00  0.0000e+00     2.417 (3cp)     600.0     600.0    2.00e+05    2.00e+05
   500  4.6753e-01  4.5126e-01  2.1141e+02     0.375 (3cp)     632.8     535.7    9.30e+04    1.06e+05
  1000  1.3250e-01  7.8285e-02  4.2267e+02     0.135 (3cp)     638.5      44.8    7.97e+04    9.76e+03
  1500  1.2646e-01  7.0564e-02  4.3577e+02     0.166 (3cp)     586.8      30.2    7.78e+04    6.72e+03
  2000  1.2369e-01  6.7132e-02  4.4094e+02     0.404 (3cp)     406.2      24.9    6.48e+04    5.04e+03
  2500  1.2026e-01  6.5471e-02  4.2714e+02     0.851 (3cp)     126.3      27.6    3.61e+04    3.26e+03
  3000  1.1985e-01  6.5161e-02  4.2634e+02     0.842 (3cp)      90.7      25.7    3.05e+04    2.84e+03

  Result: 3 changepoints optimized
    [1] tau=0.842h  Q: 90.7 -> 25.7  S: 3.048e+04 -> 2.839e+03
    [2] tau=3.989h  Q: 25.7 -> 198.3  S: 2.839e+03 -> 1.017e+05
    [3] tau=4.425h  Q: 198.3 -> 33.5  S: 1.017e+05 -> 6.822e+03

============================================================
Summary: 3 changepoints detected and refined
============================================================
    #   tau_est   Q_minus    Q_plus     S_minus      S_plus
  ------------------------------------------------------------
    1     0.842      90.7      25.7    3.05e+04    2.84e+03
    2     3.989      25.7     198.3    2.84e+03    1.02e+05
    3     4.425     198.3      33.5    1.02e+05    6.82e+03

  True Q at each detected changepoint:
    [1] tau=0.842h  Q_true before=407.2  Q_true after=407.2  |  estimated Q-=90.7  Q+=25.7
    [2] tau=3.989h  Q_true before=650.2  Q_true after=189.7  |  estimated Q-=25.7  Q+=198.3
    [3] tau=4.425h  Q_true before=189.7  Q_true after=189.7  |  estimated Q-=198.3  Q+=33.5
Saved -> results\sensitivity_analysis\varying_Q_Q600_S200000.0\raa_diagnostic.png
