Run started : 2026-05-24T21:31:50.952434
Input file  : C:\Users\Jenny\Desktop\HAB project\datasets\iaq_Q700_S0.10.csv

============================================================
  [18/24]  iaq_Q700_S0.10.csv
============================================================

File: datasets\iaq_Q700_S0.10.csv  |  True Q=700.0, True S_vol=0.1, True S=1.00e+05
 Epoch        Loss        Data        Phys         Q           S
------------------------------------------------------------
     1  1.0058e+00  1.0058e+00  0.0000e+00      1.00         1.0
   500  8.6154e-01  8.6154e-01  0.0000e+00      1.00         1.0
  1000  9.2355e-01  8.9634e-01  1.5620e+01      0.10       277.4
  1500  9.4193e-01  9.1705e-01  6.9817e+00      0.33       255.6
  2000  9.3470e-01  9.1466e-01  3.7578e+00     68.09      9842.8
  2500  9.2097e-01  9.0731e-01  1.9372e+00    137.65     19721.7
  3000  9.0664e-01  8.9645e-01  1.4622e+00    195.38     27909.9
  3500  8.9656e-01  8.8905e-01  1.0861e+00    241.73     34522.3
  4000  8.8998e-01  8.8404e-01  8.6425e-01    280.40     40018.4
  4500  8.8555e-01  8.8061e-01  7.2186e-01    312.41     44567.7
  5000  8.8254e-01  8.7827e-01  6.2640e-01    338.65     48295.0
  5500  8.8047e-01  8.7665e-01  5.6059e-01    360.10     51340.5
  6000  8.7901e-01  8.7551e-01  5.1493e-01    377.55     53819.8
  6500  8.7802e-01  8.7473e-01  4.8387e-01    391.08     55739.4
  7000  8.7739e-01  8.7423e-01  4.6506e-01    400.41     57064.8
  7500  8.7705e-01  8.7396e-01  4.5581e-01    405.78     57826.2
  8000  8.7688e-01  8.7382e-01  4.5121e-01    408.56     58221.5

Done.
  Estimated Q = 408.56  m^3/h
  Estimated S = 5.82e+04  ppm·m^3/h
  (S_vol implied = 0.0582  m^3 CO2/h)

Saved figure -> results\iaq_Q700_S0.10\diagnostic.png
